<?xml version="1.0" encoding="UTF-8"?>
<testsuite name="com.wanted.preonboarding.auth.controller.AuthControllerTest" tests="1" skipped="0" failures="0" errors="0" timestamp="2024-05-29T02:28:33" hostname="lyusang-won-ui-MacBookPro.local" time="0.354">
  <properties/>
  <testcase name="Access Token 발급" classname="com.wanted.preonboarding.auth.controller.AuthControllerTest" time="0.354"/>
  <system-out><![CDATA[2024-05-29T11:28:32.506+09:00  INFO 85295 --- [    Test worker] t.c.s.AnnotationConfigContextLoaderUtils : Could not detect default configuration classes for test class [com.wanted.preonboarding.auth.controller.AuthControllerTest]: AuthControllerTest does not declare any static, non-private, non-final, nested classes annotated with @Configuration.
2024-05-29T11:28:32.523+09:00  INFO 85295 --- [    Test worker] .b.t.c.SpringBootTestContextBootstrapper : Found @SpringBootConfiguration com.wanted.preonboarding.PreonboardingApplication for test class com.wanted.preonboarding.auth.controller.AuthControllerTest
  .   ____          _            __ _ _
 /\\ / ___'_ __ _ _(_)_ __  __ _ \ \ \ \
( ( )\___ | '_ | '_| | '_ \/ _` | \ \ \ \
 \\/  ___)| |_)| | | | | || (_| |  ) ) ) )
  '  |____| .__|_| |_|_| |_\__, | / / / /
 =========|_|==============|___/=/_/_/_/

 :: Spring Boot ::                (v3.3.0)

2024-05-29T11:28:32.538+09:00  INFO 85295 --- [    Test worker] c.w.p.a.controller.AuthControllerTest    : Starting AuthControllerTest using Java 21.0.3 with PID 85295 (started by sangwon-ryu in /Users/sangwon-ryu/wanted-preonboarding-challenge-backend-20)
2024-05-29T11:28:32.538+09:00 DEBUG 85295 --- [    Test worker] c.w.p.a.controller.AuthControllerTest    : Running with Spring Boot v3.3.0, Spring v6.1.8
2024-05-29T11:28:32.539+09:00  INFO 85295 --- [    Test worker] c.w.p.a.controller.AuthControllerTest    : No active profile set, falling back to 1 default profile: "default"
2024-05-29T11:28:33.173+09:00  WARN 85295 --- [    Test worker] .s.s.UserDetailsServiceAutoConfiguration : 

Using generated security password: 8aa0edac-b04f-4089-b9e5-f83cc47d6cf5

This generated password is for development use only. Your security configuration must be updated before running your application in production.

2024-05-29T11:28:33.174+09:00  INFO 85295 --- [    Test worker] r$InitializeUserDetailsManagerConfigurer : Global AuthenticationManager configured with UserDetailsService bean with name inMemoryUserDetailsManager
2024-05-29T11:28:33.320+09:00  INFO 85295 --- [    Test worker] o.s.s.web.DefaultSecurityFilterChain     : Will secure any request with [org.springframework.security.web.session.DisableEncodeUrlFilter@6626ae40, org.springframework.security.web.context.request.async.WebAsyncManagerIntegrationFilter@684f20ea, org.springframework.security.web.context.SecurityContextHolderFilter@aa9c6b2, org.springframework.security.web.header.HeaderWriterFilter@367628c8, org.springframework.web.filter.CorsFilter@81bc4da, org.springframework.security.web.authentication.logout.LogoutFilter@570b2d9b, com.wanted.preonboarding.auth.filter.JwtAuthenticationFilter@6a022b0e, org.springframework.security.web.savedrequest.RequestCacheAwareFilter@150f3678, org.springframework.security.web.servletapi.SecurityContextHolderAwareRequestFilter@12387c79, org.springframework.security.web.authentication.AnonymousAuthenticationFilter@3985cca0, org.springframework.security.web.session.SessionManagementFilter@206421da, org.springframework.security.web.access.ExceptionTranslationFilter@64bf60c7, org.springframework.security.web.access.intercept.AuthorizationFilter@6ad11552]
2024-05-29T11:28:33.425+09:00  INFO 85295 --- [    Test worker] o.s.b.t.m.w.SpringBootMockServletContext : Initializing Spring TestDispatcherServlet ''
2024-05-29T11:28:33.425+09:00  INFO 85295 --- [    Test worker] o.s.t.web.servlet.TestDispatcherServlet  : Initializing Servlet ''
2024-05-29T11:28:33.426+09:00  INFO 85295 --- [    Test worker] o.s.t.web.servlet.TestDispatcherServlet  : Completed initialization in 1 ms
2024-05-29T11:28:33.439+09:00  INFO 85295 --- [    Test worker] c.w.p.a.controller.AuthControllerTest    : Started AuthControllerTest in 0.914 seconds (process running for 4.563)
2024-05-29T11:28:33.474+09:00  INFO 85295 --- [    Test worker] o.s.b.t.m.w.SpringBootMockServletContext : Initializing Spring TestDispatcherServlet ''
2024-05-29T11:28:33.474+09:00  INFO 85295 --- [    Test worker] o.s.t.web.servlet.TestDispatcherServlet  : Initializing Servlet ''
2024-05-29T11:28:33.474+09:00  INFO 85295 --- [    Test worker] o.s.t.web.servlet.TestDispatcherServlet  : Completed initialization in 0 ms

MockHttpServletRequest:
      HTTP Method = POST
      Request URI = /api/v1/auth/authentication
       Parameters = {}
          Headers = [Content-Type:"application/json;charset=UTF-8", Content-Length:"53"]
             Body = {"email":"oBdAsH@wanted.com","password":"xrtwjffzuw"}
    Session Attrs = {}

Handler:
             Type = com.wanted.preonboarding.auth.controller.AuthController
           Method = com.wanted.preonboarding.auth.controller.AuthController#getAccessToken(CreateAuthToken)

Async:
    Async started = false
     Async result = null

Resolved Exception:
             Type = null

ModelAndView:
        View name = null
             View = null
            Model = null

FlashMap:
       Attributes = null

MockHttpServletResponse:
           Status = 200
    Error message = null
          Headers = [Vary:"Origin", "Access-Control-Request-Method", "Access-Control-Request-Headers", Authorization:"Bearer eyJhbGciOiJIUzI1NiJ9.eyJzdWIiOiJuS2hSUnVJWWtAd2FudGVkLmNvbSIsInJvbGUiOiJOT1JNQUwiLCJpYXQiOjE3MTY5NDk3MTMsImV4cCI6MTcxNjk1MzMxM30.spUK8WBIwYcYPr1PV9adaLiBTFH0E698njSZnx3ZsqU", Content-Type:"application/json;charset=UTF-8", X-Content-Type-Options:"nosniff", X-XSS-Protection:"0", Cache-Control:"no-cache, no-store, max-age=0, must-revalidate", Pragma:"no-cache", Expires:"0", X-Frame-Options:"DENY"]
     Content type = application/json;charset=UTF-8
             Body = {"data":null,"response":{"status":200,"message":"Access token issued successfully"}}
    Forwarded URL = null
   Redirected URL = null
          Cookies = []
]]></system-out>
  <system-err><![CDATA[]]></system-err>
</testsuite>
