<?xml version="1.0" encoding="UTF-8"?>
<testsuite name="com.wanted.preonboarding.auth.controller.AuthControllerTest" tests="1" skipped="0" failures="0" errors="0" timestamp="2024-05-27T00:55:45" hostname="lyusang-won-ui-MacBookPro.local" time="0.344">
  <properties/>
  <testcase name="Access Token 발급" classname="com.wanted.preonboarding.auth.controller.AuthControllerTest" time="0.344"/>
  <system-out><![CDATA[2024-05-27T09:55:44.922+09:00  INFO 50536 --- [    Test worker] t.c.s.AnnotationConfigContextLoaderUtils : Could not detect default configuration classes for test class [com.wanted.preonboarding.auth.controller.AuthControllerTest]: AuthControllerTest does not declare any static, non-private, non-final, nested classes annotated with @Configuration.
2024-05-27T09:55:44.936+09:00  INFO 50536 --- [    Test worker] .b.t.c.SpringBootTestContextBootstrapper : Found @SpringBootConfiguration com.wanted.preonboarding.PreonboardingApplication for test class com.wanted.preonboarding.auth.controller.AuthControllerTest
  .   ____          _            __ _ _
 /\\ / ___'_ __ _ _(_)_ __  __ _ \ \ \ \
( ( )\___ | '_ | '_| | '_ \/ _` | \ \ \ \
 \\/  ___)| |_)| | | | | || (_| |  ) ) ) )
  '  |____| .__|_| |_|_| |_\__, | / / / /
 =========|_|==============|___/=/_/_/_/

 :: Spring Boot ::                (v3.3.0)

2024-05-27T09:55:44.951+09:00  INFO 50536 --- [    Test worker] c.w.p.a.controller.AuthControllerTest    : Starting AuthControllerTest using Java 21.0.3 with PID 50536 (started by sangwon-ryu in /Users/sangwon-ryu/wanted-preonboarding-challenge-backend-20)
2024-05-27T09:55:44.951+09:00 DEBUG 50536 --- [    Test worker] c.w.p.a.controller.AuthControllerTest    : Running with Spring Boot v3.3.0, Spring v6.1.8
2024-05-27T09:55:44.951+09:00  INFO 50536 --- [    Test worker] c.w.p.a.controller.AuthControllerTest    : No active profile set, falling back to 1 default profile: "default"
2024-05-27T09:55:45.320+09:00  WARN 50536 --- [    Test worker] .s.s.UserDetailsServiceAutoConfiguration : 

Using generated security password: 8d01af8c-b6ec-4dfa-8064-bde678547552

This generated password is for development use only. Your security configuration must be updated before running your application in production.

2024-05-27T09:55:45.322+09:00  INFO 50536 --- [    Test worker] r$InitializeUserDetailsManagerConfigurer : Global AuthenticationManager configured with UserDetailsService bean with name inMemoryUserDetailsManager
2024-05-27T09:55:45.466+09:00  INFO 50536 --- [    Test worker] o.s.s.web.DefaultSecurityFilterChain     : Will secure any request with [org.springframework.security.web.session.DisableEncodeUrlFilter@48acb864, org.springframework.security.web.context.request.async.WebAsyncManagerIntegrationFilter@45bf1ee3, org.springframework.security.web.context.SecurityContextHolderFilter@538c823c, org.springframework.security.web.header.HeaderWriterFilter@7d6c4c43, org.springframework.web.filter.CorsFilter@57e273e0, org.springframework.security.web.authentication.logout.LogoutFilter@3057a923, com.wanted.preonboarding.auth.filter.JwtAuthenticationFilter@3396d2a6, org.springframework.security.web.savedrequest.RequestCacheAwareFilter@bba6542, org.springframework.security.web.servletapi.SecurityContextHolderAwareRequestFilter@14ab3e22, org.springframework.security.web.authentication.AnonymousAuthenticationFilter@1ed43328, org.springframework.security.web.session.SessionManagementFilter@5cb9ef8a, org.springframework.security.web.access.ExceptionTranslationFilter@4f72e38c, org.springframework.security.web.access.intercept.AuthorizationFilter@25082311]
2024-05-27T09:55:45.569+09:00  INFO 50536 --- [    Test worker] o.s.b.t.m.w.SpringBootMockServletContext : Initializing Spring TestDispatcherServlet ''
2024-05-27T09:55:45.570+09:00  INFO 50536 --- [    Test worker] o.s.t.web.servlet.TestDispatcherServlet  : Initializing Servlet ''
2024-05-27T09:55:45.571+09:00  INFO 50536 --- [    Test worker] o.s.t.web.servlet.TestDispatcherServlet  : Completed initialization in 0 ms
2024-05-27T09:55:45.582+09:00  INFO 50536 --- [    Test worker] c.w.p.a.controller.AuthControllerTest    : Started AuthControllerTest in 0.644 seconds (process running for 4.103)
2024-05-27T09:55:45.611+09:00  INFO 50536 --- [    Test worker] o.s.b.t.m.w.SpringBootMockServletContext : Initializing Spring TestDispatcherServlet ''
2024-05-27T09:55:45.612+09:00  INFO 50536 --- [    Test worker] o.s.t.web.servlet.TestDispatcherServlet  : Initializing Servlet ''
2024-05-27T09:55:45.612+09:00  INFO 50536 --- [    Test worker] o.s.t.web.servlet.TestDispatcherServlet  : Completed initialization in 0 ms

MockHttpServletRequest:
      HTTP Method = POST
      Request URI = /api/v1/auth/authentication
       Parameters = {}
          Headers = [Content-Type:"application/json;charset=UTF-8", Content-Length:"54"]
             Body = {"email":"sMlbwbE@wanted.com","password":"taltdhwodc"}
    Session Attrs = {}

Handler:
             Type = com.wanted.preonboarding.auth.controller.AuthController
           Method = com.wanted.preonboarding.auth.controller.AuthController#getAccessToken(CreateAuthToken)

Async:
    Async started = false
     Async result = null

Resolved Exception:
             Type = null

ModelAndView:
        View name = null
             View = null
            Model = null

FlashMap:
       Attributes = null

MockHttpServletResponse:
           Status = 200
    Error message = null
          Headers = [Vary:"Origin", "Access-Control-Request-Method", "Access-Control-Request-Headers", Authorization:"Bearer eyJhbGciOiJIUzI1NiJ9.eyJzdWIiOiJabkNjam1aQHdhbnRlZC5jb20iLCJyb2xlIjoiTk9STUFMIiwiaWF0IjoxNzE2NzcxMzQ1LCJleHAiOjE3MTY3NzQ5NDV9.6Q4aKtJQx6fBiqX5VEoI1SSekFJtpOWf7L72km3G_-M", Content-Type:"application/json;charset=UTF-8", X-Content-Type-Options:"nosniff", X-XSS-Protection:"0", Cache-Control:"no-cache, no-store, max-age=0, must-revalidate", Pragma:"no-cache", Expires:"0", X-Frame-Options:"DENY"]
     Content type = application/json;charset=UTF-8
             Body = {"data":null,"response":{"status":200,"message":"Access token issued successfully"}}
    Forwarded URL = null
   Redirected URL = null
          Cookies = []
]]></system-out>
  <system-err><![CDATA[]]></system-err>
</testsuite>
