<?xml version="1.0" encoding="UTF-8"?>
<testsuite name="com.wanted.preonboarding.document.CommonDocControllerTest" tests="2" skipped="0" failures="0" errors="0" timestamp="2024-05-29T10:44:35" hostname="lyusang-won-ui-MacBookPro.local" time="0.074">
  <properties/>
  <testcase name="errorSample()" classname="com.wanted.preonboarding.document.CommonDocControllerTest" time="0.034"/>
  <testcase name="enums()" classname="com.wanted.preonboarding.document.CommonDocControllerTest" time="0.04"/>
  <system-out><![CDATA[2024-05-29T19:44:35.215+09:00  INFO 96329 --- [    Test worker] t.c.s.AnnotationConfigContextLoaderUtils : Could not detect default configuration classes for test class [com.wanted.preonboarding.document.CommonDocControllerTest]: CommonDocControllerTest does not declare any static, non-private, non-final, nested classes annotated with @Configuration.
2024-05-29T19:44:35.248+09:00  INFO 96329 --- [    Test worker] .b.t.c.SpringBootTestContextBootstrapper : Found @SpringBootConfiguration com.wanted.preonboarding.PreonboardingApplication for test class com.wanted.preonboarding.document.CommonDocControllerTest
  .   ____          _            __ _ _
 /\\ / ___'_ __ _ _(_)_ __  __ _ \ \ \ \
( ( )\___ | '_ | '_| | '_ \/ _` | \ \ \ \
 \\/  ___)| |_)| | | | | || (_| |  ) ) ) )
  '  |____| .__|_| |_|_| |_\__, | / / / /
 =========|_|==============|___/=/_/_/_/

 :: Spring Boot ::                (v3.3.0)

2024-05-29T19:44:35.268+09:00  INFO 96329 --- [    Test worker] c.w.p.document.CommonDocControllerTest   : Starting CommonDocControllerTest using Java 21.0.3 with PID 96329 (started by sangwon-ryu in /Users/sangwon-ryu/wanted-preonboarding-challenge-backend-20)
2024-05-29T19:44:35.268+09:00 DEBUG 96329 --- [    Test worker] c.w.p.document.CommonDocControllerTest   : Running with Spring Boot v3.3.0, Spring v6.1.8
2024-05-29T19:44:35.268+09:00  INFO 96329 --- [    Test worker] c.w.p.document.CommonDocControllerTest   : No active profile set, falling back to 1 default profile: "default"
2024-05-29T19:44:35.467+09:00  WARN 96329 --- [    Test worker] .s.s.UserDetailsServiceAutoConfiguration : 

Using generated security password: cf659163-37c9-4d9d-909a-6bb9ca942f66

This generated password is for development use only. Your security configuration must be updated before running your application in production.

2024-05-29T19:44:35.468+09:00  INFO 96329 --- [    Test worker] r$InitializeUserDetailsManagerConfigurer : Global AuthenticationManager configured with UserDetailsService bean with name inMemoryUserDetailsManager
2024-05-29T19:44:35.533+09:00  INFO 96329 --- [    Test worker] o.s.s.web.DefaultSecurityFilterChain     : Will secure any request with [org.springframework.security.web.session.DisableEncodeUrlFilter@c27de3b, org.springframework.security.web.context.request.async.WebAsyncManagerIntegrationFilter@74e87f03, org.springframework.security.web.context.SecurityContextHolderFilter@1736262a, org.springframework.security.web.header.HeaderWriterFilter@761b5700, org.springframework.web.filter.CorsFilter@4c159b48, org.springframework.security.web.authentication.logout.LogoutFilter@ace5f3b, com.wanted.preonboarding.auth.filter.JwtAuthenticationFilter@1ee3ad6, org.springframework.security.web.savedrequest.RequestCacheAwareFilter@7252e063, org.springframework.security.web.servletapi.SecurityContextHolderAwareRequestFilter@5edd0a7e, org.springframework.security.web.authentication.AnonymousAuthenticationFilter@338afad6, org.springframework.security.web.session.SessionManagementFilter@7cd1d235, org.springframework.security.web.access.ExceptionTranslationFilter@152e15ea, org.springframework.security.web.access.intercept.AuthorizationFilter@59428e82]
2024-05-29T19:44:35.584+09:00 DEBUG 96329 --- [    Test worker] c.w.p.auth.filter.CustomLoggingFilter    : Filter 'loggingFilterRegistration' configured for use
2024-05-29T19:44:35.584+09:00 DEBUG 96329 --- [    Test worker] c.w.p.auth.filter.CustomLoggingFilter    : Filter 'customLoggingFilter' configured for use
2024-05-29T19:44:35.584+09:00  INFO 96329 --- [    Test worker] o.s.b.t.m.w.SpringBootMockServletContext : Initializing Spring TestDispatcherServlet ''
2024-05-29T19:44:35.584+09:00  INFO 96329 --- [    Test worker] o.s.t.web.servlet.TestDispatcherServlet  : Initializing Servlet ''
2024-05-29T19:44:35.584+09:00  INFO 96329 --- [    Test worker] o.s.t.web.servlet.TestDispatcherServlet  : Completed initialization in 0 ms
2024-05-29T19:44:35.590+09:00  INFO 96329 --- [    Test worker] c.w.p.document.CommonDocControllerTest   : Started CommonDocControllerTest in 0.339 seconds (process running for 8.929)
2024-05-29T19:44:35.598+09:00  INFO 96329 --- [    Test worker] o.s.b.t.m.w.SpringBootMockServletContext : Initializing Spring TestDispatcherServlet ''
2024-05-29T19:44:35.598+09:00  INFO 96329 --- [    Test worker] o.s.t.web.servlet.TestDispatcherServlet  : Initializing Servlet ''
2024-05-29T19:44:35.598+09:00  INFO 96329 --- [    Test worker] o.s.t.web.servlet.TestDispatcherServlet  : Completed initialization in 0 ms

MockHttpServletRequest:
      HTTP Method = POST
      Request URI = /test/error
       Parameters = {}
          Headers = [Content-Type:"application/json;charset=UTF-8", Content-Length:"35"]
             Body = {"name":"name","email":"hhh.naver"}
    Session Attrs = {}

Handler:
             Type = com.wanted.preonboarding.document.CommonDocController
           Method = com.wanted.preonboarding.document.CommonDocController#errorSample(SampleRequest)

Async:
    Async started = false
     Async result = null

Resolved Exception:
             Type = org.springframework.web.bind.MethodArgumentNotValidException

ModelAndView:
        View name = null
             View = null
            Model = null

FlashMap:
       Attributes = null

MockHttpServletResponse:
           Status = 400
    Error message = null
          Headers = [Vary:"Origin", "Access-Control-Request-Method", "Access-Control-Request-Headers", Content-Type:"application/json;charset=UTF-8", X-Content-Type-Options:"nosniff", X-XSS-Protection:"0", Cache-Control:"no-cache, no-store, max-age=0, must-revalidate", Pragma:"no-cache", Expires:"0", X-Frame-Options:"DENY"]
     Content type = application/json;charset=UTF-8
             Body = {"status":400,"message":"email must be a well-formed email address","timestamp":"2024-05-29 19:44:35","error":"BeanPropertyBindingResult"}
    Forwarded URL = null
   Redirected URL = null
          Cookies = []
2024-05-29T19:44:35.631+09:00  INFO 96329 --- [    Test worker] o.s.b.t.m.w.SpringBootMockServletContext : Initializing Spring TestDispatcherServlet ''
2024-05-29T19:44:35.631+09:00  INFO 96329 --- [    Test worker] o.s.t.web.servlet.TestDispatcherServlet  : Initializing Servlet ''
2024-05-29T19:44:35.631+09:00  INFO 96329 --- [    Test worker] o.s.t.web.servlet.TestDispatcherServlet  : Completed initialization in 0 ms

MockHttpServletRequest:
      HTTP Method = GET
      Request URI = /test/enums
       Parameters = {}
          Headers = [Content-Type:"application/json;charset=UTF-8"]
             Body = null
    Session Attrs = {}

Handler:
             Type = com.wanted.preonboarding.document.CommonDocController
           Method = com.wanted.preonboarding.document.CommonDocController#findEnums()

Async:
    Async started = false
     Async result = null

Resolved Exception:
             Type = null

ModelAndView:
        View name = null
             View = null
            Model = null

FlashMap:
       Attributes = null

MockHttpServletResponse:
           Status = 200
    Error message = null
          Headers = [Vary:"Origin", "Access-Control-Request-Method", "Access-Control-Request-Headers", Content-Type:"application/json;charset=UTF-8", X-Content-Type-Options:"nosniff", X-XSS-Protection:"0", Cache-Control:"no-cache, no-store, max-age=0, must-revalidate", Pragma:"no-cache", Expires:"0", X-Frame-Options:"DENY"]
     Content type = application/json;charset=UTF-8
             Body = {"data":{"redisKey":{"ORDER_LOCK":"REDIS KEY :  order_lock, '\n'REDIS TTL :  1","REFRESH_TOKEN":"REDIS KEY :  refresh_token, '\n'REDIS TTL :  36000","PRODUCT_QUEUE":"REDIS KEY :  product_queue, '\n'REDIS TTL :  1","USERS":"REDIS KEY :  users, '\n'REDIS TTL :  36000"},"yn":{"Y":"Y means YES, N meas NO","N":"Y means YES, N meas NO"},"memberShip":{"GUEST":"USER MEMBERSHIP","NORMAL":"USER MEMBERSHIP"},"jwtErrorEnum":{"UNSUPPORTED_TOKEN":"Unsupported JWT token.","MALFORMED_TOKEN":"Invalid JWT token.","ILLEGAL_ARGUMENT":"JWT token compact of handler are invalid.","INVALID_SIGNATURE":"Invalid JWT signature.","EXPIRED_TOKEN":"Expired JWT token."},"productStatus":{"OUT_STOCK":"제품의 판매 상태 완료","OUT_OF_STOCK":"제품의 판매 상태 품절","ON_STOCK":"제품의 판매 상태 판매중","BOOKING":"제품의 판매 상태 예약중"},"orderType":{"PAST":"id ASC","LATEST":"id DESC"},"orderStatus":{"COMPLETED":"Order status: COMPLETED","ORDERED":"Order status: ORDERED","SETTLEMENT":"Order status: SETTLEMENT"},"userRole":{"BUYER":"판매자 / 구매자","SELLER":"판매자 / 구매자"}}}
    Forwarded URL = null
   Redirected URL = null
          Cookies = []
]]></system-out>
  <system-err><![CDATA[]]></system-err>
</testsuite>
