<?xml version="1.0" encoding="UTF-8"?>
<testsuite name="com.wanted.preonboarding.module.order.controller.OrderControllerTest" tests="11" skipped="0" failures="0" errors="0" timestamp="2024-05-29T14:43:11" hostname="lyusang-won-ui-MacBookPro.local" time="0.912">
  <properties/>
  <testcase name="주문 수정 - COMPLETED" classname="com.wanted.preonboarding.module.order.controller.OrderControllerTest" time="0.125"/>
  <testcase name="주문 상세 조회 - 성공" classname="com.wanted.preonboarding.module.order.controller.OrderControllerTest" time="0.076"/>
  <testcase name="유효하지 않은 주문 - 이미 구매한 제품" classname="com.wanted.preonboarding.module.order.controller.OrderControllerTest" time="0.076"/>
  <testcase name="유효하지 않은 주문 - 이미 예약 중 또는 판매 완료된 제품" classname="com.wanted.preonboarding.module.order.controller.OrderControllerTest" time="0.068"/>
  <testcase name="주문 실패 - 비회원" classname="com.wanted.preonboarding.module.order.controller.OrderControllerTest" time="0.046"/>
  <testcase name="주문 수정 - SETTLEMENT" classname="com.wanted.preonboarding.module.order.controller.OrderControllerTest" time="0.077"/>
  <testcase name="주문 수정 - ORDERED 에서 SETTLEMENT 로 잘못된 요청" classname="com.wanted.preonboarding.module.order.controller.OrderControllerTest" time="0.069"/>
  <testcase name="유효하지 않은 주문 - 상품 없음" classname="com.wanted.preonboarding.module.order.controller.OrderControllerTest" time="0.027"/>
  <testcase name="주문 수정 - COMPLETED 에서 COMPLETED 로 잘못된 요청" classname="com.wanted.preonboarding.module.order.controller.OrderControllerTest" time="0.069"/>
  <testcase name="주문 생성" classname="com.wanted.preonboarding.module.order.controller.OrderControllerTest" time="0.068"/>
  <testcase name="거래내역 조회 - 성공" classname="com.wanted.preonboarding.module.order.controller.OrderControllerTest" time="0.209"/>
  <system-out><![CDATA[2024-05-29T23:43:11.365+09:00  INFO 6868 --- [    Test worker] t.c.s.AnnotationConfigContextLoaderUtils : Could not detect default configuration classes for test class [com.wanted.preonboarding.module.order.controller.OrderControllerTest]: OrderControllerTest does not declare any static, non-private, non-final, nested classes annotated with @Configuration.
2024-05-29T23:43:11.378+09:00  INFO 6868 --- [    Test worker] .b.t.c.SpringBootTestContextBootstrapper : Found @SpringBootConfiguration com.wanted.preonboarding.PreonboardingApplication for test class com.wanted.preonboarding.module.order.controller.OrderControllerTest
  .   ____          _            __ _ _
 /\\ / ___'_ __ _ _(_)_ __  __ _ \ \ \ \
( ( )\___ | '_ | '_| | '_ \/ _` | \ \ \ \
 \\/  ___)| |_)| | | | | || (_| |  ) ) ) )
  '  |____| .__|_| |_|_| |_\__, | / / / /
 =========|_|==============|___/=/_/_/_/

 :: Spring Boot ::                (v3.3.0)

2024-05-29T23:43:11.391+09:00  INFO 6868 --- [    Test worker] c.w.p.m.o.c.OrderControllerTest          : Starting OrderControllerTest using Java 21.0.3 with PID 6868 (started by sangwon-ryu in /Users/sangwon-ryu/wanted-preonboarding-challenge-backend-20)
2024-05-29T23:43:11.391+09:00 DEBUG 6868 --- [    Test worker] c.w.p.m.o.c.OrderControllerTest          : Running with Spring Boot v3.3.0, Spring v6.1.8
2024-05-29T23:43:11.391+09:00  INFO 6868 --- [    Test worker] c.w.p.m.o.c.OrderControllerTest          : No active profile set, falling back to 1 default profile: "default"
2024-05-29T23:43:11.503+09:00  WARN 6868 --- [    Test worker] .s.s.UserDetailsServiceAutoConfiguration : 

Using generated security password: ee499269-e961-4cc4-b9e3-caf646234293

This generated password is for development use only. Your security configuration must be updated before running your application in production.

2024-05-29T23:43:11.504+09:00  INFO 6868 --- [    Test worker] r$InitializeUserDetailsManagerConfigurer : Global AuthenticationManager configured with UserDetailsService bean with name inMemoryUserDetailsManager
2024-05-29T23:43:11.538+09:00  INFO 6868 --- [    Test worker] o.s.s.web.DefaultSecurityFilterChain     : Will secure any request with [org.springframework.security.web.session.DisableEncodeUrlFilter@14676d59, org.springframework.security.web.context.request.async.WebAsyncManagerIntegrationFilter@b9f6daa, org.springframework.security.web.context.SecurityContextHolderFilter@4257255f, org.springframework.security.web.header.HeaderWriterFilter@3bee3935, org.springframework.web.filter.CorsFilter@41d7b4cf, org.springframework.security.web.authentication.logout.LogoutFilter@62cfb51a, com.wanted.preonboarding.auth.filter.JwtAuthenticationFilter@54362745, org.springframework.security.web.savedrequest.RequestCacheAwareFilter@7a9e618e, org.springframework.security.web.servletapi.SecurityContextHolderAwareRequestFilter@3073c879, org.springframework.security.web.authentication.AnonymousAuthenticationFilter@7b14953f, org.springframework.security.web.session.SessionManagementFilter@740ba30d, org.springframework.security.web.access.ExceptionTranslationFilter@581c0da6, org.springframework.security.web.access.intercept.AuthorizationFilter@45ca07cf]
2024-05-29T23:43:11.567+09:00 DEBUG 6868 --- [    Test worker] c.w.p.auth.filter.CustomLoggingFilter    : Filter 'loggingFilterRegistration' configured for use
2024-05-29T23:43:11.567+09:00 DEBUG 6868 --- [    Test worker] c.w.p.auth.filter.CustomLoggingFilter    : Filter 'customLoggingFilter' configured for use
2024-05-29T23:43:11.567+09:00  INFO 6868 --- [    Test worker] o.s.b.t.m.w.SpringBootMockServletContext : Initializing Spring TestDispatcherServlet ''
2024-05-29T23:43:11.567+09:00  INFO 6868 --- [    Test worker] o.s.t.web.servlet.TestDispatcherServlet  : Initializing Servlet ''
2024-05-29T23:43:11.567+09:00  INFO 6868 --- [    Test worker] o.s.t.web.servlet.TestDispatcherServlet  : Completed initialization in 0 ms
2024-05-29T23:43:11.580+09:00  INFO 6868 --- [    Test worker] c.w.p.m.o.c.OrderControllerTest          : Started OrderControllerTest in 0.199 seconds (process running for 6.104)
2024-05-29T23:43:11.584+09:00  INFO 6868 --- [    Test worker] o.s.b.t.m.w.SpringBootMockServletContext : Initializing Spring TestDispatcherServlet ''
2024-05-29T23:43:11.585+09:00  INFO 6868 --- [    Test worker] o.s.t.web.servlet.TestDispatcherServlet  : Initializing Servlet ''
2024-05-29T23:43:11.585+09:00  INFO 6868 --- [    Test worker] o.s.t.web.servlet.TestDispatcherServlet  : Completed initialization in 0 ms

MockHttpServletRequest:
      HTTP Method = PATCH
      Request URI = /api/v1/order
       Parameters = {}
          Headers = [Content-Type:"application/json;charset=UTF-8", Authorization:"Bearer eyJhbGciOiJIUzI1NiJ9.eyJzdWIiOiJVY1hWb0ZAd2FudGVkLmNvbSIsInJvbGUiOiJOT1JNQUwiLCJpYXQiOjE3MTY5OTM3OTEsImV4cCI6MTcxNjk5NzM5MX0.Mtly7F6R48swrF4hsDQ8g0F22SrdduV15FksiV14N40", Content-Length:"45"]
             Body = {"orderId":9041833,"orderStatus":"COMPLETED"}
    Session Attrs = {}

Handler:
             Type = com.wanted.preonboarding.module.order.controller.OrderController
           Method = com.wanted.preonboarding.module.order.controller.OrderController#updateOrder(UpdateOrder)

Async:
    Async started = false
     Async result = null

Resolved Exception:
             Type = null

ModelAndView:
        View name = null
             View = null
            Model = null

FlashMap:
       Attributes = null

MockHttpServletResponse:
           Status = 200
    Error message = null
          Headers = [Vary:"Origin", "Access-Control-Request-Method", "Access-Control-Request-Headers", Content-Type:"application/json;charset=UTF-8", X-Content-Type-Options:"nosniff", X-XSS-Protection:"0", Cache-Control:"no-cache, no-store, max-age=0, must-revalidate", Pragma:"no-cache", Expires:"0", X-Frame-Options:"DENY"]
     Content type = application/json;charset=UTF-8
             Body = {"data":{"orderId":87853182,"productId":4107,"buyer":"UcXVoF@wanted.com","seller":"LTcS@wanted.com","orderStatus":"ORDERED"},"response":{"status":200,"message":"success"}}
    Forwarded URL = null
   Redirected URL = null
          Cookies = []
2024-05-29T23:43:11.709+09:00  INFO 6868 --- [    Test worker] o.s.b.t.m.w.SpringBootMockServletContext : Initializing Spring TestDispatcherServlet ''
2024-05-29T23:43:11.709+09:00  INFO 6868 --- [    Test worker] o.s.t.web.servlet.TestDispatcherServlet  : Initializing Servlet ''
2024-05-29T23:43:11.709+09:00  INFO 6868 --- [    Test worker] o.s.t.web.servlet.TestDispatcherServlet  : Completed initialization in 0 ms

MockHttpServletRequest:
      HTTP Method = GET
      Request URI = /api/v1/order/97494017
       Parameters = {}
          Headers = [Content-Type:"application/json;charset=UTF-8", Authorization:"Bearer eyJhbGciOiJIUzI1NiJ9.eyJzdWIiOiJwcXlNZW5Ad2FudGVkLmNvbSIsInJvbGUiOiJOT1JNQUwiLCJpYXQiOjE3MTY5OTM3OTEsImV4cCI6MTcxNjk5NzM5MX0.odgKiUZmrFNbyEumkCGN4JYwpudXyIgUZVc7NiDqBXE"]
             Body = null
    Session Attrs = {}

Handler:
             Type = com.wanted.preonboarding.module.order.controller.OrderController
           Method = com.wanted.preonboarding.module.order.controller.OrderController#getOrder(Long)

Async:
    Async started = false
     Async result = null

Resolved Exception:
             Type = null

ModelAndView:
        View name = null
             View = null
            Model = null

FlashMap:
       Attributes = null

MockHttpServletResponse:
           Status = 200
    Error message = null
          Headers = [Vary:"Origin", "Access-Control-Request-Method", "Access-Control-Request-Headers", Content-Type:"application/json;charset=UTF-8", X-Content-Type-Options:"nosniff", X-XSS-Protection:"0", Cache-Control:"no-cache, no-store, max-age=0, must-revalidate", Pragma:"no-cache", Expires:"0", X-Frame-Options:"DENY"]
     Content type = application/json;charset=UTF-8
             Body = {"data":[{"orderId":97494017,"productId":4057,"buyer":"pqyMen@wanted.com","seller":"mnbzvaehay","orderStatus":"ORDERED","price":47948516,"productName":"zzduvoixws","insertDate":"2013-10-13 18:30:26","isCurrentUserSeller":false},{"orderId":97494017,"productId":4057,"buyer":"pqyMen@wanted.com","seller":"mnbzvaehay","orderStatus":"COMPLETED","price":47948516,"productName":"zzduvoixws","insertDate":"2013-10-13 18:30:26","isCurrentUserSeller":false},{"orderId":97494017,"productId":4057,"buyer":"pqyMen@wanted.com","seller":"mnbzvaehay","orderStatus":"SETTLEMENT","price":47948516,"productName":"zzduvoixws","insertDate":"2013-10-13 18:30:26","isCurrentUserSeller":false}],"response":{"status":200,"message":"success"}}
    Forwarded URL = null
   Redirected URL = null
          Cookies = []
2024-05-29T23:43:11.785+09:00  INFO 6868 --- [    Test worker] o.s.b.t.m.w.SpringBootMockServletContext : Initializing Spring TestDispatcherServlet ''
2024-05-29T23:43:11.785+09:00  INFO 6868 --- [    Test worker] o.s.t.web.servlet.TestDispatcherServlet  : Initializing Servlet ''
2024-05-29T23:43:11.785+09:00  INFO 6868 --- [    Test worker] o.s.t.web.servlet.TestDispatcherServlet  : Completed initialization in 0 ms

MockHttpServletRequest:
      HTTP Method = POST
      Request URI = /api/v1/order
       Parameters = {}
          Headers = [Content-Type:"application/json;charset=UTF-8", Authorization:"Bearer eyJhbGciOiJIUzI1NiJ9.eyJzdWIiOiJpaEZVSVV0QHdhbnRlZC5jb20iLCJyb2xlIjoiTk9STUFMIiwiaWF0IjoxNzE2OTkzNzkxLCJleHAiOjE3MTY5OTczOTF9.C7b3uyjybD2CnYyrRRqcnBVHnpP0ZPi-4oJOdXm7di4", Content-Length:"18"]
             Body = {"productId":5744}
    Session Attrs = {}

Handler:
             Type = com.wanted.preonboarding.module.order.controller.OrderController
           Method = com.wanted.preonboarding.module.order.controller.OrderController#createOrder(CreateOrder)

Async:
    Async started = false
     Async result = null

Resolved Exception:
             Type = org.springframework.web.bind.MethodArgumentNotValidException

ModelAndView:
        View name = null
             View = null
            Model = null

FlashMap:
       Attributes = null

MockHttpServletResponse:
           Status = 400
    Error message = null
          Headers = [Vary:"Origin", "Access-Control-Request-Method", "Access-Control-Request-Headers", Content-Type:"application/json;charset=UTF-8", X-Content-Type-Options:"nosniff", X-XSS-Protection:"0", Cache-Control:"no-cache, no-store, max-age=0, must-revalidate", Pragma:"no-cache", Expires:"0", X-Frame-Options:"DENY"]
     Content type = application/json;charset=UTF-8
             Body = {"status":400,"message":"createOrder  createOrder 구매 이력이 존재합니다.","timestamp":"2024-05-29 23:43:11","error":"BeanPropertyBindingResult"}
    Forwarded URL = null
   Redirected URL = null
          Cookies = []
2024-05-29T23:43:11.861+09:00  INFO 6868 --- [    Test worker] o.s.b.t.m.w.SpringBootMockServletContext : Initializing Spring TestDispatcherServlet ''
2024-05-29T23:43:11.861+09:00  INFO 6868 --- [    Test worker] o.s.t.web.servlet.TestDispatcherServlet  : Initializing Servlet ''
2024-05-29T23:43:11.861+09:00  INFO 6868 --- [    Test worker] o.s.t.web.servlet.TestDispatcherServlet  : Completed initialization in 0 ms

MockHttpServletRequest:
      HTTP Method = POST
      Request URI = /api/v1/order
       Parameters = {}
          Headers = [Content-Type:"application/json;charset=UTF-8", Authorization:"Bearer eyJhbGciOiJIUzI1NiJ9.eyJzdWIiOiJDSnRDTlZ6amdIdmdKY0B3YW50ZWQuY29tIiwicm9sZSI6Ik5PUk1BTCIsImlhdCI6MTcxNjk5Mzc5MSwiZXhwIjoxNzE2OTk3MzkxfQ.TTiuLy7eSn6ZmjLzN9-zDkrnpOb_7JehJLJQTzvZMBI", Content-Length:"18"]
             Body = {"productId":1003}
    Session Attrs = {}

Handler:
             Type = com.wanted.preonboarding.module.order.controller.OrderController
           Method = com.wanted.preonboarding.module.order.controller.OrderController#createOrder(CreateOrder)

Async:
    Async started = false
     Async result = null

Resolved Exception:
             Type = org.springframework.web.bind.MethodArgumentNotValidException

ModelAndView:
        View name = null
             View = null
            Model = null

FlashMap:
       Attributes = null

MockHttpServletResponse:
           Status = 400
    Error message = null
          Headers = [Vary:"Origin", "Access-Control-Request-Method", "Access-Control-Request-Headers", Content-Type:"application/json;charset=UTF-8", X-Content-Type-Options:"nosniff", X-XSS-Protection:"0", Cache-Control:"no-cache, no-store, max-age=0, must-revalidate", Pragma:"no-cache", Expires:"0", X-Frame-Options:"DENY"]
     Content type = application/json;charset=UTF-8
             Body = {"status":400,"message":"createOrder 이미 예약중 또는 판매완료 된 상품 입니다. ","timestamp":"2024-05-29 23:43:11","error":"BeanPropertyBindingResult"}
    Forwarded URL = null
   Redirected URL = null
          Cookies = []
2024-05-29T23:43:11.930+09:00  INFO 6868 --- [    Test worker] o.s.b.t.m.w.SpringBootMockServletContext : Initializing Spring TestDispatcherServlet ''
2024-05-29T23:43:11.930+09:00  INFO 6868 --- [    Test worker] o.s.t.web.servlet.TestDispatcherServlet  : Initializing Servlet ''
2024-05-29T23:43:11.931+09:00  INFO 6868 --- [    Test worker] o.s.t.web.servlet.TestDispatcherServlet  : Completed initialization in 1 ms

MockHttpServletRequest:
      HTTP Method = POST
      Request URI = /api/v1/order
       Parameters = {}
          Headers = [Content-Type:"application/json;charset=UTF-8", Content-Length:"18"]
             Body = {"productId":7119}
    Session Attrs = {}

Handler:
             Type = com.wanted.preonboarding.module.order.controller.OrderController
           Method = com.wanted.preonboarding.module.order.controller.OrderController#createOrder(CreateOrder)

Async:
    Async started = false
     Async result = null

Resolved Exception:
             Type = null

ModelAndView:
        View name = null
             View = null
            Model = null

FlashMap:
       Attributes = null

MockHttpServletResponse:
           Status = 401
    Error message = 로그인이 필요합니다.
          Headers = [Vary:"Origin", "Access-Control-Request-Method", "Access-Control-Request-Headers", X-Content-Type-Options:"nosniff", X-XSS-Protection:"0", Cache-Control:"no-cache, no-store, max-age=0, must-revalidate", Pragma:"no-cache", Expires:"0", X-Frame-Options:"DENY"]
     Content type = null
             Body = 
    Forwarded URL = null
   Redirected URL = null
          Cookies = []
2024-05-29T23:43:11.976+09:00  INFO 6868 --- [    Test worker] o.s.b.t.m.w.SpringBootMockServletContext : Initializing Spring TestDispatcherServlet ''
2024-05-29T23:43:11.976+09:00  INFO 6868 --- [    Test worker] o.s.t.web.servlet.TestDispatcherServlet  : Initializing Servlet ''
2024-05-29T23:43:11.976+09:00  INFO 6868 --- [    Test worker] o.s.t.web.servlet.TestDispatcherServlet  : Completed initialization in 0 ms

MockHttpServletRequest:
      HTTP Method = PATCH
      Request URI = /api/v1/order
       Parameters = {}
          Headers = [Content-Type:"application/json;charset=UTF-8", Authorization:"Bearer eyJhbGciOiJIUzI1NiJ9.eyJzdWIiOiJnWEdKSmhkUmZAd2FudGVkLmNvbSIsInJvbGUiOiJOT1JNQUwiLCJpYXQiOjE3MTY5OTM3OTEsImV4cCI6MTcxNjk5NzM5MX0.PfBrzAxor4Np1KZ_mpR5-NRc3VxTP8Vsy51X02wNvf4", Content-Length:"47"]
             Body = {"orderId":30619607,"orderStatus":"SETTLEMENT"}
    Session Attrs = {}

Handler:
             Type = com.wanted.preonboarding.module.order.controller.OrderController
           Method = com.wanted.preonboarding.module.order.controller.OrderController#updateOrder(UpdateOrder)

Async:
    Async started = false
     Async result = null

Resolved Exception:
             Type = null

ModelAndView:
        View name = null
             View = null
            Model = null

FlashMap:
       Attributes = null

MockHttpServletResponse:
           Status = 200
    Error message = null
          Headers = [Vary:"Origin", "Access-Control-Request-Method", "Access-Control-Request-Headers", Content-Type:"application/json;charset=UTF-8", X-Content-Type-Options:"nosniff", X-XSS-Protection:"0", Cache-Control:"no-cache, no-store, max-age=0, must-revalidate", Pragma:"no-cache", Expires:"0", X-Frame-Options:"DENY"]
     Content type = application/json;charset=UTF-8
             Body = {"data":{"orderId":17812221,"productId":3300,"buyer":"gXGJJhdRf@wanted.com","seller":"KkywImJsScSZWN@wanted.com","orderStatus":"COMPLETED"},"response":{"status":200,"message":"success"}}
    Forwarded URL = null
   Redirected URL = null
          Cookies = []
2024-05-29T23:43:12.054+09:00  INFO 6868 --- [    Test worker] o.s.b.t.m.w.SpringBootMockServletContext : Initializing Spring TestDispatcherServlet ''
2024-05-29T23:43:12.054+09:00  INFO 6868 --- [    Test worker] o.s.t.web.servlet.TestDispatcherServlet  : Initializing Servlet ''
2024-05-29T23:43:12.054+09:00  INFO 6868 --- [    Test worker] o.s.t.web.servlet.TestDispatcherServlet  : Completed initialization in 0 ms

MockHttpServletRequest:
      HTTP Method = PATCH
      Request URI = /api/v1/order
       Parameters = {}
          Headers = [Content-Type:"application/json;charset=UTF-8", Authorization:"Bearer eyJhbGciOiJIUzI1NiJ9.eyJzdWIiOiJkckZAd2FudGVkLmNvbSIsInJvbGUiOiJOT1JNQUwiLCJpYXQiOjE3MTY5OTM3OTIsImV4cCI6MTcxNjk5NzM5Mn0.P6NNUKN9bJwptdvLHG5QvoU1pAeinYsodVw0qflO2og", Content-Length:"47"]
             Body = {"orderId":35997769,"orderStatus":"SETTLEMENT"}
    Session Attrs = {}

Handler:
             Type = com.wanted.preonboarding.module.order.controller.OrderController
           Method = com.wanted.preonboarding.module.order.controller.OrderController#updateOrder(UpdateOrder)

Async:
    Async started = false
     Async result = null

Resolved Exception:
             Type = org.springframework.web.bind.MethodArgumentNotValidException

ModelAndView:
        View name = null
             View = null
            Model = null

FlashMap:
       Attributes = null

MockHttpServletResponse:
           Status = 400
    Error message = null
          Headers = [Vary:"Origin", "Access-Control-Request-Method", "Access-Control-Request-Headers", Content-Type:"application/json;charset=UTF-8", X-Content-Type-Options:"nosniff", X-XSS-Protection:"0", Cache-Control:"no-cache, no-store, max-age=0, must-revalidate", Pragma:"no-cache", Expires:"0", X-Frame-Options:"DENY"]
     Content type = application/json;charset=UTF-8
             Body = {"status":400,"message":"updateOrder 해당 주문의 주문 상태 변경을 지원 하지 않습니다. 주문 번호 ::: 35997769 현재 주문 상태 ::: ORDERED 변경 불가 상태 ::: SETTLEMENT","timestamp":"2024-05-29 23:43:12","error":"BeanPropertyBindingResult"}
    Forwarded URL = null
   Redirected URL = null
          Cookies = []
2024-05-29T23:43:12.122+09:00  INFO 6868 --- [    Test worker] o.s.b.t.m.w.SpringBootMockServletContext : Initializing Spring TestDispatcherServlet ''
2024-05-29T23:43:12.122+09:00  INFO 6868 --- [    Test worker] o.s.t.web.servlet.TestDispatcherServlet  : Initializing Servlet ''
2024-05-29T23:43:12.123+09:00  INFO 6868 --- [    Test worker] o.s.t.web.servlet.TestDispatcherServlet  : Completed initialization in 1 ms

MockHttpServletRequest:
      HTTP Method = POST
      Request URI = /api/v1/order
       Parameters = {}
          Headers = [Content-Type:"application/json;charset=UTF-8", Authorization:"Bearer eyJhbGciOiJIUzI1NiJ9.eyJzdWIiOiJlY2dLcEN1TEJjZ3RAd2FudGVkLmNvbSIsInJvbGUiOiJOT1JNQUwiLCJpYXQiOjE3MTY5OTM3OTIsImV4cCI6MTcxNjk5NzM5Mn0._4392GlqQDX79lnFOZQHo6Nf466kU77ktdmw5w6_1DQ", Content-Length:"22"]
             Body = {"productId":75525506}
    Session Attrs = {}

Handler:
             Type = com.wanted.preonboarding.module.order.controller.OrderController
           Method = com.wanted.preonboarding.module.order.controller.OrderController#createOrder(CreateOrder)

Async:
    Async started = false
     Async result = null

Resolved Exception:
             Type = org.springframework.web.bind.MethodArgumentNotValidException

ModelAndView:
        View name = null
             View = null
            Model = null

FlashMap:
       Attributes = null

MockHttpServletResponse:
           Status = 400
    Error message = null
          Headers = [Vary:"Origin", "Access-Control-Request-Method", "Access-Control-Request-Headers", Content-Type:"application/json;charset=UTF-8", X-Content-Type-Options:"nosniff", X-XSS-Protection:"0", Cache-Control:"no-cache, no-store, max-age=0, must-revalidate", Pragma:"no-cache", Expires:"0", X-Frame-Options:"DENY"]
     Content type = application/json;charset=UTF-8
             Body = {"status":400,"message":"createOrder 해당 상품을 찾을 수 없습니다. 상품 ID: 75525506 createOrder ","timestamp":"2024-05-29 23:43:12","error":"BeanPropertyBindingResult"}
    Forwarded URL = null
   Redirected URL = null
          Cookies = []
2024-05-29T23:43:12.150+09:00  INFO 6868 --- [    Test worker] o.s.b.t.m.w.SpringBootMockServletContext : Initializing Spring TestDispatcherServlet ''
2024-05-29T23:43:12.150+09:00  INFO 6868 --- [    Test worker] o.s.t.web.servlet.TestDispatcherServlet  : Initializing Servlet ''
2024-05-29T23:43:12.150+09:00  INFO 6868 --- [    Test worker] o.s.t.web.servlet.TestDispatcherServlet  : Completed initialization in 0 ms

MockHttpServletRequest:
      HTTP Method = PATCH
      Request URI = /api/v1/order
       Parameters = {}
          Headers = [Content-Type:"application/json;charset=UTF-8", Authorization:"Bearer eyJhbGciOiJIUzI1NiJ9.eyJzdWIiOiJ4ZFJudENnZUNZb0B3YW50ZWQuY29tIiwicm9sZSI6Ik5PUk1BTCIsImlhdCI6MTcxNjk5Mzc5MiwiZXhwIjoxNzE2OTk3MzkyfQ.vYPRIkdWfa8R2SPf-uggbXChV-h8DiNBgbuYJx4pUH0", Content-Length:"46"]
             Body = {"orderId":53496454,"orderStatus":"COMPLETED"}
    Session Attrs = {}

Handler:
             Type = com.wanted.preonboarding.module.order.controller.OrderController
           Method = com.wanted.preonboarding.module.order.controller.OrderController#updateOrder(UpdateOrder)

Async:
    Async started = false
     Async result = null

Resolved Exception:
             Type = org.springframework.web.bind.MethodArgumentNotValidException

ModelAndView:
        View name = null
             View = null
            Model = null

FlashMap:
       Attributes = null

MockHttpServletResponse:
           Status = 400
    Error message = null
          Headers = [Vary:"Origin", "Access-Control-Request-Method", "Access-Control-Request-Headers", Content-Type:"application/json;charset=UTF-8", X-Content-Type-Options:"nosniff", X-XSS-Protection:"0", Cache-Control:"no-cache, no-store, max-age=0, must-revalidate", Pragma:"no-cache", Expires:"0", X-Frame-Options:"DENY"]
     Content type = application/json;charset=UTF-8
             Body = {"status":400,"message":"updateOrder 해당 주문의 주문 상태 변경을 지원 하지 않습니다. 주문 번호 ::: 53496454 현재 주문 상태 ::: COMPLETED 변경 불가 상태 ::: COMPLETED","timestamp":"2024-05-29 23:43:12","error":"BeanPropertyBindingResult"}
    Forwarded URL = null
   Redirected URL = null
          Cookies = []
2024-05-29T23:43:12.219+09:00  INFO 6868 --- [    Test worker] o.s.b.t.m.w.SpringBootMockServletContext : Initializing Spring TestDispatcherServlet ''
2024-05-29T23:43:12.219+09:00  INFO 6868 --- [    Test worker] o.s.t.web.servlet.TestDispatcherServlet  : Initializing Servlet ''
2024-05-29T23:43:12.220+09:00  INFO 6868 --- [    Test worker] o.s.t.web.servlet.TestDispatcherServlet  : Completed initialization in 1 ms

MockHttpServletRequest:
      HTTP Method = POST
      Request URI = /api/v1/order
       Parameters = {}
          Headers = [Content-Type:"application/json;charset=UTF-8", Authorization:"Bearer eyJhbGciOiJIUzI1NiJ9.eyJzdWIiOiJtV3dRR0hwcXh4a1NhcEB3YW50ZWQuY29tIiwicm9sZSI6Ik5PUk1BTCIsImlhdCI6MTcxNjk5Mzc5MiwiZXhwIjoxNzE2OTk3MzkyfQ.2dvLj8ORztffdQ03WvO4Gnizviqaxqjxlw1vxVOA9G0", Content-Length:"18"]
             Body = {"productId":1854}
    Session Attrs = {}

Handler:
             Type = com.wanted.preonboarding.module.order.controller.OrderController
           Method = com.wanted.preonboarding.module.order.controller.OrderController#createOrder(CreateOrder)

Async:
    Async started = false
     Async result = null

Resolved Exception:
             Type = null

ModelAndView:
        View name = null
             View = null
            Model = null

FlashMap:
       Attributes = null

MockHttpServletResponse:
           Status = 200
    Error message = null
          Headers = [Vary:"Origin", "Access-Control-Request-Method", "Access-Control-Request-Headers", Content-Type:"application/json;charset=UTF-8", X-Content-Type-Options:"nosniff", X-XSS-Protection:"0", Cache-Control:"no-cache, no-store, max-age=0, must-revalidate", Pragma:"no-cache", Expires:"0", X-Frame-Options:"DENY"]
     Content type = application/json;charset=UTF-8
             Body = {"data":{"orderId":54870999,"productId":1854,"buyer":"mWwQGHpqxxkSap@wanted.com","seller":"EFUDfLRlSZuj@wanted.com","orderStatus":"ORDERED"},"response":{"status":200,"message":"success"}}
    Forwarded URL = null
   Redirected URL = null
          Cookies = []
2024-05-29T23:43:12.288+09:00  INFO 6868 --- [    Test worker] o.s.b.t.m.w.SpringBootMockServletContext : Initializing Spring TestDispatcherServlet ''
2024-05-29T23:43:12.288+09:00  INFO 6868 --- [    Test worker] o.s.t.web.servlet.TestDispatcherServlet  : Initializing Servlet ''
2024-05-29T23:43:12.288+09:00  INFO 6868 --- [    Test worker] o.s.t.web.servlet.TestDispatcherServlet  : Completed initialization in 0 ms

MockHttpServletRequest:
      HTTP Method = GET
      Request URI = /api/v1/orders
       Parameters = {size=[5]}
          Headers = [Content-Type:"application/json;charset=UTF-8", Authorization:"Bearer eyJhbGciOiJIUzI1NiJ9.eyJzdWIiOiJyR2h3T3ZaQklMQHdhbnRlZC5jb20iLCJyb2xlIjoiTk9STUFMIiwiaWF0IjoxNzE2OTkzNzkyLCJleHAiOjE3MTY5OTczOTJ9.SRG6SO81NcwqWkWaaSPGt0B7uKB_BVKl7WQsUWTJty4"]
             Body = null
    Session Attrs = {}

Handler:
             Type = com.wanted.preonboarding.module.order.controller.OrderController
           Method = com.wanted.preonboarding.module.order.controller.OrderController#getOrders(OrderFilter, Pageable)

Async:
    Async started = false
     Async result = null

Resolved Exception:
             Type = null

ModelAndView:
        View name = null
             View = null
            Model = null

FlashMap:
       Attributes = null

MockHttpServletResponse:
           Status = 200
    Error message = null
          Headers = [Vary:"Origin", "Access-Control-Request-Method", "Access-Control-Request-Headers", Content-Type:"application/json;charset=UTF-8", X-Content-Type-Options:"nosniff", X-XSS-Protection:"0", Cache-Control:"no-cache, no-store, max-age=0, must-revalidate", Pragma:"no-cache", Expires:"0", X-Frame-Options:"DENY"]
     Content type = application/json;charset=UTF-8
             Body = {"data":{"content":[{"orderId":86789942,"productId":1914,"buyer":"rGhwOvZBIL@wanted.com","seller":"vfgxczbgpl","orderStatus":"ORDERED","price":17696107,"productName":"aqrbsgmnff","insertDate":"2013-10-13 18:30:26","isCurrentUserSeller":false},{"orderId":8312152,"productId":2208,"buyer":"rGhwOvZBIL@wanted.com","seller":"cwjkfpfftk","orderStatus":"ORDERED","price":6400411,"productName":"gzycfpjasm","insertDate":"2013-10-13 18:30:26","isCurrentUserSeller":false},{"orderId":938604,"productId":3013,"buyer":"rGhwOvZBIL@wanted.com","seller":"nktyimffay","orderStatus":"ORDERED","price":99819287,"productName":"ukycycaiuq","insertDate":"2013-10-13 18:30:26","isCurrentUserSeller":false},{"orderId":80147242,"productId":3289,"buyer":"rGhwOvZBIL@wanted.com","seller":"idudwprhri","orderStatus":"ORDERED","price":91257996,"productName":"ovyeepfcmq","insertDate":"2013-10-13 18:30:26","isCurrentUserSeller":false},{"orderId":17961280,"productId":7233,"buyer":"rGhwOvZBIL@wanted.com","seller":"aovhicgpxy","orderStatus":"ORDERED","price":63787946,"productName":"jfmslrqacv","insertDate":"2013-10-13 18:30:26","isCurrentUserSeller":false}],"last":false,"first":true,"number":0,"sort":{"empty":true,"unsorted":true,"sorted":false},"size":5,"numberOfElements":5,"empty":false,"lastDomainId":92146168},"response":{"status":200,"message":"success"}}
    Forwarded URL = null
   Redirected URL = null
          Cookies = []
]]></system-out>
  <system-err><![CDATA[]]></system-err>
</testsuite>
