<?xml version="1.0" encoding="UTF-8"?>
<testsuite name="com.wanted.preonboarding.auth.service.TokenQueryRedisServiceTest" tests="1" skipped="0" failures="0" errors="0" timestamp="2024-05-26T14:57:43" hostname="lyusang-won-ui-MacBookPro.local" time="0.061">
  <properties/>
  <testcase name="토큰 저장 테스트" classname="com.wanted.preonboarding.auth.service.TokenQueryRedisServiceTest" time="0.061"/>
  <system-out><![CDATA[]]></system-out>
  <system-err><![CDATA[]]></system-err>
</testsuite>
