<?xml version="1.0" encoding="UTF-8"?>
<testsuite name="com.wanted.preonboarding.document.CommonDocControllerTest" tests="1" skipped="0" failures="0" errors="0" timestamp="2024-05-25T11:48:54" hostname="lyusang-won-ui-MacBookPro.local" time="0.027">
  <properties/>
  <testcase name="enums()" classname="com.wanted.preonboarding.document.CommonDocControllerTest" time="0.027"/>
  <system-out><![CDATA[2024-05-25T20:48:54.519+09:00  INFO 33277 --- [    Test worker] t.c.s.AnnotationConfigContextLoaderUtils : Could not detect default configuration classes for test class [com.wanted.preonboarding.document.CommonDocControllerTest]: CommonDocControllerTest does not declare any static, non-private, non-final, nested classes annotated with @Configuration.
2024-05-25T20:48:54.543+09:00  INFO 33277 --- [    Test worker] .b.t.c.SpringBootTestContextBootstrapper : Found @SpringBootConfiguration com.wanted.preonboarding.PreonboardingApplication for test class com.wanted.preonboarding.document.CommonDocControllerTest
  .   ____          _            __ _ _
 /\\ / ___'_ __ _ _(_)_ __  __ _ \ \ \ \
( ( )\___ | '_ | '_| | '_ \/ _` | \ \ \ \
 \\/  ___)| |_)| | | | | || (_| |  ) ) ) )
  '  |____| .__|_| |_|_| |_\__, | / / / /
 =========|_|==============|___/=/_/_/_/

 :: Spring Boot ::                (v3.3.0)

2024-05-25T20:48:54.563+09:00  INFO 33277 --- [    Test worker] c.w.p.document.CommonDocControllerTest   : Starting CommonDocControllerTest using Java 21.0.3 with PID 33277 (started by sangwon-ryu in /Users/sangwon-ryu/wanted-preonboarding-challenge-backend-20)
2024-05-25T20:48:54.563+09:00 DEBUG 33277 --- [    Test worker] c.w.p.document.CommonDocControllerTest   : Running with Spring Boot v3.3.0, Spring v6.1.8
2024-05-25T20:48:54.563+09:00  INFO 33277 --- [    Test worker] c.w.p.document.CommonDocControllerTest   : No active profile set, falling back to 1 default profile: "default"
2024-05-25T20:48:54.732+09:00  WARN 33277 --- [    Test worker] .s.s.UserDetailsServiceAutoConfiguration : 

Using generated security password: 9d37e515-bd3c-4c13-be4b-fe8ec91c2ffb

This generated password is for development use only. Your security configuration must be updated before running your application in production.

2024-05-25T20:48:54.733+09:00  INFO 33277 --- [    Test worker] r$InitializeUserDetailsManagerConfigurer : Global AuthenticationManager configured with UserDetailsService bean with name inMemoryUserDetailsManager
2024-05-25T20:48:54.737+09:00  INFO 33277 --- [    Test worker] o.s.s.web.DefaultSecurityFilterChain     : Will secure any request with [org.springframework.security.web.session.DisableEncodeUrlFilter@75f27234, org.springframework.security.web.context.request.async.WebAsyncManagerIntegrationFilter@40d2a644, org.springframework.security.web.context.SecurityContextHolderFilter@6c916b7e, org.springframework.security.web.header.HeaderWriterFilter@6f45872b, org.springframework.web.filter.CorsFilter@56fe2233, org.springframework.security.web.csrf.CsrfFilter@584e4899, org.springframework.security.web.authentication.logout.LogoutFilter@451f5e53, org.springframework.security.web.authentication.UsernamePasswordAuthenticationFilter@754c6edb, org.springframework.security.web.authentication.ui.DefaultLoginPageGeneratingFilter@6b2d01e2, org.springframework.security.web.authentication.ui.DefaultLogoutPageGeneratingFilter@6e879a78, org.springframework.security.web.authentication.www.BasicAuthenticationFilter@4a9e4be7, org.springframework.security.web.savedrequest.RequestCacheAwareFilter@4631ecf5, org.springframework.security.web.servletapi.SecurityContextHolderAwareRequestFilter@2892b704, org.springframework.security.web.authentication.AnonymousAuthenticationFilter@882364e, org.springframework.security.web.access.ExceptionTranslationFilter@2cf846b9, org.springframework.security.web.access.intercept.AuthorizationFilter@7b29d791]
2024-05-25T20:48:54.741+09:00  INFO 33277 --- [    Test worker] o.s.b.t.m.w.SpringBootMockServletContext : Initializing Spring TestDispatcherServlet ''
2024-05-25T20:48:54.741+09:00  INFO 33277 --- [    Test worker] o.s.t.web.servlet.TestDispatcherServlet  : Initializing Servlet ''
2024-05-25T20:48:54.741+09:00  INFO 33277 --- [    Test worker] o.s.t.web.servlet.TestDispatcherServlet  : Completed initialization in 0 ms
2024-05-25T20:48:54.745+09:00  INFO 33277 --- [    Test worker] c.w.p.document.CommonDocControllerTest   : Started CommonDocControllerTest in 0.199 seconds (process running for 5.529)
2024-05-25T20:48:54.750+09:00  INFO 33277 --- [    Test worker] o.s.b.t.m.w.SpringBootMockServletContext : Initializing Spring TestDispatcherServlet ''
2024-05-25T20:48:54.750+09:00  INFO 33277 --- [    Test worker] o.s.t.web.servlet.TestDispatcherServlet  : Initializing Servlet ''
2024-05-25T20:48:54.751+09:00  INFO 33277 --- [    Test worker] o.s.t.web.servlet.TestDispatcherServlet  : Completed initialization in 1 ms

MockHttpServletRequest:
      HTTP Method = GET
      Request URI = /test/enums
       Parameters = {}
          Headers = [Content-Type:"application/json;charset=UTF-8"]
             Body = null
    Session Attrs = {}

Handler:
             Type = com.wanted.preonboarding.document.CommonDocController
           Method = com.wanted.preonboarding.document.CommonDocController#findEnums()

Async:
    Async started = false
     Async result = null

Resolved Exception:
             Type = null

ModelAndView:
        View name = null
             View = null
            Model = null

FlashMap:
       Attributes = null

MockHttpServletResponse:
           Status = 200
    Error message = null
          Headers = [Content-Type:"application/json;charset=UTF-8"]
     Content type = application/json;charset=UTF-8
             Body = {"data":{"redisKey":{"REFRESH_TOKEN":"REDIS KEY refresh_token, REDIS TTL 1","USERS":"REDIS KEY users, REDIS TTL 1"},"yn":{"Y":"Y means YES, N meas NO","N":"Y means YES, N meas NO"},"memberShip":{"GUEST":"USER MEMBERSHIP","NORMAL":"USER MEMBERSHIP"},"jwtErrorEnum":{"UNSUPPORTED_TOKEN":"JWT ERROR NAME UNSUPPORTED_TOKEN, ERROR MSG Unsupported JWT token.","MALFORMED_TOKEN":"JWT ERROR NAME MALFORMED_TOKEN, ERROR MSG Invalid JWT token.","ILLEGAL_ARGUMENT":"JWT ERROR NAME ILLEGAL_ARGUMENT, ERROR MSG JWT token compact of handler are invalid.","INVALID_SIGNATURE":"JWT ERROR NAME INVALID_SIGNATURE, ERROR MSG Invalid JWT signature.","EXPIRED_TOKEN":"JWT ERROR NAME EXPIRED_TOKEN, ERROR MSG Expired JWT token."}}}
    Forwarded URL = null
   Redirected URL = null
          Cookies = []
]]></system-out>
  <system-err><![CDATA[]]></system-err>
</testsuite>
