<?xml version="1.0" encoding="UTF-8"?>
<testsuite name="com.wanted.preonboarding.module.product.controller.ProductControllerTest" tests="5" skipped="0" failures="0" errors="0" timestamp="2024-05-29T14:10:21" hostname="lyusang-won-ui-MacBookPro.local" time="0.455">
  <properties/>
  <testcase name="상품 수정" classname="com.wanted.preonboarding.module.product.controller.ProductControllerTest" time="0.062"/>
  <testcase name="상품 목록 조회" classname="com.wanted.preonboarding.module.product.controller.ProductControllerTest" time="0.301"/>
  <testcase name="상품 등록 실패 - 비회원" classname="com.wanted.preonboarding.module.product.controller.ProductControllerTest" time="0.014"/>
  <testcase name="상품 조회" classname="com.wanted.preonboarding.module.product.controller.ProductControllerTest" time="0.037"/>
  <testcase name="상품 등록" classname="com.wanted.preonboarding.module.product.controller.ProductControllerTest" time="0.041"/>
  <system-out><![CDATA[2024-05-29T23:10:21.747+09:00  INFO 5067 --- [    Test worker] t.c.s.AnnotationConfigContextLoaderUtils : Could not detect default configuration classes for test class [com.wanted.preonboarding.module.product.controller.ProductControllerTest]: ProductControllerTest does not declare any static, non-private, non-final, nested classes annotated with @Configuration.
2024-05-29T23:10:21.759+09:00  INFO 5067 --- [    Test worker] .b.t.c.SpringBootTestContextBootstrapper : Found @SpringBootConfiguration com.wanted.preonboarding.PreonboardingApplication for test class com.wanted.preonboarding.module.product.controller.ProductControllerTest
2024-05-29T23:10:21.763+09:00  INFO 5067 --- [    Test worker] o.s.b.t.m.w.SpringBootMockServletContext : Initializing Spring TestDispatcherServlet ''
2024-05-29T23:10:21.763+09:00  INFO 5067 --- [    Test worker] o.s.t.web.servlet.TestDispatcherServlet  : Initializing Servlet ''
2024-05-29T23:10:21.764+09:00  INFO 5067 --- [    Test worker] o.s.t.web.servlet.TestDispatcherServlet  : Completed initialization in 1 ms

MockHttpServletRequest:
      HTTP Method = PATCH
      Request URI = /api/v1/product/5830
       Parameters = {}
          Headers = [Content-Type:"application/json;charset=UTF-8", Authorization:"Bearer eyJhbGciOiJIUzI1NiJ9.eyJzdWIiOiJHTVdAd2FudGVkLmNvbSIsInJvbGUiOiJOT1JNQUwiLCJpYXQiOjE3MTY5OTE4MjEsImV4cCI6MTcxNjk5NTQyMX0.1m83WlvDso6LPWkLT9lKmAP8QFxhP3lJSSgKjvmpoyw", Content-Length:"58"]
             Body = {"productName":"qwgalqhfdz","price":24012129,"quantity":2}
    Session Attrs = {}

Handler:
             Type = com.wanted.preonboarding.module.product.controller.ProductController
           Method = com.wanted.preonboarding.module.product.controller.ProductController#updateProduct(Long, CreateProduct)

Async:
    Async started = false
     Async result = null

Resolved Exception:
             Type = null

ModelAndView:
        View name = null
             View = null
            Model = null

FlashMap:
       Attributes = null

MockHttpServletResponse:
           Status = 200
    Error message = null
          Headers = [Vary:"Origin", "Access-Control-Request-Method", "Access-Control-Request-Headers", Content-Type:"application/json;charset=UTF-8", X-Content-Type-Options:"nosniff", X-XSS-Protection:"0", Cache-Control:"no-cache, no-store, max-age=0, must-revalidate", Pragma:"no-cache", Expires:"0", X-Frame-Options:"DENY"]
     Content type = application/json;charset=UTF-8
             Body = {"data":{"id":5830,"productName":"qwgalqhfdz","price":24012129,"productStatus":"ON_STOCK","seller":"UiVD@wanted.com","quantity":8829},"response":{"status":200,"message":"success"}}
    Forwarded URL = null
   Redirected URL = null
          Cookies = []
2024-05-29T23:10:21.825+09:00  INFO 5067 --- [    Test worker] o.s.b.t.m.w.SpringBootMockServletContext : Initializing Spring TestDispatcherServlet ''
2024-05-29T23:10:21.825+09:00  INFO 5067 --- [    Test worker] o.s.t.web.servlet.TestDispatcherServlet  : Initializing Servlet ''
2024-05-29T23:10:21.825+09:00  INFO 5067 --- [    Test worker] o.s.t.web.servlet.TestDispatcherServlet  : Completed initialization in 0 ms

MockHttpServletRequest:
      HTTP Method = GET
      Request URI = /api/v1/products
       Parameters = {}
          Headers = [Content-Type:"application/json;charset=UTF-8"]
             Body = null
    Session Attrs = {}

Handler:
             Type = com.wanted.preonboarding.module.product.controller.ProductController
           Method = com.wanted.preonboarding.module.product.controller.ProductController#fetchProduct(ItemFilter, Pageable)

Async:
    Async started = false
     Async result = null

Resolved Exception:
             Type = null

ModelAndView:
        View name = null
             View = null
            Model = null

FlashMap:
       Attributes = null

MockHttpServletResponse:
           Status = 200
    Error message = null
          Headers = [Vary:"Origin", "Access-Control-Request-Method", "Access-Control-Request-Headers", Content-Type:"application/json;charset=UTF-8", X-Content-Type-Options:"nosniff", X-XSS-Protection:"0", Cache-Control:"no-cache, no-store, max-age=0, must-revalidate", Pragma:"no-cache", Expires:"0", X-Frame-Options:"DENY"]
     Content type = application/json;charset=UTF-8
             Body = {"data":{"content":[{"id":8279,"productName":"worlvfuhba","price":61108704,"productStatus":"ON_STOCK","seller":"ZMxbQNa@wanted.com","quantity":5822},{"id":7790,"productName":"vtfuqffhcg","price":76459875,"productStatus":"ON_STOCK","seller":"nILSagVWqDKVbN@wanted.com","quantity":3834},{"id":6457,"productName":"khvvrfgfgd","price":80196687,"productStatus":"ON_STOCK","seller":"XYUdR@wanted.com","quantity":4228},{"id":7075,"productName":"aclzyuuipb","price":88962584,"productStatus":"ON_STOCK","seller":"YjnulsiHRDHnR@wanted.com","quantity":1985},{"id":1321,"productName":"scadrqqlkr","price":87273013,"productStatus":"ON_STOCK","seller":"lRFaIvI@wanted.com","quantity":7376},{"id":8874,"productName":"qphybrpghx","price":15731449,"productStatus":"ON_STOCK","seller":"VIhsY@wanted.com","quantity":3398},{"id":7401,"productName":"jiekhnwuip","price":4732455,"productStatus":"ON_STOCK","seller":"UyjBZaumkPQkFW@wanted.com","quantity":5372},{"id":7786,"productName":"bolqyejoom","price":22686742,"productStatus":"ON_STOCK","seller":"ZIaRXeizCnwypJ@wanted.com","quantity":5728},{"id":4687,"productName":"mhlenzwlqv","price":7535150,"productStatus":"ON_STOCK","seller":"hUhhCqeuNHdNQp@wanted.com","quantity":4579},{"id":4879,"productName":"bsdhlzllkq","price":84207210,"productStatus":"ON_STOCK","seller":"otObW@wanted.com","quantity":3420}],"last":true,"first":true,"number":0,"sort":{"empty":true,"sorted":false,"unsorted":true},"size":5,"numberOfElements":10,"empty":false,"lastDomainId":4879},"response":{"status":200,"message":"success"}}
    Forwarded URL = null
   Redirected URL = null
          Cookies = []
2024-05-29T23:10:22.126+09:00  INFO 5067 --- [    Test worker] o.s.b.t.m.w.SpringBootMockServletContext : Initializing Spring TestDispatcherServlet ''
2024-05-29T23:10:22.126+09:00  INFO 5067 --- [    Test worker] o.s.t.web.servlet.TestDispatcherServlet  : Initializing Servlet ''
2024-05-29T23:10:22.127+09:00  INFO 5067 --- [    Test worker] o.s.t.web.servlet.TestDispatcherServlet  : Completed initialization in 1 ms

MockHttpServletRequest:
      HTTP Method = POST
      Request URI = /api/v1/product
       Parameters = {}
          Headers = [Content-Type:"application/json;charset=UTF-8", Content-Length:"58"]
             Body = {"productName":"huhsfbvikz","price":35204756,"quantity":7}
    Session Attrs = {}

Handler:
             Type = com.wanted.preonboarding.module.product.controller.ProductController
           Method = com.wanted.preonboarding.module.product.controller.ProductController#createProduct(CreateProduct)

Async:
    Async started = false
     Async result = null

Resolved Exception:
             Type = null

ModelAndView:
        View name = null
             View = null
            Model = null

FlashMap:
       Attributes = null

MockHttpServletResponse:
           Status = 401
    Error message = 로그인이 필요합니다.
          Headers = [Vary:"Origin", "Access-Control-Request-Method", "Access-Control-Request-Headers", X-Content-Type-Options:"nosniff", X-XSS-Protection:"0", Cache-Control:"no-cache, no-store, max-age=0, must-revalidate", Pragma:"no-cache", Expires:"0", X-Frame-Options:"DENY"]
     Content type = null
             Body = 
    Forwarded URL = null
   Redirected URL = null
          Cookies = []
2024-05-29T23:10:22.140+09:00  INFO 5067 --- [    Test worker] o.s.b.t.m.w.SpringBootMockServletContext : Initializing Spring TestDispatcherServlet ''
2024-05-29T23:10:22.140+09:00  INFO 5067 --- [    Test worker] o.s.t.web.servlet.TestDispatcherServlet  : Initializing Servlet ''
2024-05-29T23:10:22.140+09:00  INFO 5067 --- [    Test worker] o.s.t.web.servlet.TestDispatcherServlet  : Completed initialization in 0 ms

MockHttpServletRequest:
      HTTP Method = GET
      Request URI = /api/v1/product/7889
       Parameters = {}
          Headers = [Content-Type:"application/json;charset=UTF-8"]
             Body = null
    Session Attrs = {}

Handler:
             Type = com.wanted.preonboarding.module.product.controller.ProductController
           Method = com.wanted.preonboarding.module.product.controller.ProductController#fetchProduct(Long)

Async:
    Async started = false
     Async result = null

Resolved Exception:
             Type = null

ModelAndView:
        View name = null
             View = null
            Model = null

FlashMap:
       Attributes = null

MockHttpServletResponse:
           Status = 200
    Error message = null
          Headers = [Vary:"Origin", "Access-Control-Request-Method", "Access-Control-Request-Headers", Content-Type:"application/json;charset=UTF-8", X-Content-Type-Options:"nosniff", X-XSS-Protection:"0", Cache-Control:"no-cache, no-store, max-age=0, must-revalidate", Pragma:"no-cache", Expires:"0", X-Frame-Options:"DENY"]
     Content type = application/json;charset=UTF-8
             Body = {"data":{"id":7889,"productName":"zgdfamdwpg","price":96547981,"productStatus":"ON_STOCK","seller":"HELcs@wanted.com","quantity":6305},"response":{"status":200,"message":"success"}}
    Forwarded URL = null
   Redirected URL = null
          Cookies = []
2024-05-29T23:10:22.177+09:00  INFO 5067 --- [    Test worker] o.s.b.t.m.w.SpringBootMockServletContext : Initializing Spring TestDispatcherServlet ''
2024-05-29T23:10:22.177+09:00  INFO 5067 --- [    Test worker] o.s.t.web.servlet.TestDispatcherServlet  : Initializing Servlet ''
2024-05-29T23:10:22.177+09:00  INFO 5067 --- [    Test worker] o.s.t.web.servlet.TestDispatcherServlet  : Completed initialization in 0 ms

MockHttpServletRequest:
      HTTP Method = POST
      Request URI = /api/v1/product
       Parameters = {}
          Headers = [Content-Type:"application/json;charset=UTF-8", Authorization:"Bearer eyJhbGciOiJIUzI1NiJ9.eyJzdWIiOiJWQmNOR0B3YW50ZWQuY29tIiwicm9sZSI6Ik5PUk1BTCIsImlhdCI6MTcxNjk5MTgyMiwiZXhwIjoxNzE2OTk1NDIyfQ.HsZuFfULsplUMFXwv4kRtB-Kad3KNwx0K5DTdt1IOqY", Content-Length:"58"]
             Body = {"productName":"hmqroqavak","price":78447390,"quantity":9}
    Session Attrs = {}

Handler:
             Type = com.wanted.preonboarding.module.product.controller.ProductController
           Method = com.wanted.preonboarding.module.product.controller.ProductController#createProduct(CreateProduct)

Async:
    Async started = false
     Async result = null

Resolved Exception:
             Type = null

ModelAndView:
        View name = null
             View = null
            Model = null

FlashMap:
       Attributes = null

MockHttpServletResponse:
           Status = 200
    Error message = null
          Headers = [Vary:"Origin", "Access-Control-Request-Method", "Access-Control-Request-Headers", Content-Type:"application/json;charset=UTF-8", X-Content-Type-Options:"nosniff", X-XSS-Protection:"0", Cache-Control:"no-cache, no-store, max-age=0, must-revalidate", Pragma:"no-cache", Expires:"0", X-Frame-Options:"DENY"]
     Content type = application/json;charset=UTF-8
             Body = {"data":{"id":2390,"productName":"hmqroqavak","price":78447390,"productStatus":"ON_STOCK","seller":"zaPbmBBLzLSID@wanted.com","quantity":5060},"response":{"status":200,"message":"success"}}
    Forwarded URL = null
   Redirected URL = null
          Cookies = []
]]></system-out>
  <system-err><![CDATA[]]></system-err>
</testsuite>
