<?xml version="1.0" encoding="UTF-8"?>
<testsuite name="com.wanted.preonboarding.module.product.controller.ProductControllerTest" tests="4" skipped="0" failures="0" errors="0" timestamp="2024-05-29T02:28:40" hostname="lyusang-won-ui-MacBookPro.local" time="0.482">
  <properties/>
  <testcase name="상품 목록 조회" classname="com.wanted.preonboarding.module.product.controller.ProductControllerTest" time="0.353"/>
  <testcase name="상품 등록 실패 - 비회원" classname="com.wanted.preonboarding.module.product.controller.ProductControllerTest" time="0.03"/>
  <testcase name="상품 조회" classname="com.wanted.preonboarding.module.product.controller.ProductControllerTest" time="0.045"/>
  <testcase name="상품 등록" classname="com.wanted.preonboarding.module.product.controller.ProductControllerTest" time="0.05"/>
  <system-out><![CDATA[2024-05-29T11:28:40.420+09:00  INFO 85295 --- [    Test worker] t.c.s.AnnotationConfigContextLoaderUtils : Could not detect default configuration classes for test class [com.wanted.preonboarding.module.product.controller.ProductControllerTest]: ProductControllerTest does not declare any static, non-private, non-final, nested classes annotated with @Configuration.
2024-05-29T11:28:40.446+09:00  INFO 85295 --- [    Test worker] .b.t.c.SpringBootTestContextBootstrapper : Found @SpringBootConfiguration com.wanted.preonboarding.PreonboardingApplication for test class com.wanted.preonboarding.module.product.controller.ProductControllerTest
2024-05-29T11:28:40.454+09:00  INFO 85295 --- [    Test worker] o.s.b.t.m.w.SpringBootMockServletContext : Initializing Spring TestDispatcherServlet ''
2024-05-29T11:28:40.455+09:00  INFO 85295 --- [    Test worker] o.s.t.web.servlet.TestDispatcherServlet  : Initializing Servlet ''
2024-05-29T11:28:40.456+09:00  INFO 85295 --- [    Test worker] o.s.t.web.servlet.TestDispatcherServlet  : Completed initialization in 1 ms

MockHttpServletRequest:
      HTTP Method = GET
      Request URI = /api/v1/products
       Parameters = {}
          Headers = [Content-Type:"application/json;charset=UTF-8"]
             Body = null
    Session Attrs = {}

Handler:
             Type = com.wanted.preonboarding.module.product.controller.ProductController
           Method = com.wanted.preonboarding.module.product.controller.ProductController#fetchProduct(ItemFilter, Pageable)

Async:
    Async started = false
     Async result = null

Resolved Exception:
             Type = null

ModelAndView:
        View name = null
             View = null
            Model = null

FlashMap:
       Attributes = null

MockHttpServletResponse:
           Status = 200
    Error message = null
          Headers = [Vary:"Origin", "Access-Control-Request-Method", "Access-Control-Request-Headers", Content-Type:"application/json;charset=UTF-8", X-Content-Type-Options:"nosniff", X-XSS-Protection:"0", Cache-Control:"no-cache, no-store, max-age=0, must-revalidate", Pragma:"no-cache", Expires:"0", X-Frame-Options:"DENY"]
     Content type = application/json;charset=UTF-8
             Body = {"data":{"content":[{"id":1892,"productName":"gaoiecdomn","price":99649632,"productStatus":"ON_STOCK","seller":"b@wanted.com","quantity":5860},{"id":8190,"productName":"bmxajxgixm","price":55008839,"productStatus":"ON_STOCK","seller":"kE@wanted.com","quantity":5669},{"id":6065,"productName":"nqrqjlycet","price":44907757,"productStatus":"ON_STOCK","seller":"IGahEWpt@wanted.com","quantity":2047},{"id":4724,"productName":"adohviregv","price":62898722,"productStatus":"ON_STOCK","seller":"iZggUTLH@wanted.com","quantity":370},{"id":3150,"productName":"szdqknnnqn","price":31131921,"productStatus":"ON_STOCK","seller":"Pxr@wanted.com","quantity":4635},{"id":6314,"productName":"gwezshbwhz","price":62880491,"productStatus":"ON_STOCK","seller":"CpwAThHoY@wanted.com","quantity":5941},{"id":9083,"productName":"hfwxdglrex","price":23895504,"productStatus":"ON_STOCK","seller":"zWvOhlN@wanted.com","quantity":6517},{"id":8567,"productName":"xslbixeayl","price":30158611,"productStatus":"ON_STOCK","seller":"VBE@wanted.com","quantity":7936},{"id":5663,"productName":"bjmnewtmnp","price":78040401,"productStatus":"ON_STOCK","seller":"DHvh@wanted.com","quantity":3647},{"id":3222,"productName":"fwixhxijyh","price":30311586,"productStatus":"ON_STOCK","seller":"u@wanted.com","quantity":6541}],"last":true,"first":true,"number":0,"sort":{"empty":true,"unsorted":true,"sorted":false},"size":5,"numberOfElements":10,"empty":false,"lastDomainId":3222},"response":{"status":200,"message":"success"}}
    Forwarded URL = null
   Redirected URL = null
          Cookies = []
2024-05-29T11:28:40.807+09:00  INFO 85295 --- [    Test worker] o.s.b.t.m.w.SpringBootMockServletContext : Initializing Spring TestDispatcherServlet ''
2024-05-29T11:28:40.807+09:00  INFO 85295 --- [    Test worker] o.s.t.web.servlet.TestDispatcherServlet  : Initializing Servlet ''
2024-05-29T11:28:40.807+09:00  INFO 85295 --- [    Test worker] o.s.t.web.servlet.TestDispatcherServlet  : Completed initialization in 0 ms

MockHttpServletRequest:
      HTTP Method = POST
      Request URI = /api/v1/product
       Parameters = {}
          Headers = [Content-Type:"application/json;charset=UTF-8", Content-Length:"60"]
             Body = {"productName":"dgjtxxkzkh","price":66144658,"quantity":303}
    Session Attrs = {}

Handler:
             Type = com.wanted.preonboarding.module.product.controller.ProductController
           Method = com.wanted.preonboarding.module.product.controller.ProductController#createProduct(CreateProduct)

Async:
    Async started = false
     Async result = null

Resolved Exception:
             Type = null

ModelAndView:
        View name = null
             View = null
            Model = null

FlashMap:
       Attributes = null

MockHttpServletResponse:
           Status = 401
    Error message = 로그인이 필요합니다.
          Headers = [Vary:"Origin", "Access-Control-Request-Method", "Access-Control-Request-Headers", X-Content-Type-Options:"nosniff", X-XSS-Protection:"0", Cache-Control:"no-cache, no-store, max-age=0, must-revalidate", Pragma:"no-cache", Expires:"0", X-Frame-Options:"DENY"]
     Content type = null
             Body = 
    Forwarded URL = null
   Redirected URL = null
          Cookies = []
2024-05-29T11:28:40.839+09:00  INFO 85295 --- [    Test worker] o.s.b.t.m.w.SpringBootMockServletContext : Initializing Spring TestDispatcherServlet ''
2024-05-29T11:28:40.839+09:00  INFO 85295 --- [    Test worker] o.s.t.web.servlet.TestDispatcherServlet  : Initializing Servlet ''
2024-05-29T11:28:40.839+09:00  INFO 85295 --- [    Test worker] o.s.t.web.servlet.TestDispatcherServlet  : Completed initialization in 0 ms

MockHttpServletRequest:
      HTTP Method = GET
      Request URI = /api/v1/product/4710
       Parameters = {}
          Headers = [Content-Type:"application/json;charset=UTF-8"]
             Body = null
    Session Attrs = {}

Handler:
             Type = com.wanted.preonboarding.module.product.controller.ProductController
           Method = com.wanted.preonboarding.module.product.controller.ProductController#fetchProduct(Long)

Async:
    Async started = false
     Async result = null

Resolved Exception:
             Type = null

ModelAndView:
        View name = null
             View = null
            Model = null

FlashMap:
       Attributes = null

MockHttpServletResponse:
           Status = 200
    Error message = null
          Headers = [Vary:"Origin", "Access-Control-Request-Method", "Access-Control-Request-Headers", Content-Type:"application/json;charset=UTF-8", X-Content-Type-Options:"nosniff", X-XSS-Protection:"0", Cache-Control:"no-cache, no-store, max-age=0, must-revalidate", Pragma:"no-cache", Expires:"0", X-Frame-Options:"DENY"]
     Content type = application/json;charset=UTF-8
             Body = {"data":{"id":4710,"productName":"bgmblntlhm","price":37707935,"productStatus":"ON_STOCK","seller":"vHVd@wanted.com","quantity":2931},"response":{"status":200,"message":"success"}}
    Forwarded URL = null
   Redirected URL = null
          Cookies = []
2024-05-29T11:28:40.885+09:00  INFO 85295 --- [    Test worker] o.s.b.t.m.w.SpringBootMockServletContext : Initializing Spring TestDispatcherServlet ''
2024-05-29T11:28:40.885+09:00  INFO 85295 --- [    Test worker] o.s.t.web.servlet.TestDispatcherServlet  : Initializing Servlet ''
2024-05-29T11:28:40.886+09:00  INFO 85295 --- [    Test worker] o.s.t.web.servlet.TestDispatcherServlet  : Completed initialization in 1 ms

MockHttpServletRequest:
      HTTP Method = POST
      Request URI = /api/v1/product
       Parameters = {}
          Headers = [Content-Type:"application/json;charset=UTF-8", Authorization:"Bearer eyJhbGciOiJIUzI1NiJ9.eyJzdWIiOiJ0Q1NAd2FudGVkLmNvbSIsInJvbGUiOiJOT1JNQUwiLCJpYXQiOjE3MTY5NDk3MjAsImV4cCI6MTcxNjk1MzMyMH0.vNrH4WMZsi2m_5xpQ9oPW9qXA3h0ZJBawA4Dqezjt-E", Content-Length:"61"]
             Body = {"productName":"xjqfpohsxd","price":32723279,"quantity":1665}
    Session Attrs = {}

Handler:
             Type = com.wanted.preonboarding.module.product.controller.ProductController
           Method = com.wanted.preonboarding.module.product.controller.ProductController#createProduct(CreateProduct)

Async:
    Async started = false
     Async result = null

Resolved Exception:
             Type = null

ModelAndView:
        View name = null
             View = null
            Model = null

FlashMap:
       Attributes = null

MockHttpServletResponse:
           Status = 200
    Error message = null
          Headers = [Vary:"Origin", "Access-Control-Request-Method", "Access-Control-Request-Headers", Content-Type:"application/json;charset=UTF-8", X-Content-Type-Options:"nosniff", X-XSS-Protection:"0", Cache-Control:"no-cache, no-store, max-age=0, must-revalidate", Pragma:"no-cache", Expires:"0", X-Frame-Options:"DENY"]
     Content type = application/json;charset=UTF-8
             Body = {"data":{"id":6780,"productName":"xjqfpohsxd","price":32723279,"productStatus":"ON_STOCK","seller":"j@wanted.com","quantity":3935},"response":{"status":200,"message":"success"}}
    Forwarded URL = null
   Redirected URL = null
          Cookies = []
]]></system-out>
  <system-err><![CDATA[]]></system-err>
</testsuite>
