<?xml version="1.0" encoding="UTF-8"?>
<testsuite name="com.wanted.preonboarding.module.product.service.ProductFetchServiceImplTest" tests="3" skipped="0" failures="0" errors="0" timestamp="2024-05-27T00:55:50" hostname="lyusang-won-ui-MacBookPro.local" time="0.268">
  <properties/>
  <testcase name="상품 목록 조회" classname="com.wanted.preonboarding.module.product.service.ProductFetchServiceImplTest" time="0.233"/>
  <testcase name="상품 단일 조회 - 실패" classname="com.wanted.preonboarding.module.product.service.ProductFetchServiceImplTest" time="0.002"/>
  <testcase name="상품 단일 조회 - 성공" classname="com.wanted.preonboarding.module.product.service.ProductFetchServiceImplTest" time="0.033"/>
  <system-out><![CDATA[]]></system-out>
  <system-err><![CDATA[]]></system-err>
</testsuite>
