<?xml version="1.0" encoding="UTF-8"?>
<testsuite name="com.wanted.preonboarding.module.order.validator.LimitPurchaseValidatorTest" tests="2" skipped="0" failures="0" errors="0" timestamp="2024-05-29T02:28:39" hostname="lyusang-won-ui-MacBookPro.local" time="0.002">
  <properties/>
  <testcase name="구매한적 있을때" classname="com.wanted.preonboarding.module.order.validator.LimitPurchaseValidatorTest" time="0.001"/>
  <testcase name="구매한적 없을때" classname="com.wanted.preonboarding.module.order.validator.LimitPurchaseValidatorTest" time="0.001"/>
  <system-out><![CDATA[]]></system-out>
  <system-err><![CDATA[]]></system-err>
</testsuite>
