<?xml version="1.0" encoding="UTF-8"?>
<testsuite name="com.wanted.preonboarding.module.order.validator.strategy.OrderStatusTransitionProviderTest" tests="2" skipped="0" failures="0" errors="0" timestamp="2024-05-29T14:10:21" hostname="lyusang-won-ui-MacBookPro.local" time="0.002">
  <properties/>
  <testcase name="getOrderStatusTransition_validStatus()" classname="com.wanted.preonboarding.module.order.validator.strategy.OrderStatusTransitionProviderTest" time="0.001"/>
  <testcase name="getOrderStatusTransition_invalidStatus()" classname="com.wanted.preonboarding.module.order.validator.strategy.OrderStatusTransitionProviderTest" time="0.001"/>
  <system-out><![CDATA[]]></system-out>
  <system-err><![CDATA[]]></system-err>
</testsuite>
