<?xml version="1.0" encoding="UTF-8"?>
<testsuite name="com.wanted.preonboarding.module.product.controller.ProductControllerTest" tests="4" skipped="0" failures="0" errors="0" timestamp="2024-05-28T07:23:09" hostname="lyusang-won-ui-MacBookPro.local" time="0.397">
  <properties/>
  <testcase name="상품 목록 조회" classname="com.wanted.preonboarding.module.product.controller.ProductControllerTest" time="0.287"/>
  <testcase name="상품 등록 실패 - 비회원" classname="com.wanted.preonboarding.module.product.controller.ProductControllerTest" time="0.026"/>
  <testcase name="상품 조회" classname="com.wanted.preonboarding.module.product.controller.ProductControllerTest" time="0.039"/>
  <testcase name="상품 등록" classname="com.wanted.preonboarding.module.product.controller.ProductControllerTest" time="0.042"/>
  <system-out><![CDATA[2024-05-28T16:23:09.463+09:00  INFO 77007 --- [    Test worker] t.c.s.AnnotationConfigContextLoaderUtils : Could not detect default configuration classes for test class [com.wanted.preonboarding.module.product.controller.ProductControllerTest]: ProductControllerTest does not declare any static, non-private, non-final, nested classes annotated with @Configuration.
2024-05-28T16:23:09.474+09:00  INFO 77007 --- [    Test worker] .b.t.c.SpringBootTestContextBootstrapper : Found @SpringBootConfiguration com.wanted.preonboarding.PreonboardingApplication for test class com.wanted.preonboarding.module.product.controller.ProductControllerTest
2024-05-28T16:23:09.478+09:00  INFO 77007 --- [    Test worker] o.s.b.t.m.w.SpringBootMockServletContext : Initializing Spring TestDispatcherServlet ''
2024-05-28T16:23:09.478+09:00  INFO 77007 --- [    Test worker] o.s.t.web.servlet.TestDispatcherServlet  : Initializing Servlet ''
2024-05-28T16:23:09.478+09:00  INFO 77007 --- [    Test worker] o.s.t.web.servlet.TestDispatcherServlet  : Completed initialization in 0 ms

MockHttpServletRequest:
      HTTP Method = GET
      Request URI = /api/v1/products
       Parameters = {}
          Headers = [Content-Type:"application/json;charset=UTF-8"]
             Body = null
    Session Attrs = {}

Handler:
             Type = com.wanted.preonboarding.module.product.controller.ProductController
           Method = com.wanted.preonboarding.module.product.controller.ProductController#fetchProduct(ItemFilter, Pageable)

Async:
    Async started = false
     Async result = null

Resolved Exception:
             Type = null

ModelAndView:
        View name = null
             View = null
            Model = null

FlashMap:
       Attributes = null

MockHttpServletResponse:
           Status = 200
    Error message = null
          Headers = [Vary:"Origin", "Access-Control-Request-Method", "Access-Control-Request-Headers", Content-Type:"application/json;charset=UTF-8", X-Content-Type-Options:"nosniff", X-XSS-Protection:"0", Cache-Control:"no-cache, no-store, max-age=0, must-revalidate", Pragma:"no-cache", Expires:"0", X-Frame-Options:"DENY"]
     Content type = application/json;charset=UTF-8
             Body = {"data":{"content":[{"id":8063,"productName":"peipawwkvx","price":29656516,"productStatus":"ON_STOCK","seller":"XZqnEunhu@wanted.com"},{"id":9270,"productName":"gevqnvnrkf","price":39414733,"productStatus":"ON_STOCK","seller":"uspTuRcC@wanted.com"},{"id":9478,"productName":"zxvedqflxx","price":15377923,"productStatus":"ON_STOCK","seller":"vlWo@wanted.com"},{"id":5537,"productName":"ofkhulmola","price":31602091,"productStatus":"ON_STOCK","seller":"zQxbJ@wanted.com"},{"id":2148,"productName":"lvgoidltqe","price":55611482,"productStatus":"ON_STOCK","seller":"zp@wanted.com"},{"id":8184,"productName":"btiussgttj","price":77492156,"productStatus":"ON_STOCK","seller":"BIBf@wanted.com"},{"id":6766,"productName":"akyeqavvfn","price":54094820,"productStatus":"ON_STOCK","seller":"rJYCj@wanted.com"},{"id":7688,"productName":"cenlxqmiwl","price":79019571,"productStatus":"ON_STOCK","seller":"wJK@wanted.com"},{"id":6310,"productName":"duqkddizrp","price":86036308,"productStatus":"ON_STOCK","seller":"vS@wanted.com"},{"id":7217,"productName":"zjvgmqedsn","price":33008212,"productStatus":"ON_STOCK","seller":"gRQpuI@wanted.com"}],"last":true,"first":true,"number":0,"sort":{"empty":true,"unsorted":true,"sorted":false},"size":5,"numberOfElements":10,"empty":false,"lastDomainId":7217},"response":{"status":200,"message":"success"}}
    Forwarded URL = null
   Redirected URL = null
          Cookies = []
2024-05-28T16:23:09.766+09:00  INFO 77007 --- [    Test worker] o.s.b.t.m.w.SpringBootMockServletContext : Initializing Spring TestDispatcherServlet ''
2024-05-28T16:23:09.766+09:00  INFO 77007 --- [    Test worker] o.s.t.web.servlet.TestDispatcherServlet  : Initializing Servlet ''
2024-05-28T16:23:09.767+09:00  INFO 77007 --- [    Test worker] o.s.t.web.servlet.TestDispatcherServlet  : Completed initialization in 1 ms

MockHttpServletRequest:
      HTTP Method = POST
      Request URI = /api/v1/product
       Parameters = {}
          Headers = [Content-Type:"application/json;charset=UTF-8", Content-Length:"44"]
             Body = {"productName":"dcptjvzkof","price":9805189}
    Session Attrs = {}

Handler:
             Type = com.wanted.preonboarding.module.product.controller.ProductController
           Method = com.wanted.preonboarding.module.product.controller.ProductController#createProduct(CreateProduct)

Async:
    Async started = false
     Async result = null

Resolved Exception:
             Type = null

ModelAndView:
        View name = null
             View = null
            Model = null

FlashMap:
       Attributes = null

MockHttpServletResponse:
           Status = 401
    Error message = 로그인이 필요합니다.
          Headers = [Vary:"Origin", "Access-Control-Request-Method", "Access-Control-Request-Headers", X-Content-Type-Options:"nosniff", X-XSS-Protection:"0", Cache-Control:"no-cache, no-store, max-age=0, must-revalidate", Pragma:"no-cache", Expires:"0", X-Frame-Options:"DENY"]
     Content type = null
             Body = 
    Forwarded URL = null
   Redirected URL = null
          Cookies = []
2024-05-28T16:23:09.793+09:00  INFO 77007 --- [    Test worker] o.s.b.t.m.w.SpringBootMockServletContext : Initializing Spring TestDispatcherServlet ''
2024-05-28T16:23:09.793+09:00  INFO 77007 --- [    Test worker] o.s.t.web.servlet.TestDispatcherServlet  : Initializing Servlet ''
2024-05-28T16:23:09.793+09:00  INFO 77007 --- [    Test worker] o.s.t.web.servlet.TestDispatcherServlet  : Completed initialization in 0 ms

MockHttpServletRequest:
      HTTP Method = GET
      Request URI = /api/v1/product/3821
       Parameters = {}
          Headers = [Content-Type:"application/json;charset=UTF-8"]
             Body = null
    Session Attrs = {}

Handler:
             Type = com.wanted.preonboarding.module.product.controller.ProductController
           Method = com.wanted.preonboarding.module.product.controller.ProductController#fetchProduct(Long)

Async:
    Async started = false
     Async result = null

Resolved Exception:
             Type = null

ModelAndView:
        View name = null
             View = null
            Model = null

FlashMap:
       Attributes = null

MockHttpServletResponse:
           Status = 200
    Error message = null
          Headers = [Vary:"Origin", "Access-Control-Request-Method", "Access-Control-Request-Headers", Content-Type:"application/json;charset=UTF-8", X-Content-Type-Options:"nosniff", X-XSS-Protection:"0", Cache-Control:"no-cache, no-store, max-age=0, must-revalidate", Pragma:"no-cache", Expires:"0", X-Frame-Options:"DENY"]
     Content type = application/json;charset=UTF-8
             Body = {"data":{"id":3821,"productName":"jwuygjrqll","price":6203008,"productStatus":"ON_STOCK","seller":"AqtWDntT@wanted.com"},"response":{"status":200,"message":"success"}}
    Forwarded URL = null
   Redirected URL = null
          Cookies = []
2024-05-28T16:23:09.833+09:00  INFO 77007 --- [    Test worker] o.s.b.t.m.w.SpringBootMockServletContext : Initializing Spring TestDispatcherServlet ''
2024-05-28T16:23:09.833+09:00  INFO 77007 --- [    Test worker] o.s.t.web.servlet.TestDispatcherServlet  : Initializing Servlet ''
2024-05-28T16:23:09.833+09:00  INFO 77007 --- [    Test worker] o.s.t.web.servlet.TestDispatcherServlet  : Completed initialization in 0 ms

MockHttpServletRequest:
      HTTP Method = POST
      Request URI = /api/v1/product
       Parameters = {}
          Headers = [Content-Type:"application/json;charset=UTF-8", Authorization:"Bearer eyJhbGciOiJIUzI1NiJ9.eyJzdWIiOiJQZ2FAd2FudGVkLmNvbSIsInJvbGUiOiJOT1JNQUwiLCJpYXQiOjE3MTY4ODA5ODksImV4cCI6MTcxNjg4NDU4OX0.zz8v-DEBH87wafPT4Q3S0jgmxkD9WmMDHN-dXEQTNn4", Content-Length:"45"]
             Body = {"productName":"lpdjxhyvxl","price":21075821}
    Session Attrs = {}

Handler:
             Type = com.wanted.preonboarding.module.product.controller.ProductController
           Method = com.wanted.preonboarding.module.product.controller.ProductController#createProduct(CreateProduct)

Async:
    Async started = false
     Async result = null

Resolved Exception:
             Type = null

ModelAndView:
        View name = null
             View = null
            Model = null

FlashMap:
       Attributes = null

MockHttpServletResponse:
           Status = 200
    Error message = null
          Headers = [Vary:"Origin", "Access-Control-Request-Method", "Access-Control-Request-Headers", Content-Type:"application/json;charset=UTF-8", X-Content-Type-Options:"nosniff", X-XSS-Protection:"0", Cache-Control:"no-cache, no-store, max-age=0, must-revalidate", Pragma:"no-cache", Expires:"0", X-Frame-Options:"DENY"]
     Content type = application/json;charset=UTF-8
             Body = {"data":{"id":6111,"productName":"lpdjxhyvxl","price":21075821,"productStatus":"ON_STOCK","seller":"PcCSiRrJy@wanted.com"},"response":{"status":200,"message":"success"}}
    Forwarded URL = null
   Redirected URL = null
          Cookies = []
]]></system-out>
  <system-err><![CDATA[]]></system-err>
</testsuite>
