<?xml version="1.0" encoding="UTF-8"?>
<testsuite name="com.wanted.preonboarding.module.order.mapper.OrderMapperImplTest" tests="2" skipped="0" failures="0" errors="0" timestamp="2024-05-29T10:44:37" hostname="lyusang-won-ui-MacBookPro.local" time="0.071">
  <properties/>
  <testcase name="Product와  Users를 Order로 매핑" classname="com.wanted.preonboarding.module.order.mapper.OrderMapperImplTest" time="0.036"/>
  <testcase name="Order를 BaseOrderContext로 매핑" classname="com.wanted.preonboarding.module.order.mapper.OrderMapperImplTest" time="0.035"/>
  <system-out><![CDATA[]]></system-out>
  <system-err><![CDATA[]]></system-err>
</testsuite>
