<?xml version="1.0" encoding="UTF-8"?>
<testsuite name="com.wanted.preonboarding.module.order.repository.OrderRepositoryTest" tests="1" skipped="0" failures="0" errors="0" timestamp="2024-05-30T09:12:10" hostname="lyusang-won-ui-MacBookPro.local" time="0.035">
  <properties/>
  <testcase name="Order 저장 및 조회" classname="com.wanted.preonboarding.module.order.repository.OrderRepositoryTest" time="0.035"/>
  <system-out><![CDATA[2024-05-30T18:12:10.534+09:00  INFO 20790 --- [    Test worker] t.c.s.AnnotationConfigContextLoaderUtils : Could not detect default configuration classes for test class [com.wanted.preonboarding.module.order.repository.OrderRepositoryTest]: OrderRepositoryTest does not declare any static, non-private, non-final, nested classes annotated with @Configuration.
2024-05-30T18:12:10.539+09:00  INFO 20790 --- [    Test worker] .b.t.c.SpringBootTestContextBootstrapper : Found @SpringBootConfiguration com.wanted.preonboarding.PreonboardingApplication for test class com.wanted.preonboarding.module.order.repository.OrderRepositoryTest
Hibernate: insert into users (delete_yn,email,insert_date,insert_operator,membership,password_hash,phone_number,update_date,update_operator,user_id) values (?,?,?,?,?,?,?,?,?,default)
Hibernate: insert into product (delete_yn,insert_date,insert_operator,price,product_name,product_status,quantity,user_id,update_date,update_operator,product_id) values (?,?,?,?,?,?,?,?,?,?,default)
Hibernate: insert into users (delete_yn,email,insert_date,insert_operator,membership,password_hash,phone_number,update_date,update_operator,user_id) values (?,?,?,?,?,?,?,?,?,default)
Hibernate: insert into orders (buyer_id,delete_yn,insert_date,insert_operator,order_status,product_id,seller_id,update_date,update_operator,order_id) values (?,?,?,?,?,?,?,?,?,default)
Hibernate: insert into orders_history (delete_yn,insert_date,insert_operator,order_id,order_status,update_date,update_operator,order_history_id) values (?,?,?,?,?,?,?,default)
Hibernate: insert into orders_product_snapshot (price,product_id,product_name,order_id) values (?,?,?,default)
]]></system-out>
  <system-err><![CDATA[]]></system-err>
</testsuite>
