<?xml version="1.0" encoding="UTF-8"?>
<testsuite name="com.wanted.preonboarding.auth.service.TokenQueryRedisServiceTest" tests="1" skipped="0" failures="0" errors="0" timestamp="2024-05-27T00:55:46" hostname="lyusang-won-ui-MacBookPro.local" time="0.074">
  <properties/>
  <testcase name="토큰 저장 테스트" classname="com.wanted.preonboarding.auth.service.TokenQueryRedisServiceTest" time="0.074"/>
  <system-out><![CDATA[]]></system-out>
  <system-err><![CDATA[]]></system-err>
</testsuite>
