<?xml version="1.0" encoding="UTF-8"?>
<testsuite name="com.wanted.preonboarding.auth.controller.AuthControllerTest" tests="1" skipped="0" failures="0" errors="0" timestamp="2024-05-30T00:57:14" hostname="lyusang-won-ui-MacBookPro.local" time="0.342">
  <properties/>
  <testcase name="Access Token 발급" classname="com.wanted.preonboarding.auth.controller.AuthControllerTest" time="0.342"/>
  <system-out><![CDATA[2024-05-30T09:57:13.173+09:00  INFO 9860 --- [    Test worker] t.c.s.AnnotationConfigContextLoaderUtils : Could not detect default configuration classes for test class [com.wanted.preonboarding.auth.controller.AuthControllerTest]: AuthControllerTest does not declare any static, non-private, non-final, nested classes annotated with @Configuration.
2024-05-30T09:57:13.190+09:00  INFO 9860 --- [    Test worker] .b.t.c.SpringBootTestContextBootstrapper : Found @SpringBootConfiguration com.wanted.preonboarding.PreonboardingApplication for test class com.wanted.preonboarding.auth.controller.AuthControllerTest
  .   ____          _            __ _ _
 /\\ / ___'_ __ _ _(_)_ __  __ _ \ \ \ \
( ( )\___ | '_ | '_| | '_ \/ _` | \ \ \ \
 \\/  ___)| |_)| | | | | || (_| |  ) ) ) )
  '  |____| .__|_| |_|_| |_\__, | / / / /
 =========|_|==============|___/=/_/_/_/

 :: Spring Boot ::                (v3.3.0)

2024-05-30T09:57:13.203+09:00  INFO 9860 --- [    Test worker] c.w.p.a.controller.AuthControllerTest    : Starting AuthControllerTest using Java 21.0.3 with PID 9860 (started by sangwon-ryu in /Users/sangwon-ryu/wanted-preonboarding-challenge-backend-20)
2024-05-30T09:57:13.203+09:00 DEBUG 9860 --- [    Test worker] c.w.p.a.controller.AuthControllerTest    : Running with Spring Boot v3.3.0, Spring v6.1.8
2024-05-30T09:57:13.203+09:00  INFO 9860 --- [    Test worker] c.w.p.a.controller.AuthControllerTest    : No active profile set, falling back to 1 default profile: "default"
2024-05-30T09:57:13.781+09:00  WARN 9860 --- [    Test worker] .s.s.UserDetailsServiceAutoConfiguration : 

Using generated security password: 345c1b27-29ab-45a4-b802-626c6bbe464b

This generated password is for development use only. Your security configuration must be updated before running your application in production.

2024-05-30T09:57:13.783+09:00  INFO 9860 --- [    Test worker] r$InitializeUserDetailsManagerConfigurer : Global AuthenticationManager configured with UserDetailsService bean with name inMemoryUserDetailsManager
2024-05-30T09:57:13.917+09:00  INFO 9860 --- [    Test worker] o.s.s.web.DefaultSecurityFilterChain     : Will secure any request with [org.springframework.security.web.session.DisableEncodeUrlFilter@25b2d26a, org.springframework.security.web.context.request.async.WebAsyncManagerIntegrationFilter@6d67e03, org.springframework.security.web.context.SecurityContextHolderFilter@5ae50044, org.springframework.security.web.header.HeaderWriterFilter@dd3586e, org.springframework.web.filter.CorsFilter@962e8c5, org.springframework.security.web.authentication.logout.LogoutFilter@74baefb0, com.wanted.preonboarding.auth.filter.JwtAuthenticationFilter@433e9108, org.springframework.security.web.savedrequest.RequestCacheAwareFilter@73d7b6b0, org.springframework.security.web.servletapi.SecurityContextHolderAwareRequestFilter@64d0908c, org.springframework.security.web.authentication.AnonymousAuthenticationFilter@70ac3a87, org.springframework.security.web.session.SessionManagementFilter@605049be, org.springframework.security.web.access.ExceptionTranslationFilter@532f568e, org.springframework.security.web.access.intercept.AuthorizationFilter@5aa2168f]
2024-05-30T09:57:14.011+09:00 DEBUG 9860 --- [    Test worker] c.w.p.auth.filter.CustomLoggingFilter    : Filter 'loggingFilterRegistration' configured for use
2024-05-30T09:57:14.011+09:00 DEBUG 9860 --- [    Test worker] c.w.p.auth.filter.CustomLoggingFilter    : Filter 'customLoggingFilter' configured for use
2024-05-30T09:57:14.011+09:00  INFO 9860 --- [    Test worker] o.s.b.t.m.w.SpringBootMockServletContext : Initializing Spring TestDispatcherServlet ''
2024-05-30T09:57:14.012+09:00  INFO 9860 --- [    Test worker] o.s.t.web.servlet.TestDispatcherServlet  : Initializing Servlet ''
2024-05-30T09:57:14.012+09:00  INFO 9860 --- [    Test worker] o.s.t.web.servlet.TestDispatcherServlet  : Completed initialization in 0 ms
2024-05-30T09:57:14.023+09:00  INFO 9860 --- [    Test worker] c.w.p.a.controller.AuthControllerTest    : Started AuthControllerTest in 0.831 seconds (process running for 4.294)
2024-05-30T09:57:14.057+09:00  INFO 9860 --- [    Test worker] o.s.b.t.m.w.SpringBootMockServletContext : Initializing Spring TestDispatcherServlet ''
2024-05-30T09:57:14.057+09:00  INFO 9860 --- [    Test worker] o.s.t.web.servlet.TestDispatcherServlet  : Initializing Servlet ''
2024-05-30T09:57:14.057+09:00  INFO 9860 --- [    Test worker] o.s.t.web.servlet.TestDispatcherServlet  : Completed initialization in 0 ms

MockHttpServletRequest:
      HTTP Method = POST
      Request URI = /api/v1/auth/authentication
       Parameters = {}
          Headers = [Content-Type:"application/json;charset=UTF-8", Content-Length:"48"]
             Body = {"email":"X@wanted.com","password":"litpuhbghr"}
    Session Attrs = {}

Handler:
             Type = com.wanted.preonboarding.auth.controller.AuthController
           Method = com.wanted.preonboarding.auth.controller.AuthController#getAccessToken(CreateAuthToken)

Async:
    Async started = false
     Async result = null

Resolved Exception:
             Type = null

ModelAndView:
        View name = null
             View = null
            Model = null

FlashMap:
       Attributes = null

MockHttpServletResponse:
           Status = 200
    Error message = null
          Headers = [Vary:"Origin", "Access-Control-Request-Method", "Access-Control-Request-Headers", Authorization:"Bearer eyJhbGciOiJIUzI1NiJ9.eyJzdWIiOiJWZ3BjZEB3YW50ZWQuY29tIiwicm9sZSI6Ik5PUk1BTCIsImlhdCI6MTcxNzAzMDYzNCwiZXhwIjoxNzE3MDM0MjM0fQ.-lSkH_GgT_kxIckZ_LCsdZsCZbLLfnDUNjCA_NVEA9c", Content-Type:"application/json;charset=UTF-8", X-Content-Type-Options:"nosniff", X-XSS-Protection:"0", Cache-Control:"no-cache, no-store, max-age=0, must-revalidate", Pragma:"no-cache", Expires:"0", X-Frame-Options:"DENY"]
     Content type = application/json;charset=UTF-8
             Body = {"data":null,"response":{"status":200,"message":"Access token issued successfully"}}
    Forwarded URL = null
   Redirected URL = null
          Cookies = []
]]></system-out>
  <system-err><![CDATA[]]></system-err>
</testsuite>
