<?xml version="1.0" encoding="UTF-8"?>
<testsuite name="com.wanted.preonboarding.auth.controller.AuthControllerTest" tests="1" skipped="0" failures="0" errors="0" timestamp="2024-05-30T00:54:06" hostname="lyusang-won-ui-MacBookPro.local" time="0.045">
  <properties/>
  <testcase name="Access Token 발급" classname="com.wanted.preonboarding.auth.controller.AuthControllerTest" time="0.045"/>
  <system-out><![CDATA[2024-05-30T09:54:06.612+09:00  INFO 9384 --- [    Test worker] t.c.s.AnnotationConfigContextLoaderUtils : Could not detect default configuration classes for test class [com.wanted.preonboarding.auth.controller.AuthControllerTest]: AuthControllerTest does not declare any static, non-private, non-final, nested classes annotated with @Configuration.
2024-05-30T09:54:06.622+09:00  INFO 9384 --- [    Test worker] .b.t.c.SpringBootTestContextBootstrapper : Found @SpringBootConfiguration com.wanted.preonboarding.PreonboardingApplication for test class com.wanted.preonboarding.auth.controller.AuthControllerTest
  .   ____          _            __ _ _
 /\\ / ___'_ __ _ _(_)_ __  __ _ \ \ \ \
( ( )\___ | '_ | '_| | '_ \/ _` | \ \ \ \
 \\/  ___)| |_)| | | | | || (_| |  ) ) ) )
  '  |____| .__|_| |_|_| |_\__, | / / / /
 =========|_|==============|___/=/_/_/_/

 :: Spring Boot ::                (v3.3.0)

2024-05-30T09:54:06.634+09:00  INFO 9384 --- [    Test worker] c.w.p.a.controller.AuthControllerTest    : Starting AuthControllerTest using Java 21.0.3 with PID 9384 (started by sangwon-ryu in /Users/sangwon-ryu/wanted-preonboarding-challenge-backend-20)
2024-05-30T09:54:06.634+09:00 DEBUG 9384 --- [    Test worker] c.w.p.a.controller.AuthControllerTest    : Running with Spring Boot v3.3.0, Spring v6.1.8
2024-05-30T09:54:06.634+09:00  INFO 9384 --- [    Test worker] c.w.p.a.controller.AuthControllerTest    : No active profile set, falling back to 1 default profile: "default"
2024-05-30T09:54:06.733+09:00  WARN 9384 --- [    Test worker] .s.s.UserDetailsServiceAutoConfiguration : 

Using generated security password: b4c624bf-f8d6-41bb-baff-69ce259945ef

This generated password is for development use only. Your security configuration must be updated before running your application in production.

2024-05-30T09:54:06.733+09:00  INFO 9384 --- [    Test worker] r$InitializeUserDetailsManagerConfigurer : Global AuthenticationManager configured with UserDetailsService bean with name inMemoryUserDetailsManager
2024-05-30T09:54:06.790+09:00  INFO 9384 --- [    Test worker] o.s.s.web.DefaultSecurityFilterChain     : Will secure any request with [org.springframework.security.web.session.DisableEncodeUrlFilter@6bea3a13, org.springframework.security.web.context.request.async.WebAsyncManagerIntegrationFilter@1f40bb82, org.springframework.security.web.context.SecurityContextHolderFilter@405495e7, org.springframework.security.web.header.HeaderWriterFilter@8c6030b, org.springframework.web.filter.CorsFilter@54586e29, org.springframework.security.web.authentication.logout.LogoutFilter@d4f223e, com.wanted.preonboarding.auth.filter.JwtAuthenticationFilter@45da0d4, org.springframework.security.web.savedrequest.RequestCacheAwareFilter@15c75b4a, org.springframework.security.web.servletapi.SecurityContextHolderAwareRequestFilter@2d21dca2, org.springframework.security.web.authentication.AnonymousAuthenticationFilter@3e5d28ee, org.springframework.security.web.session.SessionManagementFilter@1bdbfdcd, org.springframework.security.web.access.ExceptionTranslationFilter@4c0338a7, org.springframework.security.web.access.intercept.AuthorizationFilter@19a39f7]
2024-05-30T09:54:06.826+09:00 DEBUG 9384 --- [    Test worker] c.w.p.auth.filter.CustomLoggingFilter    : Filter 'loggingFilterRegistration' configured for use
2024-05-30T09:54:06.826+09:00 DEBUG 9384 --- [    Test worker] c.w.p.auth.filter.CustomLoggingFilter    : Filter 'customLoggingFilter' configured for use
2024-05-30T09:54:06.826+09:00  INFO 9384 --- [    Test worker] o.s.b.t.m.w.SpringBootMockServletContext : Initializing Spring TestDispatcherServlet ''
2024-05-30T09:54:06.826+09:00  INFO 9384 --- [    Test worker] o.s.t.web.servlet.TestDispatcherServlet  : Initializing Servlet ''
2024-05-30T09:54:06.826+09:00  INFO 9384 --- [    Test worker] o.s.t.web.servlet.TestDispatcherServlet  : Completed initialization in 0 ms
2024-05-30T09:54:06.831+09:00  INFO 9384 --- [    Test worker] c.w.p.a.controller.AuthControllerTest    : Started AuthControllerTest in 0.207 seconds (process running for 5.823)
2024-05-30T09:54:06.835+09:00  INFO 9384 --- [    Test worker] o.s.b.t.m.w.SpringBootMockServletContext : Initializing Spring TestDispatcherServlet ''
2024-05-30T09:54:06.836+09:00  INFO 9384 --- [    Test worker] o.s.t.web.servlet.TestDispatcherServlet  : Initializing Servlet ''
2024-05-30T09:54:06.836+09:00  INFO 9384 --- [    Test worker] o.s.t.web.servlet.TestDispatcherServlet  : Completed initialization in 0 ms

MockHttpServletRequest:
      HTTP Method = POST
      Request URI = /api/v1/auth/authentication
       Parameters = {}
          Headers = [Content-Type:"application/json;charset=UTF-8", Content-Length:"49"]
             Body = {"email":"BH@wanted.com","password":"fozynbgcou"}
    Session Attrs = {}

Handler:
             Type = com.wanted.preonboarding.auth.controller.AuthController
           Method = com.wanted.preonboarding.auth.controller.AuthController#getAccessToken(CreateAuthToken)

Async:
    Async started = false
     Async result = null

Resolved Exception:
             Type = null

ModelAndView:
        View name = null
             View = null
            Model = null

FlashMap:
       Attributes = null

MockHttpServletResponse:
           Status = 200
    Error message = null
          Headers = [Vary:"Origin", "Access-Control-Request-Method", "Access-Control-Request-Headers", Authorization:"Bearer eyJhbGciOiJIUzI1NiJ9.eyJzdWIiOiJwQHdhbnRlZC5jb20iLCJyb2xlIjoiTk9STUFMIiwiaWF0IjoxNzE3MDMwNDQ2LCJleHAiOjE3MTcwMzQwNDZ9.ZyV-jAf9st2JU3aNH4TVO2Pky22jbS-B8w9MllpTCTQ", Content-Type:"application/json;charset=UTF-8", X-Content-Type-Options:"nosniff", X-XSS-Protection:"0", Cache-Control:"no-cache, no-store, max-age=0, must-revalidate", Pragma:"no-cache", Expires:"0", X-Frame-Options:"DENY"]
     Content type = application/json;charset=UTF-8
             Body = {"data":null,"response":{"status":200,"message":"Access token issued successfully"}}
    Forwarded URL = null
   Redirected URL = null
          Cookies = []
]]></system-out>
  <system-err><![CDATA[]]></system-err>
</testsuite>
