<?xml version="1.0" encoding="UTF-8"?>
<testsuite name="com.wanted.preonboarding.module.user.service.UserRedisFindServiceImplTest" tests="2" skipped="0" failures="0" errors="0" timestamp="2024-05-27T00:55:50" hostname="lyusang-won-ui-MacBookPro.local" time="0.019">
  <properties/>
  <testcase name="유저 정보 조회 - 존재하지 않는 경우" classname="com.wanted.preonboarding.module.user.service.UserRedisFindServiceImplTest" time="0.01"/>
  <testcase name="유저 정보 조회 - 존재하는 경우" classname="com.wanted.preonboarding.module.user.service.UserRedisFindServiceImplTest" time="0.008"/>
  <system-out><![CDATA[]]></system-out>
  <system-err><![CDATA[]]></system-err>
</testsuite>
