<?xml version="1.0" encoding="UTF-8"?>
<testsuite name="com.wanted.preonboarding.module.product.repository.ProductFindRepositoryImplTest" tests="4" skipped="0" failures="0" errors="0" timestamp="2024-05-27T00:55:49" hostname="lyusang-won-ui-MacBookPro.local" time="0.485">
  <properties/>
  <testcase name="BaseSku 리스트 조회 - 아무 조건 없을때" classname="com.wanted.preonboarding.module.product.repository.ProductFindRepositoryImplTest" time="0.353"/>
  <testcase name="BaseSku 리스트 조회 - 노 오프셋 조회" classname="com.wanted.preonboarding.module.product.repository.ProductFindRepositoryImplTest" time="0.086"/>
  <testcase name="BaseSku 리스트 조회 - email 필터" classname="com.wanted.preonboarding.module.product.repository.ProductFindRepositoryImplTest" time="0.027"/>
  <testcase name="BaseSku 조회" classname="com.wanted.preonboarding.module.product.repository.ProductFindRepositoryImplTest" time="0.019"/>
  <system-out><![CDATA[2024-05-27T09:55:49.293+09:00  INFO 50536 --- [    Test worker] t.c.s.AnnotationConfigContextLoaderUtils : Could not detect default configuration classes for test class [com.wanted.preonboarding.module.product.repository.ProductFindRepositoryImplTest]: ProductFindRepositoryImplTest does not declare any static, non-private, non-final, nested classes annotated with @Configuration.
2024-05-27T09:55:49.305+09:00  INFO 50536 --- [    Test worker] .b.t.c.SpringBootTestContextBootstrapper : Found @SpringBootConfiguration com.wanted.preonboarding.PreonboardingApplication for test class com.wanted.preonboarding.module.product.repository.ProductFindRepositoryImplTest
  .   ____          _            __ _ _
 /\\ / ___'_ __ _ _(_)_ __  __ _ \ \ \ \
( ( )\___ | '_ | '_| | '_ \/ _` | \ \ \ \
 \\/  ___)| |_)| | | | | || (_| |  ) ) ) )
  '  |____| .__|_| |_|_| |_\__, | / / / /
 =========|_|==============|___/=/_/_/_/

 :: Spring Boot ::                (v3.3.0)

2024-05-27T09:55:49.319+09:00  INFO 50536 --- [    Test worker] .w.p.m.p.r.ProductFindRepositoryImplTest : Starting ProductFindRepositoryImplTest using Java 21.0.3 with PID 50536 (started by sangwon-ryu in /Users/sangwon-ryu/wanted-preonboarding-challenge-backend-20)
2024-05-27T09:55:49.319+09:00 DEBUG 50536 --- [    Test worker] .w.p.m.p.r.ProductFindRepositoryImplTest : Running with Spring Boot v3.3.0, Spring v6.1.8
2024-05-27T09:55:49.319+09:00  INFO 50536 --- [    Test worker] .w.p.m.p.r.ProductFindRepositoryImplTest : No active profile set, falling back to 1 default profile: "default"
2024-05-27T09:55:49.359+09:00  INFO 50536 --- [    Test worker] .s.d.r.c.RepositoryConfigurationDelegate : Multiple Spring Data modules found, entering strict repository configuration mode
2024-05-27T09:55:49.359+09:00  INFO 50536 --- [    Test worker] .s.d.r.c.RepositoryConfigurationDelegate : Bootstrapping Spring Data JPA repositories in DEFAULT mode.
2024-05-27T09:55:49.372+09:00  INFO 50536 --- [    Test worker] .s.d.r.c.RepositoryConfigurationDelegate : Finished Spring Data repository scanning in 12 ms. Found 1 JPA repository interface.
2024-05-27T09:55:49.378+09:00  INFO 50536 --- [    Test worker] beddedDataSourceBeanFactoryPostProcessor : Replacing 'dataSource' DataSource bean with embedded version
2024-05-27T09:55:49.392+09:00  INFO 50536 --- [    Test worker] o.s.j.d.e.EmbeddedDatabaseFactory        : Starting embedded database: url='jdbc:h2:mem:81c44291-5ee1-4249-b142-4238a659a34e;DB_CLOSE_DELAY=-1;DB_CLOSE_ON_EXIT=false', username='sa'
2024-05-27T09:55:49.405+09:00  INFO 50536 --- [    Test worker] o.hibernate.jpa.internal.util.LogHelper  : HHH000204: Processing PersistenceUnitInfo [name: default]
2024-05-27T09:55:49.407+09:00  INFO 50536 --- [    Test worker] o.h.c.internal.RegionFactoryInitiator    : HHH000026: Second-level cache disabled
2024-05-27T09:55:49.410+09:00  INFO 50536 --- [    Test worker] o.s.o.j.p.SpringPersistenceUnitInfo      : No LoadTimeWeaver setup: ignoring JPA class transformer
2024-05-27T09:55:49.444+09:00  INFO 50536 --- [    Test worker] o.h.e.t.j.p.i.JtaPlatformInitiator       : HHH000489: No JTA platform available (set 'hibernate.transaction.jta.platform' to enable JTA platform integration)
Hibernate: drop table if exists product cascade 
Hibernate: drop table if exists users cascade 
Hibernate: create table product (insert_date timestamp(6) not null, price bigint not null, product_id bigint generated by default as identity, update_date timestamp(6) not null, user_id bigint not null, insert_operator varchar(255) not null, product_name varchar(255) not null, update_operator varchar(255) not null, delete_yn enum ('N','Y') not null, product_status enum ('BOOKING','ON_STOCK','OUT_STOCK'), primary key (product_id))
Hibernate: create table users (insert_date timestamp(6) not null, update_date timestamp(6) not null, user_id bigint generated by default as identity, email varchar(255) not null unique, insert_operator varchar(255) not null, password_hash varchar(255) not null, phone_number varchar(255) not null unique, update_operator varchar(255) not null, delete_yn enum ('N','Y') not null, membership enum ('GUEST','NORMAL') not null, primary key (user_id))
Hibernate: alter table if exists product add constraint FK47nyv78b35eaufr6aa96vep6n foreign key (user_id) references users
2024-05-27T09:55:49.448+09:00  INFO 50536 --- [    Test worker] j.LocalContainerEntityManagerFactoryBean : Initialized JPA EntityManagerFactory for persistence unit 'default'
2024-05-27T09:55:49.469+09:00  INFO 50536 --- [    Test worker] .w.p.m.p.r.ProductFindRepositoryImplTest : Started ProductFindRepositoryImplTest in 0.162 seconds (process running for 7.99)
Hibernate: insert into users (delete_yn,email,insert_date,insert_operator,membership,password_hash,phone_number,update_date,update_operator,user_id) values (?,?,?,?,?,?,?,?,?,default)
Hibernate: insert into product (delete_yn,insert_date,insert_operator,price,product_name,product_status,user_id,update_date,update_operator,product_id) values (?,?,?,?,?,?,?,?,?,default)
Hibernate: insert into product (delete_yn,insert_date,insert_operator,price,product_name,product_status,user_id,update_date,update_operator,product_id) values (?,?,?,?,?,?,?,?,?,default)
Hibernate: insert into product (delete_yn,insert_date,insert_operator,price,product_name,product_status,user_id,update_date,update_operator,product_id) values (?,?,?,?,?,?,?,?,?,default)
Hibernate: insert into product (delete_yn,insert_date,insert_operator,price,product_name,product_status,user_id,update_date,update_operator,product_id) values (?,?,?,?,?,?,?,?,?,default)
Hibernate: insert into product (delete_yn,insert_date,insert_operator,price,product_name,product_status,user_id,update_date,update_operator,product_id) values (?,?,?,?,?,?,?,?,?,default)
Hibernate: insert into product (delete_yn,insert_date,insert_operator,price,product_name,product_status,user_id,update_date,update_operator,product_id) values (?,?,?,?,?,?,?,?,?,default)
Hibernate: insert into product (delete_yn,insert_date,insert_operator,price,product_name,product_status,user_id,update_date,update_operator,product_id) values (?,?,?,?,?,?,?,?,?,default)
Hibernate: insert into product (delete_yn,insert_date,insert_operator,price,product_name,product_status,user_id,update_date,update_operator,product_id) values (?,?,?,?,?,?,?,?,?,default)
Hibernate: insert into product (delete_yn,insert_date,insert_operator,price,product_name,product_status,user_id,update_date,update_operator,product_id) values (?,?,?,?,?,?,?,?,?,default)
Hibernate: insert into product (delete_yn,insert_date,insert_operator,price,product_name,product_status,user_id,update_date,update_operator,product_id) values (?,?,?,?,?,?,?,?,?,default)
Hibernate: select p1_0.product_id,p1_0.product_name,p1_0.price,p1_0.product_status,s1_0.email from product p1_0 join users s1_0 on s1_0.user_id=p1_0.user_id order by p1_0.product_id desc fetch first ? rows only
Hibernate: insert into users (delete_yn,email,insert_date,insert_operator,membership,password_hash,phone_number,update_date,update_operator,user_id) values (?,?,?,?,?,?,?,?,?,default)
Hibernate: insert into product (delete_yn,insert_date,insert_operator,price,product_name,product_status,user_id,update_date,update_operator,product_id) values (?,?,?,?,?,?,?,?,?,default)
Hibernate: insert into product (delete_yn,insert_date,insert_operator,price,product_name,product_status,user_id,update_date,update_operator,product_id) values (?,?,?,?,?,?,?,?,?,default)
Hibernate: insert into product (delete_yn,insert_date,insert_operator,price,product_name,product_status,user_id,update_date,update_operator,product_id) values (?,?,?,?,?,?,?,?,?,default)
Hibernate: insert into product (delete_yn,insert_date,insert_operator,price,product_name,product_status,user_id,update_date,update_operator,product_id) values (?,?,?,?,?,?,?,?,?,default)
Hibernate: insert into product (delete_yn,insert_date,insert_operator,price,product_name,product_status,user_id,update_date,update_operator,product_id) values (?,?,?,?,?,?,?,?,?,default)
Hibernate: insert into product (delete_yn,insert_date,insert_operator,price,product_name,product_status,user_id,update_date,update_operator,product_id) values (?,?,?,?,?,?,?,?,?,default)
Hibernate: insert into product (delete_yn,insert_date,insert_operator,price,product_name,product_status,user_id,update_date,update_operator,product_id) values (?,?,?,?,?,?,?,?,?,default)
Hibernate: insert into product (delete_yn,insert_date,insert_operator,price,product_name,product_status,user_id,update_date,update_operator,product_id) values (?,?,?,?,?,?,?,?,?,default)
Hibernate: insert into product (delete_yn,insert_date,insert_operator,price,product_name,product_status,user_id,update_date,update_operator,product_id) values (?,?,?,?,?,?,?,?,?,default)
Hibernate: insert into product (delete_yn,insert_date,insert_operator,price,product_name,product_status,user_id,update_date,update_operator,product_id) values (?,?,?,?,?,?,?,?,?,default)
Hibernate: select p1_0.product_id,p1_0.product_name,p1_0.price,p1_0.product_status,s1_0.email from product p1_0 join users s1_0 on s1_0.user_id=p1_0.user_id where p1_0.product_id<=? order by p1_0.product_id desc fetch first ? rows only
baseSku.getId() = 15
baseSku.getId() = 14
baseSku.getId() = 13
baseSku.getId() = 12
baseSku.getId() = 11
Hibernate: insert into users (delete_yn,email,insert_date,insert_operator,membership,password_hash,phone_number,update_date,update_operator,user_id) values (?,?,?,?,?,?,?,?,?,default)
Hibernate: insert into product (delete_yn,insert_date,insert_operator,price,product_name,product_status,user_id,update_date,update_operator,product_id) values (?,?,?,?,?,?,?,?,?,default)
Hibernate: select p1_0.product_id,p1_0.product_name,p1_0.price,p1_0.product_status,s1_0.email from product p1_0 join users s1_0 on s1_0.user_id=p1_0.user_id order by p1_0.product_id desc fetch first ? rows only
Hibernate: insert into users (delete_yn,email,insert_date,insert_operator,membership,password_hash,phone_number,update_date,update_operator,user_id) values (?,?,?,?,?,?,?,?,?,default)
Hibernate: insert into product (delete_yn,insert_date,insert_operator,price,product_name,product_status,user_id,update_date,update_operator,product_id) values (?,?,?,?,?,?,?,?,?,default)
Hibernate: select p1_0.product_id,p1_0.product_name,p1_0.price,p1_0.product_status,s1_0.email from product p1_0 join users s1_0 on s1_0.user_id=p1_0.user_id where p1_0.product_id=?
]]></system-out>
  <system-err><![CDATA[]]></system-err>
</testsuite>
