<?xml version="1.0" encoding="UTF-8"?>
<testsuite name="com.example.wanted.user.domain.UserTest" tests="1" skipped="0" failures="0" errors="0" timestamp="2024-06-02T05:54:16" hostname="gimmunjin-ui-MacBookPro.local" time="0.0">
  <properties/>
  <testcase name="User는_UserCreate로_생성할_수_있다()" classname="com.example.wanted.user.domain.UserTest" time="0.0"/>
  <system-out><![CDATA[]]></system-out>
  <system-err><![CDATA[]]></system-err>
</testsuite>
