<?xml version="1.0" encoding="UTF-8"?>
<testsuite name="com.wanted.preonboarding.auth.service.TokenFetchRedisServiceTest" tests="2" skipped="0" failures="0" errors="0" timestamp="2024-05-26T14:57:43" hostname="lyusang-won-ui-MacBookPro.local" time="0.299">
  <properties/>
  <testcase name="토큰 조회 테스트 - 존재하는 경우" classname="com.wanted.preonboarding.auth.service.TokenFetchRedisServiceTest" time="0.235"/>
  <testcase name="토큰 조회 테스트 - 존재하지 않는 경우" classname="com.wanted.preonboarding.auth.service.TokenFetchRedisServiceTest" time="0.063"/>
  <system-out><![CDATA[]]></system-out>
  <system-err><![CDATA[]]></system-err>
</testsuite>
