<?xml version="1.0" encoding="UTF-8"?>
<testsuite name="com.wanted.preonboarding.PreonboardingApplicationTests" tests="1" skipped="0" failures="0" errors="0" timestamp="2024-05-27T00:55:44" hostname="lyusang-won-ui-MacBookPro.local" time="0.31">
  <properties/>
  <testcase name="contextLoads()" classname="com.wanted.preonboarding.PreonboardingApplicationTests" time="0.31"/>
  <system-out><![CDATA[09:55:41.963 [Test worker] INFO org.springframework.test.context.support.AnnotationConfigContextLoaderUtils -- Could not detect default configuration classes for test class [com.wanted.preonboarding.PreonboardingApplicationTests]: PreonboardingApplicationTests does not declare any static, non-private, non-final, nested classes annotated with @Configuration.
09:55:42.021 [Test worker] INFO org.springframework.boot.test.context.SpringBootTestContextBootstrapper -- Found @SpringBootConfiguration com.wanted.preonboarding.PreonboardingApplication for test class com.wanted.preonboarding.PreonboardingApplicationTests
  .   ____          _            __ _ _
 /\\ / ___'_ __ _ _(_)_ __  __ _ \ \ \ \
( ( )\___ | '_ | '_| | '_ \/ _` | \ \ \ \
 \\/  ___)| |_)| | | | | || (_| |  ) ) ) )
  '  |____| .__|_| |_|_| |_\__, | / / / /
 =========|_|==============|___/=/_/_/_/

 :: Spring Boot ::                (v3.3.0)

2024-05-27T09:55:42.226+09:00  INFO 50536 --- [    Test worker] c.w.p.PreonboardingApplicationTests      : Starting PreonboardingApplicationTests using Java 21.0.3 with PID 50536 (started by sangwon-ryu in /Users/sangwon-ryu/wanted-preonboarding-challenge-backend-20)
2024-05-27T09:55:42.227+09:00 DEBUG 50536 --- [    Test worker] c.w.p.PreonboardingApplicationTests      : Running with Spring Boot v3.3.0, Spring v6.1.8
2024-05-27T09:55:42.228+09:00  INFO 50536 --- [    Test worker] c.w.p.PreonboardingApplicationTests      : No active profile set, falling back to 1 default profile: "default"
2024-05-27T09:55:42.595+09:00  INFO 50536 --- [    Test worker] .s.d.r.c.RepositoryConfigurationDelegate : Multiple Spring Data modules found, entering strict repository configuration mode
2024-05-27T09:55:42.596+09:00  INFO 50536 --- [    Test worker] .s.d.r.c.RepositoryConfigurationDelegate : Bootstrapping Spring Data JPA repositories in DEFAULT mode.
2024-05-27T09:55:42.679+09:00  INFO 50536 --- [    Test worker] .s.d.r.c.RepositoryConfigurationDelegate : Finished Spring Data repository scanning in 80 ms. Found 1 JPA repository interface.
2024-05-27T09:55:42.685+09:00  INFO 50536 --- [    Test worker] .s.d.r.c.RepositoryConfigurationDelegate : Multiple Spring Data modules found, entering strict repository configuration mode
2024-05-27T09:55:42.686+09:00  INFO 50536 --- [    Test worker] .s.d.r.c.RepositoryConfigurationDelegate : Bootstrapping Spring Data Redis repositories in DEFAULT mode.
2024-05-27T09:55:42.696+09:00  INFO 50536 --- [    Test worker] .RepositoryConfigurationExtensionSupport : Spring Data Redis - Could not safely identify store assignment for repository candidate interface com.wanted.preonboarding.module.product.repository.ProductRepository; If you want this repository to be a Redis repository, consider annotating your entities with one of these annotations: org.springframework.data.redis.core.RedisHash (preferred), or consider extending one of the following types with your repository: org.springframework.data.keyvalue.repository.KeyValueRepository
2024-05-27T09:55:42.696+09:00  INFO 50536 --- [    Test worker] .s.d.r.c.RepositoryConfigurationDelegate : Finished Spring Data repository scanning in 6 ms. Found 0 Redis repository interfaces.
2024-05-27T09:55:42.977+09:00 DEBUG 50536 --- [    Test worker] com.zaxxer.hikari.HikariConfig           : Driver class org.h2.Driver found in Thread context class loader jdk.internal.loader.ClassLoaders$AppClassLoader@1cf4f579
2024-05-27T09:55:43.038+09:00  INFO 50536 --- [    Test worker] o.hibernate.jpa.internal.util.LogHelper  : HHH000204: Processing PersistenceUnitInfo [name: default]
2024-05-27T09:55:43.059+09:00  INFO 50536 --- [    Test worker] org.hibernate.Version                    : HHH000412: Hibernate ORM core version 6.5.2.Final
2024-05-27T09:55:43.077+09:00  INFO 50536 --- [    Test worker] o.h.c.internal.RegionFactoryInitiator    : HHH000026: Second-level cache disabled
2024-05-27T09:55:43.206+09:00  INFO 50536 --- [    Test worker] o.s.o.j.p.SpringPersistenceUnitInfo      : No LoadTimeWeaver setup: ignoring JPA class transformer
2024-05-27T09:55:43.218+09:00 DEBUG 50536 --- [    Test worker] com.zaxxer.hikari.HikariConfig           : jpa-hikari-pool - configuration:
2024-05-27T09:55:43.220+09:00 DEBUG 50536 --- [    Test worker] com.zaxxer.hikari.HikariConfig           : allowPoolSuspension.............false
2024-05-27T09:55:43.220+09:00 DEBUG 50536 --- [    Test worker] com.zaxxer.hikari.HikariConfig           : autoCommit......................true
2024-05-27T09:55:43.220+09:00 DEBUG 50536 --- [    Test worker] com.zaxxer.hikari.HikariConfig           : catalog.........................none
2024-05-27T09:55:43.220+09:00 DEBUG 50536 --- [    Test worker] com.zaxxer.hikari.HikariConfig           : connectionInitSql...............none
2024-05-27T09:55:43.220+09:00 DEBUG 50536 --- [    Test worker] com.zaxxer.hikari.HikariConfig           : connectionTestQuery.............none
2024-05-27T09:55:43.221+09:00 DEBUG 50536 --- [    Test worker] com.zaxxer.hikari.HikariConfig           : connectionTimeout...............30000
2024-05-27T09:55:43.221+09:00 DEBUG 50536 --- [    Test worker] com.zaxxer.hikari.HikariConfig           : dataSource......................none
2024-05-27T09:55:43.221+09:00 DEBUG 50536 --- [    Test worker] com.zaxxer.hikari.HikariConfig           : dataSourceClassName.............none
2024-05-27T09:55:43.221+09:00 DEBUG 50536 --- [    Test worker] com.zaxxer.hikari.HikariConfig           : dataSourceJNDI..................none
2024-05-27T09:55:43.221+09:00 DEBUG 50536 --- [    Test worker] com.zaxxer.hikari.HikariConfig           : dataSourceProperties............{password=<masked>}
2024-05-27T09:55:43.222+09:00 DEBUG 50536 --- [    Test worker] com.zaxxer.hikari.HikariConfig           : driverClassName................."org.h2.Driver"
2024-05-27T09:55:43.222+09:00 DEBUG 50536 --- [    Test worker] com.zaxxer.hikari.HikariConfig           : exceptionOverrideClassName......none
2024-05-27T09:55:43.222+09:00 DEBUG 50536 --- [    Test worker] com.zaxxer.hikari.HikariConfig           : healthCheckProperties...........{}
2024-05-27T09:55:43.222+09:00 DEBUG 50536 --- [    Test worker] com.zaxxer.hikari.HikariConfig           : healthCheckRegistry.............none
2024-05-27T09:55:43.222+09:00 DEBUG 50536 --- [    Test worker] com.zaxxer.hikari.HikariConfig           : idleTimeout.....................600000
2024-05-27T09:55:43.222+09:00 DEBUG 50536 --- [    Test worker] com.zaxxer.hikari.HikariConfig           : initializationFailTimeout.......1
2024-05-27T09:55:43.222+09:00 DEBUG 50536 --- [    Test worker] com.zaxxer.hikari.HikariConfig           : isolateInternalQueries..........false
2024-05-27T09:55:43.222+09:00 DEBUG 50536 --- [    Test worker] com.zaxxer.hikari.HikariConfig           : jdbcUrl.........................jdbc:h2:mem:testdb;MODE=MySQL;
2024-05-27T09:55:43.222+09:00 DEBUG 50536 --- [    Test worker] com.zaxxer.hikari.HikariConfig           : keepaliveTime...................0
2024-05-27T09:55:43.222+09:00 DEBUG 50536 --- [    Test worker] com.zaxxer.hikari.HikariConfig           : leakDetectionThreshold..........0
2024-05-27T09:55:43.222+09:00 DEBUG 50536 --- [    Test worker] com.zaxxer.hikari.HikariConfig           : maxLifetime.....................1800000
2024-05-27T09:55:43.222+09:00 DEBUG 50536 --- [    Test worker] com.zaxxer.hikari.HikariConfig           : maximumPoolSize.................10
2024-05-27T09:55:43.222+09:00 DEBUG 50536 --- [    Test worker] com.zaxxer.hikari.HikariConfig           : metricRegistry..................none
2024-05-27T09:55:43.222+09:00 DEBUG 50536 --- [    Test worker] com.zaxxer.hikari.HikariConfig           : metricsTrackerFactory...........none
2024-05-27T09:55:43.223+09:00 DEBUG 50536 --- [    Test worker] com.zaxxer.hikari.HikariConfig           : minimumIdle.....................10
2024-05-27T09:55:43.223+09:00 DEBUG 50536 --- [    Test worker] com.zaxxer.hikari.HikariConfig           : password........................<masked>
2024-05-27T09:55:43.223+09:00 DEBUG 50536 --- [    Test worker] com.zaxxer.hikari.HikariConfig           : poolName........................"jpa-hikari-pool"
2024-05-27T09:55:43.223+09:00 DEBUG 50536 --- [    Test worker] com.zaxxer.hikari.HikariConfig           : readOnly........................false
2024-05-27T09:55:43.223+09:00 DEBUG 50536 --- [    Test worker] com.zaxxer.hikari.HikariConfig           : registerMbeans..................false
2024-05-27T09:55:43.223+09:00 DEBUG 50536 --- [    Test worker] com.zaxxer.hikari.HikariConfig           : scheduledExecutor...............none
2024-05-27T09:55:43.223+09:00 DEBUG 50536 --- [    Test worker] com.zaxxer.hikari.HikariConfig           : schema..........................none
2024-05-27T09:55:43.223+09:00 DEBUG 50536 --- [    Test worker] com.zaxxer.hikari.HikariConfig           : threadFactory...................internal
2024-05-27T09:55:43.223+09:00 DEBUG 50536 --- [    Test worker] com.zaxxer.hikari.HikariConfig           : transactionIsolation............default
2024-05-27T09:55:43.223+09:00 DEBUG 50536 --- [    Test worker] com.zaxxer.hikari.HikariConfig           : username........................"sa"
2024-05-27T09:55:43.223+09:00 DEBUG 50536 --- [    Test worker] com.zaxxer.hikari.HikariConfig           : validationTimeout...............5000
2024-05-27T09:55:43.223+09:00  INFO 50536 --- [    Test worker] com.zaxxer.hikari.HikariDataSource       : jpa-hikari-pool - Starting...
2024-05-27T09:55:43.318+09:00  INFO 50536 --- [    Test worker] com.zaxxer.hikari.pool.HikariPool        : jpa-hikari-pool - Added connection conn0: url=jdbc:h2:mem:testdb user=SA
2024-05-27T09:55:43.319+09:00  INFO 50536 --- [    Test worker] com.zaxxer.hikari.HikariDataSource       : jpa-hikari-pool - Start completed.
2024-05-27T09:55:43.422+09:00 DEBUG 50536 --- [ool housekeeper] com.zaxxer.hikari.pool.HikariPool        : jpa-hikari-pool - Pool stats (total=1, active=0, idle=1, waiting=0)
2024-05-27T09:55:43.423+09:00 DEBUG 50536 --- [onnection adder] com.zaxxer.hikari.pool.HikariPool        : jpa-hikari-pool - Added connection conn1: url=jdbc:h2:mem:testdb user=SA
2024-05-27T09:55:43.459+09:00 DEBUG 50536 --- [onnection adder] com.zaxxer.hikari.pool.HikariPool        : jpa-hikari-pool - After adding stats (total=2, active=0, idle=2, waiting=0)
2024-05-27T09:55:43.459+09:00 DEBUG 50536 --- [onnection adder] com.zaxxer.hikari.pool.HikariPool        : jpa-hikari-pool - Added connection conn2: url=jdbc:h2:mem:testdb user=SA
2024-05-27T09:55:43.494+09:00 DEBUG 50536 --- [onnection adder] com.zaxxer.hikari.pool.HikariPool        : jpa-hikari-pool - After adding stats (total=3, active=0, idle=3, waiting=0)
2024-05-27T09:55:43.495+09:00 DEBUG 50536 --- [onnection adder] com.zaxxer.hikari.pool.HikariPool        : jpa-hikari-pool - Added connection conn3: url=jdbc:h2:mem:testdb user=SA
2024-05-27T09:55:43.530+09:00 DEBUG 50536 --- [onnection adder] com.zaxxer.hikari.pool.HikariPool        : jpa-hikari-pool - After adding stats (total=4, active=0, idle=4, waiting=0)
2024-05-27T09:55:43.531+09:00 DEBUG 50536 --- [onnection adder] com.zaxxer.hikari.pool.HikariPool        : jpa-hikari-pool - Added connection conn4: url=jdbc:h2:mem:testdb user=SA
2024-05-27T09:55:43.561+09:00 DEBUG 50536 --- [onnection adder] com.zaxxer.hikari.pool.HikariPool        : jpa-hikari-pool - After adding stats (total=5, active=0, idle=5, waiting=0)
2024-05-27T09:55:43.562+09:00 DEBUG 50536 --- [onnection adder] com.zaxxer.hikari.pool.HikariPool        : jpa-hikari-pool - Added connection conn5: url=jdbc:h2:mem:testdb user=SA
2024-05-27T09:55:43.597+09:00 DEBUG 50536 --- [onnection adder] com.zaxxer.hikari.pool.HikariPool        : jpa-hikari-pool - After adding stats (total=6, active=0, idle=6, waiting=0)
2024-05-27T09:55:43.598+09:00 DEBUG 50536 --- [onnection adder] com.zaxxer.hikari.pool.HikariPool        : jpa-hikari-pool - Added connection conn6: url=jdbc:h2:mem:testdb user=SA
2024-05-27T09:55:43.633+09:00 DEBUG 50536 --- [onnection adder] com.zaxxer.hikari.pool.HikariPool        : jpa-hikari-pool - After adding stats (total=7, active=0, idle=7, waiting=0)
2024-05-27T09:55:43.634+09:00 DEBUG 50536 --- [onnection adder] com.zaxxer.hikari.pool.HikariPool        : jpa-hikari-pool - Added connection conn7: url=jdbc:h2:mem:testdb user=SA
2024-05-27T09:55:43.669+09:00 DEBUG 50536 --- [onnection adder] com.zaxxer.hikari.pool.HikariPool        : jpa-hikari-pool - After adding stats (total=8, active=0, idle=8, waiting=0)
2024-05-27T09:55:43.669+09:00 DEBUG 50536 --- [onnection adder] com.zaxxer.hikari.pool.HikariPool        : jpa-hikari-pool - Added connection conn8: url=jdbc:h2:mem:testdb user=SA
2024-05-27T09:55:43.704+09:00 DEBUG 50536 --- [onnection adder] com.zaxxer.hikari.pool.HikariPool        : jpa-hikari-pool - After adding stats (total=9, active=0, idle=9, waiting=0)
2024-05-27T09:55:43.705+09:00 DEBUG 50536 --- [onnection adder] com.zaxxer.hikari.pool.HikariPool        : jpa-hikari-pool - Added connection conn9: url=jdbc:h2:mem:testdb user=SA
2024-05-27T09:55:43.738+09:00 DEBUG 50536 --- [onnection adder] com.zaxxer.hikari.pool.HikariPool        : jpa-hikari-pool - After adding stats (total=10, active=0, idle=10, waiting=0)
2024-05-27T09:55:43.802+09:00  INFO 50536 --- [    Test worker] o.h.e.t.j.p.i.JtaPlatformInitiator       : HHH000489: No JTA platform available (set 'hibernate.transaction.jta.platform' to enable JTA platform integration)
2024-05-27T09:55:43.826+09:00  INFO 50536 --- [    Test worker] j.LocalContainerEntityManagerFactoryBean : Initialized JPA EntityManagerFactory for persistence unit 'default'
2024-05-27T09:55:44.170+09:00  WARN 50536 --- [    Test worker] JpaBaseConfiguration$JpaWebConfiguration : spring.jpa.open-in-view is enabled by default. Therefore, database queries may be performed during view rendering. Explicitly configure spring.jpa.open-in-view to disable this warning
2024-05-27T09:55:44.189+09:00  WARN 50536 --- [    Test worker] .s.s.UserDetailsServiceAutoConfiguration : 

Using generated security password: c1630f8f-1a4c-46f7-af7e-4c7dcf3ab18a

This generated password is for development use only. Your security configuration must be updated before running your application in production.

2024-05-27T09:55:44.193+09:00  INFO 50536 --- [    Test worker] r$InitializeUserDetailsManagerConfigurer : Global AuthenticationManager configured with UserDetailsService bean with name inMemoryUserDetailsManager
2024-05-27T09:55:44.360+09:00  INFO 50536 --- [    Test worker] o.s.s.web.DefaultSecurityFilterChain     : Will secure any request with [org.springframework.security.web.session.DisableEncodeUrlFilter@147c00c7, org.springframework.security.web.context.request.async.WebAsyncManagerIntegrationFilter@104972a0, org.springframework.security.web.context.SecurityContextHolderFilter@1b09f4fb, org.springframework.security.web.header.HeaderWriterFilter@35266985, org.springframework.web.filter.CorsFilter@45add64c, org.springframework.security.web.authentication.logout.LogoutFilter@3d70dab8, com.wanted.preonboarding.auth.filter.JwtAuthenticationFilter@b0bd567, org.springframework.security.web.savedrequest.RequestCacheAwareFilter@736de3b6, org.springframework.security.web.servletapi.SecurityContextHolderAwareRequestFilter@74876292, org.springframework.security.web.authentication.AnonymousAuthenticationFilter@7f8586f9, org.springframework.security.web.session.SessionManagementFilter@64b7066e, org.springframework.security.web.access.ExceptionTranslationFilter@519b726a, org.springframework.security.web.access.intercept.AuthorizationFilter@18a9762]
2024-05-27T09:55:44.598+09:00  INFO 50536 --- [    Test worker] c.w.p.PreonboardingApplicationTests      : Started PreonboardingApplicationTests in 2.511 seconds (process running for 3.119)
]]></system-out>
  <system-err><![CDATA[WARNING: A Java agent has been loaded dynamically (/Users/sangwon-ryu/.gradle/caches/modules-2/files-2.1/net.bytebuddy/byte-buddy-agent/1.14.16/4a451ee6484abac3a498df0f3b33ed00a6fced4d/byte-buddy-agent-1.14.16.jar)
WARNING: If a serviceability tool is in use, please run with -XX:+EnableDynamicAgentLoading to hide this warning
WARNING: If a serviceability tool is not in use, please run with -Djdk.instrument.traceUsage for more information
WARNING: Dynamic loading of agents will be disallowed by default in a future release
]]></system-err>
</testsuite>
