<?xml version="1.0" encoding="UTF-8"?>
<testsuite name="com.wanted.preonboarding.auth.core.JwtAuthTokenTest" tests="3" skipped="0" failures="0" errors="0" timestamp="2024-05-27T08:52:35" hostname="lyusang-won-ui-MacBookPro.local" time="0.068">
  <properties/>
  <testcase name="토큰 파싱 테스트 - 잘못된 서명 토큰" classname="com.wanted.preonboarding.auth.core.JwtAuthTokenTest" time="0.04"/>
  <testcase name="토큰 생성 테스트" classname="com.wanted.preonboarding.auth.core.JwtAuthTokenTest" time="0.012"/>
  <testcase name="만료된 토큰 파싱 테스트" classname="com.wanted.preonboarding.auth.core.JwtAuthTokenTest" time="0.014"/>
  <system-out><![CDATA[]]></system-out>
  <system-err><![CDATA[]]></system-err>
</testsuite>
