<?xml version="1.0" encoding="UTF-8"?>
<testsuite name="com.wanted.preonboarding.module.product.controller.ProductControllerTest" tests="4" skipped="0" failures="0" errors="0" timestamp="2024-05-27T08:52:39" hostname="lyusang-won-ui-MacBookPro.local" time="0.451">
  <properties/>
  <testcase name="상품 목록 조회" classname="com.wanted.preonboarding.module.product.controller.ProductControllerTest" time="0.339"/>
  <testcase name="상품 등록 실패 - 비회원" classname="com.wanted.preonboarding.module.product.controller.ProductControllerTest" time="0.024"/>
  <testcase name="상품 조회" classname="com.wanted.preonboarding.module.product.controller.ProductControllerTest" time="0.042"/>
  <testcase name="상품 등록" classname="com.wanted.preonboarding.module.product.controller.ProductControllerTest" time="0.043"/>
  <system-out><![CDATA[2024-05-27T17:52:39.938+09:00  INFO 62512 --- [    Test worker] t.c.s.AnnotationConfigContextLoaderUtils : Could not detect default configuration classes for test class [com.wanted.preonboarding.module.product.controller.ProductControllerTest]: ProductControllerTest does not declare any static, non-private, non-final, nested classes annotated with @Configuration.
2024-05-27T17:52:39.950+09:00  INFO 62512 --- [    Test worker] .b.t.c.SpringBootTestContextBootstrapper : Found @SpringBootConfiguration com.wanted.preonboarding.PreonboardingApplication for test class com.wanted.preonboarding.module.product.controller.ProductControllerTest
2024-05-27T17:52:39.954+09:00  INFO 62512 --- [    Test worker] o.s.b.t.m.w.SpringBootMockServletContext : Initializing Spring TestDispatcherServlet ''
2024-05-27T17:52:39.955+09:00  INFO 62512 --- [    Test worker] o.s.t.web.servlet.TestDispatcherServlet  : Initializing Servlet ''
2024-05-27T17:52:39.955+09:00  INFO 62512 --- [    Test worker] o.s.t.web.servlet.TestDispatcherServlet  : Completed initialization in 0 ms

MockHttpServletRequest:
      HTTP Method = GET
      Request URI = /api/v1/products
       Parameters = {}
          Headers = [Content-Type:"application/json;charset=UTF-8"]
             Body = null
    Session Attrs = {}

Handler:
             Type = com.wanted.preonboarding.module.product.controller.ProductController
           Method = com.wanted.preonboarding.module.product.controller.ProductController#fetchProduct(ItemFilter, Pageable)

Async:
    Async started = false
     Async result = null

Resolved Exception:
             Type = null

ModelAndView:
        View name = null
             View = null
            Model = null

FlashMap:
       Attributes = null

MockHttpServletResponse:
           Status = 200
    Error message = null
          Headers = [Vary:"Origin", "Access-Control-Request-Method", "Access-Control-Request-Headers", Content-Type:"application/json;charset=UTF-8", X-Content-Type-Options:"nosniff", X-XSS-Protection:"0", Cache-Control:"no-cache, no-store, max-age=0, must-revalidate", Pragma:"no-cache", Expires:"0", X-Frame-Options:"DENY"]
     Content type = application/json;charset=UTF-8
             Body = {"data":{"content":[{"id":8923,"productName":"hrkzefmmje","price":90958711,"productStatus":"ON_STOCK","seller":"GPAmPaZow@wanted.com"},{"id":4033,"productName":"htjdzimhat","price":92317860,"productStatus":"ON_STOCK","seller":"GS@wanted.com"},{"id":4744,"productName":"opjpjalnfz","price":43414005,"productStatus":"ON_STOCK","seller":"GfUgfC@wanted.com"},{"id":7417,"productName":"humifgzpcs","price":72479304,"productStatus":"ON_STOCK","seller":"XgC@wanted.com"},{"id":5283,"productName":"rgcjwxukmw","price":87201213,"productStatus":"ON_STOCK","seller":"oaj@wanted.com"},{"id":5141,"productName":"bcodrmrxqp","price":89895138,"productStatus":"ON_STOCK","seller":"vwhP@wanted.com"},{"id":9347,"productName":"eqidxdvfmj","price":92158258,"productStatus":"ON_STOCK","seller":"tmTzK@wanted.com"},{"id":7127,"productName":"corcuoborl","price":62764981,"productStatus":"ON_STOCK","seller":"vBvw@wanted.com"},{"id":8113,"productName":"fxldcsakhk","price":16071899,"productStatus":"ON_STOCK","seller":"ESujp@wanted.com"},{"id":2007,"productName":"orpkhecsho","price":42136834,"productStatus":"ON_STOCK","seller":"wGUiS@wanted.com"}],"last":true,"first":true,"number":0,"sort":{"empty":true,"unsorted":true,"sorted":false},"size":5,"numberOfElements":10,"empty":false,"lastDomainId":2007,"cursorValue":null},"response":{"status":200,"message":"success"}}
    Forwarded URL = null
   Redirected URL = null
          Cookies = []
2024-05-27T17:52:40.295+09:00  INFO 62512 --- [    Test worker] o.s.b.t.m.w.SpringBootMockServletContext : Initializing Spring TestDispatcherServlet ''
2024-05-27T17:52:40.295+09:00  INFO 62512 --- [    Test worker] o.s.t.web.servlet.TestDispatcherServlet  : Initializing Servlet ''
2024-05-27T17:52:40.295+09:00  INFO 62512 --- [    Test worker] o.s.t.web.servlet.TestDispatcherServlet  : Completed initialization in 0 ms

MockHttpServletRequest:
      HTTP Method = POST
      Request URI = /api/v1/product
       Parameters = {}
          Headers = [Content-Type:"application/json;charset=UTF-8", Content-Length:"45"]
             Body = {"productName":"parzvrzhaa","price":93130681}
    Session Attrs = {}

Handler:
             Type = com.wanted.preonboarding.module.product.controller.ProductController
           Method = com.wanted.preonboarding.module.product.controller.ProductController#createProduct(CreateProduct)

Async:
    Async started = false
     Async result = null

Resolved Exception:
             Type = null

ModelAndView:
        View name = null
             View = null
            Model = null

FlashMap:
       Attributes = null

MockHttpServletResponse:
           Status = 401
    Error message = 로그인이 필요합니다.
          Headers = [Vary:"Origin", "Access-Control-Request-Method", "Access-Control-Request-Headers", X-Content-Type-Options:"nosniff", X-XSS-Protection:"0", Cache-Control:"no-cache, no-store, max-age=0, must-revalidate", Pragma:"no-cache", Expires:"0", X-Frame-Options:"DENY"]
     Content type = null
             Body = 
    Forwarded URL = null
   Redirected URL = null
          Cookies = []
2024-05-27T17:52:40.320+09:00  INFO 62512 --- [    Test worker] o.s.b.t.m.w.SpringBootMockServletContext : Initializing Spring TestDispatcherServlet ''
2024-05-27T17:52:40.320+09:00  INFO 62512 --- [    Test worker] o.s.t.web.servlet.TestDispatcherServlet  : Initializing Servlet ''
2024-05-27T17:52:40.320+09:00  INFO 62512 --- [    Test worker] o.s.t.web.servlet.TestDispatcherServlet  : Completed initialization in 0 ms

MockHttpServletRequest:
      HTTP Method = GET
      Request URI = /api/v1/product/8305
       Parameters = {}
          Headers = [Content-Type:"application/json;charset=UTF-8"]
             Body = null
    Session Attrs = {}

Handler:
             Type = com.wanted.preonboarding.module.product.controller.ProductController
           Method = com.wanted.preonboarding.module.product.controller.ProductController#fetchProduct(Long)

Async:
    Async started = false
     Async result = null

Resolved Exception:
             Type = null

ModelAndView:
        View name = null
             View = null
            Model = null

FlashMap:
       Attributes = null

MockHttpServletResponse:
           Status = 200
    Error message = null
          Headers = [Vary:"Origin", "Access-Control-Request-Method", "Access-Control-Request-Headers", Content-Type:"application/json;charset=UTF-8", X-Content-Type-Options:"nosniff", X-XSS-Protection:"0", Cache-Control:"no-cache, no-store, max-age=0, must-revalidate", Pragma:"no-cache", Expires:"0", X-Frame-Options:"DENY"]
     Content type = application/json;charset=UTF-8
             Body = {"data":{"id":8305,"productName":"xulpuaoble","price":29465982,"productStatus":"ON_STOCK","seller":"rZrvCy@wanted.com"},"response":{"status":200,"message":"success"}}
    Forwarded URL = null
   Redirected URL = null
          Cookies = []
2024-05-27T17:52:40.363+09:00  INFO 62512 --- [    Test worker] o.s.b.t.m.w.SpringBootMockServletContext : Initializing Spring TestDispatcherServlet ''
2024-05-27T17:52:40.363+09:00  INFO 62512 --- [    Test worker] o.s.t.web.servlet.TestDispatcherServlet  : Initializing Servlet ''
2024-05-27T17:52:40.363+09:00  INFO 62512 --- [    Test worker] o.s.t.web.servlet.TestDispatcherServlet  : Completed initialization in 0 ms

MockHttpServletRequest:
      HTTP Method = POST
      Request URI = /api/v1/product
       Parameters = {}
          Headers = [Content-Type:"application/json;charset=UTF-8", Authorization:"Bearer eyJhbGciOiJIUzI1NiJ9.eyJzdWIiOiJYRElpb0ZKTEB3YW50ZWQuY29tIiwicm9sZSI6Ik5PUk1BTCIsImlhdCI6MTcxNjc5OTk2MCwiZXhwIjoxNzE2ODAzNTYwfQ.526EcciXvgKkQr92aFWbUKK9Zv3rV-Ven6N3y3YyerY", Content-Length:"45"]
             Body = {"productName":"wagwbqzege","price":23464931}
    Session Attrs = {}

Handler:
             Type = com.wanted.preonboarding.module.product.controller.ProductController
           Method = com.wanted.preonboarding.module.product.controller.ProductController#createProduct(CreateProduct)

Async:
    Async started = false
     Async result = null

Resolved Exception:
             Type = null

ModelAndView:
        View name = null
             View = null
            Model = null

FlashMap:
       Attributes = null

MockHttpServletResponse:
           Status = 200
    Error message = null
          Headers = [Vary:"Origin", "Access-Control-Request-Method", "Access-Control-Request-Headers", Content-Type:"application/json;charset=UTF-8", X-Content-Type-Options:"nosniff", X-XSS-Protection:"0", Cache-Control:"no-cache, no-store, max-age=0, must-revalidate", Pragma:"no-cache", Expires:"0", X-Frame-Options:"DENY"]
     Content type = application/json;charset=UTF-8
             Body = {"data":{"id":9969,"productName":"wagwbqzege","price":23464931,"productStatus":"ON_STOCK","seller":"leIM@wanted.com"},"response":{"status":200,"message":"success"}}
    Forwarded URL = null
   Redirected URL = null
          Cookies = []
]]></system-out>
  <system-err><![CDATA[]]></system-err>
</testsuite>
