<?xml version="1.0" encoding="UTF-8"?>
<testsuite name="com.wanted.preonboarding.module.product.controller.ProductControllerTest" tests="5" skipped="0" failures="0" errors="0" timestamp="2024-05-30T09:12:12" hostname="lyusang-won-ui-MacBookPro.local" time="0.454">
  <properties/>
  <testcase name="상품 수정" classname="com.wanted.preonboarding.module.product.controller.ProductControllerTest" time="0.06"/>
  <testcase name="상품 목록 조회" classname="com.wanted.preonboarding.module.product.controller.ProductControllerTest" time="0.299"/>
  <testcase name="상품 등록 실패 - 비회원" classname="com.wanted.preonboarding.module.product.controller.ProductControllerTest" time="0.014"/>
  <testcase name="상품 조회" classname="com.wanted.preonboarding.module.product.controller.ProductControllerTest" time="0.039"/>
  <testcase name="상품 등록" classname="com.wanted.preonboarding.module.product.controller.ProductControllerTest" time="0.042"/>
  <system-out><![CDATA[2024-05-30T18:12:12.042+09:00  INFO 20790 --- [    Test worker] t.c.s.AnnotationConfigContextLoaderUtils : Could not detect default configuration classes for test class [com.wanted.preonboarding.module.product.controller.ProductControllerTest]: ProductControllerTest does not declare any static, non-private, non-final, nested classes annotated with @Configuration.
2024-05-30T18:12:12.056+09:00  INFO 20790 --- [    Test worker] .b.t.c.SpringBootTestContextBootstrapper : Found @SpringBootConfiguration com.wanted.preonboarding.PreonboardingApplication for test class com.wanted.preonboarding.module.product.controller.ProductControllerTest
2024-05-30T18:12:12.060+09:00  INFO 20790 --- [    Test worker] o.s.b.t.m.w.SpringBootMockServletContext : Initializing Spring TestDispatcherServlet ''
2024-05-30T18:12:12.060+09:00  INFO 20790 --- [    Test worker] o.s.t.web.servlet.TestDispatcherServlet  : Initializing Servlet ''
2024-05-30T18:12:12.060+09:00  INFO 20790 --- [    Test worker] o.s.t.web.servlet.TestDispatcherServlet  : Completed initialization in 0 ms

MockHttpServletRequest:
      HTTP Method = PATCH
      Request URI = /api/v1/product/6821
       Parameters = {}
          Headers = [Content-Type:"application/json;charset=UTF-8", Authorization:"Bearer eyJhbGciOiJIUzI1NiJ9.eyJzdWIiOiJJUEJpUWZAd2FudGVkLmNvbSIsInJvbGUiOiJOT1JNQUwiLCJpYXQiOjE3MTcwNjAzMzIsImV4cCI6MTcxNzA2MzkzMn0.4VqdlmdblB-Wbz9KZWP3vsH-lUXZtVpqqKf_JcIdE2w", Content-Length:"58"]
             Body = {"productName":"huhueqjxop","price":90316375,"quantity":2}
    Session Attrs = {}

Handler:
             Type = com.wanted.preonboarding.module.product.controller.ProductController
           Method = com.wanted.preonboarding.module.product.controller.ProductController#updateProduct(Long, CreateProduct)

Async:
    Async started = false
     Async result = null

Resolved Exception:
             Type = null

ModelAndView:
        View name = null
             View = null
            Model = null

FlashMap:
       Attributes = null

MockHttpServletResponse:
           Status = 200
    Error message = null
          Headers = [Vary:"Origin", "Access-Control-Request-Method", "Access-Control-Request-Headers", Content-Type:"application/json;charset=UTF-8", X-Content-Type-Options:"nosniff", X-XSS-Protection:"0", Cache-Control:"no-cache, no-store, max-age=0, must-revalidate", Pragma:"no-cache", Expires:"0", X-Frame-Options:"DENY"]
     Content type = application/json;charset=UTF-8
             Body = {"data":{"id":6821,"productName":"huhueqjxop","price":90316375,"productStatus":"ON_STOCK","seller":"ICHnZyrXsOxB@wanted.com","quantity":3990},"response":{"status":200,"message":"success"}}
    Forwarded URL = null
   Redirected URL = null
          Cookies = []
2024-05-30T18:12:12.120+09:00  INFO 20790 --- [    Test worker] o.s.b.t.m.w.SpringBootMockServletContext : Initializing Spring TestDispatcherServlet ''
2024-05-30T18:12:12.120+09:00  INFO 20790 --- [    Test worker] o.s.t.web.servlet.TestDispatcherServlet  : Initializing Servlet ''
2024-05-30T18:12:12.120+09:00  INFO 20790 --- [    Test worker] o.s.t.web.servlet.TestDispatcherServlet  : Completed initialization in 0 ms

MockHttpServletRequest:
      HTTP Method = GET
      Request URI = /api/v1/products
       Parameters = {}
          Headers = [Content-Type:"application/json;charset=UTF-8"]
             Body = null
    Session Attrs = {}

Handler:
             Type = com.wanted.preonboarding.module.product.controller.ProductController
           Method = com.wanted.preonboarding.module.product.controller.ProductController#fetchProduct(ItemFilter, Pageable)

Async:
    Async started = false
     Async result = null

Resolved Exception:
             Type = null

ModelAndView:
        View name = null
             View = null
            Model = null

FlashMap:
       Attributes = null

MockHttpServletResponse:
           Status = 200
    Error message = null
          Headers = [Vary:"Origin", "Access-Control-Request-Method", "Access-Control-Request-Headers", Content-Type:"application/json;charset=UTF-8", X-Content-Type-Options:"nosniff", X-XSS-Protection:"0", Cache-Control:"no-cache, no-store, max-age=0, must-revalidate", Pragma:"no-cache", Expires:"0", X-Frame-Options:"DENY"]
     Content type = application/json;charset=UTF-8
             Body = {"data":{"content":[{"id":1522,"productName":"pttdptjqit","price":12521238,"productStatus":"ON_STOCK","seller":"ijxjbUp@wanted.com","quantity":2720},{"id":2133,"productName":"brwzetzbdt","price":1272533,"productStatus":"ON_STOCK","seller":"RMUzvUbSHWgM@wanted.com","quantity":5836},{"id":1356,"productName":"mrrbkobjja","price":52981003,"productStatus":"ON_STOCK","seller":"kCLKcjJIi@wanted.com","quantity":6040},{"id":3489,"productName":"ihptyjnpks","price":9585191,"productStatus":"ON_STOCK","seller":"ssW@wanted.com","quantity":178},{"id":7918,"productName":"chmbquabhk","price":48905758,"productStatus":"ON_STOCK","seller":"eiitPwPoNmSjN@wanted.com","quantity":2716},{"id":7945,"productName":"ryuospwlud","price":33833855,"productStatus":"ON_STOCK","seller":"sLaqcMfk@wanted.com","quantity":2295},{"id":1981,"productName":"tsrdybvvhx","price":95281264,"productStatus":"ON_STOCK","seller":"nSiVVu@wanted.com","quantity":177},{"id":3733,"productName":"bjuxawqtjx","price":52096428,"productStatus":"ON_STOCK","seller":"HpoodEqQIOGBP@wanted.com","quantity":6768},{"id":7136,"productName":"cpduzqycbd","price":51912655,"productStatus":"ON_STOCK","seller":"yMiWchJJkq@wanted.com","quantity":2632},{"id":5654,"productName":"onjzartppa","price":3096209,"productStatus":"ON_STOCK","seller":"FURfDN@wanted.com","quantity":121}],"last":true,"first":true,"number":0,"sort":{"empty":true,"unsorted":true,"sorted":false},"size":5,"numberOfElements":10,"empty":false,"lastDomainId":5654},"response":{"status":200,"message":"success"}}
    Forwarded URL = null
   Redirected URL = null
          Cookies = []
2024-05-30T18:12:12.419+09:00  INFO 20790 --- [    Test worker] o.s.b.t.m.w.SpringBootMockServletContext : Initializing Spring TestDispatcherServlet ''
2024-05-30T18:12:12.419+09:00  INFO 20790 --- [    Test worker] o.s.t.web.servlet.TestDispatcherServlet  : Initializing Servlet ''
2024-05-30T18:12:12.419+09:00  INFO 20790 --- [    Test worker] o.s.t.web.servlet.TestDispatcherServlet  : Completed initialization in 0 ms

MockHttpServletRequest:
      HTTP Method = POST
      Request URI = /api/v1/product
       Parameters = {}
          Headers = [Content-Type:"application/json;charset=UTF-8", Content-Length:"57"]
             Body = {"productName":"rfqblwkaty","price":3645745,"quantity":4}
    Session Attrs = {}

Handler:
             Type = com.wanted.preonboarding.module.product.controller.ProductController
           Method = com.wanted.preonboarding.module.product.controller.ProductController#createProduct(CreateProduct)

Async:
    Async started = false
     Async result = null

Resolved Exception:
             Type = null

ModelAndView:
        View name = null
             View = null
            Model = null

FlashMap:
       Attributes = null

MockHttpServletResponse:
           Status = 401
    Error message = 로그인이 필요합니다.
          Headers = [Vary:"Origin", "Access-Control-Request-Method", "Access-Control-Request-Headers", X-Content-Type-Options:"nosniff", X-XSS-Protection:"0", Cache-Control:"no-cache, no-store, max-age=0, must-revalidate", Pragma:"no-cache", Expires:"0", X-Frame-Options:"DENY"]
     Content type = null
             Body = 
    Forwarded URL = null
   Redirected URL = null
          Cookies = []
2024-05-30T18:12:12.433+09:00  INFO 20790 --- [    Test worker] o.s.b.t.m.w.SpringBootMockServletContext : Initializing Spring TestDispatcherServlet ''
2024-05-30T18:12:12.433+09:00  INFO 20790 --- [    Test worker] o.s.t.web.servlet.TestDispatcherServlet  : Initializing Servlet ''
2024-05-30T18:12:12.433+09:00  INFO 20790 --- [    Test worker] o.s.t.web.servlet.TestDispatcherServlet  : Completed initialization in 0 ms

MockHttpServletRequest:
      HTTP Method = GET
      Request URI = /api/v1/product/2954
       Parameters = {}
          Headers = [Content-Type:"application/json;charset=UTF-8"]
             Body = null
    Session Attrs = {}

Handler:
             Type = com.wanted.preonboarding.module.product.controller.ProductController
           Method = com.wanted.preonboarding.module.product.controller.ProductController#fetchProduct(Long)

Async:
    Async started = false
     Async result = null

Resolved Exception:
             Type = null

ModelAndView:
        View name = null
             View = null
            Model = null

FlashMap:
       Attributes = null

MockHttpServletResponse:
           Status = 200
    Error message = null
          Headers = [Vary:"Origin", "Access-Control-Request-Method", "Access-Control-Request-Headers", Content-Type:"application/json;charset=UTF-8", X-Content-Type-Options:"nosniff", X-XSS-Protection:"0", Cache-Control:"no-cache, no-store, max-age=0, must-revalidate", Pragma:"no-cache", Expires:"0", X-Frame-Options:"DENY"]
     Content type = application/json;charset=UTF-8
             Body = {"data":{"id":2954,"productName":"gcfzmmokez","price":57430488,"productStatus":"ON_STOCK","seller":"nrouF@wanted.com","quantity":8979},"response":{"status":200,"message":"success"}}
    Forwarded URL = null
   Redirected URL = null
          Cookies = []
2024-05-30T18:12:12.472+09:00  INFO 20790 --- [    Test worker] o.s.b.t.m.w.SpringBootMockServletContext : Initializing Spring TestDispatcherServlet ''
2024-05-30T18:12:12.472+09:00  INFO 20790 --- [    Test worker] o.s.t.web.servlet.TestDispatcherServlet  : Initializing Servlet ''
2024-05-30T18:12:12.472+09:00  INFO 20790 --- [    Test worker] o.s.t.web.servlet.TestDispatcherServlet  : Completed initialization in 0 ms

MockHttpServletRequest:
      HTTP Method = POST
      Request URI = /api/v1/product
       Parameters = {}
          Headers = [Content-Type:"application/json;charset=UTF-8", Authorization:"Bearer eyJhbGciOiJIUzI1NiJ9.eyJzdWIiOiJYRE9tanFZc2FAd2FudGVkLmNvbSIsInJvbGUiOiJOT1JNQUwiLCJpYXQiOjE3MTcwNjAzMzIsImV4cCI6MTcxNzA2MzkzMn0.vhHW3aFp9N-Yiq24F-aatp9vxM23gmhYhcKqLSEKnrQ", Content-Length:"58"]
             Body = {"productName":"eqlniwkdjy","price":38507199,"quantity":8}
    Session Attrs = {}

Handler:
             Type = com.wanted.preonboarding.module.product.controller.ProductController
           Method = com.wanted.preonboarding.module.product.controller.ProductController#createProduct(CreateProduct)

Async:
    Async started = false
     Async result = null

Resolved Exception:
             Type = null

ModelAndView:
        View name = null
             View = null
            Model = null

FlashMap:
       Attributes = null

MockHttpServletResponse:
           Status = 200
    Error message = null
          Headers = [Vary:"Origin", "Access-Control-Request-Method", "Access-Control-Request-Headers", Content-Type:"application/json;charset=UTF-8", X-Content-Type-Options:"nosniff", X-XSS-Protection:"0", Cache-Control:"no-cache, no-store, max-age=0, must-revalidate", Pragma:"no-cache", Expires:"0", X-Frame-Options:"DENY"]
     Content type = application/json;charset=UTF-8
             Body = {"data":{"id":2138,"productName":"eqlniwkdjy","price":38507199,"productStatus":"ON_STOCK","seller":"XPlwlsn@wanted.com","quantity":1216},"response":{"status":200,"message":"success"}}
    Forwarded URL = null
   Redirected URL = null
          Cookies = []
]]></system-out>
  <system-err><![CDATA[]]></system-err>
</testsuite>
