<?xml version="1.0" encoding="UTF-8"?>
<testsuite name="com.wanted.preonboarding.module.order.service.strategy.OrderSettlementUpdateServiceTest" tests="1" skipped="0" failures="0" errors="0" timestamp="2024-05-28T07:23:08" hostname="lyusang-won-ui-MacBookPro.local" time="0.05">
  <properties/>
  <testcase name="주문 상태 업데이트 - SETTLEMENT 상태로 변경" classname="com.wanted.preonboarding.module.order.service.strategy.OrderSettlementUpdateServiceTest" time="0.05"/>
  <system-out><![CDATA[]]></system-out>
  <system-err><![CDATA[]]></system-err>
</testsuite>
