<?xml version="1.0" encoding="UTF-8"?>
<testsuite name="com.wanted.preonboarding.document.CommonDocControllerTest" tests="2" skipped="0" failures="0" errors="0" timestamp="2024-05-30T09:18:01" hostname="lyusang-won-ui-MacBookPro.local" time="0.064">
  <properties/>
  <testcase name="errorSample()" classname="com.wanted.preonboarding.document.CommonDocControllerTest" time="0.032"/>
  <testcase name="enums()" classname="com.wanted.preonboarding.document.CommonDocControllerTest" time="0.032"/>
  <system-out><![CDATA[2024-05-30T18:18:00.897+09:00  INFO 21571 --- [    Test worker] t.c.s.AnnotationConfigContextLoaderUtils : Could not detect default configuration classes for test class [com.wanted.preonboarding.document.CommonDocControllerTest]: CommonDocControllerTest does not declare any static, non-private, non-final, nested classes annotated with @Configuration.
2024-05-30T18:18:00.917+09:00  INFO 21571 --- [    Test worker] .b.t.c.SpringBootTestContextBootstrapper : Found @SpringBootConfiguration com.wanted.preonboarding.PreonboardingApplication for test class com.wanted.preonboarding.document.CommonDocControllerTest
  .   ____          _            __ _ _
 /\\ / ___'_ __ _ _(_)_ __  __ _ \ \ \ \
( ( )\___ | '_ | '_| | '_ \/ _` | \ \ \ \
 \\/  ___)| |_)| | | | | || (_| |  ) ) ) )
  '  |____| .__|_| |_|_| |_\__, | / / / /
 =========|_|==============|___/=/_/_/_/

 :: Spring Boot ::                (v3.3.0)

2024-05-30T18:18:00.934+09:00  INFO 21571 --- [    Test worker] c.w.p.document.CommonDocControllerTest   : Starting CommonDocControllerTest using Java 21.0.3 with PID 21571 (started by sangwon-ryu in /Users/sangwon-ryu/wanted-preonboarding-challenge-backend-20)
2024-05-30T18:18:00.934+09:00 DEBUG 21571 --- [    Test worker] c.w.p.document.CommonDocControllerTest   : Running with Spring Boot v3.3.0, Spring v6.1.8
2024-05-30T18:18:00.934+09:00  INFO 21571 --- [    Test worker] c.w.p.document.CommonDocControllerTest   : No active profile set, falling back to 1 default profile: "default"
2024-05-30T18:18:01.065+09:00  WARN 21571 --- [    Test worker] .s.s.UserDetailsServiceAutoConfiguration : 

Using generated security password: fb29fb16-6b3f-40a5-8997-7d860b17f009

This generated password is for development use only. Your security configuration must be updated before running your application in production.

2024-05-30T18:18:01.065+09:00  WARN 21571 --- [    Test worker] r$InitializeUserDetailsManagerConfigurer : Found 2 UserDetailsService beans, with names [inMemoryUserDetailsManager, com.wanted.preonboarding.auth.service.CustomDetailUserService#0]. Global Authentication Manager will not use a UserDetailsService for username/password login. Consider publishing a single UserDetailsService bean.
2024-05-30T18:18:01.109+09:00  INFO 21571 --- [    Test worker] o.s.s.web.DefaultSecurityFilterChain     : Will secure any request with [org.springframework.security.web.session.DisableEncodeUrlFilter@2d0584c0, org.springframework.security.web.context.request.async.WebAsyncManagerIntegrationFilter@259ec563, org.springframework.security.web.context.SecurityContextHolderFilter@24d70c5, org.springframework.security.web.header.HeaderWriterFilter@27636d72, org.springframework.web.filter.CorsFilter@61f5ee9d, org.springframework.security.web.authentication.logout.LogoutFilter@43296744, com.wanted.preonboarding.auth.filter.JwtAuthenticationFilter@4284bd5, org.springframework.security.web.savedrequest.RequestCacheAwareFilter@5d9627d3, org.springframework.security.web.servletapi.SecurityContextHolderAwareRequestFilter@61a2d9ee, org.springframework.security.web.authentication.AnonymousAuthenticationFilter@58afc14, org.springframework.security.web.session.SessionManagementFilter@7c56f684, org.springframework.security.web.access.ExceptionTranslationFilter@1a18b38c, org.springframework.security.web.access.intercept.AuthorizationFilter@5877a9e7]
2024-05-30T18:18:01.142+09:00 DEBUG 21571 --- [    Test worker] c.w.p.auth.filter.CustomLoggingFilter    : Filter 'loggingFilterRegistration' configured for use
2024-05-30T18:18:01.142+09:00 DEBUG 21571 --- [    Test worker] c.w.p.auth.filter.CustomLoggingFilter    : Filter 'customLoggingFilter' configured for use
2024-05-30T18:18:01.142+09:00  INFO 21571 --- [    Test worker] o.s.b.t.m.w.SpringBootMockServletContext : Initializing Spring TestDispatcherServlet ''
2024-05-30T18:18:01.142+09:00  INFO 21571 --- [    Test worker] o.s.t.web.servlet.TestDispatcherServlet  : Initializing Servlet ''
2024-05-30T18:18:01.143+09:00  INFO 21571 --- [    Test worker] o.s.t.web.servlet.TestDispatcherServlet  : Completed initialization in 1 ms
2024-05-30T18:18:01.147+09:00  INFO 21571 --- [    Test worker] c.w.p.document.CommonDocControllerTest   : Started CommonDocControllerTest in 0.228 seconds (process running for 5.759)
2024-05-30T18:18:01.151+09:00  INFO 21571 --- [    Test worker] o.s.b.t.m.w.SpringBootMockServletContext : Initializing Spring TestDispatcherServlet ''
2024-05-30T18:18:01.151+09:00  INFO 21571 --- [    Test worker] o.s.t.web.servlet.TestDispatcherServlet  : Initializing Servlet ''
2024-05-30T18:18:01.151+09:00  INFO 21571 --- [    Test worker] o.s.t.web.servlet.TestDispatcherServlet  : Completed initialization in 0 ms

MockHttpServletRequest:
      HTTP Method = POST
      Request URI = /test/error
       Parameters = {}
          Headers = [Content-Type:"application/json;charset=UTF-8", Content-Length:"35"]
             Body = {"name":"name","email":"hhh.naver"}
    Session Attrs = {}

Handler:
             Type = com.wanted.preonboarding.document.CommonDocController
           Method = com.wanted.preonboarding.document.CommonDocController#errorSample(SampleRequest)

Async:
    Async started = false
     Async result = null

Resolved Exception:
             Type = org.springframework.web.bind.MethodArgumentNotValidException

ModelAndView:
        View name = null
             View = null
            Model = null

FlashMap:
       Attributes = null

MockHttpServletResponse:
           Status = 400
    Error message = null
          Headers = [Vary:"Origin", "Access-Control-Request-Method", "Access-Control-Request-Headers", Content-Type:"application/json;charset=UTF-8", X-Content-Type-Options:"nosniff", X-XSS-Protection:"0", Cache-Control:"no-cache, no-store, max-age=0, must-revalidate", Pragma:"no-cache", Expires:"0", X-Frame-Options:"DENY"]
     Content type = application/json;charset=UTF-8
             Body = {"status":400,"message":"email must be a well-formed email address","timestamp":"2024-05-30 18:18:01","error":"BeanPropertyBindingResult"}
    Forwarded URL = null
   Redirected URL = null
          Cookies = []
2024-05-30T18:18:01.183+09:00  INFO 21571 --- [    Test worker] o.s.b.t.m.w.SpringBootMockServletContext : Initializing Spring TestDispatcherServlet ''
2024-05-30T18:18:01.183+09:00  INFO 21571 --- [    Test worker] o.s.t.web.servlet.TestDispatcherServlet  : Initializing Servlet ''
2024-05-30T18:18:01.183+09:00  INFO 21571 --- [    Test worker] o.s.t.web.servlet.TestDispatcherServlet  : Completed initialization in 0 ms

MockHttpServletRequest:
      HTTP Method = GET
      Request URI = /test/enums
       Parameters = {}
          Headers = [Content-Type:"application/json;charset=UTF-8"]
             Body = null
    Session Attrs = {}

Handler:
             Type = com.wanted.preonboarding.document.CommonDocController
           Method = com.wanted.preonboarding.document.CommonDocController#findEnums()

Async:
    Async started = false
     Async result = null

Resolved Exception:
             Type = null

ModelAndView:
        View name = null
             View = null
            Model = null

FlashMap:
       Attributes = null

MockHttpServletResponse:
           Status = 200
    Error message = null
          Headers = [Vary:"Origin", "Access-Control-Request-Method", "Access-Control-Request-Headers", Content-Type:"application/json;charset=UTF-8", X-Content-Type-Options:"nosniff", X-XSS-Protection:"0", Cache-Control:"no-cache, no-store, max-age=0, must-revalidate", Pragma:"no-cache", Expires:"0", X-Frame-Options:"DENY"]
     Content type = application/json;charset=UTF-8
             Body = {"data":{"redisKey":{"USERS_ENTITY":"REDIS KEY :  users_entity, '\n'REDIS TTL :  36000","ORDER_LOCK":"REDIS KEY :  order_lock, '\n'REDIS TTL :  1","PRODUCT_ENTITY":"REDIS KEY :  product_entity, '\n'REDIS TTL :  36000","REFRESH_TOKEN":"REDIS KEY :  refresh_token, '\n'REDIS TTL :  36000","PRODUCT_QUEUE":"REDIS KEY :  product_queue, '\n'REDIS TTL :  1","USERS":"REDIS KEY :  users, '\n'REDIS TTL :  36000"},"yn":{"Y":"Y means YES, N meas NO","N":"Y means YES, N meas NO"},"memberShip":{"GUEST":"USER MEMBERSHIP","NORMAL":"USER MEMBERSHIP"},"jwtErrorEnum":{"UNSUPPORTED_TOKEN":"Unsupported JWT token.","MALFORMED_TOKEN":"Invalid JWT token.","ILLEGAL_ARGUMENT":"JWT token compact of handler are invalid.","INVALID_SIGNATURE":"Invalid JWT signature.","EXPIRED_TOKEN":"Expired JWT token."},"productStatus":{"OUT_OF_STOCK":"제품의 판매 상태 품절","ON_STOCK":"제품의 판매 상태 판매중","BOOKING":"제품의 판매 상태 예약중"},"orderType":{"PAST":"id ASC","LATEST":"id DESC"},"orderStatus":{"COMPLETED":"예약중","ORDERED":"판매중","SETTLEMENT":"완료"},"userRole":{"BUYER":"판매자 / 구매자","SELLER":"판매자 / 구매자"}}}
    Forwarded URL = null
   Redirected URL = null
          Cookies = []
]]></system-out>
  <system-err><![CDATA[]]></system-err>
</testsuite>
