<?xml version="1.0" encoding="UTF-8"?>
<testsuite name="com.wanted.preonboarding.PreonboardingApplicationTests" tests="1" skipped="0" failures="0" errors="0" timestamp="2024-05-30T00:37:56" hostname="lyusang-won-ui-MacBookPro.local" time="0.006">
  <properties/>
  <testcase name="contextLoads()" classname="com.wanted.preonboarding.PreonboardingApplicationTests" time="0.006"/>
  <system-out><![CDATA[09:37:53.991 [Test worker] INFO org.springframework.test.context.support.AnnotationConfigContextLoaderUtils -- Could not detect default configuration classes for test class [com.wanted.preonboarding.PreonboardingApplicationTests]: PreonboardingApplicationTests does not declare any static, non-private, non-final, nested classes annotated with @Configuration.
09:37:54.048 [Test worker] INFO org.springframework.boot.test.context.SpringBootTestContextBootstrapper -- Found @SpringBootConfiguration com.wanted.preonboarding.PreonboardingApplication for test class com.wanted.preonboarding.PreonboardingApplicationTests
  .   ____          _            __ _ _
 /\\ / ___'_ __ _ _(_)_ __  __ _ \ \ \ \
( ( )\___ | '_ | '_| | '_ \/ _` | \ \ \ \
 \\/  ___)| |_)| | | | | || (_| |  ) ) ) )
  '  |____| .__|_| |_|_| |_\__, | / / / /
 =========|_|==============|___/=/_/_/_/

 :: Spring Boot ::                (v3.3.0)

2024-05-30T09:37:54.231+09:00  INFO 8150 --- [    Test worker] c.w.p.PreonboardingApplicationTests      : Starting PreonboardingApplicationTests using Java 21.0.3 with PID 8150 (started by sangwon-ryu in /Users/sangwon-ryu/wanted-preonboarding-challenge-backend-20)
2024-05-30T09:37:54.232+09:00 DEBUG 8150 --- [    Test worker] c.w.p.PreonboardingApplicationTests      : Running with Spring Boot v3.3.0, Spring v6.1.8
2024-05-30T09:37:54.232+09:00  INFO 8150 --- [    Test worker] c.w.p.PreonboardingApplicationTests      : No active profile set, falling back to 1 default profile: "default"
2024-05-30T09:37:54.605+09:00  INFO 8150 --- [    Test worker] .s.d.r.c.RepositoryConfigurationDelegate : Multiple Spring Data modules found, entering strict repository configuration mode
2024-05-30T09:37:54.606+09:00  INFO 8150 --- [    Test worker] .s.d.r.c.RepositoryConfigurationDelegate : Bootstrapping Spring Data JPA repositories in DEFAULT mode.
2024-05-30T09:37:54.692+09:00  INFO 8150 --- [    Test worker] .s.d.r.c.RepositoryConfigurationDelegate : Finished Spring Data repository scanning in 82 ms. Found 3 JPA repository interfaces.
2024-05-30T09:37:54.698+09:00  INFO 8150 --- [    Test worker] .s.d.r.c.RepositoryConfigurationDelegate : Multiple Spring Data modules found, entering strict repository configuration mode
2024-05-30T09:37:54.699+09:00  INFO 8150 --- [    Test worker] .s.d.r.c.RepositoryConfigurationDelegate : Bootstrapping Spring Data Redis repositories in DEFAULT mode.
2024-05-30T09:37:54.709+09:00  INFO 8150 --- [    Test worker] .RepositoryConfigurationExtensionSupport : Spring Data Redis - Could not safely identify store assignment for repository candidate interface com.wanted.preonboarding.module.order.repository.OrderRepository; If you want this repository to be a Redis repository, consider annotating your entities with one of these annotations: org.springframework.data.redis.core.RedisHash (preferred), or consider extending one of the following types with your repository: org.springframework.data.keyvalue.repository.KeyValueRepository
2024-05-30T09:37:54.709+09:00  INFO 8150 --- [    Test worker] .RepositoryConfigurationExtensionSupport : Spring Data Redis - Could not safely identify store assignment for repository candidate interface com.wanted.preonboarding.module.product.repository.ProductRepository; If you want this repository to be a Redis repository, consider annotating your entities with one of these annotations: org.springframework.data.redis.core.RedisHash (preferred), or consider extending one of the following types with your repository: org.springframework.data.keyvalue.repository.KeyValueRepository
2024-05-30T09:37:54.709+09:00  INFO 8150 --- [    Test worker] .RepositoryConfigurationExtensionSupport : Spring Data Redis - Could not safely identify store assignment for repository candidate interface com.wanted.preonboarding.module.user.repository.UserRepository; If you want this repository to be a Redis repository, consider annotating your entities with one of these annotations: org.springframework.data.redis.core.RedisHash (preferred), or consider extending one of the following types with your repository: org.springframework.data.keyvalue.repository.KeyValueRepository
2024-05-30T09:37:54.709+09:00  INFO 8150 --- [    Test worker] .s.d.r.c.RepositoryConfigurationDelegate : Finished Spring Data repository scanning in 7 ms. Found 0 Redis repository interfaces.
2024-05-30T09:37:54.982+09:00 DEBUG 8150 --- [    Test worker] com.zaxxer.hikari.HikariConfig           : Driver class org.h2.Driver found in Thread context class loader jdk.internal.loader.ClassLoaders$AppClassLoader@1cf4f579
2024-05-30T09:37:55.042+09:00  INFO 8150 --- [    Test worker] o.hibernate.jpa.internal.util.LogHelper  : HHH000204: Processing PersistenceUnitInfo [name: default]
2024-05-30T09:37:55.063+09:00  INFO 8150 --- [    Test worker] org.hibernate.Version                    : HHH000412: Hibernate ORM core version 6.5.2.Final
2024-05-30T09:37:55.077+09:00  INFO 8150 --- [    Test worker] o.h.c.internal.RegionFactoryInitiator    : HHH000026: Second-level cache disabled
2024-05-30T09:37:55.134+09:00  INFO 8150 --- [    Test worker] o.s.o.j.p.SpringPersistenceUnitInfo      : No LoadTimeWeaver setup: ignoring JPA class transformer
2024-05-30T09:37:55.146+09:00 DEBUG 8150 --- [    Test worker] com.zaxxer.hikari.HikariConfig           : jpa-hikari-pool - configuration:
2024-05-30T09:37:55.148+09:00 DEBUG 8150 --- [    Test worker] com.zaxxer.hikari.HikariConfig           : allowPoolSuspension.............false
2024-05-30T09:37:55.148+09:00 DEBUG 8150 --- [    Test worker] com.zaxxer.hikari.HikariConfig           : autoCommit......................true
2024-05-30T09:37:55.148+09:00 DEBUG 8150 --- [    Test worker] com.zaxxer.hikari.HikariConfig           : catalog.........................none
2024-05-30T09:37:55.148+09:00 DEBUG 8150 --- [    Test worker] com.zaxxer.hikari.HikariConfig           : connectionInitSql...............none
2024-05-30T09:37:55.148+09:00 DEBUG 8150 --- [    Test worker] com.zaxxer.hikari.HikariConfig           : connectionTestQuery.............none
2024-05-30T09:37:55.148+09:00 DEBUG 8150 --- [    Test worker] com.zaxxer.hikari.HikariConfig           : connectionTimeout...............30000
2024-05-30T09:37:55.149+09:00 DEBUG 8150 --- [    Test worker] com.zaxxer.hikari.HikariConfig           : dataSource......................none
2024-05-30T09:37:55.149+09:00 DEBUG 8150 --- [    Test worker] com.zaxxer.hikari.HikariConfig           : dataSourceClassName.............none
2024-05-30T09:37:55.149+09:00 DEBUG 8150 --- [    Test worker] com.zaxxer.hikari.HikariConfig           : dataSourceJNDI..................none
2024-05-30T09:37:55.149+09:00 DEBUG 8150 --- [    Test worker] com.zaxxer.hikari.HikariConfig           : dataSourceProperties............{password=<masked>}
2024-05-30T09:37:55.149+09:00 DEBUG 8150 --- [    Test worker] com.zaxxer.hikari.HikariConfig           : driverClassName................."org.h2.Driver"
2024-05-30T09:37:55.149+09:00 DEBUG 8150 --- [    Test worker] com.zaxxer.hikari.HikariConfig           : exceptionOverrideClassName......none
2024-05-30T09:37:55.149+09:00 DEBUG 8150 --- [    Test worker] com.zaxxer.hikari.HikariConfig           : healthCheckProperties...........{}
2024-05-30T09:37:55.149+09:00 DEBUG 8150 --- [    Test worker] com.zaxxer.hikari.HikariConfig           : healthCheckRegistry.............none
2024-05-30T09:37:55.150+09:00 DEBUG 8150 --- [    Test worker] com.zaxxer.hikari.HikariConfig           : idleTimeout.....................600000
2024-05-30T09:37:55.150+09:00 DEBUG 8150 --- [    Test worker] com.zaxxer.hikari.HikariConfig           : initializationFailTimeout.......1
2024-05-30T09:37:55.150+09:00 DEBUG 8150 --- [    Test worker] com.zaxxer.hikari.HikariConfig           : isolateInternalQueries..........false
2024-05-30T09:37:55.150+09:00 DEBUG 8150 --- [    Test worker] com.zaxxer.hikari.HikariConfig           : jdbcUrl.........................jdbc:h2:mem:testdb;MODE=MySQL;
2024-05-30T09:37:55.150+09:00 DEBUG 8150 --- [    Test worker] com.zaxxer.hikari.HikariConfig           : keepaliveTime...................0
2024-05-30T09:37:55.150+09:00 DEBUG 8150 --- [    Test worker] com.zaxxer.hikari.HikariConfig           : leakDetectionThreshold..........0
2024-05-30T09:37:55.150+09:00 DEBUG 8150 --- [    Test worker] com.zaxxer.hikari.HikariConfig           : maxLifetime.....................1800000
2024-05-30T09:37:55.150+09:00 DEBUG 8150 --- [    Test worker] com.zaxxer.hikari.HikariConfig           : maximumPoolSize.................10
2024-05-30T09:37:55.150+09:00 DEBUG 8150 --- [    Test worker] com.zaxxer.hikari.HikariConfig           : metricRegistry..................none
2024-05-30T09:37:55.150+09:00 DEBUG 8150 --- [    Test worker] com.zaxxer.hikari.HikariConfig           : metricsTrackerFactory...........none
2024-05-30T09:37:55.150+09:00 DEBUG 8150 --- [    Test worker] com.zaxxer.hikari.HikariConfig           : minimumIdle.....................10
2024-05-30T09:37:55.150+09:00 DEBUG 8150 --- [    Test worker] com.zaxxer.hikari.HikariConfig           : password........................<masked>
2024-05-30T09:37:55.150+09:00 DEBUG 8150 --- [    Test worker] com.zaxxer.hikari.HikariConfig           : poolName........................"jpa-hikari-pool"
2024-05-30T09:37:55.151+09:00 DEBUG 8150 --- [    Test worker] com.zaxxer.hikari.HikariConfig           : readOnly........................false
2024-05-30T09:37:55.151+09:00 DEBUG 8150 --- [    Test worker] com.zaxxer.hikari.HikariConfig           : registerMbeans..................false
2024-05-30T09:37:55.151+09:00 DEBUG 8150 --- [    Test worker] com.zaxxer.hikari.HikariConfig           : scheduledExecutor...............none
2024-05-30T09:37:55.151+09:00 DEBUG 8150 --- [    Test worker] com.zaxxer.hikari.HikariConfig           : schema..........................none
2024-05-30T09:37:55.151+09:00 DEBUG 8150 --- [    Test worker] com.zaxxer.hikari.HikariConfig           : threadFactory...................internal
2024-05-30T09:37:55.151+09:00 DEBUG 8150 --- [    Test worker] com.zaxxer.hikari.HikariConfig           : transactionIsolation............default
2024-05-30T09:37:55.151+09:00 DEBUG 8150 --- [    Test worker] com.zaxxer.hikari.HikariConfig           : username........................"sa"
2024-05-30T09:37:55.151+09:00 DEBUG 8150 --- [    Test worker] com.zaxxer.hikari.HikariConfig           : validationTimeout...............5000
2024-05-30T09:37:55.151+09:00  INFO 8150 --- [    Test worker] com.zaxxer.hikari.HikariDataSource       : jpa-hikari-pool - Starting...
2024-05-30T09:37:55.253+09:00  INFO 8150 --- [    Test worker] com.zaxxer.hikari.pool.HikariPool        : jpa-hikari-pool - Added connection conn0: url=jdbc:h2:mem:testdb user=SA
2024-05-30T09:37:55.254+09:00  INFO 8150 --- [    Test worker] com.zaxxer.hikari.HikariDataSource       : jpa-hikari-pool - Start completed.
2024-05-30T09:37:55.359+09:00 DEBUG 8150 --- [ool housekeeper] com.zaxxer.hikari.pool.HikariPool        : jpa-hikari-pool - Pool stats (total=1, active=0, idle=1, waiting=0)
2024-05-30T09:37:55.360+09:00 DEBUG 8150 --- [onnection adder] com.zaxxer.hikari.pool.HikariPool        : jpa-hikari-pool - Added connection conn1: url=jdbc:h2:mem:testdb user=SA
2024-05-30T09:37:55.393+09:00 DEBUG 8150 --- [onnection adder] com.zaxxer.hikari.pool.HikariPool        : jpa-hikari-pool - After adding stats (total=2, active=0, idle=2, waiting=0)
2024-05-30T09:37:55.393+09:00 DEBUG 8150 --- [onnection adder] com.zaxxer.hikari.pool.HikariPool        : jpa-hikari-pool - Added connection conn2: url=jdbc:h2:mem:testdb user=SA
2024-05-30T09:37:55.428+09:00 DEBUG 8150 --- [onnection adder] com.zaxxer.hikari.pool.HikariPool        : jpa-hikari-pool - After adding stats (total=3, active=0, idle=3, waiting=0)
2024-05-30T09:37:55.429+09:00 DEBUG 8150 --- [onnection adder] com.zaxxer.hikari.pool.HikariPool        : jpa-hikari-pool - Added connection conn3: url=jdbc:h2:mem:testdb user=SA
2024-05-30T09:37:55.464+09:00 DEBUG 8150 --- [onnection adder] com.zaxxer.hikari.pool.HikariPool        : jpa-hikari-pool - After adding stats (total=4, active=0, idle=4, waiting=0)
2024-05-30T09:37:55.464+09:00 DEBUG 8150 --- [onnection adder] com.zaxxer.hikari.pool.HikariPool        : jpa-hikari-pool - Added connection conn4: url=jdbc:h2:mem:testdb user=SA
2024-05-30T09:37:55.497+09:00 DEBUG 8150 --- [onnection adder] com.zaxxer.hikari.pool.HikariPool        : jpa-hikari-pool - After adding stats (total=5, active=0, idle=5, waiting=0)
2024-05-30T09:37:55.497+09:00 DEBUG 8150 --- [onnection adder] com.zaxxer.hikari.pool.HikariPool        : jpa-hikari-pool - Added connection conn5: url=jdbc:h2:mem:testdb user=SA
2024-05-30T09:37:55.530+09:00 DEBUG 8150 --- [onnection adder] com.zaxxer.hikari.pool.HikariPool        : jpa-hikari-pool - After adding stats (total=6, active=0, idle=6, waiting=0)
2024-05-30T09:37:55.531+09:00 DEBUG 8150 --- [onnection adder] com.zaxxer.hikari.pool.HikariPool        : jpa-hikari-pool - Added connection conn6: url=jdbc:h2:mem:testdb user=SA
2024-05-30T09:37:55.564+09:00 DEBUG 8150 --- [onnection adder] com.zaxxer.hikari.pool.HikariPool        : jpa-hikari-pool - After adding stats (total=7, active=0, idle=7, waiting=0)
2024-05-30T09:37:55.564+09:00 DEBUG 8150 --- [onnection adder] com.zaxxer.hikari.pool.HikariPool        : jpa-hikari-pool - Added connection conn7: url=jdbc:h2:mem:testdb user=SA
2024-05-30T09:37:55.599+09:00 DEBUG 8150 --- [onnection adder] com.zaxxer.hikari.pool.HikariPool        : jpa-hikari-pool - After adding stats (total=8, active=0, idle=8, waiting=0)
2024-05-30T09:37:55.600+09:00 DEBUG 8150 --- [onnection adder] com.zaxxer.hikari.pool.HikariPool        : jpa-hikari-pool - Added connection conn8: url=jdbc:h2:mem:testdb user=SA
2024-05-30T09:37:55.633+09:00 DEBUG 8150 --- [onnection adder] com.zaxxer.hikari.pool.HikariPool        : jpa-hikari-pool - After adding stats (total=9, active=0, idle=9, waiting=0)
2024-05-30T09:37:55.634+09:00 DEBUG 8150 --- [onnection adder] com.zaxxer.hikari.pool.HikariPool        : jpa-hikari-pool - Added connection conn9: url=jdbc:h2:mem:testdb user=SA
2024-05-30T09:37:55.669+09:00 DEBUG 8150 --- [onnection adder] com.zaxxer.hikari.pool.HikariPool        : jpa-hikari-pool - After adding stats (total=10, active=0, idle=10, waiting=0)
2024-05-30T09:37:55.731+09:00  INFO 8150 --- [    Test worker] o.h.e.t.j.p.i.JtaPlatformInitiator       : HHH000489: No JTA platform available (set 'hibernate.transaction.jta.platform' to enable JTA platform integration)
2024-05-30T09:37:55.762+09:00  INFO 8150 --- [    Test worker] j.LocalContainerEntityManagerFactoryBean : Initialized JPA EntityManagerFactory for persistence unit 'default'
2024-05-30T09:37:56.198+09:00  WARN 8150 --- [    Test worker] JpaBaseConfiguration$JpaWebConfiguration : spring.jpa.open-in-view is enabled by default. Therefore, database queries may be performed during view rendering. Explicitly configure spring.jpa.open-in-view to disable this warning
2024-05-30T09:37:56.212+09:00  WARN 8150 --- [    Test worker] .s.s.UserDetailsServiceAutoConfiguration : 

Using generated security password: 8538875c-8ef5-43b4-8adf-286cd412ff9c

This generated password is for development use only. Your security configuration must be updated before running your application in production.

2024-05-30T09:37:56.215+09:00  INFO 8150 --- [    Test worker] r$InitializeUserDetailsManagerConfigurer : Global AuthenticationManager configured with UserDetailsService bean with name inMemoryUserDetailsManager
2024-05-30T09:37:56.372+09:00  INFO 8150 --- [    Test worker] o.s.s.web.DefaultSecurityFilterChain     : Will secure any request with [org.springframework.security.web.session.DisableEncodeUrlFilter@697fb4b1, org.springframework.security.web.context.request.async.WebAsyncManagerIntegrationFilter@1b5593e6, org.springframework.security.web.context.SecurityContextHolderFilter@347b27f3, org.springframework.security.web.header.HeaderWriterFilter@45bf64f7, org.springframework.web.filter.CorsFilter@3c75fb73, org.springframework.security.web.authentication.logout.LogoutFilter@463bdee9, com.wanted.preonboarding.auth.filter.JwtAuthenticationFilter@7ac47e87, org.springframework.security.web.savedrequest.RequestCacheAwareFilter@6ef0a044, org.springframework.security.web.servletapi.SecurityContextHolderAwareRequestFilter@1e4cf0e5, org.springframework.security.web.authentication.AnonymousAuthenticationFilter@6e0a9752, org.springframework.security.web.session.SessionManagementFilter@6c84e4ec, org.springframework.security.web.access.ExceptionTranslationFilter@433e9108, org.springframework.security.web.access.intercept.AuthorizationFilter@1c277413]
2024-05-30T09:37:56.586+09:00  INFO 8150 --- [    Test worker] c.w.p.PreonboardingApplicationTests      : Started PreonboardingApplicationTests in 2.477 seconds (process running for 4.089)
]]></system-out>
  <system-err><![CDATA[]]></system-err>
</testsuite>
