<?xml version="1.0" encoding="UTF-8"?>
<testsuite name="com.wanted.preonboarding.auth.validator.PasswordValidatorTest" tests="3" skipped="0" failures="0" errors="0" timestamp="2024-05-28T07:23:04" hostname="lyusang-won-ui-MacBookPro.local" time="0.218">
  <properties/>
  <testcase name="비밀번호가 유효하지 않은 경우" classname="com.wanted.preonboarding.auth.validator.PasswordValidatorTest" time="0.122"/>
  <testcase name="비밀번호가 유효한 경우" classname="com.wanted.preonboarding.auth.validator.PasswordValidatorTest" time="0.062"/>
  <testcase name="회원 찾을 수 없는 경우" classname="com.wanted.preonboarding.auth.validator.PasswordValidatorTest" time="0.031"/>
  <system-out><![CDATA[]]></system-out>
  <system-err><![CDATA[]]></system-err>
</testsuite>
