<?xml version="1.0" encoding="UTF-8"?>
<testsuite name="com.wanted.preonboarding.module.order.service.OrderFindServiceImplTest" tests="7" skipped="0" failures="0" errors="0" timestamp="2024-05-29T02:28:38" hostname="lyusang-won-ui-MacBookPro.local" time="0.663">
  <properties/>
  <testcase name="거래 내역 조회 판매자 - 성공" classname="com.wanted.preonboarding.module.order.service.OrderFindServiceImplTest" time="0.272"/>
  <testcase name="주문 단일 조회 - 성공" classname="com.wanted.preonboarding.module.order.service.OrderFindServiceImplTest" time="0.042"/>
  <testcase name="거래 내역 조회 구매자 - 성공" classname="com.wanted.preonboarding.module.order.service.OrderFindServiceImplTest" time="0.141"/>
  <testcase name="구매이력 조회" classname="com.wanted.preonboarding.module.order.service.OrderFindServiceImplTest" time="0.027"/>
  <testcase name="거래내역 조회 - 성공" classname="com.wanted.preonboarding.module.order.service.OrderFindServiceImplTest" time="0.12"/>
  <testcase name="구매확정 카운트 조회" classname="com.wanted.preonboarding.module.order.service.OrderFindServiceImplTest" time="0.024"/>
  <testcase name="거래내역 조회 - 성공" classname="com.wanted.preonboarding.module.order.service.OrderFindServiceImplTest" time="0.036"/>
  <system-out><![CDATA[]]></system-out>
  <system-err><![CDATA[]]></system-err>
</testsuite>
