<?xml version="1.0" encoding="UTF-8"?>
<testsuite name="com.wanted.preonboarding.auth.controller.AuthControllerTest" tests="1" skipped="0" failures="0" errors="0" timestamp="2024-05-30T09:12:05" hostname="lyusang-won-ui-MacBookPro.local" time="0.374">
  <properties/>
  <testcase name="Access Token 발급" classname="com.wanted.preonboarding.auth.controller.AuthControllerTest" time="0.374"/>
  <system-out><![CDATA[2024-05-30T18:12:04.627+09:00  INFO 20790 --- [    Test worker] t.c.s.AnnotationConfigContextLoaderUtils : Could not detect default configuration classes for test class [com.wanted.preonboarding.auth.controller.AuthControllerTest]: AuthControllerTest does not declare any static, non-private, non-final, nested classes annotated with @Configuration.
2024-05-30T18:12:04.643+09:00  INFO 20790 --- [    Test worker] .b.t.c.SpringBootTestContextBootstrapper : Found @SpringBootConfiguration com.wanted.preonboarding.PreonboardingApplication for test class com.wanted.preonboarding.auth.controller.AuthControllerTest
  .   ____          _            __ _ _
 /\\ / ___'_ __ _ _(_)_ __  __ _ \ \ \ \
( ( )\___ | '_ | '_| | '_ \/ _` | \ \ \ \
 \\/  ___)| |_)| | | | | || (_| |  ) ) ) )
  '  |____| .__|_| |_|_| |_\__, | / / / /
 =========|_|==============|___/=/_/_/_/

 :: Spring Boot ::                (v3.3.0)

2024-05-30T18:12:04.656+09:00  INFO 20790 --- [    Test worker] c.w.p.a.controller.AuthControllerTest    : Starting AuthControllerTest using Java 21.0.3 with PID 20790 (started by sangwon-ryu in /Users/sangwon-ryu/wanted-preonboarding-challenge-backend-20)
2024-05-30T18:12:04.656+09:00 DEBUG 20790 --- [    Test worker] c.w.p.a.controller.AuthControllerTest    : Running with Spring Boot v3.3.0, Spring v6.1.8
2024-05-30T18:12:04.656+09:00  INFO 20790 --- [    Test worker] c.w.p.a.controller.AuthControllerTest    : No active profile set, falling back to 1 default profile: "default"
2024-05-30T18:12:05.245+09:00  WARN 20790 --- [    Test worker] .s.s.UserDetailsServiceAutoConfiguration : 

Using generated security password: 3a9872d5-abc1-4296-bc29-6c810b836669

This generated password is for development use only. Your security configuration must be updated before running your application in production.

2024-05-30T18:12:05.247+09:00  WARN 20790 --- [    Test worker] r$InitializeUserDetailsManagerConfigurer : Found 2 UserDetailsService beans, with names [inMemoryUserDetailsManager, com.wanted.preonboarding.auth.service.CustomDetailUserService#0]. Global Authentication Manager will not use a UserDetailsService for username/password login. Consider publishing a single UserDetailsService bean.
2024-05-30T18:12:05.375+09:00  INFO 20790 --- [    Test worker] o.s.s.web.DefaultSecurityFilterChain     : Will secure any request with [org.springframework.security.web.session.DisableEncodeUrlFilter@2b7e2212, org.springframework.security.web.context.request.async.WebAsyncManagerIntegrationFilter@7b9866c6, org.springframework.security.web.context.SecurityContextHolderFilter@58b69176, org.springframework.security.web.header.HeaderWriterFilter@4d424aea, org.springframework.web.filter.CorsFilter@6325ef80, org.springframework.security.web.authentication.logout.LogoutFilter@108817cc, com.wanted.preonboarding.auth.filter.JwtAuthenticationFilter@66f4fb48, org.springframework.security.web.savedrequest.RequestCacheAwareFilter@1e8b3a8, org.springframework.security.web.servletapi.SecurityContextHolderAwareRequestFilter@5e22ac65, org.springframework.security.web.authentication.AnonymousAuthenticationFilter@3c403b36, org.springframework.security.web.session.SessionManagementFilter@7fcbb24b, org.springframework.security.web.access.ExceptionTranslationFilter@5d708ef6, org.springframework.security.web.access.intercept.AuthorizationFilter@1f334ce0]
2024-05-30T18:12:05.468+09:00 DEBUG 20790 --- [    Test worker] c.w.p.auth.filter.CustomLoggingFilter    : Filter 'loggingFilterRegistration' configured for use
2024-05-30T18:12:05.469+09:00 DEBUG 20790 --- [    Test worker] c.w.p.auth.filter.CustomLoggingFilter    : Filter 'customLoggingFilter' configured for use
2024-05-30T18:12:05.469+09:00  INFO 20790 --- [    Test worker] o.s.b.t.m.w.SpringBootMockServletContext : Initializing Spring TestDispatcherServlet ''
2024-05-30T18:12:05.469+09:00  INFO 20790 --- [    Test worker] o.s.t.web.servlet.TestDispatcherServlet  : Initializing Servlet ''
2024-05-30T18:12:05.470+09:00  INFO 20790 --- [    Test worker] o.s.t.web.servlet.TestDispatcherServlet  : Completed initialization in 1 ms
2024-05-30T18:12:05.482+09:00  INFO 20790 --- [    Test worker] c.w.p.a.controller.AuthControllerTest    : Started AuthControllerTest in 0.837 seconds (process running for 4.927)
2024-05-30T18:12:05.517+09:00  INFO 20790 --- [    Test worker] o.s.b.t.m.w.SpringBootMockServletContext : Initializing Spring TestDispatcherServlet ''
2024-05-30T18:12:05.518+09:00  INFO 20790 --- [    Test worker] o.s.t.web.servlet.TestDispatcherServlet  : Initializing Servlet ''
2024-05-30T18:12:05.518+09:00  INFO 20790 --- [    Test worker] o.s.t.web.servlet.TestDispatcherServlet  : Completed initialization in 0 ms

MockHttpServletRequest:
      HTTP Method = POST
      Request URI = /api/v1/auth/authentication
       Parameters = {}
          Headers = [Content-Type:"application/json;charset=UTF-8", Content-Length:"55"]
             Body = {"email":"yodKfxib@wanted.com","password":"eaawmicvuv"}
    Session Attrs = {}

Handler:
             Type = com.wanted.preonboarding.auth.controller.AuthController
           Method = com.wanted.preonboarding.auth.controller.AuthController#getAccessToken(CreateAuthToken)

Async:
    Async started = false
     Async result = null

Resolved Exception:
             Type = null

ModelAndView:
        View name = null
             View = null
            Model = null

FlashMap:
       Attributes = null

MockHttpServletResponse:
           Status = 200
    Error message = null
          Headers = [Vary:"Origin", "Access-Control-Request-Method", "Access-Control-Request-Headers", Authorization:"Bearer eyJhbGciOiJIUzI1NiJ9.eyJzdWIiOiJ4RVNiYVB2UEpAd2FudGVkLmNvbSIsInJvbGUiOiJOT1JNQUwiLCJpYXQiOjE3MTcwNjAzMjUsImV4cCI6MTcxNzA2MzkyNX0.fYwaABUMSLHHH54vxWPSmadz_1RIha427Xm4qTUivTE", Content-Type:"application/json;charset=UTF-8", X-Content-Type-Options:"nosniff", X-XSS-Protection:"0", Cache-Control:"no-cache, no-store, max-age=0, must-revalidate", Pragma:"no-cache", Expires:"0", X-Frame-Options:"DENY"]
     Content type = application/json;charset=UTF-8
             Body = {"data":null,"response":{"status":200,"message":"Access token issued successfully"}}
    Forwarded URL = null
   Redirected URL = null
          Cookies = []
]]></system-out>
  <system-err><![CDATA[]]></system-err>
</testsuite>
