<?xml version="1.0" encoding="UTF-8"?>
<testsuite name="com.wanted.preonboarding.module.product.service.ProductFindServiceImplTest" tests="5" skipped="0" failures="0" errors="0" timestamp="2024-05-30T00:54:11" hostname="lyusang-won-ui-MacBookPro.local" time="0.276">
  <properties/>
  <testcase name="상품 엔티티 조회 - 실패" classname="com.wanted.preonboarding.module.product.service.ProductFindServiceImplTest" time="0.056"/>
  <testcase name="상품 목록 조회" classname="com.wanted.preonboarding.module.product.service.ProductFindServiceImplTest" time="0.168"/>
  <testcase name="상품 엔티티 조회 - 성공" classname="com.wanted.preonboarding.module.product.service.ProductFindServiceImplTest" time="0.023"/>
  <testcase name="상품 단일 조회 - 실패" classname="com.wanted.preonboarding.module.product.service.ProductFindServiceImplTest" time="0.001"/>
  <testcase name="상품 단일 조회 - 성공" classname="com.wanted.preonboarding.module.product.service.ProductFindServiceImplTest" time="0.028"/>
  <system-out><![CDATA[]]></system-out>
  <system-err><![CDATA[]]></system-err>
</testsuite>
