<?xml version="1.0" encoding="UTF-8"?>
<testsuite name="com.example.wanted.product.service.ProductServiceTest" tests="4" skipped="0" failures="0" errors="0" timestamp="2024-06-02T05:54:16" hostname="gimmunjin-ui-MacBookPro.local" time="0.002">
  <properties/>
  <testcase name="id로_Product를_조회_할_수_있다()" classname="com.example.wanted.product.service.ProductServiceTest" time="0.0"/>
  <testcase name="Product_리스트를_조회_할_수_있다()" classname="com.example.wanted.product.service.ProductServiceTest" time="0.0"/>
  <testcase name="존재하지_않는_id로_Product를_조회_시_예외가_발생한다()" classname="com.example.wanted.product.service.ProductServiceTest" time="0.0"/>
  <testcase name="ProductCreate로_Product를_생성_할_수_있다()" classname="com.example.wanted.product.service.ProductServiceTest" time="0.0"/>
  <system-out><![CDATA[]]></system-out>
  <system-err><![CDATA[]]></system-err>
</testsuite>
