<?xml version="1.0" encoding="UTF-8"?>
<testsuite name="com.wanted.preonboarding.auth.controller.AuthControllerTest" tests="1" skipped="0" failures="0" errors="0" timestamp="2024-05-30T01:47:15" hostname="lyusang-won-ui-MacBookPro.local" time="0.361">
  <properties/>
  <testcase name="Access Token 발급" classname="com.wanted.preonboarding.auth.controller.AuthControllerTest" time="0.361"/>
  <system-out><![CDATA[2024-05-30T10:47:14.404+09:00  INFO 11143 --- [    Test worker] t.c.s.AnnotationConfigContextLoaderUtils : Could not detect default configuration classes for test class [com.wanted.preonboarding.auth.controller.AuthControllerTest]: AuthControllerTest does not declare any static, non-private, non-final, nested classes annotated with @Configuration.
2024-05-30T10:47:14.420+09:00  INFO 11143 --- [    Test worker] .b.t.c.SpringBootTestContextBootstrapper : Found @SpringBootConfiguration com.wanted.preonboarding.PreonboardingApplication for test class com.wanted.preonboarding.auth.controller.AuthControllerTest
  .   ____          _            __ _ _
 /\\ / ___'_ __ _ _(_)_ __  __ _ \ \ \ \
( ( )\___ | '_ | '_| | '_ \/ _` | \ \ \ \
 \\/  ___)| |_)| | | | | || (_| |  ) ) ) )
  '  |____| .__|_| |_|_| |_\__, | / / / /
 =========|_|==============|___/=/_/_/_/

 :: Spring Boot ::                (v3.3.0)

2024-05-30T10:47:14.434+09:00  INFO 11143 --- [    Test worker] c.w.p.a.controller.AuthControllerTest    : Starting AuthControllerTest using Java 21.0.3 with PID 11143 (started by sangwon-ryu in /Users/sangwon-ryu/wanted-preonboarding-challenge-backend-20)
2024-05-30T10:47:14.434+09:00 DEBUG 11143 --- [    Test worker] c.w.p.a.controller.AuthControllerTest    : Running with Spring Boot v3.3.0, Spring v6.1.8
2024-05-30T10:47:14.434+09:00  INFO 11143 --- [    Test worker] c.w.p.a.controller.AuthControllerTest    : No active profile set, falling back to 1 default profile: "default"
2024-05-30T10:47:15.041+09:00  WARN 11143 --- [    Test worker] .s.s.UserDetailsServiceAutoConfiguration : 

Using generated security password: 9619be7d-fbaf-41cc-9f6d-74339739d0db

This generated password is for development use only. Your security configuration must be updated before running your application in production.

2024-05-30T10:47:15.043+09:00  INFO 11143 --- [    Test worker] r$InitializeUserDetailsManagerConfigurer : Global AuthenticationManager configured with UserDetailsService bean with name inMemoryUserDetailsManager
2024-05-30T10:47:15.228+09:00  INFO 11143 --- [    Test worker] o.s.s.web.DefaultSecurityFilterChain     : Will secure any request with [org.springframework.security.web.session.DisableEncodeUrlFilter@1b34721a, org.springframework.security.web.context.request.async.WebAsyncManagerIntegrationFilter@2673ba1f, org.springframework.security.web.context.SecurityContextHolderFilter@2fbe0960, org.springframework.security.web.header.HeaderWriterFilter@597f9d9d, org.springframework.web.filter.CorsFilter@463bdee9, org.springframework.security.web.authentication.logout.LogoutFilter@3c703142, com.wanted.preonboarding.auth.filter.JwtAuthenticationFilter@63fdcb91, org.springframework.security.web.savedrequest.RequestCacheAwareFilter@32c29f7b, org.springframework.security.web.servletapi.SecurityContextHolderAwareRequestFilter@17746fcb, org.springframework.security.web.authentication.AnonymousAuthenticationFilter@5b61d156, org.springframework.security.web.session.SessionManagementFilter@72e6e93, org.springframework.security.web.access.ExceptionTranslationFilter@31f5829e, org.springframework.security.web.access.intercept.AuthorizationFilter@2ed16651]
2024-05-30T10:47:15.349+09:00 DEBUG 11143 --- [    Test worker] c.w.p.auth.filter.CustomLoggingFilter    : Filter 'loggingFilterRegistration' configured for use
2024-05-30T10:47:15.349+09:00 DEBUG 11143 --- [    Test worker] c.w.p.auth.filter.CustomLoggingFilter    : Filter 'customLoggingFilter' configured for use
2024-05-30T10:47:15.350+09:00  INFO 11143 --- [    Test worker] o.s.b.t.m.w.SpringBootMockServletContext : Initializing Spring TestDispatcherServlet ''
2024-05-30T10:47:15.350+09:00  INFO 11143 --- [    Test worker] o.s.t.web.servlet.TestDispatcherServlet  : Initializing Servlet ''
2024-05-30T10:47:15.351+09:00  INFO 11143 --- [    Test worker] o.s.t.web.servlet.TestDispatcherServlet  : Completed initialization in 0 ms
2024-05-30T10:47:15.363+09:00  INFO 11143 --- [    Test worker] c.w.p.a.controller.AuthControllerTest    : Started AuthControllerTest in 0.941 seconds (process running for 4.484)
2024-05-30T10:47:15.398+09:00  INFO 11143 --- [    Test worker] o.s.b.t.m.w.SpringBootMockServletContext : Initializing Spring TestDispatcherServlet ''
2024-05-30T10:47:15.398+09:00  INFO 11143 --- [    Test worker] o.s.t.web.servlet.TestDispatcherServlet  : Initializing Servlet ''
2024-05-30T10:47:15.399+09:00  INFO 11143 --- [    Test worker] o.s.t.web.servlet.TestDispatcherServlet  : Completed initialization in 1 ms

MockHttpServletRequest:
      HTTP Method = POST
      Request URI = /api/v1/auth/authentication
       Parameters = {}
          Headers = [Content-Type:"application/json;charset=UTF-8", Content-Length:"52"]
             Body = {"email":"XPIsa@wanted.com","password":"jyozywausq"}
    Session Attrs = {}

Handler:
             Type = com.wanted.preonboarding.auth.controller.AuthController
           Method = com.wanted.preonboarding.auth.controller.AuthController#getAccessToken(CreateAuthToken)

Async:
    Async started = false
     Async result = null

Resolved Exception:
             Type = null

ModelAndView:
        View name = null
             View = null
            Model = null

FlashMap:
       Attributes = null

MockHttpServletResponse:
           Status = 200
    Error message = null
          Headers = [Vary:"Origin", "Access-Control-Request-Method", "Access-Control-Request-Headers", Authorization:"Bearer eyJhbGciOiJIUzI1NiJ9.eyJzdWIiOiJDdGhnYUVAd2FudGVkLmNvbSIsInJvbGUiOiJOT1JNQUwiLCJpYXQiOjE3MTcwMzM2MzUsImV4cCI6MTcxNzAzNzIzNX0.myjpr-PgDjj2xJxBmzvUhybDnlFWjjDwMeYc9lWptzU", Content-Type:"application/json;charset=UTF-8", X-Content-Type-Options:"nosniff", X-XSS-Protection:"0", Cache-Control:"no-cache, no-store, max-age=0, must-revalidate", Pragma:"no-cache", Expires:"0", X-Frame-Options:"DENY"]
     Content type = application/json;charset=UTF-8
             Body = {"data":null,"response":{"status":200,"message":"Access token issued successfully"}}
    Forwarded URL = null
   Redirected URL = null
          Cookies = []
]]></system-out>
  <system-err><![CDATA[]]></system-err>
</testsuite>
