<?xml version="1.0" encoding="UTF-8"?>
<testsuite name="com.wanted.preonboarding.module.order.controller.OrderControllerTest" tests="11" skipped="0" failures="0" errors="0" timestamp="2024-05-30T00:57:16" hostname="lyusang-won-ui-MacBookPro.local" time="1.625">
  <properties/>
  <testcase name="주문 수정 - COMPLETED" classname="com.wanted.preonboarding.module.order.controller.OrderControllerTest" time="0.298"/>
  <testcase name="주문 상세 조회 - 성공" classname="com.wanted.preonboarding.module.order.controller.OrderControllerTest" time="0.198"/>
  <testcase name="유효하지 않은 주문 - 이미 구매한 제품" classname="com.wanted.preonboarding.module.order.controller.OrderControllerTest" time="0.223"/>
  <testcase name="유효하지 않은 주문 - 이미 예약 중 또는 판매 완료된 제품" classname="com.wanted.preonboarding.module.order.controller.OrderControllerTest" time="0.206"/>
  <testcase name="주문 실패 - 비회원" classname="com.wanted.preonboarding.module.order.controller.OrderControllerTest" time="0.123"/>
  <testcase name="주문 수정 - SETTLEMENT" classname="com.wanted.preonboarding.module.order.controller.OrderControllerTest" time="0.082"/>
  <testcase name="주문 수정 - ORDERED 에서 SETTLEMENT 로 잘못된 요청" classname="com.wanted.preonboarding.module.order.controller.OrderControllerTest" time="0.08"/>
  <testcase name="유효하지 않은 주문 - 상품 없음" classname="com.wanted.preonboarding.module.order.controller.OrderControllerTest" time="0.032"/>
  <testcase name="주문 수정 - COMPLETED 에서 COMPLETED 로 잘못된 요청" classname="com.wanted.preonboarding.module.order.controller.OrderControllerTest" time="0.074"/>
  <testcase name="주문 생성" classname="com.wanted.preonboarding.module.order.controller.OrderControllerTest" time="0.08"/>
  <testcase name="거래내역 조회 - 성공" classname="com.wanted.preonboarding.module.order.controller.OrderControllerTest" time="0.226"/>
  <system-out><![CDATA[2024-05-30T09:57:15.693+09:00  INFO 9860 --- [    Test worker] t.c.s.AnnotationConfigContextLoaderUtils : Could not detect default configuration classes for test class [com.wanted.preonboarding.module.order.controller.OrderControllerTest]: OrderControllerTest does not declare any static, non-private, non-final, nested classes annotated with @Configuration.
2024-05-30T09:57:15.711+09:00  INFO 9860 --- [    Test worker] .b.t.c.SpringBootTestContextBootstrapper : Found @SpringBootConfiguration com.wanted.preonboarding.PreonboardingApplication for test class com.wanted.preonboarding.module.order.controller.OrderControllerTest
  .   ____          _            __ _ _
 /\\ / ___'_ __ _ _(_)_ __  __ _ \ \ \ \
( ( )\___ | '_ | '_| | '_ \/ _` | \ \ \ \
 \\/  ___)| |_)| | | | | || (_| |  ) ) ) )
  '  |____| .__|_| |_|_| |_\__, | / / / /
 =========|_|==============|___/=/_/_/_/

 :: Spring Boot ::                (v3.3.0)

2024-05-30T09:57:15.725+09:00  INFO 9860 --- [    Test worker] c.w.p.m.o.c.OrderControllerTest          : Starting OrderControllerTest using Java 21.0.3 with PID 9860 (started by sangwon-ryu in /Users/sangwon-ryu/wanted-preonboarding-challenge-backend-20)
2024-05-30T09:57:15.725+09:00 DEBUG 9860 --- [    Test worker] c.w.p.m.o.c.OrderControllerTest          : Running with Spring Boot v3.3.0, Spring v6.1.8
2024-05-30T09:57:15.725+09:00  INFO 9860 --- [    Test worker] c.w.p.m.o.c.OrderControllerTest          : No active profile set, falling back to 1 default profile: "default"
2024-05-30T09:57:15.902+09:00  WARN 9860 --- [    Test worker] .s.s.UserDetailsServiceAutoConfiguration : 

Using generated security password: db9eec99-4a80-465c-8ea0-e8e1609339dd

This generated password is for development use only. Your security configuration must be updated before running your application in production.

2024-05-30T09:57:15.903+09:00  INFO 9860 --- [    Test worker] r$InitializeUserDetailsManagerConfigurer : Global AuthenticationManager configured with UserDetailsService bean with name inMemoryUserDetailsManager
2024-05-30T09:57:15.967+09:00  INFO 9860 --- [    Test worker] o.s.s.web.DefaultSecurityFilterChain     : Will secure any request with [org.springframework.security.web.session.DisableEncodeUrlFilter@3bee3935, org.springframework.security.web.context.request.async.WebAsyncManagerIntegrationFilter@740ba30d, org.springframework.security.web.context.SecurityContextHolderFilter@432c9f47, org.springframework.security.web.header.HeaderWriterFilter@d50bdc8, org.springframework.web.filter.CorsFilter@4257255f, org.springframework.security.web.authentication.logout.LogoutFilter@6295b7e2, com.wanted.preonboarding.auth.filter.JwtAuthenticationFilter@7a9e618e, org.springframework.security.web.savedrequest.RequestCacheAwareFilter@1ce27871, org.springframework.security.web.servletapi.SecurityContextHolderAwareRequestFilter@14d428d8, org.springframework.security.web.authentication.AnonymousAuthenticationFilter@3073c879, org.springframework.security.web.session.SessionManagementFilter@230e5de9, org.springframework.security.web.access.ExceptionTranslationFilter@5ba0863d, org.springframework.security.web.access.intercept.AuthorizationFilter@581c0da6]
2024-05-30T09:57:16.016+09:00 DEBUG 9860 --- [    Test worker] c.w.p.auth.filter.CustomLoggingFilter    : Filter 'loggingFilterRegistration' configured for use
2024-05-30T09:57:16.016+09:00 DEBUG 9860 --- [    Test worker] c.w.p.auth.filter.CustomLoggingFilter    : Filter 'customLoggingFilter' configured for use
2024-05-30T09:57:16.016+09:00  INFO 9860 --- [    Test worker] o.s.b.t.m.w.SpringBootMockServletContext : Initializing Spring TestDispatcherServlet ''
2024-05-30T09:57:16.016+09:00  INFO 9860 --- [    Test worker] o.s.t.web.servlet.TestDispatcherServlet  : Initializing Servlet ''
2024-05-30T09:57:16.016+09:00  INFO 9860 --- [    Test worker] o.s.t.web.servlet.TestDispatcherServlet  : Completed initialization in 0 ms
2024-05-30T09:57:16.022+09:00  INFO 9860 --- [    Test worker] c.w.p.m.o.c.OrderControllerTest          : Started OrderControllerTest in 0.308 seconds (process running for 6.292)
2024-05-30T09:57:16.027+09:00  INFO 9860 --- [    Test worker] o.s.b.t.m.w.SpringBootMockServletContext : Initializing Spring TestDispatcherServlet ''
2024-05-30T09:57:16.027+09:00  INFO 9860 --- [    Test worker] o.s.t.web.servlet.TestDispatcherServlet  : Initializing Servlet ''
2024-05-30T09:57:16.028+09:00  INFO 9860 --- [    Test worker] o.s.t.web.servlet.TestDispatcherServlet  : Completed initialization in 0 ms

MockHttpServletRequest:
      HTTP Method = PATCH
      Request URI = /api/v1/order
       Parameters = {}
          Headers = [Content-Type:"application/json;charset=UTF-8", Authorization:"Bearer eyJhbGciOiJIUzI1NiJ9.eyJzdWIiOiJreFhoQmlAd2FudGVkLmNvbSIsInJvbGUiOiJOT1JNQUwiLCJpYXQiOjE3MTcwMzA2MzYsImV4cCI6MTcxNzAzNDIzNn0.IB9KQs-qD08mEc4z42YTMMiHvSlth8VAonvOOFxPaTc", Content-Length:"46"]
             Body = {"orderId":95339080,"orderStatus":"COMPLETED"}
    Session Attrs = {}

Handler:
             Type = com.wanted.preonboarding.module.order.controller.OrderController
           Method = com.wanted.preonboarding.module.order.controller.OrderController#updateOrder(UpdateOrder)

Async:
    Async started = false
     Async result = null

Resolved Exception:
             Type = null

ModelAndView:
        View name = null
             View = null
            Model = null

FlashMap:
       Attributes = null

MockHttpServletResponse:
           Status = 200
    Error message = null
          Headers = [Vary:"Origin", "Access-Control-Request-Method", "Access-Control-Request-Headers", Content-Type:"application/json;charset=UTF-8", X-Content-Type-Options:"nosniff", X-XSS-Protection:"0", Cache-Control:"no-cache, no-store, max-age=0, must-revalidate", Pragma:"no-cache", Expires:"0", X-Frame-Options:"DENY"]
     Content type = application/json;charset=UTF-8
             Body = {"data":{"orderId":2427126,"productId":2483,"buyer":"kxXhBi@wanted.com","seller":"fvObVBJYf@wanted.com","orderStatus":"ORDERED"},"response":{"status":200,"message":"success"}}
    Forwarded URL = null
   Redirected URL = null
          Cookies = []
2024-05-30T09:57:16.325+09:00  INFO 9860 --- [    Test worker] o.s.b.t.m.w.SpringBootMockServletContext : Initializing Spring TestDispatcherServlet ''
2024-05-30T09:57:16.326+09:00  INFO 9860 --- [    Test worker] o.s.t.web.servlet.TestDispatcherServlet  : Initializing Servlet ''
2024-05-30T09:57:16.326+09:00  INFO 9860 --- [    Test worker] o.s.t.web.servlet.TestDispatcherServlet  : Completed initialization in 0 ms

MockHttpServletRequest:
      HTTP Method = GET
      Request URI = /api/v1/order/17882554
       Parameters = {}
          Headers = [Content-Type:"application/json;charset=UTF-8", Authorization:"Bearer eyJhbGciOiJIUzI1NiJ9.eyJzdWIiOiJocmd3U2VAd2FudGVkLmNvbSIsInJvbGUiOiJOT1JNQUwiLCJpYXQiOjE3MTcwMzA2MzYsImV4cCI6MTcxNzAzNDIzNn0.cqkkWlB6lYNSMw-M0mCJRNCAWP3Y7_kEDbMGxW59Uio"]
             Body = null
    Session Attrs = {}

Handler:
             Type = com.wanted.preonboarding.module.order.controller.OrderController
           Method = com.wanted.preonboarding.module.order.controller.OrderController#getOrder(Long)

Async:
    Async started = false
     Async result = null

Resolved Exception:
             Type = null

ModelAndView:
        View name = null
             View = null
            Model = null

FlashMap:
       Attributes = null

MockHttpServletResponse:
           Status = 200
    Error message = null
          Headers = [Vary:"Origin", "Access-Control-Request-Method", "Access-Control-Request-Headers", Content-Type:"application/json;charset=UTF-8", X-Content-Type-Options:"nosniff", X-XSS-Protection:"0", Cache-Control:"no-cache, no-store, max-age=0, must-revalidate", Pragma:"no-cache", Expires:"0", X-Frame-Options:"DENY"]
     Content type = application/json;charset=UTF-8
             Body = {"data":[{"orderId":17882554,"productId":6255,"buyer":"hrgwSe@wanted.com","seller":"ghlcribtif","orderStatus":"ORDERED","price":49625536,"productName":"nvrgnelzou","insertDate":"2013-10-13 18:30:26","isCurrentUserSeller":false},{"orderId":17882554,"productId":6255,"buyer":"hrgwSe@wanted.com","seller":"ghlcribtif","orderStatus":"COMPLETED","price":49625536,"productName":"nvrgnelzou","insertDate":"2013-10-13 18:30:26","isCurrentUserSeller":false},{"orderId":17882554,"productId":6255,"buyer":"hrgwSe@wanted.com","seller":"ghlcribtif","orderStatus":"SETTLEMENT","price":49625536,"productName":"nvrgnelzou","insertDate":"2013-10-13 18:30:26","isCurrentUserSeller":false}],"response":{"status":200,"message":"success"}}
    Forwarded URL = null
   Redirected URL = null
          Cookies = []
2024-05-30T09:57:16.524+09:00  INFO 9860 --- [    Test worker] o.s.b.t.m.w.SpringBootMockServletContext : Initializing Spring TestDispatcherServlet ''
2024-05-30T09:57:16.524+09:00  INFO 9860 --- [    Test worker] o.s.t.web.servlet.TestDispatcherServlet  : Initializing Servlet ''
2024-05-30T09:57:16.525+09:00  INFO 9860 --- [    Test worker] o.s.t.web.servlet.TestDispatcherServlet  : Completed initialization in 1 ms

MockHttpServletRequest:
      HTTP Method = POST
      Request URI = /api/v1/order
       Parameters = {}
          Headers = [Content-Type:"application/json;charset=UTF-8", Authorization:"Bearer eyJhbGciOiJIUzI1NiJ9.eyJzdWIiOiJ3VXBGT0B3YW50ZWQuY29tIiwicm9sZSI6Ik5PUk1BTCIsImlhdCI6MTcxNzAzMDYzNiwiZXhwIjoxNzE3MDM0MjM2fQ.Dm51z3uvMqS0QYaZjJ4HdC4coz4syz-ajayZ75Qd4Yw", Content-Length:"18"]
             Body = {"productId":4518}
    Session Attrs = {}

Handler:
             Type = com.wanted.preonboarding.module.order.controller.OrderController
           Method = com.wanted.preonboarding.module.order.controller.OrderController#createOrder(CreateOrder)

Async:
    Async started = false
     Async result = null

Resolved Exception:
             Type = org.springframework.web.bind.MethodArgumentNotValidException

ModelAndView:
        View name = null
             View = null
            Model = null

FlashMap:
       Attributes = null

MockHttpServletResponse:
           Status = 400
    Error message = null
          Headers = [Vary:"Origin", "Access-Control-Request-Method", "Access-Control-Request-Headers", Content-Type:"application/json;charset=UTF-8", X-Content-Type-Options:"nosniff", X-XSS-Protection:"0", Cache-Control:"no-cache, no-store, max-age=0, must-revalidate", Pragma:"no-cache", Expires:"0", X-Frame-Options:"DENY"]
     Content type = application/json;charset=UTF-8
             Body = {"status":400,"message":"createOrder  createOrder 구매 이력이 존재합니다.","timestamp":"2024-05-30 09:57:16","error":"BeanPropertyBindingResult"}
    Forwarded URL = null
   Redirected URL = null
          Cookies = []
2024-05-30T09:57:16.747+09:00  INFO 9860 --- [    Test worker] o.s.b.t.m.w.SpringBootMockServletContext : Initializing Spring TestDispatcherServlet ''
2024-05-30T09:57:16.747+09:00  INFO 9860 --- [    Test worker] o.s.t.web.servlet.TestDispatcherServlet  : Initializing Servlet ''
2024-05-30T09:57:16.747+09:00  INFO 9860 --- [    Test worker] o.s.t.web.servlet.TestDispatcherServlet  : Completed initialization in 0 ms

MockHttpServletRequest:
      HTTP Method = POST
      Request URI = /api/v1/order
       Parameters = {}
          Headers = [Content-Type:"application/json;charset=UTF-8", Authorization:"Bearer eyJhbGciOiJIUzI1NiJ9.eyJzdWIiOiJCdVpDbW9VUlJkVnBmQHdhbnRlZC5jb20iLCJyb2xlIjoiTk9STUFMIiwiaWF0IjoxNzE3MDMwNjM2LCJleHAiOjE3MTcwMzQyMzZ9.CMid7ETjF2smGTwZll8H_lw10s7PzRzomdCS3lmRvok", Content-Length:"18"]
             Body = {"productId":2763}
    Session Attrs = {}

Handler:
             Type = com.wanted.preonboarding.module.order.controller.OrderController
           Method = com.wanted.preonboarding.module.order.controller.OrderController#createOrder(CreateOrder)

Async:
    Async started = false
     Async result = null

Resolved Exception:
             Type = org.springframework.web.bind.MethodArgumentNotValidException

ModelAndView:
        View name = null
             View = null
            Model = null

FlashMap:
       Attributes = null

MockHttpServletResponse:
           Status = 400
    Error message = null
          Headers = [Vary:"Origin", "Access-Control-Request-Method", "Access-Control-Request-Headers", Content-Type:"application/json;charset=UTF-8", X-Content-Type-Options:"nosniff", X-XSS-Protection:"0", Cache-Control:"no-cache, no-store, max-age=0, must-revalidate", Pragma:"no-cache", Expires:"0", X-Frame-Options:"DENY"]
     Content type = application/json;charset=UTF-8
             Body = {"status":400,"message":"createOrder 이미 예약중 또는 판매완료 된 상품 입니다. ","timestamp":"2024-05-30 09:57:16","error":"BeanPropertyBindingResult"}
    Forwarded URL = null
   Redirected URL = null
          Cookies = []
2024-05-30T09:57:16.953+09:00  INFO 9860 --- [    Test worker] o.s.b.t.m.w.SpringBootMockServletContext : Initializing Spring TestDispatcherServlet ''
2024-05-30T09:57:16.953+09:00  INFO 9860 --- [    Test worker] o.s.t.web.servlet.TestDispatcherServlet  : Initializing Servlet ''
2024-05-30T09:57:16.953+09:00  INFO 9860 --- [    Test worker] o.s.t.web.servlet.TestDispatcherServlet  : Completed initialization in 0 ms

MockHttpServletRequest:
      HTTP Method = POST
      Request URI = /api/v1/order
       Parameters = {}
          Headers = [Content-Type:"application/json;charset=UTF-8", Content-Length:"18"]
             Body = {"productId":3839}
    Session Attrs = {}

Handler:
             Type = com.wanted.preonboarding.module.order.controller.OrderController
           Method = com.wanted.preonboarding.module.order.controller.OrderController#createOrder(CreateOrder)

Async:
    Async started = false
     Async result = null

Resolved Exception:
             Type = null

ModelAndView:
        View name = null
             View = null
            Model = null

FlashMap:
       Attributes = null

MockHttpServletResponse:
           Status = 401
    Error message = 로그인이 필요합니다.
          Headers = [Vary:"Origin", "Access-Control-Request-Method", "Access-Control-Request-Headers", X-Content-Type-Options:"nosniff", X-XSS-Protection:"0", Cache-Control:"no-cache, no-store, max-age=0, must-revalidate", Pragma:"no-cache", Expires:"0", X-Frame-Options:"DENY"]
     Content type = null
             Body = 
    Forwarded URL = null
   Redirected URL = null
          Cookies = []
2024-05-30T09:57:17.077+09:00  INFO 9860 --- [    Test worker] o.s.b.t.m.w.SpringBootMockServletContext : Initializing Spring TestDispatcherServlet ''
2024-05-30T09:57:17.077+09:00  INFO 9860 --- [    Test worker] o.s.t.web.servlet.TestDispatcherServlet  : Initializing Servlet ''
2024-05-30T09:57:17.077+09:00  INFO 9860 --- [    Test worker] o.s.t.web.servlet.TestDispatcherServlet  : Completed initialization in 0 ms

MockHttpServletRequest:
      HTTP Method = PATCH
      Request URI = /api/v1/order
       Parameters = {}
          Headers = [Content-Type:"application/json;charset=UTF-8", Authorization:"Bearer eyJhbGciOiJIUzI1NiJ9.eyJzdWIiOiJId0pZQHdhbnRlZC5jb20iLCJyb2xlIjoiTk9STUFMIiwiaWF0IjoxNzE3MDMwNjM3LCJleHAiOjE3MTcwMzQyMzd9.b4ccBxSFOAXGOXMBSVTFB3Ei1lDOMOe5NI9Ip3gjxTI", Content-Length:"47"]
             Body = {"orderId":46284192,"orderStatus":"SETTLEMENT"}
    Session Attrs = {}

Handler:
             Type = com.wanted.preonboarding.module.order.controller.OrderController
           Method = com.wanted.preonboarding.module.order.controller.OrderController#updateOrder(UpdateOrder)

Async:
    Async started = false
     Async result = null

Resolved Exception:
             Type = null

ModelAndView:
        View name = null
             View = null
            Model = null

FlashMap:
       Attributes = null

MockHttpServletResponse:
           Status = 200
    Error message = null
          Headers = [Vary:"Origin", "Access-Control-Request-Method", "Access-Control-Request-Headers", Content-Type:"application/json;charset=UTF-8", X-Content-Type-Options:"nosniff", X-XSS-Protection:"0", Cache-Control:"no-cache, no-store, max-age=0, must-revalidate", Pragma:"no-cache", Expires:"0", X-Frame-Options:"DENY"]
     Content type = application/json;charset=UTF-8
             Body = {"data":{"orderId":68631376,"productId":4334,"buyer":"HwJY@wanted.com","seller":"MihmOHHxZUSak@wanted.com","orderStatus":"COMPLETED"},"response":{"status":200,"message":"success"}}
    Forwarded URL = null
   Redirected URL = null
          Cookies = []
2024-05-30T09:57:17.159+09:00  INFO 9860 --- [    Test worker] o.s.b.t.m.w.SpringBootMockServletContext : Initializing Spring TestDispatcherServlet ''
2024-05-30T09:57:17.159+09:00  INFO 9860 --- [    Test worker] o.s.t.web.servlet.TestDispatcherServlet  : Initializing Servlet ''
2024-05-30T09:57:17.160+09:00  INFO 9860 --- [    Test worker] o.s.t.web.servlet.TestDispatcherServlet  : Completed initialization in 1 ms

MockHttpServletRequest:
      HTTP Method = PATCH
      Request URI = /api/v1/order
       Parameters = {}
          Headers = [Content-Type:"application/json;charset=UTF-8", Authorization:"Bearer eyJhbGciOiJIUzI1NiJ9.eyJzdWIiOiJacGN4RWFBY0B3YW50ZWQuY29tIiwicm9sZSI6Ik5PUk1BTCIsImlhdCI6MTcxNzAzMDYzNywiZXhwIjoxNzE3MDM0MjM3fQ.DojVyVuK1E-KEsKAVcw8MdPJ1lKYbVpiqoh9UmiE_wE", Content-Length:"46"]
             Body = {"orderId":2116936,"orderStatus":"SETTLEMENT"}
    Session Attrs = {}

Handler:
             Type = com.wanted.preonboarding.module.order.controller.OrderController
           Method = com.wanted.preonboarding.module.order.controller.OrderController#updateOrder(UpdateOrder)

Async:
    Async started = false
     Async result = null

Resolved Exception:
             Type = org.springframework.web.bind.MethodArgumentNotValidException

ModelAndView:
        View name = null
             View = null
            Model = null

FlashMap:
       Attributes = null

MockHttpServletResponse:
           Status = 400
    Error message = null
          Headers = [Vary:"Origin", "Access-Control-Request-Method", "Access-Control-Request-Headers", Content-Type:"application/json;charset=UTF-8", X-Content-Type-Options:"nosniff", X-XSS-Protection:"0", Cache-Control:"no-cache, no-store, max-age=0, must-revalidate", Pragma:"no-cache", Expires:"0", X-Frame-Options:"DENY"]
     Content type = application/json;charset=UTF-8
             Body = {"status":400,"message":"updateOrder 해당 주문의 주문 상태 변경을 지원 하지 않습니다. 주문 번호 ::: 2116936 현재 주문 상태 ::: ORDERED 변경 불가 상태 ::: SETTLEMENT","timestamp":"2024-05-30 09:57:17","error":"BeanPropertyBindingResult"}
    Forwarded URL = null
   Redirected URL = null
          Cookies = []
2024-05-30T09:57:17.240+09:00  INFO 9860 --- [    Test worker] o.s.b.t.m.w.SpringBootMockServletContext : Initializing Spring TestDispatcherServlet ''
2024-05-30T09:57:17.240+09:00  INFO 9860 --- [    Test worker] o.s.t.web.servlet.TestDispatcherServlet  : Initializing Servlet ''
2024-05-30T09:57:17.240+09:00  INFO 9860 --- [    Test worker] o.s.t.web.servlet.TestDispatcherServlet  : Completed initialization in 0 ms

MockHttpServletRequest:
      HTTP Method = POST
      Request URI = /api/v1/order
       Parameters = {}
          Headers = [Content-Type:"application/json;charset=UTF-8", Authorization:"Bearer eyJhbGciOiJIUzI1NiJ9.eyJzdWIiOiJic0RaR1lAd2FudGVkLmNvbSIsInJvbGUiOiJOT1JNQUwiLCJpYXQiOjE3MTcwMzA2MzcsImV4cCI6MTcxNzAzNDIzN30.ouPgA05MJ5l_LhQJGtFVyBuOl9VHI6hbECk6UhHgVsI", Content-Length:"22"]
             Body = {"productId":38540483}
    Session Attrs = {}

Handler:
             Type = com.wanted.preonboarding.module.order.controller.OrderController
           Method = com.wanted.preonboarding.module.order.controller.OrderController#createOrder(CreateOrder)

Async:
    Async started = false
     Async result = null

Resolved Exception:
             Type = org.springframework.web.bind.MethodArgumentNotValidException

ModelAndView:
        View name = null
             View = null
            Model = null

FlashMap:
       Attributes = null

MockHttpServletResponse:
           Status = 400
    Error message = null
          Headers = [Vary:"Origin", "Access-Control-Request-Method", "Access-Control-Request-Headers", Content-Type:"application/json;charset=UTF-8", X-Content-Type-Options:"nosniff", X-XSS-Protection:"0", Cache-Control:"no-cache, no-store, max-age=0, must-revalidate", Pragma:"no-cache", Expires:"0", X-Frame-Options:"DENY"]
     Content type = application/json;charset=UTF-8
             Body = {"status":400,"message":"createOrder  createOrder 해당 상품을 찾을 수 없습니다. 상품 ID: 38540483","timestamp":"2024-05-30 09:57:17","error":"BeanPropertyBindingResult"}
    Forwarded URL = null
   Redirected URL = null
          Cookies = []
2024-05-30T09:57:17.272+09:00  INFO 9860 --- [    Test worker] o.s.b.t.m.w.SpringBootMockServletContext : Initializing Spring TestDispatcherServlet ''
2024-05-30T09:57:17.272+09:00  INFO 9860 --- [    Test worker] o.s.t.web.servlet.TestDispatcherServlet  : Initializing Servlet ''
2024-05-30T09:57:17.272+09:00  INFO 9860 --- [    Test worker] o.s.t.web.servlet.TestDispatcherServlet  : Completed initialization in 0 ms

MockHttpServletRequest:
      HTTP Method = PATCH
      Request URI = /api/v1/order
       Parameters = {}
          Headers = [Content-Type:"application/json;charset=UTF-8", Authorization:"Bearer eyJhbGciOiJIUzI1NiJ9.eyJzdWIiOiJXTWFVVEhHRUB3YW50ZWQuY29tIiwicm9sZSI6Ik5PUk1BTCIsImlhdCI6MTcxNzAzMDYzNywiZXhwIjoxNzE3MDM0MjM3fQ.AJABzwaJ6mJ_NemWdPEFn4gVjX1F003mu58V80e9HGk", Content-Length:"46"]
             Body = {"orderId":62703438,"orderStatus":"COMPLETED"}
    Session Attrs = {}

Handler:
             Type = com.wanted.preonboarding.module.order.controller.OrderController
           Method = com.wanted.preonboarding.module.order.controller.OrderController#updateOrder(UpdateOrder)

Async:
    Async started = false
     Async result = null

Resolved Exception:
             Type = org.springframework.web.bind.MethodArgumentNotValidException

ModelAndView:
        View name = null
             View = null
            Model = null

FlashMap:
       Attributes = null

MockHttpServletResponse:
           Status = 400
    Error message = null
          Headers = [Vary:"Origin", "Access-Control-Request-Method", "Access-Control-Request-Headers", Content-Type:"application/json;charset=UTF-8", X-Content-Type-Options:"nosniff", X-XSS-Protection:"0", Cache-Control:"no-cache, no-store, max-age=0, must-revalidate", Pragma:"no-cache", Expires:"0", X-Frame-Options:"DENY"]
     Content type = application/json;charset=UTF-8
             Body = {"status":400,"message":"updateOrder 해당 주문의 주문 상태 변경을 지원 하지 않습니다. 주문 번호 ::: 62703438 현재 주문 상태 ::: COMPLETED 변경 불가 상태 ::: COMPLETED","timestamp":"2024-05-30 09:57:17","error":"BeanPropertyBindingResult"}
    Forwarded URL = null
   Redirected URL = null
          Cookies = []
2024-05-30T09:57:17.346+09:00  INFO 9860 --- [    Test worker] o.s.b.t.m.w.SpringBootMockServletContext : Initializing Spring TestDispatcherServlet ''
2024-05-30T09:57:17.346+09:00  INFO 9860 --- [    Test worker] o.s.t.web.servlet.TestDispatcherServlet  : Initializing Servlet ''
2024-05-30T09:57:17.346+09:00  INFO 9860 --- [    Test worker] o.s.t.web.servlet.TestDispatcherServlet  : Completed initialization in 0 ms

MockHttpServletRequest:
      HTTP Method = POST
      Request URI = /api/v1/order
       Parameters = {}
          Headers = [Content-Type:"application/json;charset=UTF-8", Authorization:"Bearer eyJhbGciOiJIUzI1NiJ9.eyJzdWIiOiJ6dG9vTWdaTnBEQXhAd2FudGVkLmNvbSIsInJvbGUiOiJOT1JNQUwiLCJpYXQiOjE3MTcwMzA2MzcsImV4cCI6MTcxNzAzNDIzN30.LcuKFQfayoWbe7qmrV5YXr7Ls4CdKT1mjJF3qe5CsTo", Content-Length:"18"]
             Body = {"productId":8157}
    Session Attrs = {}

Handler:
             Type = com.wanted.preonboarding.module.order.controller.OrderController
           Method = com.wanted.preonboarding.module.order.controller.OrderController#createOrder(CreateOrder)

Async:
    Async started = false
     Async result = null

Resolved Exception:
             Type = null

ModelAndView:
        View name = null
             View = null
            Model = null

FlashMap:
       Attributes = null

MockHttpServletResponse:
           Status = 200
    Error message = null
          Headers = [Vary:"Origin", "Access-Control-Request-Method", "Access-Control-Request-Headers", Content-Type:"application/json;charset=UTF-8", X-Content-Type-Options:"nosniff", X-XSS-Protection:"0", Cache-Control:"no-cache, no-store, max-age=0, must-revalidate", Pragma:"no-cache", Expires:"0", X-Frame-Options:"DENY"]
     Content type = application/json;charset=UTF-8
             Body = {"data":{"orderId":4963889,"productId":8157,"buyer":"ztooMgZNpDAx@wanted.com","seller":"lyrjxREwjjQTW@wanted.com","orderStatus":"ORDERED"},"response":{"status":200,"message":"success"}}
    Forwarded URL = null
   Redirected URL = null
          Cookies = []
2024-05-30T09:57:17.425+09:00  INFO 9860 --- [    Test worker] o.s.b.t.m.w.SpringBootMockServletContext : Initializing Spring TestDispatcherServlet ''
2024-05-30T09:57:17.426+09:00  INFO 9860 --- [    Test worker] o.s.t.web.servlet.TestDispatcherServlet  : Initializing Servlet ''
2024-05-30T09:57:17.426+09:00  INFO 9860 --- [    Test worker] o.s.t.web.servlet.TestDispatcherServlet  : Completed initialization in 0 ms

MockHttpServletRequest:
      HTTP Method = GET
      Request URI = /api/v1/orders
       Parameters = {size=[5]}
          Headers = [Content-Type:"application/json;charset=UTF-8", Authorization:"Bearer eyJhbGciOiJIUzI1NiJ9.eyJzdWIiOiJSaExFYnZvUUB3YW50ZWQuY29tIiwicm9sZSI6Ik5PUk1BTCIsImlhdCI6MTcxNzAzMDYzNywiZXhwIjoxNzE3MDM0MjM3fQ.scaVz4mYgAIo23q_P4KYwv-v8pbpKy1R6u7-JHTvizs"]
             Body = null
    Session Attrs = {}

Handler:
             Type = com.wanted.preonboarding.module.order.controller.OrderController
           Method = com.wanted.preonboarding.module.order.controller.OrderController#getOrders(OrderFilter, Pageable)

Async:
    Async started = false
     Async result = null

Resolved Exception:
             Type = null

ModelAndView:
        View name = null
             View = null
            Model = null

FlashMap:
       Attributes = null

MockHttpServletResponse:
           Status = 200
    Error message = null
          Headers = [Vary:"Origin", "Access-Control-Request-Method", "Access-Control-Request-Headers", Content-Type:"application/json;charset=UTF-8", X-Content-Type-Options:"nosniff", X-XSS-Protection:"0", Cache-Control:"no-cache, no-store, max-age=0, must-revalidate", Pragma:"no-cache", Expires:"0", X-Frame-Options:"DENY"]
     Content type = application/json;charset=UTF-8
             Body = {"data":{"content":[{"orderId":86195907,"productId":6965,"buyer":"RhLEbvoQ@wanted.com","seller":"zpurdmtuni","orderStatus":"ORDERED","price":76848150,"productName":"ongivxjrfc","insertDate":"2013-10-13 18:30:26","isCurrentUserSeller":false},{"orderId":15728736,"productId":3660,"buyer":"RhLEbvoQ@wanted.com","seller":"kwoelxomwq","orderStatus":"ORDERED","price":61023579,"productName":"koirqcnrvb","insertDate":"2013-10-13 18:30:26","isCurrentUserSeller":false},{"orderId":8620013,"productId":6299,"buyer":"RhLEbvoQ@wanted.com","seller":"lscpopqchl","orderStatus":"ORDERED","price":99690024,"productName":"ttrqqmgfbe","insertDate":"2013-10-13 18:30:26","isCurrentUserSeller":false},{"orderId":14649082,"productId":5527,"buyer":"RhLEbvoQ@wanted.com","seller":"dxitoyconj","orderStatus":"ORDERED","price":76737177,"productName":"kywelmxlwj","insertDate":"2013-10-13 18:30:26","isCurrentUserSeller":false},{"orderId":74363988,"productId":1978,"buyer":"RhLEbvoQ@wanted.com","seller":"gngroaanjf","orderStatus":"ORDERED","price":84325235,"productName":"owhlycozpq","insertDate":"2013-10-13 18:30:26","isCurrentUserSeller":false}],"last":false,"first":true,"number":0,"sort":{"empty":true,"unsorted":true,"sorted":false},"size":5,"numberOfElements":5,"empty":false,"lastDomainId":40590225},"response":{"status":200,"message":"success"}}
    Forwarded URL = null
   Redirected URL = null
          Cookies = []
]]></system-out>
  <system-err><![CDATA[]]></system-err>
</testsuite>
