<?xml version="1.0" encoding="UTF-8"?>
<testsuite name="com.wanted.preonboarding.document.CommonDocControllerTest" tests="1" skipped="0" failures="0" errors="0" timestamp="2024-05-27T05:15:07" hostname="lyusang-won-ui-MacBookPro.local" time="0.035">
  <properties/>
  <testcase name="enums()" classname="com.wanted.preonboarding.document.CommonDocControllerTest" time="0.035"/>
  <system-out><![CDATA[2024-05-27T14:15:07.561+09:00  INFO 57210 --- [    Test worker] t.c.s.AnnotationConfigContextLoaderUtils : Could not detect default configuration classes for test class [com.wanted.preonboarding.document.CommonDocControllerTest]: CommonDocControllerTest does not declare any static, non-private, non-final, nested classes annotated with @Configuration.
2024-05-27T14:15:07.582+09:00  INFO 57210 --- [    Test worker] .b.t.c.SpringBootTestContextBootstrapper : Found @SpringBootConfiguration com.wanted.preonboarding.PreonboardingApplication for test class com.wanted.preonboarding.document.CommonDocControllerTest
  .   ____          _            __ _ _
 /\\ / ___'_ __ _ _(_)_ __  __ _ \ \ \ \
( ( )\___ | '_ | '_| | '_ \/ _` | \ \ \ \
 \\/  ___)| |_)| | | | | || (_| |  ) ) ) )
  '  |____| .__|_| |_|_| |_\__, | / / / /
 =========|_|==============|___/=/_/_/_/

 :: Spring Boot ::                (v3.3.0)

2024-05-27T14:15:07.601+09:00  INFO 57210 --- [    Test worker] c.w.p.document.CommonDocControllerTest   : Starting CommonDocControllerTest using Java 21.0.3 with PID 57210 (started by sangwon-ryu in /Users/sangwon-ryu/wanted-preonboarding-challenge-backend-20)
2024-05-27T14:15:07.601+09:00 DEBUG 57210 --- [    Test worker] c.w.p.document.CommonDocControllerTest   : Running with Spring Boot v3.3.0, Spring v6.1.8
2024-05-27T14:15:07.601+09:00  INFO 57210 --- [    Test worker] c.w.p.document.CommonDocControllerTest   : No active profile set, falling back to 1 default profile: "default"
2024-05-27T14:15:07.823+09:00  WARN 57210 --- [    Test worker] .s.s.UserDetailsServiceAutoConfiguration : 

Using generated security password: 0100bd82-c260-452b-b7d4-0a6aaff19a49

This generated password is for development use only. Your security configuration must be updated before running your application in production.

2024-05-27T14:15:07.825+09:00  INFO 57210 --- [    Test worker] r$InitializeUserDetailsManagerConfigurer : Global AuthenticationManager configured with UserDetailsService bean with name inMemoryUserDetailsManager
2024-05-27T14:15:07.909+09:00  INFO 57210 --- [    Test worker] o.s.s.web.DefaultSecurityFilterChain     : Will secure any request with [org.springframework.security.web.session.DisableEncodeUrlFilter@6af4c74e, org.springframework.security.web.context.request.async.WebAsyncManagerIntegrationFilter@889d093, org.springframework.security.web.context.SecurityContextHolderFilter@26ed4e27, org.springframework.security.web.header.HeaderWriterFilter@73cb4016, org.springframework.web.filter.CorsFilter@6629ce82, org.springframework.security.web.authentication.logout.LogoutFilter@7bb33586, com.wanted.preonboarding.auth.filter.JwtAuthenticationFilter@1a0231f9, org.springframework.security.web.savedrequest.RequestCacheAwareFilter@413e4756, org.springframework.security.web.servletapi.SecurityContextHolderAwareRequestFilter@68dc6497, org.springframework.security.web.authentication.AnonymousAuthenticationFilter@56005b40, org.springframework.security.web.session.SessionManagementFilter@64a768e7, org.springframework.security.web.access.ExceptionTranslationFilter@23b89195, org.springframework.security.web.access.intercept.AuthorizationFilter@4377e40a]
2024-05-27T14:15:07.977+09:00  INFO 57210 --- [    Test worker] o.s.b.t.m.w.SpringBootMockServletContext : Initializing Spring TestDispatcherServlet ''
2024-05-27T14:15:07.977+09:00  INFO 57210 --- [    Test worker] o.s.t.web.servlet.TestDispatcherServlet  : Initializing Servlet ''
2024-05-27T14:15:07.978+09:00  INFO 57210 --- [    Test worker] o.s.t.web.servlet.TestDispatcherServlet  : Completed initialization in 1 ms
2024-05-27T14:15:07.987+09:00  INFO 57210 --- [    Test worker] c.w.p.document.CommonDocControllerTest   : Started CommonDocControllerTest in 0.403 seconds (process running for 7.075)
2024-05-27T14:15:07.992+09:00  INFO 57210 --- [    Test worker] o.s.b.t.m.w.SpringBootMockServletContext : Initializing Spring TestDispatcherServlet ''
2024-05-27T14:15:07.992+09:00  INFO 57210 --- [    Test worker] o.s.t.web.servlet.TestDispatcherServlet  : Initializing Servlet ''
2024-05-27T14:15:07.992+09:00  INFO 57210 --- [    Test worker] o.s.t.web.servlet.TestDispatcherServlet  : Completed initialization in 0 ms

MockHttpServletRequest:
      HTTP Method = GET
      Request URI = /test/enums
       Parameters = {}
          Headers = [Content-Type:"application/json;charset=UTF-8"]
             Body = null
    Session Attrs = {}

Handler:
             Type = com.wanted.preonboarding.document.CommonDocController
           Method = com.wanted.preonboarding.document.CommonDocController#findEnums()

Async:
    Async started = false
     Async result = null

Resolved Exception:
             Type = null

ModelAndView:
        View name = null
             View = null
            Model = null

FlashMap:
       Attributes = null

MockHttpServletResponse:
           Status = 200
    Error message = null
          Headers = [Vary:"Origin", "Access-Control-Request-Method", "Access-Control-Request-Headers", Content-Type:"application/json;charset=UTF-8", X-Content-Type-Options:"nosniff", X-XSS-Protection:"0", Cache-Control:"no-cache, no-store, max-age=0, must-revalidate", Pragma:"no-cache", Expires:"0", X-Frame-Options:"DENY"]
     Content type = application/json;charset=UTF-8
             Body = {"data":{"redisKey":{"ORDER_LOCK":"REDIS KEY order_lock, REDIS TTL 1","REFRESH_TOKEN":"REDIS KEY refresh_token, REDIS TTL 60","USERS":"REDIS KEY users, REDIS TTL 60"},"yn":{"Y":"Y means YES, N meas NO","N":"Y means YES, N meas NO"},"memberShip":{"GUEST":"USER MEMBERSHIP","NORMAL":"USER MEMBERSHIP"},"jwtErrorEnum":{"UNSUPPORTED_TOKEN":"JWT ERROR NAME UNSUPPORTED_TOKEN, ERROR MSG Unsupported JWT token.","MALFORMED_TOKEN":"JWT ERROR NAME MALFORMED_TOKEN, ERROR MSG Invalid JWT token.","ILLEGAL_ARGUMENT":"JWT ERROR NAME ILLEGAL_ARGUMENT, ERROR MSG JWT token compact of handler are invalid.","INVALID_SIGNATURE":"JWT ERROR NAME INVALID_SIGNATURE, ERROR MSG Invalid JWT signature.","EXPIRED_TOKEN":"JWT ERROR NAME EXPIRED_TOKEN, ERROR MSG Expired JWT token."},"productStatus":{"OUT_STOCK":"제품의 판매 상태 완료","ON_STOCK":"제품의 판매 상태 판매중","BOOKING":"제품의 판매 상태 예약중"},"orderType":{"HIGH_PRICE":"price DESC","PAST":"id ASC","LOW_PRICE":"price ASC","LATEST":"id DESC"},"orderStatus":{"COMPLETED":"Order status: COMPLETED","ORDERED":"Order status: ORDERED"}}}
    Forwarded URL = null
   Redirected URL = null
          Cookies = []
]]></system-out>
  <system-err><![CDATA[]]></system-err>
</testsuite>
