<?xml version="1.0" encoding="UTF-8"?>
<testsuite name="com.wanted.preonboarding.module.product.controller.ProductControllerTest" tests="5" skipped="0" failures="0" errors="0" timestamp="2024-05-30T00:38:01" hostname="lyusang-won-ui-MacBookPro.local" time="0.434">
  <properties/>
  <testcase name="상품 수정" classname="com.wanted.preonboarding.module.product.controller.ProductControllerTest" time="0.054"/>
  <testcase name="상품 목록 조회" classname="com.wanted.preonboarding.module.product.controller.ProductControllerTest" time="0.286"/>
  <testcase name="상품 등록 실패 - 비회원" classname="com.wanted.preonboarding.module.product.controller.ProductControllerTest" time="0.013"/>
  <testcase name="상품 조회" classname="com.wanted.preonboarding.module.product.controller.ProductControllerTest" time="0.038"/>
  <testcase name="상품 등록" classname="com.wanted.preonboarding.module.product.controller.ProductControllerTest" time="0.042"/>
  <system-out><![CDATA[2024-05-30T09:38:01.766+09:00  INFO 8150 --- [    Test worker] t.c.s.AnnotationConfigContextLoaderUtils : Could not detect default configuration classes for test class [com.wanted.preonboarding.module.product.controller.ProductControllerTest]: ProductControllerTest does not declare any static, non-private, non-final, nested classes annotated with @Configuration.
2024-05-30T09:38:01.777+09:00  INFO 8150 --- [    Test worker] .b.t.c.SpringBootTestContextBootstrapper : Found @SpringBootConfiguration com.wanted.preonboarding.PreonboardingApplication for test class com.wanted.preonboarding.module.product.controller.ProductControllerTest
2024-05-30T09:38:01.780+09:00  INFO 8150 --- [    Test worker] o.s.b.t.m.w.SpringBootMockServletContext : Initializing Spring TestDispatcherServlet ''
2024-05-30T09:38:01.780+09:00  INFO 8150 --- [    Test worker] o.s.t.web.servlet.TestDispatcherServlet  : Initializing Servlet ''
2024-05-30T09:38:01.780+09:00  INFO 8150 --- [    Test worker] o.s.t.web.servlet.TestDispatcherServlet  : Completed initialization in 0 ms

MockHttpServletRequest:
      HTTP Method = PATCH
      Request URI = /api/v1/product/2099
       Parameters = {}
          Headers = [Content-Type:"application/json;charset=UTF-8", Authorization:"Bearer eyJhbGciOiJIUzI1NiJ9.eyJzdWIiOiJyZ05OdUB3YW50ZWQuY29tIiwicm9sZSI6Ik5PUk1BTCIsImlhdCI6MTcxNzAyOTQ4MSwiZXhwIjoxNzE3MDMzMDgxfQ.vRYApNfraGVv2tiTGuGOaQi2R1bsYwyIazny57UsiAU", Content-Length:"58"]
             Body = {"productName":"adfqijelqe","price":90787741,"quantity":2}
    Session Attrs = {}

Handler:
             Type = com.wanted.preonboarding.module.product.controller.ProductController
           Method = com.wanted.preonboarding.module.product.controller.ProductController#updateProduct(Long, CreateProduct)

Async:
    Async started = false
     Async result = null

Resolved Exception:
             Type = null

ModelAndView:
        View name = null
             View = null
            Model = null

FlashMap:
       Attributes = null

MockHttpServletResponse:
           Status = 200
    Error message = null
          Headers = [Vary:"Origin", "Access-Control-Request-Method", "Access-Control-Request-Headers", Content-Type:"application/json;charset=UTF-8", X-Content-Type-Options:"nosniff", X-XSS-Protection:"0", Cache-Control:"no-cache, no-store, max-age=0, must-revalidate", Pragma:"no-cache", Expires:"0", X-Frame-Options:"DENY"]
     Content type = application/json;charset=UTF-8
             Body = {"data":{"id":2099,"productName":"adfqijelqe","price":90787741,"productStatus":"ON_STOCK","seller":"aRRlkSHyszelcU@wanted.com","quantity":4558},"response":{"status":200,"message":"success"}}
    Forwarded URL = null
   Redirected URL = null
          Cookies = []
2024-05-30T09:38:01.835+09:00  INFO 8150 --- [    Test worker] o.s.b.t.m.w.SpringBootMockServletContext : Initializing Spring TestDispatcherServlet ''
2024-05-30T09:38:01.835+09:00  INFO 8150 --- [    Test worker] o.s.t.web.servlet.TestDispatcherServlet  : Initializing Servlet ''
2024-05-30T09:38:01.835+09:00  INFO 8150 --- [    Test worker] o.s.t.web.servlet.TestDispatcherServlet  : Completed initialization in 0 ms

MockHttpServletRequest:
      HTTP Method = GET
      Request URI = /api/v1/products
       Parameters = {}
          Headers = [Content-Type:"application/json;charset=UTF-8"]
             Body = null
    Session Attrs = {}

Handler:
             Type = com.wanted.preonboarding.module.product.controller.ProductController
           Method = com.wanted.preonboarding.module.product.controller.ProductController#fetchProduct(ItemFilter, Pageable)

Async:
    Async started = false
     Async result = null

Resolved Exception:
             Type = null

ModelAndView:
        View name = null
             View = null
            Model = null

FlashMap:
       Attributes = null

MockHttpServletResponse:
           Status = 200
    Error message = null
          Headers = [Vary:"Origin", "Access-Control-Request-Method", "Access-Control-Request-Headers", Content-Type:"application/json;charset=UTF-8", X-Content-Type-Options:"nosniff", X-XSS-Protection:"0", Cache-Control:"no-cache, no-store, max-age=0, must-revalidate", Pragma:"no-cache", Expires:"0", X-Frame-Options:"DENY"]
     Content type = application/json;charset=UTF-8
             Body = {"data":{"content":[{"id":1389,"productName":"ynaxyjralb","price":44852877,"productStatus":"ON_STOCK","seller":"anPMsySnT@wanted.com","quantity":3957},{"id":1415,"productName":"jogugkjagp","price":62094395,"productStatus":"ON_STOCK","seller":"RtVTPfMxRnFySF@wanted.com","quantity":7926},{"id":8552,"productName":"blxtnwfkvn","price":22912983,"productStatus":"ON_STOCK","seller":"yEVfPCW@wanted.com","quantity":2684},{"id":9360,"productName":"azqfeifxzd","price":56974240,"productStatus":"ON_STOCK","seller":"bIGfRdwhqPg@wanted.com","quantity":3255},{"id":6511,"productName":"oeiinvefha","price":84261681,"productStatus":"ON_STOCK","seller":"kHNnEZmeD@wanted.com","quantity":2967},{"id":3291,"productName":"dgvthoyhln","price":64354213,"productStatus":"ON_STOCK","seller":"fkLbKTHBfm@wanted.com","quantity":2603},{"id":3537,"productName":"lkoxswtmya","price":2339568,"productStatus":"ON_STOCK","seller":"KuRnydlh@wanted.com","quantity":43},{"id":2832,"productName":"etrghtwpif","price":42710307,"productStatus":"ON_STOCK","seller":"iecoSWVga@wanted.com","quantity":3825},{"id":1699,"productName":"mkyqybhpsl","price":29745608,"productStatus":"ON_STOCK","seller":"yzRm@wanted.com","quantity":1352},{"id":3469,"productName":"nfoevxiyoh","price":68507694,"productStatus":"ON_STOCK","seller":"fQEsSlWAEI@wanted.com","quantity":7100}],"last":true,"first":true,"number":0,"sort":{"empty":true,"unsorted":true,"sorted":false},"size":5,"numberOfElements":10,"empty":false,"lastDomainId":3469},"response":{"status":200,"message":"success"}}
    Forwarded URL = null
   Redirected URL = null
          Cookies = []
2024-05-30T09:38:02.122+09:00  INFO 8150 --- [    Test worker] o.s.b.t.m.w.SpringBootMockServletContext : Initializing Spring TestDispatcherServlet ''
2024-05-30T09:38:02.122+09:00  INFO 8150 --- [    Test worker] o.s.t.web.servlet.TestDispatcherServlet  : Initializing Servlet ''
2024-05-30T09:38:02.122+09:00  INFO 8150 --- [    Test worker] o.s.t.web.servlet.TestDispatcherServlet  : Completed initialization in 0 ms

MockHttpServletRequest:
      HTTP Method = POST
      Request URI = /api/v1/product
       Parameters = {}
          Headers = [Content-Type:"application/json;charset=UTF-8", Content-Length:"58"]
             Body = {"productName":"dhplccinwg","price":27634485,"quantity":9}
    Session Attrs = {}

Handler:
             Type = com.wanted.preonboarding.module.product.controller.ProductController
           Method = com.wanted.preonboarding.module.product.controller.ProductController#createProduct(CreateProduct)

Async:
    Async started = false
     Async result = null

Resolved Exception:
             Type = null

ModelAndView:
        View name = null
             View = null
            Model = null

FlashMap:
       Attributes = null

MockHttpServletResponse:
           Status = 401
    Error message = 로그인이 필요합니다.
          Headers = [Vary:"Origin", "Access-Control-Request-Method", "Access-Control-Request-Headers", X-Content-Type-Options:"nosniff", X-XSS-Protection:"0", Cache-Control:"no-cache, no-store, max-age=0, must-revalidate", Pragma:"no-cache", Expires:"0", X-Frame-Options:"DENY"]
     Content type = null
             Body = 
    Forwarded URL = null
   Redirected URL = null
          Cookies = []
2024-05-30T09:38:02.134+09:00  INFO 8150 --- [    Test worker] o.s.b.t.m.w.SpringBootMockServletContext : Initializing Spring TestDispatcherServlet ''
2024-05-30T09:38:02.134+09:00  INFO 8150 --- [    Test worker] o.s.t.web.servlet.TestDispatcherServlet  : Initializing Servlet ''
2024-05-30T09:38:02.135+09:00  INFO 8150 --- [    Test worker] o.s.t.web.servlet.TestDispatcherServlet  : Completed initialization in 1 ms

MockHttpServletRequest:
      HTTP Method = GET
      Request URI = /api/v1/product/7086
       Parameters = {}
          Headers = [Content-Type:"application/json;charset=UTF-8"]
             Body = null
    Session Attrs = {}

Handler:
             Type = com.wanted.preonboarding.module.product.controller.ProductController
           Method = com.wanted.preonboarding.module.product.controller.ProductController#fetchProduct(Long)

Async:
    Async started = false
     Async result = null

Resolved Exception:
             Type = null

ModelAndView:
        View name = null
             View = null
            Model = null

FlashMap:
       Attributes = null

MockHttpServletResponse:
           Status = 200
    Error message = null
          Headers = [Vary:"Origin", "Access-Control-Request-Method", "Access-Control-Request-Headers", Content-Type:"application/json;charset=UTF-8", X-Content-Type-Options:"nosniff", X-XSS-Protection:"0", Cache-Control:"no-cache, no-store, max-age=0, must-revalidate", Pragma:"no-cache", Expires:"0", X-Frame-Options:"DENY"]
     Content type = application/json;charset=UTF-8
             Body = {"data":{"id":7086,"productName":"aqrafgrhdn","price":20306607,"productStatus":"ON_STOCK","seller":"RzubOUEI@wanted.com","quantity":2931},"response":{"status":200,"message":"success"}}
    Forwarded URL = null
   Redirected URL = null
          Cookies = []
2024-05-30T09:38:02.172+09:00  INFO 8150 --- [    Test worker] o.s.b.t.m.w.SpringBootMockServletContext : Initializing Spring TestDispatcherServlet ''
2024-05-30T09:38:02.173+09:00  INFO 8150 --- [    Test worker] o.s.t.web.servlet.TestDispatcherServlet  : Initializing Servlet ''
2024-05-30T09:38:02.173+09:00  INFO 8150 --- [    Test worker] o.s.t.web.servlet.TestDispatcherServlet  : Completed initialization in 0 ms

MockHttpServletRequest:
      HTTP Method = POST
      Request URI = /api/v1/product
       Parameters = {}
          Headers = [Content-Type:"application/json;charset=UTF-8", Authorization:"Bearer eyJhbGciOiJIUzI1NiJ9.eyJzdWIiOiJjVVVaS0B3YW50ZWQuY29tIiwicm9sZSI6Ik5PUk1BTCIsImlhdCI6MTcxNzAyOTQ4MiwiZXhwIjoxNzE3MDMzMDgyfQ.jk1SwJgLX51mkx9PMGMwl2AiAf_ixdp5YgZWq3HUvzA", Content-Length:"58"]
             Body = {"productName":"qzdkrisegs","price":37676302,"quantity":4}
    Session Attrs = {}

Handler:
             Type = com.wanted.preonboarding.module.product.controller.ProductController
           Method = com.wanted.preonboarding.module.product.controller.ProductController#createProduct(CreateProduct)

Async:
    Async started = false
     Async result = null

Resolved Exception:
             Type = null

ModelAndView:
        View name = null
             View = null
            Model = null

FlashMap:
       Attributes = null

MockHttpServletResponse:
           Status = 200
    Error message = null
          Headers = [Vary:"Origin", "Access-Control-Request-Method", "Access-Control-Request-Headers", Content-Type:"application/json;charset=UTF-8", X-Content-Type-Options:"nosniff", X-XSS-Protection:"0", Cache-Control:"no-cache, no-store, max-age=0, must-revalidate", Pragma:"no-cache", Expires:"0", X-Frame-Options:"DENY"]
     Content type = application/json;charset=UTF-8
             Body = {"data":{"id":9673,"productName":"qzdkrisegs","price":37676302,"productStatus":"ON_STOCK","seller":"vGjAMPrhabww@wanted.com","quantity":8335},"response":{"status":200,"message":"success"}}
    Forwarded URL = null
   Redirected URL = null
          Cookies = []
]]></system-out>
  <system-err><![CDATA[]]></system-err>
</testsuite>
