<?xml version="1.0" encoding="UTF-8"?>
<testsuite name="com.wanted.preonboarding.module.user.service.UserRedisQueryServiceImplTest" tests="1" skipped="0" failures="0" errors="0" timestamp="2024-05-27T05:15:11" hostname="lyusang-won-ui-MacBookPro.local" time="0.009">
  <properties/>
  <testcase name="UserInfo 저장 테스트" classname="com.wanted.preonboarding.module.user.service.UserRedisQueryServiceImplTest" time="0.009"/>
  <system-out><![CDATA[]]></system-out>
  <system-err><![CDATA[]]></system-err>
</testsuite>
