<?xml version="1.0" encoding="UTF-8"?>
<testsuite name="com.wanted.preonboarding.module.order.validator.OrderLockRedisCheckerTest" tests="2" skipped="0" failures="0" errors="0" timestamp="2024-05-30T09:12:11" hostname="lyusang-won-ui-MacBookPro.local" time="0.002">
  <properties/>
  <testcase name="상품에 대한 락이 이미 설정되어 있는 경우" classname="com.wanted.preonboarding.module.order.validator.OrderLockRedisCheckerTest" time="0.001"/>
  <testcase name="상품에 대한 락이 성공적으로 설정되는 경우" classname="com.wanted.preonboarding.module.order.validator.OrderLockRedisCheckerTest" time="0.0"/>
  <system-out><![CDATA[]]></system-out>
  <system-err><![CDATA[]]></system-err>
</testsuite>
