<?xml version="1.0" encoding="UTF-8"?>
<testsuite name="com.wanted.preonboarding.auth.controller.AuthControllerTest" tests="1" skipped="0" failures="0" errors="0" timestamp="2024-05-26T08:46:40" hostname="lyusang-won-ui-MacBookPro.local" time="0.308">
  <properties/>
  <testcase name="Access Token 발급" classname="com.wanted.preonboarding.auth.controller.AuthControllerTest" time="0.308"/>
  <system-out><![CDATA[2024-05-26T17:46:40.008+09:00  INFO 35942 --- [    Test worker] t.c.s.AnnotationConfigContextLoaderUtils : Could not detect default configuration classes for test class [com.wanted.preonboarding.auth.controller.AuthControllerTest]: AuthControllerTest does not declare any static, non-private, non-final, nested classes annotated with @Configuration.
2024-05-26T17:46:40.021+09:00  INFO 35942 --- [    Test worker] .b.t.c.SpringBootTestContextBootstrapper : Found @SpringBootConfiguration com.wanted.preonboarding.PreonboardingApplication for test class com.wanted.preonboarding.auth.controller.AuthControllerTest
  .   ____          _            __ _ _
 /\\ / ___'_ __ _ _(_)_ __  __ _ \ \ \ \
( ( )\___ | '_ | '_| | '_ \/ _` | \ \ \ \
 \\/  ___)| |_)| | | | | || (_| |  ) ) ) )
  '  |____| .__|_| |_|_| |_\__, | / / / /
 =========|_|==============|___/=/_/_/_/

 :: Spring Boot ::                (v3.3.0)

2024-05-26T17:46:40.035+09:00  INFO 35942 --- [    Test worker] c.w.p.a.controller.AuthControllerTest    : Starting AuthControllerTest using Java 21.0.3 with PID 35942 (started by sangwon-ryu in /Users/sangwon-ryu/wanted-preonboarding-challenge-backend-20)
2024-05-26T17:46:40.035+09:00 DEBUG 35942 --- [    Test worker] c.w.p.a.controller.AuthControllerTest    : Running with Spring Boot v3.3.0, Spring v6.1.8
2024-05-26T17:46:40.035+09:00  INFO 35942 --- [    Test worker] c.w.p.a.controller.AuthControllerTest    : No active profile set, falling back to 1 default profile: "default"
2024-05-26T17:46:40.365+09:00  WARN 35942 --- [    Test worker] .s.s.UserDetailsServiceAutoConfiguration : 

Using generated security password: 4a44a4ae-5d69-496b-a917-8ecdc66c8017

This generated password is for development use only. Your security configuration must be updated before running your application in production.

2024-05-26T17:46:40.383+09:00  INFO 35942 --- [    Test worker] r$InitializeUserDetailsManagerConfigurer : Global AuthenticationManager configured with UserDetailsService bean with name inMemoryUserDetailsManager
2024-05-26T17:46:40.394+09:00  INFO 35942 --- [    Test worker] o.s.s.web.DefaultSecurityFilterChain     : Will secure any request with [org.springframework.security.web.session.DisableEncodeUrlFilter@484f7fad, org.springframework.security.web.context.request.async.WebAsyncManagerIntegrationFilter@61d87509, org.springframework.security.web.context.SecurityContextHolderFilter@42908ad5, org.springframework.security.web.header.HeaderWriterFilter@2ca6937, org.springframework.web.filter.CorsFilter@4ae1ee85, org.springframework.security.web.csrf.CsrfFilter@76527a00, org.springframework.security.web.authentication.logout.LogoutFilter@75044df3, org.springframework.security.web.authentication.UsernamePasswordAuthenticationFilter@2e78213c, org.springframework.security.web.authentication.ui.DefaultLoginPageGeneratingFilter@7335aae5, org.springframework.security.web.authentication.ui.DefaultLogoutPageGeneratingFilter@20ca2c3f, org.springframework.security.web.authentication.www.BasicAuthenticationFilter@79927a7c, org.springframework.security.web.savedrequest.RequestCacheAwareFilter@27777afd, org.springframework.security.web.servletapi.SecurityContextHolderAwareRequestFilter@22e7ec5f, org.springframework.security.web.authentication.AnonymousAuthenticationFilter@134b9d9c, org.springframework.security.web.access.ExceptionTranslationFilter@5bebdfcb, org.springframework.security.web.access.intercept.AuthorizationFilter@2c66be14]
2024-05-26T17:46:40.420+09:00  INFO 35942 --- [    Test worker] o.s.b.t.m.w.SpringBootMockServletContext : Initializing Spring TestDispatcherServlet ''
2024-05-26T17:46:40.420+09:00  INFO 35942 --- [    Test worker] o.s.t.web.servlet.TestDispatcherServlet  : Initializing Servlet ''
2024-05-26T17:46:40.421+09:00  INFO 35942 --- [    Test worker] o.s.t.web.servlet.TestDispatcherServlet  : Completed initialization in 1 ms
2024-05-26T17:46:40.429+09:00  INFO 35942 --- [    Test worker] c.w.p.a.controller.AuthControllerTest    : Started AuthControllerTest in 0.405 seconds (process running for 3.835)
2024-05-26T17:46:40.448+09:00  INFO 35942 --- [    Test worker] o.s.b.t.m.w.SpringBootMockServletContext : Initializing Spring TestDispatcherServlet ''
2024-05-26T17:46:40.449+09:00  INFO 35942 --- [    Test worker] o.s.t.web.servlet.TestDispatcherServlet  : Initializing Servlet ''
2024-05-26T17:46:40.449+09:00  INFO 35942 --- [    Test worker] o.s.t.web.servlet.TestDispatcherServlet  : Completed initialization in 0 ms

MockHttpServletRequest:
      HTTP Method = POST
      Request URI = /api/v1/auth/authentication
       Parameters = {}
          Headers = [Content-Type:"application/json;charset=UTF-8", Content-Length:"50"]
             Body = {"email":"VSN@wanted.com","password":"vnwurtgczt"}
    Session Attrs = {}

Handler:
             Type = com.wanted.preonboarding.auth.controller.AuthController
           Method = com.wanted.preonboarding.auth.controller.AuthController#getAccessToken(CreateAuthToken)

Async:
    Async started = false
     Async result = null

Resolved Exception:
             Type = null

ModelAndView:
        View name = null
             View = null
            Model = null

FlashMap:
       Attributes = null

MockHttpServletResponse:
           Status = 200
    Error message = null
          Headers = [Authorization:"Bearer eyJhbGciOiJIUzI1NiJ9.eyJzdWIiOiJUaGJlRlZ0dVJAd2FudGVkLmNvbSIsInJvbGUiOiJOT1JNQUwiLCJpYXQiOjE3MTY3MTMyMDAsImV4cCI6MTcxNjcxNjgwMH0.W9BKI8XJlLnPe_qSPDoeYjtRDLojjR2Y2M20GDLRlH0", Content-Type:"application/json;charset=UTF-8"]
     Content type = application/json;charset=UTF-8
             Body = {"data":null,"response":{"status":200,"message":"Access token issued successfully"}}
    Forwarded URL = null
   Redirected URL = null
          Cookies = []
]]></system-out>
  <system-err><![CDATA[]]></system-err>
</testsuite>
