<?xml version="1.0" encoding="UTF-8"?>
<testsuite name="com.wanted.preonboarding.auth.controller.AuthControllerTest" tests="1" skipped="0" failures="0" errors="0" timestamp="2024-05-30T00:37:57" hostname="lyusang-won-ui-MacBookPro.local" time="0.132">
  <properties/>
  <testcase name="Access Token 발급" classname="com.wanted.preonboarding.auth.controller.AuthControllerTest" time="0.132"/>
  <system-out><![CDATA[2024-05-30T09:37:56.603+09:00  INFO 8150 --- [    Test worker] t.c.s.AnnotationConfigContextLoaderUtils : Could not detect default configuration classes for test class [com.wanted.preonboarding.auth.controller.AuthControllerTest]: AuthControllerTest does not declare any static, non-private, non-final, nested classes annotated with @Configuration.
2024-05-30T09:37:56.618+09:00  INFO 8150 --- [    Test worker] .b.t.c.SpringBootTestContextBootstrapper : Found @SpringBootConfiguration com.wanted.preonboarding.PreonboardingApplication for test class com.wanted.preonboarding.auth.controller.AuthControllerTest
  .   ____          _            __ _ _
 /\\ / ___'_ __ _ _(_)_ __  __ _ \ \ \ \
( ( )\___ | '_ | '_| | '_ \/ _` | \ \ \ \
 \\/  ___)| |_)| | | | | || (_| |  ) ) ) )
  '  |____| .__|_| |_|_| |_\__, | / / / /
 =========|_|==============|___/=/_/_/_/

 :: Spring Boot ::                (v3.3.0)

2024-05-30T09:37:56.631+09:00  INFO 8150 --- [    Test worker] c.w.p.a.controller.AuthControllerTest    : Starting AuthControllerTest using Java 21.0.3 with PID 8150 (started by sangwon-ryu in /Users/sangwon-ryu/wanted-preonboarding-challenge-backend-20)
2024-05-30T09:37:56.631+09:00 DEBUG 8150 --- [    Test worker] c.w.p.a.controller.AuthControllerTest    : Running with Spring Boot v3.3.0, Spring v6.1.8
2024-05-30T09:37:56.631+09:00  INFO 8150 --- [    Test worker] c.w.p.a.controller.AuthControllerTest    : No active profile set, falling back to 1 default profile: "default"
2024-05-30T09:37:56.995+09:00  WARN 8150 --- [    Test worker] .s.s.UserDetailsServiceAutoConfiguration : 

Using generated security password: 8c9398f5-fd04-4eb2-ae03-000d3d255089

This generated password is for development use only. Your security configuration must be updated before running your application in production.

2024-05-30T09:37:56.995+09:00  INFO 8150 --- [    Test worker] r$InitializeUserDetailsManagerConfigurer : Global AuthenticationManager configured with UserDetailsService bean with name inMemoryUserDetailsManager
2024-05-30T09:37:57.062+09:00  INFO 8150 --- [    Test worker] o.s.s.web.DefaultSecurityFilterChain     : Will secure any request with [org.springframework.security.web.session.DisableEncodeUrlFilter@47cdae47, org.springframework.security.web.context.request.async.WebAsyncManagerIntegrationFilter@600eb351, org.springframework.security.web.context.SecurityContextHolderFilter@38a36f64, org.springframework.security.web.header.HeaderWriterFilter@5969665d, org.springframework.web.filter.CorsFilter@628cc4e9, org.springframework.security.web.authentication.logout.LogoutFilter@436c910e, com.wanted.preonboarding.auth.filter.JwtAuthenticationFilter@67174f09, org.springframework.security.web.savedrequest.RequestCacheAwareFilter@4765e57, org.springframework.security.web.servletapi.SecurityContextHolderAwareRequestFilter@16bf9b0a, org.springframework.security.web.authentication.AnonymousAuthenticationFilter@4d026a3a, org.springframework.security.web.session.SessionManagementFilter@4977e527, org.springframework.security.web.access.ExceptionTranslationFilter@8968fe8, org.springframework.security.web.access.intercept.AuthorizationFilter@1f5359a8]
2024-05-30T09:37:57.105+09:00 DEBUG 8150 --- [    Test worker] c.w.p.auth.filter.CustomLoggingFilter    : Filter 'loggingFilterRegistration' configured for use
2024-05-30T09:37:57.106+09:00 DEBUG 8150 --- [    Test worker] c.w.p.auth.filter.CustomLoggingFilter    : Filter 'customLoggingFilter' configured for use
2024-05-30T09:37:57.106+09:00  INFO 8150 --- [    Test worker] o.s.b.t.m.w.SpringBootMockServletContext : Initializing Spring TestDispatcherServlet ''
2024-05-30T09:37:57.106+09:00  INFO 8150 --- [    Test worker] o.s.t.web.servlet.TestDispatcherServlet  : Initializing Servlet ''
2024-05-30T09:37:57.107+09:00  INFO 8150 --- [    Test worker] o.s.t.web.servlet.TestDispatcherServlet  : Completed initialization in 1 ms
2024-05-30T09:37:57.112+09:00  INFO 8150 --- [    Test worker] c.w.p.a.controller.AuthControllerTest    : Started AuthControllerTest in 0.492 seconds (process running for 4.615)
2024-05-30T09:37:57.125+09:00  INFO 8150 --- [    Test worker] o.s.b.t.m.w.SpringBootMockServletContext : Initializing Spring TestDispatcherServlet ''
2024-05-30T09:37:57.125+09:00  INFO 8150 --- [    Test worker] o.s.t.web.servlet.TestDispatcherServlet  : Initializing Servlet ''
2024-05-30T09:37:57.126+09:00  INFO 8150 --- [    Test worker] o.s.t.web.servlet.TestDispatcherServlet  : Completed initialization in 1 ms

MockHttpServletRequest:
      HTTP Method = POST
      Request URI = /api/v1/auth/authentication
       Parameters = {}
          Headers = [Content-Type:"application/json;charset=UTF-8", Content-Length:"52"]
             Body = {"email":"CdBjl@wanted.com","password":"qffsabolnp"}
    Session Attrs = {}

Handler:
             Type = com.wanted.preonboarding.auth.controller.AuthController
           Method = com.wanted.preonboarding.auth.controller.AuthController#getAccessToken(CreateAuthToken)

Async:
    Async started = false
     Async result = null

Resolved Exception:
             Type = null

ModelAndView:
        View name = null
             View = null
            Model = null

FlashMap:
       Attributes = null

MockHttpServletResponse:
           Status = 200
    Error message = null
          Headers = [Vary:"Origin", "Access-Control-Request-Method", "Access-Control-Request-Headers", Authorization:"Bearer eyJhbGciOiJIUzI1NiJ9.eyJzdWIiOiJpQ0tPbHNwZmtAd2FudGVkLmNvbSIsInJvbGUiOiJOT1JNQUwiLCJpYXQiOjE3MTcwMjk0NzcsImV4cCI6MTcxNzAzMzA3N30.L4UbJtoaD_LdbI7ZZMIdzJj_BB-M_7cl1sF4Gsx-NR4", Content-Type:"application/json;charset=UTF-8", X-Content-Type-Options:"nosniff", X-XSS-Protection:"0", Cache-Control:"no-cache, no-store, max-age=0, must-revalidate", Pragma:"no-cache", Expires:"0", X-Frame-Options:"DENY"]
     Content type = application/json;charset=UTF-8
             Body = {"data":null,"response":{"status":200,"message":"Access token issued successfully"}}
    Forwarded URL = null
   Redirected URL = null
          Cookies = []
]]></system-out>
  <system-err><![CDATA[]]></system-err>
</testsuite>
