<?xml version="1.0" encoding="UTF-8"?>
<testsuite name="com.wanted.preonboarding.document.CommonDocControllerTest" tests="1" skipped="0" failures="0" errors="0" timestamp="2024-05-27T00:55:47" hostname="lyusang-won-ui-MacBookPro.local" time="0.035">
  <properties/>
  <testcase name="enums()" classname="com.wanted.preonboarding.document.CommonDocControllerTest" time="0.035"/>
  <system-out><![CDATA[2024-05-27T09:55:47.427+09:00  INFO 50536 --- [    Test worker] t.c.s.AnnotationConfigContextLoaderUtils : Could not detect default configuration classes for test class [com.wanted.preonboarding.document.CommonDocControllerTest]: CommonDocControllerTest does not declare any static, non-private, non-final, nested classes annotated with @Configuration.
2024-05-27T09:55:47.450+09:00  INFO 50536 --- [    Test worker] .b.t.c.SpringBootTestContextBootstrapper : Found @SpringBootConfiguration com.wanted.preonboarding.PreonboardingApplication for test class com.wanted.preonboarding.document.CommonDocControllerTest
  .   ____          _            __ _ _
 /\\ / ___'_ __ _ _(_)_ __  __ _ \ \ \ \
( ( )\___ | '_ | '_| | '_ \/ _` | \ \ \ \
 \\/  ___)| |_)| | | | | || (_| |  ) ) ) )
  '  |____| .__|_| |_|_| |_\__, | / / / /
 =========|_|==============|___/=/_/_/_/

 :: Spring Boot ::                (v3.3.0)

2024-05-27T09:55:47.468+09:00  INFO 50536 --- [    Test worker] c.w.p.document.CommonDocControllerTest   : Starting CommonDocControllerTest using Java 21.0.3 with PID 50536 (started by sangwon-ryu in /Users/sangwon-ryu/wanted-preonboarding-challenge-backend-20)
2024-05-27T09:55:47.468+09:00 DEBUG 50536 --- [    Test worker] c.w.p.document.CommonDocControllerTest   : Running with Spring Boot v3.3.0, Spring v6.1.8
2024-05-27T09:55:47.468+09:00  INFO 50536 --- [    Test worker] c.w.p.document.CommonDocControllerTest   : No active profile set, falling back to 1 default profile: "default"
2024-05-27T09:55:47.621+09:00  WARN 50536 --- [    Test worker] .s.s.UserDetailsServiceAutoConfiguration : 

Using generated security password: d25e6f38-a236-4977-aa4b-2f39ad9a042f

This generated password is for development use only. Your security configuration must be updated before running your application in production.

2024-05-27T09:55:47.622+09:00  INFO 50536 --- [    Test worker] r$InitializeUserDetailsManagerConfigurer : Global AuthenticationManager configured with UserDetailsService bean with name inMemoryUserDetailsManager
2024-05-27T09:55:47.710+09:00  INFO 50536 --- [    Test worker] o.s.s.web.DefaultSecurityFilterChain     : Will secure any request with [org.springframework.security.web.session.DisableEncodeUrlFilter@b940d24, org.springframework.security.web.context.request.async.WebAsyncManagerIntegrationFilter@667dfd42, org.springframework.security.web.context.SecurityContextHolderFilter@4033d25d, org.springframework.security.web.header.HeaderWriterFilter@1e69a9c6, org.springframework.web.filter.CorsFilter@1234d9f6, org.springframework.security.web.authentication.logout.LogoutFilter@32ebfde1, com.wanted.preonboarding.auth.filter.JwtAuthenticationFilter@6e4c8583, org.springframework.security.web.savedrequest.RequestCacheAwareFilter@cbb32f0, org.springframework.security.web.servletapi.SecurityContextHolderAwareRequestFilter@5f4f8d38, org.springframework.security.web.authentication.AnonymousAuthenticationFilter@451a5843, org.springframework.security.web.session.SessionManagementFilter@23c21550, org.springframework.security.web.access.ExceptionTranslationFilter@4c601487, org.springframework.security.web.access.intercept.AuthorizationFilter@44971269]
2024-05-27T09:55:47.772+09:00  INFO 50536 --- [    Test worker] o.s.b.t.m.w.SpringBootMockServletContext : Initializing Spring TestDispatcherServlet ''
2024-05-27T09:55:47.772+09:00  INFO 50536 --- [    Test worker] o.s.t.web.servlet.TestDispatcherServlet  : Initializing Servlet ''
2024-05-27T09:55:47.772+09:00  INFO 50536 --- [    Test worker] o.s.t.web.servlet.TestDispatcherServlet  : Completed initialization in 0 ms
2024-05-27T09:55:47.781+09:00  INFO 50536 --- [    Test worker] c.w.p.document.CommonDocControllerTest   : Started CommonDocControllerTest in 0.329 seconds (process running for 6.303)
2024-05-27T09:55:47.786+09:00  INFO 50536 --- [    Test worker] o.s.b.t.m.w.SpringBootMockServletContext : Initializing Spring TestDispatcherServlet ''
2024-05-27T09:55:47.786+09:00  INFO 50536 --- [    Test worker] o.s.t.web.servlet.TestDispatcherServlet  : Initializing Servlet ''
2024-05-27T09:55:47.786+09:00  INFO 50536 --- [    Test worker] o.s.t.web.servlet.TestDispatcherServlet  : Completed initialization in 0 ms

MockHttpServletRequest:
      HTTP Method = GET
      Request URI = /test/enums
       Parameters = {}
          Headers = [Content-Type:"application/json;charset=UTF-8"]
             Body = null
    Session Attrs = {}

Handler:
             Type = com.wanted.preonboarding.document.CommonDocController
           Method = com.wanted.preonboarding.document.CommonDocController#findEnums()

Async:
    Async started = false
     Async result = null

Resolved Exception:
             Type = null

ModelAndView:
        View name = null
             View = null
            Model = null

FlashMap:
       Attributes = null

MockHttpServletResponse:
           Status = 200
    Error message = null
          Headers = [Vary:"Origin", "Access-Control-Request-Method", "Access-Control-Request-Headers", Content-Type:"application/json;charset=UTF-8", X-Content-Type-Options:"nosniff", X-XSS-Protection:"0", Cache-Control:"no-cache, no-store, max-age=0, must-revalidate", Pragma:"no-cache", Expires:"0", X-Frame-Options:"DENY"]
     Content type = application/json;charset=UTF-8
             Body = {"data":{"redisKey":{"REFRESH_TOKEN":"REDIS KEY refresh_token, REDIS TTL 1","USERS":"REDIS KEY users, REDIS TTL 1"},"yn":{"Y":"Y means YES, N meas NO","N":"Y means YES, N meas NO"},"memberShip":{"GUEST":"USER MEMBERSHIP","NORMAL":"USER MEMBERSHIP"},"jwtErrorEnum":{"UNSUPPORTED_TOKEN":"JWT ERROR NAME UNSUPPORTED_TOKEN, ERROR MSG Unsupported JWT token.","MALFORMED_TOKEN":"JWT ERROR NAME MALFORMED_TOKEN, ERROR MSG Invalid JWT token.","ILLEGAL_ARGUMENT":"JWT ERROR NAME ILLEGAL_ARGUMENT, ERROR MSG JWT token compact of handler are invalid.","INVALID_SIGNATURE":"JWT ERROR NAME INVALID_SIGNATURE, ERROR MSG Invalid JWT signature.","EXPIRED_TOKEN":"JWT ERROR NAME EXPIRED_TOKEN, ERROR MSG Expired JWT token."},"productStatus":{"OUT_STOCK":"제품의 판매 상태 완료","ON_STOCK":"제품의 판매 상태 판매중","BOOKING":"제품의 판매 상태 예약중"},"orderType":{"HIGH_PRICE":"price DESC","PAST":"id ASC","LOW_PRICE":"price ASC","LATEST":"id DESC"}}}
    Forwarded URL = null
   Redirected URL = null
          Cookies = []
]]></system-out>
  <system-err><![CDATA[]]></system-err>
</testsuite>
