<?xml version="1.0" encoding="UTF-8"?>
<testsuite name="com.wanted.preonboarding.module.order.controller.OrderControllerTest" tests="11" skipped="0" failures="0" errors="0" timestamp="2024-05-30T01:47:17" hostname="lyusang-won-ui-MacBookPro.local" time="1.832">
  <properties/>
  <testcase name="주문 수정 - COMPLETED" classname="com.wanted.preonboarding.module.order.controller.OrderControllerTest" time="0.297"/>
  <testcase name="주문 상세 조회 - 성공" classname="com.wanted.preonboarding.module.order.controller.OrderControllerTest" time="0.196"/>
  <testcase name="유효하지 않은 주문 - 이미 구매한 제품" classname="com.wanted.preonboarding.module.order.controller.OrderControllerTest" time="0.216"/>
  <testcase name="유효하지 않은 주문 - 이미 예약 중 또는 판매 완료된 제품" classname="com.wanted.preonboarding.module.order.controller.OrderControllerTest" time="0.21"/>
  <testcase name="주문 실패 - 비회원" classname="com.wanted.preonboarding.module.order.controller.OrderControllerTest" time="0.135"/>
  <testcase name="주문 수정 - SETTLEMENT" classname="com.wanted.preonboarding.module.order.controller.OrderControllerTest" time="0.21"/>
  <testcase name="주문 수정 - ORDERED 에서 SETTLEMENT 로 잘못된 요청" classname="com.wanted.preonboarding.module.order.controller.OrderControllerTest" time="0.078"/>
  <testcase name="유효하지 않은 주문 - 상품 없음" classname="com.wanted.preonboarding.module.order.controller.OrderControllerTest" time="0.073"/>
  <testcase name="주문 수정 - COMPLETED 에서 COMPLETED 로 잘못된 요청" classname="com.wanted.preonboarding.module.order.controller.OrderControllerTest" time="0.108"/>
  <testcase name="주문 생성" classname="com.wanted.preonboarding.module.order.controller.OrderControllerTest" time="0.087"/>
  <testcase name="거래내역 조회 - 성공" classname="com.wanted.preonboarding.module.order.controller.OrderControllerTest" time="0.221"/>
  <system-out><![CDATA[2024-05-30T10:47:17.038+09:00  INFO 11143 --- [    Test worker] t.c.s.AnnotationConfigContextLoaderUtils : Could not detect default configuration classes for test class [com.wanted.preonboarding.module.order.controller.OrderControllerTest]: OrderControllerTest does not declare any static, non-private, non-final, nested classes annotated with @Configuration.
2024-05-30T10:47:17.057+09:00  INFO 11143 --- [    Test worker] .b.t.c.SpringBootTestContextBootstrapper : Found @SpringBootConfiguration com.wanted.preonboarding.PreonboardingApplication for test class com.wanted.preonboarding.module.order.controller.OrderControllerTest
  .   ____          _            __ _ _
 /\\ / ___'_ __ _ _(_)_ __  __ _ \ \ \ \
( ( )\___ | '_ | '_| | '_ \/ _` | \ \ \ \
 \\/  ___)| |_)| | | | | || (_| |  ) ) ) )
  '  |____| .__|_| |_|_| |_\__, | / / / /
 =========|_|==============|___/=/_/_/_/

 :: Spring Boot ::                (v3.3.0)

2024-05-30T10:47:17.071+09:00  INFO 11143 --- [    Test worker] c.w.p.m.o.c.OrderControllerTest          : Starting OrderControllerTest using Java 21.0.3 with PID 11143 (started by sangwon-ryu in /Users/sangwon-ryu/wanted-preonboarding-challenge-backend-20)
2024-05-30T10:47:17.071+09:00 DEBUG 11143 --- [    Test worker] c.w.p.m.o.c.OrderControllerTest          : Running with Spring Boot v3.3.0, Spring v6.1.8
2024-05-30T10:47:17.071+09:00  INFO 11143 --- [    Test worker] c.w.p.m.o.c.OrderControllerTest          : No active profile set, falling back to 1 default profile: "default"
2024-05-30T10:47:17.246+09:00  WARN 11143 --- [    Test worker] .s.s.UserDetailsServiceAutoConfiguration : 

Using generated security password: a27010a4-f95e-4bea-af48-35e27e9efa65

This generated password is for development use only. Your security configuration must be updated before running your application in production.

2024-05-30T10:47:17.247+09:00  INFO 11143 --- [    Test worker] r$InitializeUserDetailsManagerConfigurer : Global AuthenticationManager configured with UserDetailsService bean with name inMemoryUserDetailsManager
2024-05-30T10:47:17.304+09:00  INFO 11143 --- [    Test worker] o.s.s.web.DefaultSecurityFilterChain     : Will secure any request with [org.springframework.security.web.session.DisableEncodeUrlFilter@74770a8b, org.springframework.security.web.context.request.async.WebAsyncManagerIntegrationFilter@a7adeb1, org.springframework.security.web.context.SecurityContextHolderFilter@308b8e8f, org.springframework.security.web.header.HeaderWriterFilter@5a6e1f51, org.springframework.web.filter.CorsFilter@111c2c9c, org.springframework.security.web.authentication.logout.LogoutFilter@247b411d, com.wanted.preonboarding.auth.filter.JwtAuthenticationFilter@1cf676b8, org.springframework.security.web.savedrequest.RequestCacheAwareFilter@1faa627c, org.springframework.security.web.servletapi.SecurityContextHolderAwareRequestFilter@3514624f, org.springframework.security.web.authentication.AnonymousAuthenticationFilter@501904ff, org.springframework.security.web.session.SessionManagementFilter@5c2424a0, org.springframework.security.web.access.ExceptionTranslationFilter@79aac496, org.springframework.security.web.access.intercept.AuthorizationFilter@7e1e6f28]
2024-05-30T10:47:17.343+09:00 DEBUG 11143 --- [    Test worker] c.w.p.auth.filter.CustomLoggingFilter    : Filter 'loggingFilterRegistration' configured for use
2024-05-30T10:47:17.343+09:00 DEBUG 11143 --- [    Test worker] c.w.p.auth.filter.CustomLoggingFilter    : Filter 'customLoggingFilter' configured for use
2024-05-30T10:47:17.344+09:00  INFO 11143 --- [    Test worker] o.s.b.t.m.w.SpringBootMockServletContext : Initializing Spring TestDispatcherServlet ''
2024-05-30T10:47:17.344+09:00  INFO 11143 --- [    Test worker] o.s.t.web.servlet.TestDispatcherServlet  : Initializing Servlet ''
2024-05-30T10:47:17.344+09:00  INFO 11143 --- [    Test worker] o.s.t.web.servlet.TestDispatcherServlet  : Completed initialization in 0 ms
2024-05-30T10:47:17.349+09:00  INFO 11143 --- [    Test worker] c.w.p.m.o.c.OrderControllerTest          : Started OrderControllerTest in 0.29 seconds (process running for 6.471)
2024-05-30T10:47:17.355+09:00  INFO 11143 --- [    Test worker] o.s.b.t.m.w.SpringBootMockServletContext : Initializing Spring TestDispatcherServlet ''
2024-05-30T10:47:17.355+09:00  INFO 11143 --- [    Test worker] o.s.t.web.servlet.TestDispatcherServlet  : Initializing Servlet ''
2024-05-30T10:47:17.356+09:00  INFO 11143 --- [    Test worker] o.s.t.web.servlet.TestDispatcherServlet  : Completed initialization in 1 ms

MockHttpServletRequest:
      HTTP Method = PATCH
      Request URI = /api/v1/order
       Parameters = {}
          Headers = [Content-Type:"application/json;charset=UTF-8", Authorization:"Bearer eyJhbGciOiJIUzI1NiJ9.eyJzdWIiOiJRaUlAd2FudGVkLmNvbSIsInJvbGUiOiJOT1JNQUwiLCJpYXQiOjE3MTcwMzM2MzcsImV4cCI6MTcxNzAzNzIzN30.nNAmr7qHxOwIWlF27QIN18gbnEkkloi8q8CmnRmCfk4", Content-Length:"46"]
             Body = {"orderId":35840024,"orderStatus":"COMPLETED"}
    Session Attrs = {}

Handler:
             Type = com.wanted.preonboarding.module.order.controller.OrderController
           Method = com.wanted.preonboarding.module.order.controller.OrderController#updateOrder(UpdateOrder)

Async:
    Async started = false
     Async result = null

Resolved Exception:
             Type = null

ModelAndView:
        View name = null
             View = null
            Model = null

FlashMap:
       Attributes = null

MockHttpServletResponse:
           Status = 200
    Error message = null
          Headers = [Vary:"Origin", "Access-Control-Request-Method", "Access-Control-Request-Headers", Content-Type:"application/json;charset=UTF-8", X-Content-Type-Options:"nosniff", X-XSS-Protection:"0", Cache-Control:"no-cache, no-store, max-age=0, must-revalidate", Pragma:"no-cache", Expires:"0", X-Frame-Options:"DENY"]
     Content type = application/json;charset=UTF-8
             Body = {"data":{"orderId":97149120,"productId":7034,"buyer":"QiI@wanted.com","seller":"WZVxussvGEvbDK@wanted.com","orderStatus":"ORDERED"},"response":{"status":200,"message":"success"}}
    Forwarded URL = null
   Redirected URL = null
          Cookies = []
2024-05-30T10:47:17.652+09:00  INFO 11143 --- [    Test worker] o.s.b.t.m.w.SpringBootMockServletContext : Initializing Spring TestDispatcherServlet ''
2024-05-30T10:47:17.652+09:00  INFO 11143 --- [    Test worker] o.s.t.web.servlet.TestDispatcherServlet  : Initializing Servlet ''
2024-05-30T10:47:17.653+09:00  INFO 11143 --- [    Test worker] o.s.t.web.servlet.TestDispatcherServlet  : Completed initialization in 1 ms

MockHttpServletRequest:
      HTTP Method = GET
      Request URI = /api/v1/order/44844781
       Parameters = {}
          Headers = [Content-Type:"application/json;charset=UTF-8", Authorization:"Bearer eyJhbGciOiJIUzI1NiJ9.eyJzdWIiOiJxQktaZk5pc0ZAd2FudGVkLmNvbSIsInJvbGUiOiJOT1JNQUwiLCJpYXQiOjE3MTcwMzM2MzcsImV4cCI6MTcxNzAzNzIzN30.PvYC2gq2v_b1dcgTixuNdxlcQLH0Cu26qvF43PuLE-w"]
             Body = null
    Session Attrs = {}

Handler:
             Type = com.wanted.preonboarding.module.order.controller.OrderController
           Method = com.wanted.preonboarding.module.order.controller.OrderController#getOrder(Long)

Async:
    Async started = false
     Async result = null

Resolved Exception:
             Type = null

ModelAndView:
        View name = null
             View = null
            Model = null

FlashMap:
       Attributes = null

MockHttpServletResponse:
           Status = 200
    Error message = null
          Headers = [Vary:"Origin", "Access-Control-Request-Method", "Access-Control-Request-Headers", Content-Type:"application/json;charset=UTF-8", X-Content-Type-Options:"nosniff", X-XSS-Protection:"0", Cache-Control:"no-cache, no-store, max-age=0, must-revalidate", Pragma:"no-cache", Expires:"0", X-Frame-Options:"DENY"]
     Content type = application/json;charset=UTF-8
             Body = {"data":[{"orderId":44844781,"productId":5163,"buyer":"qBKZfNisF@wanted.com","seller":"nadbzvitzf","orderStatus":"ORDERED","price":97198862,"productName":"ufxnsnkhdt","insertDate":"2013-10-13 18:30:26","isCurrentUserSeller":false},{"orderId":44844781,"productId":5163,"buyer":"qBKZfNisF@wanted.com","seller":"nadbzvitzf","orderStatus":"COMPLETED","price":97198862,"productName":"ufxnsnkhdt","insertDate":"2013-10-13 18:30:26","isCurrentUserSeller":false},{"orderId":44844781,"productId":5163,"buyer":"qBKZfNisF@wanted.com","seller":"nadbzvitzf","orderStatus":"SETTLEMENT","price":97198862,"productName":"ufxnsnkhdt","insertDate":"2013-10-13 18:30:26","isCurrentUserSeller":false}],"response":{"status":200,"message":"success"}}
    Forwarded URL = null
   Redirected URL = null
          Cookies = []
2024-05-30T10:47:17.848+09:00  INFO 11143 --- [    Test worker] o.s.b.t.m.w.SpringBootMockServletContext : Initializing Spring TestDispatcherServlet ''
2024-05-30T10:47:17.848+09:00  INFO 11143 --- [    Test worker] o.s.t.web.servlet.TestDispatcherServlet  : Initializing Servlet ''
2024-05-30T10:47:17.848+09:00  INFO 11143 --- [    Test worker] o.s.t.web.servlet.TestDispatcherServlet  : Completed initialization in 0 ms

MockHttpServletRequest:
      HTTP Method = POST
      Request URI = /api/v1/order
       Parameters = {}
          Headers = [Content-Type:"application/json;charset=UTF-8", Authorization:"Bearer eyJhbGciOiJIUzI1NiJ9.eyJzdWIiOiJYcUlVWlpURFFVQHdhbnRlZC5jb20iLCJyb2xlIjoiTk9STUFMIiwiaWF0IjoxNzE3MDMzNjM3LCJleHAiOjE3MTcwMzcyMzd9.OWBeyRxlT6QudROvlyzruy69X97erBYgNsvGFMY8oX8", Content-Length:"18"]
             Body = {"productId":1302}
    Session Attrs = {}

Handler:
             Type = com.wanted.preonboarding.module.order.controller.OrderController
           Method = com.wanted.preonboarding.module.order.controller.OrderController#createOrder(CreateOrder)

Async:
    Async started = false
     Async result = null

Resolved Exception:
             Type = org.springframework.web.bind.MethodArgumentNotValidException

ModelAndView:
        View name = null
             View = null
            Model = null

FlashMap:
       Attributes = null

MockHttpServletResponse:
           Status = 400
    Error message = null
          Headers = [Vary:"Origin", "Access-Control-Request-Method", "Access-Control-Request-Headers", Content-Type:"application/json;charset=UTF-8", X-Content-Type-Options:"nosniff", X-XSS-Protection:"0", Cache-Control:"no-cache, no-store, max-age=0, must-revalidate", Pragma:"no-cache", Expires:"0", X-Frame-Options:"DENY"]
     Content type = application/json;charset=UTF-8
             Body = {"status":400,"message":"createOrder 구매 이력이 존재합니다. createOrder ","timestamp":"2024-05-30 10:47:18","error":"BeanPropertyBindingResult"}
    Forwarded URL = null
   Redirected URL = null
          Cookies = []
2024-05-30T10:47:18.064+09:00  INFO 11143 --- [    Test worker] o.s.b.t.m.w.SpringBootMockServletContext : Initializing Spring TestDispatcherServlet ''
2024-05-30T10:47:18.064+09:00  INFO 11143 --- [    Test worker] o.s.t.web.servlet.TestDispatcherServlet  : Initializing Servlet ''
2024-05-30T10:47:18.064+09:00  INFO 11143 --- [    Test worker] o.s.t.web.servlet.TestDispatcherServlet  : Completed initialization in 0 ms

MockHttpServletRequest:
      HTTP Method = POST
      Request URI = /api/v1/order
       Parameters = {}
          Headers = [Content-Type:"application/json;charset=UTF-8", Authorization:"Bearer eyJhbGciOiJIUzI1NiJ9.eyJzdWIiOiJCYWhAd2FudGVkLmNvbSIsInJvbGUiOiJOT1JNQUwiLCJpYXQiOjE3MTcwMzM2MzgsImV4cCI6MTcxNzAzNzIzOH0.jCDnogTzKCjgwLWi0NheZ5BIwO6XBHV3k7GrkEPTBE0", Content-Length:"18"]
             Body = {"productId":9946}
    Session Attrs = {}

Handler:
             Type = com.wanted.preonboarding.module.order.controller.OrderController
           Method = com.wanted.preonboarding.module.order.controller.OrderController#createOrder(CreateOrder)

Async:
    Async started = false
     Async result = null

Resolved Exception:
             Type = org.springframework.web.bind.MethodArgumentNotValidException

ModelAndView:
        View name = null
             View = null
            Model = null

FlashMap:
       Attributes = null

MockHttpServletResponse:
           Status = 400
    Error message = null
          Headers = [Vary:"Origin", "Access-Control-Request-Method", "Access-Control-Request-Headers", Content-Type:"application/json;charset=UTF-8", X-Content-Type-Options:"nosniff", X-XSS-Protection:"0", Cache-Control:"no-cache, no-store, max-age=0, must-revalidate", Pragma:"no-cache", Expires:"0", X-Frame-Options:"DENY"]
     Content type = application/json;charset=UTF-8
             Body = {"status":400,"message":"createOrder 이미 예약중 또는 판매완료 된 상품 입니다. ","timestamp":"2024-05-30 10:47:18","error":"BeanPropertyBindingResult"}
    Forwarded URL = null
   Redirected URL = null
          Cookies = []
2024-05-30T10:47:18.273+09:00  INFO 11143 --- [    Test worker] o.s.b.t.m.w.SpringBootMockServletContext : Initializing Spring TestDispatcherServlet ''
2024-05-30T10:47:18.274+09:00  INFO 11143 --- [    Test worker] o.s.t.web.servlet.TestDispatcherServlet  : Initializing Servlet ''
2024-05-30T10:47:18.274+09:00  INFO 11143 --- [    Test worker] o.s.t.web.servlet.TestDispatcherServlet  : Completed initialization in 0 ms

MockHttpServletRequest:
      HTTP Method = POST
      Request URI = /api/v1/order
       Parameters = {}
          Headers = [Content-Type:"application/json;charset=UTF-8", Content-Length:"18"]
             Body = {"productId":7807}
    Session Attrs = {}

Handler:
             Type = com.wanted.preonboarding.module.order.controller.OrderController
           Method = com.wanted.preonboarding.module.order.controller.OrderController#createOrder(CreateOrder)

Async:
    Async started = false
     Async result = null

Resolved Exception:
             Type = null

ModelAndView:
        View name = null
             View = null
            Model = null

FlashMap:
       Attributes = null

MockHttpServletResponse:
           Status = 401
    Error message = 로그인이 필요합니다.
          Headers = [Vary:"Origin", "Access-Control-Request-Method", "Access-Control-Request-Headers", X-Content-Type-Options:"nosniff", X-XSS-Protection:"0", Cache-Control:"no-cache, no-store, max-age=0, must-revalidate", Pragma:"no-cache", Expires:"0", X-Frame-Options:"DENY"]
     Content type = null
             Body = 
    Forwarded URL = null
   Redirected URL = null
          Cookies = []
2024-05-30T10:47:18.408+09:00  INFO 11143 --- [    Test worker] o.s.b.t.m.w.SpringBootMockServletContext : Initializing Spring TestDispatcherServlet ''
2024-05-30T10:47:18.408+09:00  INFO 11143 --- [    Test worker] o.s.t.web.servlet.TestDispatcherServlet  : Initializing Servlet ''
2024-05-30T10:47:18.409+09:00  INFO 11143 --- [    Test worker] o.s.t.web.servlet.TestDispatcherServlet  : Completed initialization in 0 ms

MockHttpServletRequest:
      HTTP Method = PATCH
      Request URI = /api/v1/order
       Parameters = {}
          Headers = [Content-Type:"application/json;charset=UTF-8", Authorization:"Bearer eyJhbGciOiJIUzI1NiJ9.eyJzdWIiOiJMR0NkVkB3YW50ZWQuY29tIiwicm9sZSI6Ik5PUk1BTCIsImlhdCI6MTcxNzAzMzYzOCwiZXhwIjoxNzE3MDM3MjM4fQ.0gSWClrjPpNgw5pG0r9m2XRgdzDOngkz-776opJlqys", Content-Length:"47"]
             Body = {"orderId":78934527,"orderStatus":"SETTLEMENT"}
    Session Attrs = {}

Handler:
             Type = com.wanted.preonboarding.module.order.controller.OrderController
           Method = com.wanted.preonboarding.module.order.controller.OrderController#updateOrder(UpdateOrder)

Async:
    Async started = false
     Async result = null

Resolved Exception:
             Type = null

ModelAndView:
        View name = null
             View = null
            Model = null

FlashMap:
       Attributes = null

MockHttpServletResponse:
           Status = 200
    Error message = null
          Headers = [Vary:"Origin", "Access-Control-Request-Method", "Access-Control-Request-Headers", Content-Type:"application/json;charset=UTF-8", X-Content-Type-Options:"nosniff", X-XSS-Protection:"0", Cache-Control:"no-cache, no-store, max-age=0, must-revalidate", Pragma:"no-cache", Expires:"0", X-Frame-Options:"DENY"]
     Content type = application/json;charset=UTF-8
             Body = {"data":{"orderId":52286179,"productId":2281,"buyer":"LGCdV@wanted.com","seller":"iFybfqrncFsW@wanted.com","orderStatus":"COMPLETED"},"response":{"status":200,"message":"success"}}
    Forwarded URL = null
   Redirected URL = null
          Cookies = []
2024-05-30T10:47:18.618+09:00  INFO 11143 --- [    Test worker] o.s.b.t.m.w.SpringBootMockServletContext : Initializing Spring TestDispatcherServlet ''
2024-05-30T10:47:18.618+09:00  INFO 11143 --- [    Test worker] o.s.t.web.servlet.TestDispatcherServlet  : Initializing Servlet ''
2024-05-30T10:47:18.619+09:00  INFO 11143 --- [    Test worker] o.s.t.web.servlet.TestDispatcherServlet  : Completed initialization in 1 ms

MockHttpServletRequest:
      HTTP Method = PATCH
      Request URI = /api/v1/order
       Parameters = {}
          Headers = [Content-Type:"application/json;charset=UTF-8", Authorization:"Bearer eyJhbGciOiJIUzI1NiJ9.eyJzdWIiOiJQQ3FhVnRURVF2R0B3YW50ZWQuY29tIiwicm9sZSI6Ik5PUk1BTCIsImlhdCI6MTcxNzAzMzYzOCwiZXhwIjoxNzE3MDM3MjM4fQ.cTxYggxmx1SzyRd-eDgLwUBnF5-6CoLa48XAOwHL7n0", Content-Length:"47"]
             Body = {"orderId":94060162,"orderStatus":"SETTLEMENT"}
    Session Attrs = {}

Handler:
             Type = com.wanted.preonboarding.module.order.controller.OrderController
           Method = com.wanted.preonboarding.module.order.controller.OrderController#updateOrder(UpdateOrder)

Async:
    Async started = false
     Async result = null

Resolved Exception:
             Type = org.springframework.web.bind.MethodArgumentNotValidException

ModelAndView:
        View name = null
             View = null
            Model = null

FlashMap:
       Attributes = null

MockHttpServletResponse:
           Status = 400
    Error message = null
          Headers = [Vary:"Origin", "Access-Control-Request-Method", "Access-Control-Request-Headers", Content-Type:"application/json;charset=UTF-8", X-Content-Type-Options:"nosniff", X-XSS-Protection:"0", Cache-Control:"no-cache, no-store, max-age=0, must-revalidate", Pragma:"no-cache", Expires:"0", X-Frame-Options:"DENY"]
     Content type = application/json;charset=UTF-8
             Body = {"status":400,"message":"updateOrder 해당 주문의 주문 상태 변경을 지원 하지 않습니다. 주문 번호 ::: 94060162 현재 주문 상태 ::: ORDERED 변경 불가 상태 ::: SETTLEMENT","timestamp":"2024-05-30 10:47:18","error":"BeanPropertyBindingResult"}
    Forwarded URL = null
   Redirected URL = null
          Cookies = []
2024-05-30T10:47:18.697+09:00  INFO 11143 --- [    Test worker] o.s.b.t.m.w.SpringBootMockServletContext : Initializing Spring TestDispatcherServlet ''
2024-05-30T10:47:18.697+09:00  INFO 11143 --- [    Test worker] o.s.t.web.servlet.TestDispatcherServlet  : Initializing Servlet ''
2024-05-30T10:47:18.697+09:00  INFO 11143 --- [    Test worker] o.s.t.web.servlet.TestDispatcherServlet  : Completed initialization in 0 ms

MockHttpServletRequest:
      HTTP Method = POST
      Request URI = /api/v1/order
       Parameters = {}
          Headers = [Content-Type:"application/json;charset=UTF-8", Authorization:"Bearer eyJhbGciOiJIUzI1NiJ9.eyJzdWIiOiJsbnRUc3FSQHdhbnRlZC5jb20iLCJyb2xlIjoiTk9STUFMIiwiaWF0IjoxNzE3MDMzNjM4LCJleHAiOjE3MTcwMzcyMzh9.q_vvVfebvZs79WSr04PcdlBYxvQmEAGoi2k8xmqZ4Lg", Content-Length:"22"]
             Body = {"productId":26103552}
    Session Attrs = {}

Handler:
             Type = com.wanted.preonboarding.module.order.controller.OrderController
           Method = com.wanted.preonboarding.module.order.controller.OrderController#createOrder(CreateOrder)

Async:
    Async started = false
     Async result = null

Resolved Exception:
             Type = org.springframework.web.bind.MethodArgumentNotValidException

ModelAndView:
        View name = null
             View = null
            Model = null

FlashMap:
       Attributes = null

MockHttpServletResponse:
           Status = 400
    Error message = null
          Headers = [Vary:"Origin", "Access-Control-Request-Method", "Access-Control-Request-Headers", Content-Type:"application/json;charset=UTF-8", X-Content-Type-Options:"nosniff", X-XSS-Protection:"0", Cache-Control:"no-cache, no-store, max-age=0, must-revalidate", Pragma:"no-cache", Expires:"0", X-Frame-Options:"DENY"]
     Content type = application/json;charset=UTF-8
             Body = {"status":400,"message":"createOrder 해당 상품을 찾을 수 없습니다. 상품 ID: 26103552 createOrder ","timestamp":"2024-05-30 10:47:18","error":"BeanPropertyBindingResult"}
    Forwarded URL = null
   Redirected URL = null
          Cookies = []
2024-05-30T10:47:18.770+09:00  INFO 11143 --- [    Test worker] o.s.b.t.m.w.SpringBootMockServletContext : Initializing Spring TestDispatcherServlet ''
2024-05-30T10:47:18.770+09:00  INFO 11143 --- [    Test worker] o.s.t.web.servlet.TestDispatcherServlet  : Initializing Servlet ''
2024-05-30T10:47:18.770+09:00  INFO 11143 --- [    Test worker] o.s.t.web.servlet.TestDispatcherServlet  : Completed initialization in 0 ms

MockHttpServletRequest:
      HTTP Method = PATCH
      Request URI = /api/v1/order
       Parameters = {}
          Headers = [Content-Type:"application/json;charset=UTF-8", Authorization:"Bearer eyJhbGciOiJIUzI1NiJ9.eyJzdWIiOiJXTUVLSUpDb0B3YW50ZWQuY29tIiwicm9sZSI6Ik5PUk1BTCIsImlhdCI6MTcxNzAzMzYzOCwiZXhwIjoxNzE3MDM3MjM4fQ.kxDfVDZiqqPvQlno0WOLqgkqr5CLU1yr2Il7J4PWjWs", Content-Length:"46"]
             Body = {"orderId":11193367,"orderStatus":"COMPLETED"}
    Session Attrs = {}

Handler:
             Type = com.wanted.preonboarding.module.order.controller.OrderController
           Method = com.wanted.preonboarding.module.order.controller.OrderController#updateOrder(UpdateOrder)

Async:
    Async started = false
     Async result = null

Resolved Exception:
             Type = org.springframework.web.bind.MethodArgumentNotValidException

ModelAndView:
        View name = null
             View = null
            Model = null

FlashMap:
       Attributes = null

MockHttpServletResponse:
           Status = 400
    Error message = null
          Headers = [Vary:"Origin", "Access-Control-Request-Method", "Access-Control-Request-Headers", Content-Type:"application/json;charset=UTF-8", X-Content-Type-Options:"nosniff", X-XSS-Protection:"0", Cache-Control:"no-cache, no-store, max-age=0, must-revalidate", Pragma:"no-cache", Expires:"0", X-Frame-Options:"DENY"]
     Content type = application/json;charset=UTF-8
             Body = {"status":400,"message":"updateOrder 해당 주문의 주문 상태 변경을 지원 하지 않습니다. 주문 번호 ::: 11193367 현재 주문 상태 ::: COMPLETED 변경 불가 상태 ::: COMPLETED","timestamp":"2024-05-30 10:47:18","error":"BeanPropertyBindingResult"}
    Forwarded URL = null
   Redirected URL = null
          Cookies = []
2024-05-30T10:47:18.878+09:00  INFO 11143 --- [    Test worker] o.s.b.t.m.w.SpringBootMockServletContext : Initializing Spring TestDispatcherServlet ''
2024-05-30T10:47:18.878+09:00  INFO 11143 --- [    Test worker] o.s.t.web.servlet.TestDispatcherServlet  : Initializing Servlet ''
2024-05-30T10:47:18.879+09:00  INFO 11143 --- [    Test worker] o.s.t.web.servlet.TestDispatcherServlet  : Completed initialization in 1 ms

MockHttpServletRequest:
      HTTP Method = POST
      Request URI = /api/v1/order
       Parameters = {}
          Headers = [Content-Type:"application/json;charset=UTF-8", Authorization:"Bearer eyJhbGciOiJIUzI1NiJ9.eyJzdWIiOiJKU1VPY0VFT1dGYkB3YW50ZWQuY29tIiwicm9sZSI6Ik5PUk1BTCIsImlhdCI6MTcxNzAzMzYzOCwiZXhwIjoxNzE3MDM3MjM4fQ.P6fd3blszNHUqhKO8deIUAIU7zC8vLEe-tElaCluBDE", Content-Length:"18"]
             Body = {"productId":4795}
    Session Attrs = {}

Handler:
             Type = com.wanted.preonboarding.module.order.controller.OrderController
           Method = com.wanted.preonboarding.module.order.controller.OrderController#createOrder(CreateOrder)

Async:
    Async started = false
     Async result = null

Resolved Exception:
             Type = null

ModelAndView:
        View name = null
             View = null
            Model = null

FlashMap:
       Attributes = null

MockHttpServletResponse:
           Status = 200
    Error message = null
          Headers = [Vary:"Origin", "Access-Control-Request-Method", "Access-Control-Request-Headers", Content-Type:"application/json;charset=UTF-8", X-Content-Type-Options:"nosniff", X-XSS-Protection:"0", Cache-Control:"no-cache, no-store, max-age=0, must-revalidate", Pragma:"no-cache", Expires:"0", X-Frame-Options:"DENY"]
     Content type = application/json;charset=UTF-8
             Body = {"data":{"orderId":88555230,"productId":4795,"buyer":"JSUOcEEOWFb@wanted.com","seller":"vpgVLyghKT@wanted.com","orderStatus":"ORDERED"},"response":{"status":200,"message":"success"}}
    Forwarded URL = null
   Redirected URL = null
          Cookies = []
2024-05-30T10:47:18.965+09:00  INFO 11143 --- [    Test worker] o.s.b.t.m.w.SpringBootMockServletContext : Initializing Spring TestDispatcherServlet ''
2024-05-30T10:47:18.965+09:00  INFO 11143 --- [    Test worker] o.s.t.web.servlet.TestDispatcherServlet  : Initializing Servlet ''
2024-05-30T10:47:18.965+09:00  INFO 11143 --- [    Test worker] o.s.t.web.servlet.TestDispatcherServlet  : Completed initialization in 0 ms

MockHttpServletRequest:
      HTTP Method = GET
      Request URI = /api/v1/orders
       Parameters = {size=[5]}
          Headers = [Content-Type:"application/json;charset=UTF-8", Authorization:"Bearer eyJhbGciOiJIUzI1NiJ9.eyJzdWIiOiJkWFJlYlhAd2FudGVkLmNvbSIsInJvbGUiOiJOT1JNQUwiLCJpYXQiOjE3MTcwMzM2MzgsImV4cCI6MTcxNzAzNzIzOH0.523_RjphAnnk8Uf0bfVgTiZgsT65u0u11m9xJnQh1xc"]
             Body = null
    Session Attrs = {}

Handler:
             Type = com.wanted.preonboarding.module.order.controller.OrderController
           Method = com.wanted.preonboarding.module.order.controller.OrderController#getOrders(OrderFilter, Pageable)

Async:
    Async started = false
     Async result = null

Resolved Exception:
             Type = null

ModelAndView:
        View name = null
             View = null
            Model = null

FlashMap:
       Attributes = null

MockHttpServletResponse:
           Status = 200
    Error message = null
          Headers = [Vary:"Origin", "Access-Control-Request-Method", "Access-Control-Request-Headers", Content-Type:"application/json;charset=UTF-8", X-Content-Type-Options:"nosniff", X-XSS-Protection:"0", Cache-Control:"no-cache, no-store, max-age=0, must-revalidate", Pragma:"no-cache", Expires:"0", X-Frame-Options:"DENY"]
     Content type = application/json;charset=UTF-8
             Body = {"data":{"content":[{"orderId":10457316,"productId":5000,"buyer":"dXRebX@wanted.com","seller":"bjzomsanry","orderStatus":"ORDERED","price":59152226,"productName":"kuflqiiglq","insertDate":"2013-10-13 18:30:26","isCurrentUserSeller":false},{"orderId":33367137,"productId":3899,"buyer":"dXRebX@wanted.com","seller":"lhhkahpclm","orderStatus":"ORDERED","price":4907141,"productName":"hlhwczzsru","insertDate":"2013-10-13 18:30:26","isCurrentUserSeller":false},{"orderId":72432383,"productId":3167,"buyer":"dXRebX@wanted.com","seller":"owbzfxqglv","orderStatus":"ORDERED","price":95135086,"productName":"wxuwxwurll","insertDate":"2013-10-13 18:30:26","isCurrentUserSeller":false},{"orderId":40463036,"productId":5402,"buyer":"dXRebX@wanted.com","seller":"zjwlarwktm","orderStatus":"ORDERED","price":24447246,"productName":"ldrjrrnrwk","insertDate":"2013-10-13 18:30:26","isCurrentUserSeller":false},{"orderId":72718426,"productId":3994,"buyer":"dXRebX@wanted.com","seller":"bstwvcowwd","orderStatus":"ORDERED","price":51017956,"productName":"tmoxnpqulz","insertDate":"2013-10-13 18:30:26","isCurrentUserSeller":false}],"last":false,"first":true,"number":0,"sort":{"empty":true,"unsorted":true,"sorted":false},"size":5,"numberOfElements":5,"empty":false,"lastDomainId":12677691},"response":{"status":200,"message":"success"}}
    Forwarded URL = null
   Redirected URL = null
          Cookies = []
]]></system-out>
  <system-err><![CDATA[]]></system-err>
</testsuite>
