<?xml version="1.0" encoding="UTF-8"?>
<testsuite name="com.wanted.preonboarding.module.order.mapper.OrderMapperImplTest" tests="2" skipped="0" failures="0" errors="0" timestamp="2024-05-29T02:28:36" hostname="lyusang-won-ui-MacBookPro.local" time="0.193">
  <properties/>
  <testcase name="Product와  Users를 Order로 매핑" classname="com.wanted.preonboarding.module.order.mapper.OrderMapperImplTest" time="0.09"/>
  <testcase name="Order를 BaseOrderContext로 매핑" classname="com.wanted.preonboarding.module.order.mapper.OrderMapperImplTest" time="0.103"/>
  <system-out><![CDATA[]]></system-out>
  <system-err><![CDATA[]]></system-err>
</testsuite>
