<?xml version="1.0" encoding="UTF-8"?>
<testsuite name="com.wanted.preonboarding.module.queue.controller.QueueControllerTest" tests="1" skipped="0" failures="0" errors="0" timestamp="2024-05-29T12:03:30" hostname="lyusang-won-ui-MacBookPro.local" time="0.261">
  <properties/>
  <testcase name="testEnqueue()" classname="com.wanted.preonboarding.module.queue.controller.QueueControllerTest" time="0.261"/>
  <system-out><![CDATA[21:03:28.076 [Test worker] INFO org.springframework.test.context.support.AnnotationConfigContextLoaderUtils -- Could not detect default configuration classes for test class [com.wanted.preonboarding.module.queue.controller.QueueControllerTest]: QueueControllerTest does not declare any static, non-private, non-final, nested classes annotated with @Configuration.
21:03:28.172 [Test worker] INFO org.springframework.boot.test.context.SpringBootTestContextBootstrapper -- Found @SpringBootConfiguration com.wanted.preonboarding.PreonboardingApplication for test class com.wanted.preonboarding.module.queue.controller.QueueControllerTest
  .   ____          _            __ _ _
 /\\ / ___'_ __ _ _(_)_ __  __ _ \ \ \ \
( ( )\___ | '_ | '_| | '_ \/ _` | \ \ \ \
 \\/  ___)| |_)| | | | | || (_| |  ) ) ) )
  '  |____| .__|_| |_|_| |_\__, | / / / /
 =========|_|==============|___/=/_/_/_/

 :: Spring Boot ::                (v3.3.0)

2024-05-29T21:03:28.364+09:00  INFO 2217 --- [    Test worker] c.w.p.m.q.c.QueueControllerTest          : Starting QueueControllerTest using Java 21.0.3 with PID 2217 (started by sangwon-ryu in /Users/sangwon-ryu/wanted-preonboarding-challenge-backend-20)
2024-05-29T21:03:28.365+09:00 DEBUG 2217 --- [    Test worker] c.w.p.m.q.c.QueueControllerTest          : Running with Spring Boot v3.3.0, Spring v6.1.8
2024-05-29T21:03:28.365+09:00  INFO 2217 --- [    Test worker] c.w.p.m.q.c.QueueControllerTest          : No active profile set, falling back to 1 default profile: "default"
2024-05-29T21:03:29.709+09:00  WARN 2217 --- [    Test worker] .s.s.UserDetailsServiceAutoConfiguration : 

Using generated security password: 11d5eb5d-e38f-47ad-8470-22ea24d18599

This generated password is for development use only. Your security configuration must be updated before running your application in production.

2024-05-29T21:03:29.714+09:00  INFO 2217 --- [    Test worker] r$InitializeUserDetailsManagerConfigurer : Global AuthenticationManager configured with UserDetailsService bean with name inMemoryUserDetailsManager
2024-05-29T21:03:29.937+09:00  INFO 2217 --- [    Test worker] o.s.s.web.DefaultSecurityFilterChain     : Will secure any request with [org.springframework.security.web.session.DisableEncodeUrlFilter@31e3c34, org.springframework.security.web.context.request.async.WebAsyncManagerIntegrationFilter@b4d83ac, org.springframework.security.web.context.SecurityContextHolderFilter@407b41e6, org.springframework.security.web.header.HeaderWriterFilter@7a34c1f6, org.springframework.web.filter.CorsFilter@13d10057, org.springframework.security.web.authentication.logout.LogoutFilter@1868ed54, com.wanted.preonboarding.auth.filter.JwtAuthenticationFilter@66944c7c, org.springframework.security.web.savedrequest.RequestCacheAwareFilter@6cfd08e9, org.springframework.security.web.servletapi.SecurityContextHolderAwareRequestFilter@4ea48b2e, org.springframework.security.web.authentication.AnonymousAuthenticationFilter@14993306, org.springframework.security.web.session.SessionManagementFilter@3e998033, org.springframework.security.web.access.ExceptionTranslationFilter@70840a5a, org.springframework.security.web.access.intercept.AuthorizationFilter@50bb1c1f]
2024-05-29T21:03:30.123+09:00 DEBUG 2217 --- [    Test worker] c.w.p.auth.filter.CustomLoggingFilter    : Filter 'loggingFilterRegistration' configured for use
2024-05-29T21:03:30.123+09:00 DEBUG 2217 --- [    Test worker] c.w.p.auth.filter.CustomLoggingFilter    : Filter 'customLoggingFilter' configured for use
2024-05-29T21:03:30.126+09:00  INFO 2217 --- [    Test worker] o.s.b.t.m.w.SpringBootMockServletContext : Initializing Spring TestDispatcherServlet ''
2024-05-29T21:03:30.126+09:00  INFO 2217 --- [    Test worker] o.s.t.web.servlet.TestDispatcherServlet  : Initializing Servlet ''
2024-05-29T21:03:30.127+09:00  INFO 2217 --- [    Test worker] o.s.t.web.servlet.TestDispatcherServlet  : Completed initialization in 1 ms
2024-05-29T21:03:30.152+09:00  INFO 2217 --- [    Test worker] c.w.p.m.q.c.QueueControllerTest          : Started QueueControllerTest in 1.946 seconds (process running for 2.527)
2024-05-29T21:03:30.189+09:00  INFO 2217 --- [    Test worker] o.s.b.t.m.w.SpringBootMockServletContext : Initializing Spring TestDispatcherServlet ''
2024-05-29T21:03:30.189+09:00  INFO 2217 --- [    Test worker] o.s.t.web.servlet.TestDispatcherServlet  : Initializing Servlet ''
2024-05-29T21:03:30.190+09:00  INFO 2217 --- [    Test worker] o.s.t.web.servlet.TestDispatcherServlet  : Completed initialization in 1 ms

MockHttpServletRequest:
      HTTP Method = POST
      Request URI = /api/v1/enqueue
       Parameters = {}
          Headers = [Authorization:"Bearer eyJhbGciOiJIUzI1NiJ9.eyJzdWIiOiJyUUdGdUB3YW50ZWQuY29tIiwicm9sZSI6Ik5PUk1BTCIsImlhdCI6MTcxNjk4NDIxMCwiZXhwIjoxNzE2OTg3ODEwfQ.SxZ3gTnZrzc9mE8-GVuc_gdOL69g9PbFex5TPXhWldM"]
             Body = null
    Session Attrs = {}

Handler:
             Type = com.wanted.preonboarding.module.queue.controller.QueueController
           Method = com.wanted.preonboarding.module.queue.controller.QueueController#enqueue()

Async:
    Async started = false
     Async result = null

Resolved Exception:
             Type = null

ModelAndView:
        View name = null
             View = null
            Model = null

FlashMap:
       Attributes = null

MockHttpServletResponse:
           Status = 200
    Error message = null
          Headers = [Vary:"Origin", "Access-Control-Request-Method", "Access-Control-Request-Headers", X-Content-Type-Options:"nosniff", X-XSS-Protection:"0", Cache-Control:"no-cache, no-store, max-age=0, must-revalidate", Pragma:"no-cache", Expires:"0", X-Frame-Options:"DENY"]
     Content type = null
             Body = 
    Forwarded URL = null
   Redirected URL = null
          Cookies = []
]]></system-out>
  <system-err><![CDATA[WARNING: A Java agent has been loaded dynamically (/Users/sangwon-ryu/.gradle/caches/modules-2/files-2.1/net.bytebuddy/byte-buddy-agent/1.14.16/4a451ee6484abac3a498df0f3b33ed00a6fced4d/byte-buddy-agent-1.14.16.jar)
WARNING: If a serviceability tool is in use, please run with -XX:+EnableDynamicAgentLoading to hide this warning
WARNING: If a serviceability tool is not in use, please run with -Djdk.instrument.traceUsage for more information
WARNING: Dynamic loading of agents will be disallowed by default in a future release
]]></system-err>
</testsuite>
