<?xml version="1.0" encoding="UTF-8"?>
<testsuite name="com.wanted.preonboarding.auth.validator.PasswordCheckServiceImplTest" tests="2" skipped="0" failures="0" errors="0" timestamp="2024-05-25T11:48:53" hostname="lyusang-won-ui-MacBookPro.local" time="0.022">
  <properties/>
  <testcase name="비밀번호가 유효하지 않은 경우" classname="com.wanted.preonboarding.auth.validator.PasswordCheckServiceImplTest" time="0.02"/>
  <testcase name="비밀번호가 유효한 경우" classname="com.wanted.preonboarding.auth.validator.PasswordCheckServiceImplTest" time="0.001"/>
  <system-out><![CDATA[]]></system-out>
  <system-err><![CDATA[]]></system-err>
</testsuite>
