<?xml version="1.0" encoding="UTF-8"?>
<testsuite name="com.wanted.preonboarding.auth.controller.AuthControllerTest" tests="1" skipped="0" failures="0" errors="0" timestamp="2024-05-27T05:15:05" hostname="lyusang-won-ui-MacBookPro.local" time="0.395">
  <properties/>
  <testcase name="Access Token 발급" classname="com.wanted.preonboarding.auth.controller.AuthControllerTest" time="0.395"/>
  <system-out><![CDATA[2024-05-27T14:15:05.053+09:00  INFO 57210 --- [    Test worker] t.c.s.AnnotationConfigContextLoaderUtils : Could not detect default configuration classes for test class [com.wanted.preonboarding.auth.controller.AuthControllerTest]: AuthControllerTest does not declare any static, non-private, non-final, nested classes annotated with @Configuration.
2024-05-27T14:15:05.068+09:00  INFO 57210 --- [    Test worker] .b.t.c.SpringBootTestContextBootstrapper : Found @SpringBootConfiguration com.wanted.preonboarding.PreonboardingApplication for test class com.wanted.preonboarding.auth.controller.AuthControllerTest
  .   ____          _            __ _ _
 /\\ / ___'_ __ _ _(_)_ __  __ _ \ \ \ \
( ( )\___ | '_ | '_| | '_ \/ _` | \ \ \ \
 \\/  ___)| |_)| | | | | || (_| |  ) ) ) )
  '  |____| .__|_| |_|_| |_\__, | / / / /
 =========|_|==============|___/=/_/_/_/

 :: Spring Boot ::                (v3.3.0)

2024-05-27T14:15:05.087+09:00  INFO 57210 --- [    Test worker] c.w.p.a.controller.AuthControllerTest    : Starting AuthControllerTest using Java 21.0.3 with PID 57210 (started by sangwon-ryu in /Users/sangwon-ryu/wanted-preonboarding-challenge-backend-20)
2024-05-27T14:15:05.087+09:00 DEBUG 57210 --- [    Test worker] c.w.p.a.controller.AuthControllerTest    : Running with Spring Boot v3.3.0, Spring v6.1.8
2024-05-27T14:15:05.088+09:00  INFO 57210 --- [    Test worker] c.w.p.a.controller.AuthControllerTest    : No active profile set, falling back to 1 default profile: "default"
2024-05-27T14:15:05.509+09:00  WARN 57210 --- [    Test worker] .s.s.UserDetailsServiceAutoConfiguration : 

Using generated security password: 8176b36e-38d9-4626-89df-5b81f90e4fcd

This generated password is for development use only. Your security configuration must be updated before running your application in production.

2024-05-27T14:15:05.511+09:00  INFO 57210 --- [    Test worker] r$InitializeUserDetailsManagerConfigurer : Global AuthenticationManager configured with UserDetailsService bean with name inMemoryUserDetailsManager
2024-05-27T14:15:05.647+09:00  INFO 57210 --- [    Test worker] o.s.s.web.DefaultSecurityFilterChain     : Will secure any request with [org.springframework.security.web.session.DisableEncodeUrlFilter@207475a2, org.springframework.security.web.context.request.async.WebAsyncManagerIntegrationFilter@6c90063f, org.springframework.security.web.context.SecurityContextHolderFilter@5853431f, org.springframework.security.web.header.HeaderWriterFilter@74944d7f, org.springframework.web.filter.CorsFilter@55c3222d, org.springframework.security.web.authentication.logout.LogoutFilter@7dd63fcc, com.wanted.preonboarding.auth.filter.JwtAuthenticationFilter@456b12c3, org.springframework.security.web.savedrequest.RequestCacheAwareFilter@1b7bab7e, org.springframework.security.web.servletapi.SecurityContextHolderAwareRequestFilter@4dd2f2db, org.springframework.security.web.authentication.AnonymousAuthenticationFilter@4631a6a9, org.springframework.security.web.session.SessionManagementFilter@71ebc2e, org.springframework.security.web.access.ExceptionTranslationFilter@3681063, org.springframework.security.web.access.intercept.AuthorizationFilter@61ae22d4]
2024-05-27T14:15:05.749+09:00  INFO 57210 --- [    Test worker] o.s.b.t.m.w.SpringBootMockServletContext : Initializing Spring TestDispatcherServlet ''
2024-05-27T14:15:05.750+09:00  INFO 57210 --- [    Test worker] o.s.t.web.servlet.TestDispatcherServlet  : Initializing Servlet ''
2024-05-27T14:15:05.750+09:00  INFO 57210 --- [    Test worker] o.s.t.web.servlet.TestDispatcherServlet  : Completed initialization in 0 ms
2024-05-27T14:15:05.762+09:00  INFO 57210 --- [    Test worker] c.w.p.a.controller.AuthControllerTest    : Started AuthControllerTest in 0.692 seconds (process running for 4.851)
2024-05-27T14:15:05.792+09:00  INFO 57210 --- [    Test worker] o.s.b.t.m.w.SpringBootMockServletContext : Initializing Spring TestDispatcherServlet ''
2024-05-27T14:15:05.792+09:00  INFO 57210 --- [    Test worker] o.s.t.web.servlet.TestDispatcherServlet  : Initializing Servlet ''
2024-05-27T14:15:05.793+09:00  INFO 57210 --- [    Test worker] o.s.t.web.servlet.TestDispatcherServlet  : Completed initialization in 0 ms

MockHttpServletRequest:
      HTTP Method = POST
      Request URI = /api/v1/auth/authentication
       Parameters = {}
          Headers = [Content-Type:"application/json;charset=UTF-8", Content-Length:"54"]
             Body = {"email":"GHYToTv@wanted.com","password":"dfvnaqoifw"}
    Session Attrs = {}

Handler:
             Type = com.wanted.preonboarding.auth.controller.AuthController
           Method = com.wanted.preonboarding.auth.controller.AuthController#getAccessToken(CreateAuthToken)

Async:
    Async started = false
     Async result = null

Resolved Exception:
             Type = null

ModelAndView:
        View name = null
             View = null
            Model = null

FlashMap:
       Attributes = null

MockHttpServletResponse:
           Status = 200
    Error message = null
          Headers = [Vary:"Origin", "Access-Control-Request-Method", "Access-Control-Request-Headers", Authorization:"Bearer eyJhbGciOiJIUzI1NiJ9.eyJzdWIiOiJHeXFHYkhAd2FudGVkLmNvbSIsInJvbGUiOiJOT1JNQUwiLCJpYXQiOjE3MTY3ODY5MDUsImV4cCI6MTcxNjc5MDUwNX0.X3j-n84z7X456-pO4pSeSt0h6_dzW6koKCsv7GUpeiM", Content-Type:"application/json;charset=UTF-8", X-Content-Type-Options:"nosniff", X-XSS-Protection:"0", Cache-Control:"no-cache, no-store, max-age=0, must-revalidate", Pragma:"no-cache", Expires:"0", X-Frame-Options:"DENY"]
     Content type = application/json;charset=UTF-8
             Body = {"data":null,"response":{"status":200,"message":"Access token issued successfully"}}
    Forwarded URL = null
   Redirected URL = null
          Cookies = []
]]></system-out>
  <system-err><![CDATA[]]></system-err>
</testsuite>
