<?xml version="1.0" encoding="UTF-8"?>
<testsuite name="com.wanted.preonboarding.auth.controller.AuthControllerTest" tests="1" skipped="0" failures="0" errors="0" timestamp="2024-05-29T10:44:33" hostname="lyusang-won-ui-MacBookPro.local" time="0.431">
  <properties/>
  <testcase name="Access Token 발급" classname="com.wanted.preonboarding.auth.controller.AuthControllerTest" time="0.431"/>
  <system-out><![CDATA[2024-05-29T19:44:32.573+09:00  INFO 96329 --- [    Test worker] t.c.s.AnnotationConfigContextLoaderUtils : Could not detect default configuration classes for test class [com.wanted.preonboarding.auth.controller.AuthControllerTest]: AuthControllerTest does not declare any static, non-private, non-final, nested classes annotated with @Configuration.
2024-05-29T19:44:32.590+09:00  INFO 96329 --- [    Test worker] .b.t.c.SpringBootTestContextBootstrapper : Found @SpringBootConfiguration com.wanted.preonboarding.PreonboardingApplication for test class com.wanted.preonboarding.auth.controller.AuthControllerTest
  .   ____          _            __ _ _
 /\\ / ___'_ __ _ _(_)_ __  __ _ \ \ \ \
( ( )\___ | '_ | '_| | '_ \/ _` | \ \ \ \
 \\/  ___)| |_)| | | | | || (_| |  ) ) ) )
  '  |____| .__|_| |_|_| |_\__, | / / / /
 =========|_|==============|___/=/_/_/_/

 :: Spring Boot ::                (v3.3.0)

2024-05-29T19:44:32.609+09:00  INFO 96329 --- [    Test worker] c.w.p.a.controller.AuthControllerTest    : Starting AuthControllerTest using Java 21.0.3 with PID 96329 (started by sangwon-ryu in /Users/sangwon-ryu/wanted-preonboarding-challenge-backend-20)
2024-05-29T19:44:32.609+09:00 DEBUG 96329 --- [    Test worker] c.w.p.a.controller.AuthControllerTest    : Running with Spring Boot v3.3.0, Spring v6.1.8
2024-05-29T19:44:32.609+09:00  INFO 96329 --- [    Test worker] c.w.p.a.controller.AuthControllerTest    : No active profile set, falling back to 1 default profile: "default"
2024-05-29T19:44:33.143+09:00  WARN 96329 --- [    Test worker] .s.s.UserDetailsServiceAutoConfiguration : 

Using generated security password: 47a291e0-2cb8-4b4f-8aaf-691361c4c295

This generated password is for development use only. Your security configuration must be updated before running your application in production.

2024-05-29T19:44:33.144+09:00  INFO 96329 --- [    Test worker] r$InitializeUserDetailsManagerConfigurer : Global AuthenticationManager configured with UserDetailsService bean with name inMemoryUserDetailsManager
2024-05-29T19:44:33.257+09:00  INFO 96329 --- [    Test worker] o.s.s.web.DefaultSecurityFilterChain     : Will secure any request with [org.springframework.security.web.session.DisableEncodeUrlFilter@1dc9fc0, org.springframework.security.web.context.request.async.WebAsyncManagerIntegrationFilter@78a45ab5, org.springframework.security.web.context.SecurityContextHolderFilter@3209eb, org.springframework.security.web.header.HeaderWriterFilter@3ca941f6, org.springframework.web.filter.CorsFilter@22249b41, org.springframework.security.web.authentication.logout.LogoutFilter@75a1841a, com.wanted.preonboarding.auth.filter.JwtAuthenticationFilter@23edc081, org.springframework.security.web.savedrequest.RequestCacheAwareFilter@d99e0ea, org.springframework.security.web.servletapi.SecurityContextHolderAwareRequestFilter@7bc9a65e, org.springframework.security.web.authentication.AnonymousAuthenticationFilter@46aa79a3, org.springframework.security.web.session.SessionManagementFilter@6c2e56b8, org.springframework.security.web.access.ExceptionTranslationFilter@49588fc8, org.springframework.security.web.access.intercept.AuthorizationFilter@1b00f13]
2024-05-29T19:44:33.348+09:00 DEBUG 96329 --- [    Test worker] c.w.p.auth.filter.CustomLoggingFilter    : Filter 'loggingFilterRegistration' configured for use
2024-05-29T19:44:33.348+09:00 DEBUG 96329 --- [    Test worker] c.w.p.auth.filter.CustomLoggingFilter    : Filter 'customLoggingFilter' configured for use
2024-05-29T19:44:33.348+09:00  INFO 96329 --- [    Test worker] o.s.b.t.m.w.SpringBootMockServletContext : Initializing Spring TestDispatcherServlet ''
2024-05-29T19:44:33.349+09:00  INFO 96329 --- [    Test worker] o.s.t.web.servlet.TestDispatcherServlet  : Initializing Servlet ''
2024-05-29T19:44:33.349+09:00  INFO 96329 --- [    Test worker] o.s.t.web.servlet.TestDispatcherServlet  : Completed initialization in 0 ms
2024-05-29T19:44:33.362+09:00  INFO 96329 --- [    Test worker] c.w.p.a.controller.AuthControllerTest    : Started AuthControllerTest in 0.771 seconds (process running for 6.701)
2024-05-29T19:44:33.413+09:00  INFO 96329 --- [    Test worker] o.s.b.t.m.w.SpringBootMockServletContext : Initializing Spring TestDispatcherServlet ''
2024-05-29T19:44:33.413+09:00  INFO 96329 --- [    Test worker] o.s.t.web.servlet.TestDispatcherServlet  : Initializing Servlet ''
2024-05-29T19:44:33.414+09:00  INFO 96329 --- [    Test worker] o.s.t.web.servlet.TestDispatcherServlet  : Completed initialization in 1 ms

MockHttpServletRequest:
      HTTP Method = POST
      Request URI = /api/v1/auth/authentication
       Parameters = {}
          Headers = [Content-Type:"application/json;charset=UTF-8", Content-Length:"49"]
             Body = {"email":"oK@wanted.com","password":"cqsvvpkcpl"}
    Session Attrs = {}

Handler:
             Type = com.wanted.preonboarding.auth.controller.AuthController
           Method = com.wanted.preonboarding.auth.controller.AuthController#getAccessToken(CreateAuthToken)

Async:
    Async started = false
     Async result = null

Resolved Exception:
             Type = null

ModelAndView:
        View name = null
             View = null
            Model = null

FlashMap:
       Attributes = null

MockHttpServletResponse:
           Status = 200
    Error message = null
          Headers = [Vary:"Origin", "Access-Control-Request-Method", "Access-Control-Request-Headers", Authorization:"Bearer eyJhbGciOiJIUzI1NiJ9.eyJzdWIiOiJUekB3YW50ZWQuY29tIiwicm9sZSI6Ik5PUk1BTCIsImlhdCI6MTcxNjk3OTQ3MywiZXhwIjoxNzE2OTgzMDczfQ.ufZH9YTvYVEBX3o9l40TQu_roudKNQ6ybvJLjDdvXL4", Content-Type:"application/json;charset=UTF-8", X-Content-Type-Options:"nosniff", X-XSS-Protection:"0", Cache-Control:"no-cache, no-store, max-age=0, must-revalidate", Pragma:"no-cache", Expires:"0", X-Frame-Options:"DENY"]
     Content type = application/json;charset=UTF-8
             Body = {"data":null,"response":{"status":200,"message":"Access token issued successfully"}}
    Forwarded URL = null
   Redirected URL = null
          Cookies = []
]]></system-out>
  <system-err><![CDATA[]]></system-err>
</testsuite>
