<?xml version="1.0" encoding="UTF-8"?>
<testsuite name="com.wanted.preonboarding.document.CommonDocControllerTest" tests="2" skipped="0" failures="0" errors="0" timestamp="2024-05-30T00:37:57" hostname="lyusang-won-ui-MacBookPro.local" time="0.054">
  <properties/>
  <testcase name="errorSample()" classname="com.wanted.preonboarding.document.CommonDocControllerTest" time="0.025"/>
  <testcase name="enums()" classname="com.wanted.preonboarding.document.CommonDocControllerTest" time="0.029"/>
  <system-out><![CDATA[2024-05-30T09:37:57.748+09:00  INFO 8150 --- [    Test worker] t.c.s.AnnotationConfigContextLoaderUtils : Could not detect default configuration classes for test class [com.wanted.preonboarding.document.CommonDocControllerTest]: CommonDocControllerTest does not declare any static, non-private, non-final, nested classes annotated with @Configuration.
2024-05-30T09:37:57.761+09:00  INFO 8150 --- [    Test worker] .b.t.c.SpringBootTestContextBootstrapper : Found @SpringBootConfiguration com.wanted.preonboarding.PreonboardingApplication for test class com.wanted.preonboarding.document.CommonDocControllerTest
  .   ____          _            __ _ _
 /\\ / ___'_ __ _ _(_)_ __  __ _ \ \ \ \
( ( )\___ | '_ | '_| | '_ \/ _` | \ \ \ \
 \\/  ___)| |_)| | | | | || (_| |  ) ) ) )
  '  |____| .__|_| |_|_| |_\__, | / / / /
 =========|_|==============|___/=/_/_/_/

 :: Spring Boot ::                (v3.3.0)

2024-05-30T09:37:57.772+09:00  INFO 8150 --- [    Test worker] c.w.p.document.CommonDocControllerTest   : Starting CommonDocControllerTest using Java 21.0.3 with PID 8150 (started by sangwon-ryu in /Users/sangwon-ryu/wanted-preonboarding-challenge-backend-20)
2024-05-30T09:37:57.772+09:00 DEBUG 8150 --- [    Test worker] c.w.p.document.CommonDocControllerTest   : Running with Spring Boot v3.3.0, Spring v6.1.8
2024-05-30T09:37:57.772+09:00  INFO 8150 --- [    Test worker] c.w.p.document.CommonDocControllerTest   : No active profile set, falling back to 1 default profile: "default"
2024-05-30T09:37:57.872+09:00  WARN 8150 --- [    Test worker] .s.s.UserDetailsServiceAutoConfiguration : 

Using generated security password: c90d4025-b674-460a-a2e2-f03b868dca67

This generated password is for development use only. Your security configuration must be updated before running your application in production.

2024-05-30T09:37:57.873+09:00  INFO 8150 --- [    Test worker] r$InitializeUserDetailsManagerConfigurer : Global AuthenticationManager configured with UserDetailsService bean with name inMemoryUserDetailsManager
2024-05-30T09:37:57.927+09:00  INFO 8150 --- [    Test worker] o.s.s.web.DefaultSecurityFilterChain     : Will secure any request with [org.springframework.security.web.session.DisableEncodeUrlFilter@eb28f39, org.springframework.security.web.context.request.async.WebAsyncManagerIntegrationFilter@698d5831, org.springframework.security.web.context.SecurityContextHolderFilter@48873409, org.springframework.security.web.header.HeaderWriterFilter@ad19c8a, org.springframework.web.filter.CorsFilter@6b86fed8, org.springframework.security.web.authentication.logout.LogoutFilter@33aa9e40, com.wanted.preonboarding.auth.filter.JwtAuthenticationFilter@4d251646, org.springframework.security.web.savedrequest.RequestCacheAwareFilter@4bf5b473, org.springframework.security.web.servletapi.SecurityContextHolderAwareRequestFilter@4d46444b, org.springframework.security.web.authentication.AnonymousAuthenticationFilter@57f4839c, org.springframework.security.web.session.SessionManagementFilter@691cc52c, org.springframework.security.web.access.ExceptionTranslationFilter@28356892, org.springframework.security.web.access.intercept.AuthorizationFilter@2a81809e]
2024-05-30T09:37:57.970+09:00 DEBUG 8150 --- [    Test worker] c.w.p.auth.filter.CustomLoggingFilter    : Filter 'loggingFilterRegistration' configured for use
2024-05-30T09:37:57.970+09:00 DEBUG 8150 --- [    Test worker] c.w.p.auth.filter.CustomLoggingFilter    : Filter 'customLoggingFilter' configured for use
2024-05-30T09:37:57.970+09:00  INFO 8150 --- [    Test worker] o.s.b.t.m.w.SpringBootMockServletContext : Initializing Spring TestDispatcherServlet ''
2024-05-30T09:37:57.970+09:00  INFO 8150 --- [    Test worker] o.s.t.web.servlet.TestDispatcherServlet  : Initializing Servlet ''
2024-05-30T09:37:57.970+09:00  INFO 8150 --- [    Test worker] o.s.t.web.servlet.TestDispatcherServlet  : Completed initialization in 0 ms
2024-05-30T09:37:57.976+09:00  INFO 8150 --- [    Test worker] c.w.p.document.CommonDocControllerTest   : Started CommonDocControllerTest in 0.213 seconds (process running for 5.479)
2024-05-30T09:37:57.979+09:00  INFO 8150 --- [    Test worker] o.s.b.t.m.w.SpringBootMockServletContext : Initializing Spring TestDispatcherServlet ''
2024-05-30T09:37:57.979+09:00  INFO 8150 --- [    Test worker] o.s.t.web.servlet.TestDispatcherServlet  : Initializing Servlet ''
2024-05-30T09:37:57.980+09:00  INFO 8150 --- [    Test worker] o.s.t.web.servlet.TestDispatcherServlet  : Completed initialization in 1 ms

MockHttpServletRequest:
      HTTP Method = POST
      Request URI = /test/error
       Parameters = {}
          Headers = [Content-Type:"application/json;charset=UTF-8", Content-Length:"35"]
             Body = {"name":"name","email":"hhh.naver"}
    Session Attrs = {}

Handler:
             Type = com.wanted.preonboarding.document.CommonDocController
           Method = com.wanted.preonboarding.document.CommonDocController#errorSample(SampleRequest)

Async:
    Async started = false
     Async result = null

Resolved Exception:
             Type = org.springframework.web.bind.MethodArgumentNotValidException

ModelAndView:
        View name = null
             View = null
            Model = null

FlashMap:
       Attributes = null

MockHttpServletResponse:
           Status = 400
    Error message = null
          Headers = [Vary:"Origin", "Access-Control-Request-Method", "Access-Control-Request-Headers", Content-Type:"application/json;charset=UTF-8", X-Content-Type-Options:"nosniff", X-XSS-Protection:"0", Cache-Control:"no-cache, no-store, max-age=0, must-revalidate", Pragma:"no-cache", Expires:"0", X-Frame-Options:"DENY"]
     Content type = application/json;charset=UTF-8
             Body = {"status":400,"message":"email must be a well-formed email address","timestamp":"2024-05-30 09:37:57","error":"BeanPropertyBindingResult"}
    Forwarded URL = null
   Redirected URL = null
          Cookies = []
2024-05-30T09:37:58.004+09:00  INFO 8150 --- [    Test worker] o.s.b.t.m.w.SpringBootMockServletContext : Initializing Spring TestDispatcherServlet ''
2024-05-30T09:37:58.004+09:00  INFO 8150 --- [    Test worker] o.s.t.web.servlet.TestDispatcherServlet  : Initializing Servlet ''
2024-05-30T09:37:58.005+09:00  INFO 8150 --- [    Test worker] o.s.t.web.servlet.TestDispatcherServlet  : Completed initialization in 0 ms

MockHttpServletRequest:
      HTTP Method = GET
      Request URI = /test/enums
       Parameters = {}
          Headers = [Content-Type:"application/json;charset=UTF-8"]
             Body = null
    Session Attrs = {}

Handler:
             Type = com.wanted.preonboarding.document.CommonDocController
           Method = com.wanted.preonboarding.document.CommonDocController#findEnums()

Async:
    Async started = false
     Async result = null

Resolved Exception:
             Type = null

ModelAndView:
        View name = null
             View = null
            Model = null

FlashMap:
       Attributes = null

MockHttpServletResponse:
           Status = 200
    Error message = null
          Headers = [Vary:"Origin", "Access-Control-Request-Method", "Access-Control-Request-Headers", Content-Type:"application/json;charset=UTF-8", X-Content-Type-Options:"nosniff", X-XSS-Protection:"0", Cache-Control:"no-cache, no-store, max-age=0, must-revalidate", Pragma:"no-cache", Expires:"0", X-Frame-Options:"DENY"]
     Content type = application/json;charset=UTF-8
             Body = {"data":{"redisKey":{"USERS_ENTITY":"REDIS KEY :  users_entity, '\n'REDIS TTL :  36000","ORDER_LOCK":"REDIS KEY :  order_lock, '\n'REDIS TTL :  1","PRODUCT_ENTITY":"REDIS KEY :  product_entity, '\n'REDIS TTL :  36000","REFRESH_TOKEN":"REDIS KEY :  refresh_token, '\n'REDIS TTL :  36000","PRODUCT_QUEUE":"REDIS KEY :  product_queue, '\n'REDIS TTL :  1","USERS":"REDIS KEY :  users, '\n'REDIS TTL :  36000"},"yn":{"Y":"Y means YES, N meas NO","N":"Y means YES, N meas NO"},"memberShip":{"GUEST":"USER MEMBERSHIP","NORMAL":"USER MEMBERSHIP"},"jwtErrorEnum":{"UNSUPPORTED_TOKEN":"Unsupported JWT token.","MALFORMED_TOKEN":"Invalid JWT token.","ILLEGAL_ARGUMENT":"JWT token compact of handler are invalid.","INVALID_SIGNATURE":"Invalid JWT signature.","EXPIRED_TOKEN":"Expired JWT token."},"productStatus":{"OUT_STOCK":"제품의 판매 상태 완료","OUT_OF_STOCK":"제품의 판매 상태 품절","ON_STOCK":"제품의 판매 상태 판매중","BOOKING":"제품의 판매 상태 예약중"},"orderType":{"PAST":"id ASC","LATEST":"id DESC"},"orderStatus":{"COMPLETED":"Order status: COMPLETED","ORDERED":"Order status: ORDERED","SETTLEMENT":"Order status: SETTLEMENT"},"userRole":{"BUYER":"판매자 / 구매자","SELLER":"판매자 / 구매자"}}}
    Forwarded URL = null
   Redirected URL = null
          Cookies = []
]]></system-out>
  <system-err><![CDATA[]]></system-err>
</testsuite>
