<?xml version="1.0" encoding="UTF-8"?>
<testsuite name="com.example.wanted.user.service.UserServiceTest" tests="7" skipped="0" failures="0" errors="0" timestamp="2024-06-02T05:54:16" hostname="gimmunjin-ui-MacBookPro.local" time="0.004">
  <properties/>
  <testcase name="password가_틀리면_예외가_발생한다()" classname="com.example.wanted.user.service.UserServiceTest" time="0.001"/>
  <testcase name="User는_UserCreate_객체로_생성할_수_있다()" classname="com.example.wanted.user.service.UserServiceTest" time="0.0"/>
  <testcase name="Account가_이미_존재하면_예외가_발생한다()" classname="com.example.wanted.user.service.UserServiceTest" time="0.002"/>
  <testcase name="없는_UserId로_조회_시_예외가_발생한다()" classname="com.example.wanted.user.service.UserServiceTest" time="0.0"/>
  <testcase name="존재하지_않는_Account면_예외가_발생한다()" classname="com.example.wanted.user.service.UserServiceTest" time="0.001"/>
  <testcase name="UserId로_유저_정보를_가져올_수_있다()" classname="com.example.wanted.user.service.UserServiceTest" time="0.0"/>
  <testcase name="UserLogin으로_로그인하면_토큰이_반환된다()" classname="com.example.wanted.user.service.UserServiceTest" time="0.0"/>
  <system-out><![CDATA[]]></system-out>
  <system-err><![CDATA[]]></system-err>
</testsuite>
