<?xml version="1.0" encoding="UTF-8"?>
<testsuite name="com.wanted.preonboarding.module.order.mapper.OrderSliceMapperImplTest" tests="2" skipped="0" failures="0" errors="0" timestamp="2024-05-29T14:43:12" hostname="lyusang-won-ui-MacBookPro.local" time="0.141">
  <properties/>
  <testcase name="toSlice: 빈 데이터 처리" classname="com.wanted.preonboarding.module.order.mapper.OrderSliceMapperImplTest" time="0.031"/>
  <testcase name="toSlice: 데이터를 포함한 슬라이스 반환" classname="com.wanted.preonboarding.module.order.mapper.OrderSliceMapperImplTest" time="0.109"/>
  <system-out><![CDATA[]]></system-out>
  <system-err><![CDATA[]]></system-err>
</testsuite>
