<?xml version="1.0" encoding="UTF-8"?>
<testsuite name="com.wanted.preonboarding.module.order.service.OrderFindServiceImplTest" tests="7" skipped="0" failures="0" errors="0" timestamp="2024-05-30T00:38:00" hostname="lyusang-won-ui-MacBookPro.local" time="0.498">
  <properties/>
  <testcase name="거래 내역 조회 판매자 - 성공" classname="com.wanted.preonboarding.module.order.service.OrderFindServiceImplTest" time="0.169"/>
  <testcase name="주문 단일 조회 - 성공" classname="com.wanted.preonboarding.module.order.service.OrderFindServiceImplTest" time="0.032"/>
  <testcase name="거래 내역 조회 구매자 - 성공" classname="com.wanted.preonboarding.module.order.service.OrderFindServiceImplTest" time="0.112"/>
  <testcase name="구매이력 조회" classname="com.wanted.preonboarding.module.order.service.OrderFindServiceImplTest" time="0.022"/>
  <testcase name="거래내역 조회 - 성공" classname="com.wanted.preonboarding.module.order.service.OrderFindServiceImplTest" time="0.107"/>
  <testcase name="구매확정 카운트 조회" classname="com.wanted.preonboarding.module.order.service.OrderFindServiceImplTest" time="0.023"/>
  <testcase name="거래내역 조회 - 성공" classname="com.wanted.preonboarding.module.order.service.OrderFindServiceImplTest" time="0.029"/>
  <system-out><![CDATA[]]></system-out>
  <system-err><![CDATA[]]></system-err>
</testsuite>
