<?xml version="1.0" encoding="UTF-8"?>
<testsuite name="com.wanted.preonboarding.module.order.controller.OrderControllerTest" tests="8" skipped="0" failures="0" errors="0" timestamp="2024-05-27T08:52:36" hostname="lyusang-won-ui-MacBookPro.local" time="1.358">
  <properties/>
  <testcase name="주문 수정 - COMPLETED" classname="com.wanted.preonboarding.module.order.controller.OrderControllerTest" time="0.305"/>
  <testcase name="유효하지 않은 주문 - 이미 예약 중 또는 판매 완료된 제품" classname="com.wanted.preonboarding.module.order.controller.OrderControllerTest" time="0.267"/>
  <testcase name="주문 실패 - 비회원" classname="com.wanted.preonboarding.module.order.controller.OrderControllerTest" time="0.149"/>
  <testcase name="주문 수정 - SETTLEMENT" classname="com.wanted.preonboarding.module.order.controller.OrderControllerTest" time="0.254"/>
  <testcase name="주문 수정 - ORDERED 에서 SETTLEMENT 로 잘못된 요청" classname="com.wanted.preonboarding.module.order.controller.OrderControllerTest" time="0.185"/>
  <testcase name="유효하지 않은 주문 - 상품 없음" classname="com.wanted.preonboarding.module.order.controller.OrderControllerTest" time="0.029"/>
  <testcase name="주문 수정 - COMPLETED 에서 COMPLETED 로 잘못된 요청" classname="com.wanted.preonboarding.module.order.controller.OrderControllerTest" time="0.08"/>
  <testcase name="주문 생성" classname="com.wanted.preonboarding.module.order.controller.OrderControllerTest" time="0.079"/>
  <system-out><![CDATA[2024-05-27T17:52:36.563+09:00  INFO 62512 --- [    Test worker] t.c.s.AnnotationConfigContextLoaderUtils : Could not detect default configuration classes for test class [com.wanted.preonboarding.module.order.controller.OrderControllerTest]: OrderControllerTest does not declare any static, non-private, non-final, nested classes annotated with @Configuration.
2024-05-27T17:52:36.589+09:00  INFO 62512 --- [    Test worker] .b.t.c.SpringBootTestContextBootstrapper : Found @SpringBootConfiguration com.wanted.preonboarding.PreonboardingApplication for test class com.wanted.preonboarding.module.order.controller.OrderControllerTest
  .   ____          _            __ _ _
 /\\ / ___'_ __ _ _(_)_ __  __ _ \ \ \ \
( ( )\___ | '_ | '_| | '_ \/ _` | \ \ \ \
 \\/  ___)| |_)| | | | | || (_| |  ) ) ) )
  '  |____| .__|_| |_|_| |_\__, | / / / /
 =========|_|==============|___/=/_/_/_/

 :: Spring Boot ::                (v3.3.0)

2024-05-27T17:52:36.607+09:00  INFO 62512 --- [    Test worker] c.w.p.m.o.c.OrderControllerTest          : Starting OrderControllerTest using Java 21.0.3 with PID 62512 (started by sangwon-ryu in /Users/sangwon-ryu/wanted-preonboarding-challenge-backend-20)
2024-05-27T17:52:36.607+09:00 DEBUG 62512 --- [    Test worker] c.w.p.m.o.c.OrderControllerTest          : Running with Spring Boot v3.3.0, Spring v6.1.8
2024-05-27T17:52:36.607+09:00  INFO 62512 --- [    Test worker] c.w.p.m.o.c.OrderControllerTest          : No active profile set, falling back to 1 default profile: "default"
2024-05-27T17:52:36.755+09:00  WARN 62512 --- [    Test worker] .s.s.UserDetailsServiceAutoConfiguration : 

Using generated security password: 4720b646-12f3-4272-8526-3daf0a85a6f1

This generated password is for development use only. Your security configuration must be updated before running your application in production.

2024-05-27T17:52:36.756+09:00  INFO 62512 --- [    Test worker] r$InitializeUserDetailsManagerConfigurer : Global AuthenticationManager configured with UserDetailsService bean with name inMemoryUserDetailsManager
2024-05-27T17:52:36.810+09:00  INFO 62512 --- [    Test worker] o.s.s.web.DefaultSecurityFilterChain     : Will secure any request with [org.springframework.security.web.session.DisableEncodeUrlFilter@6f19184c, org.springframework.security.web.context.request.async.WebAsyncManagerIntegrationFilter@6fd563cf, org.springframework.security.web.context.SecurityContextHolderFilter@563d3c53, org.springframework.security.web.header.HeaderWriterFilter@4ac5bbc8, org.springframework.web.filter.CorsFilter@42d971c7, org.springframework.security.web.authentication.logout.LogoutFilter@539a6ada, com.wanted.preonboarding.auth.filter.JwtAuthenticationFilter@45ecf220, org.springframework.security.web.savedrequest.RequestCacheAwareFilter@5db33742, org.springframework.security.web.servletapi.SecurityContextHolderAwareRequestFilter@3a4fccc7, org.springframework.security.web.authentication.AnonymousAuthenticationFilter@629059a9, org.springframework.security.web.session.SessionManagementFilter@4d437408, org.springframework.security.web.access.ExceptionTranslationFilter@17a394d2, org.springframework.security.web.access.intercept.AuthorizationFilter@53ba9105]
2024-05-27T17:52:36.851+09:00  INFO 62512 --- [    Test worker] o.s.b.t.m.w.SpringBootMockServletContext : Initializing Spring TestDispatcherServlet ''
2024-05-27T17:52:36.851+09:00  INFO 62512 --- [    Test worker] o.s.t.web.servlet.TestDispatcherServlet  : Initializing Servlet ''
2024-05-27T17:52:36.851+09:00  INFO 62512 --- [    Test worker] o.s.t.web.servlet.TestDispatcherServlet  : Completed initialization in 0 ms
2024-05-27T17:52:36.856+09:00  INFO 62512 --- [    Test worker] c.w.p.m.o.c.OrderControllerTest          : Started OrderControllerTest in 0.262 seconds (process running for 6.335)
2024-05-27T17:52:36.861+09:00  INFO 62512 --- [    Test worker] o.s.b.t.m.w.SpringBootMockServletContext : Initializing Spring TestDispatcherServlet ''
2024-05-27T17:52:36.861+09:00  INFO 62512 --- [    Test worker] o.s.t.web.servlet.TestDispatcherServlet  : Initializing Servlet ''
2024-05-27T17:52:36.862+09:00  INFO 62512 --- [    Test worker] o.s.t.web.servlet.TestDispatcherServlet  : Completed initialization in 0 ms

MockHttpServletRequest:
      HTTP Method = PATCH
      Request URI = /api/v1/order
       Parameters = {}
          Headers = [Content-Type:"application/json;charset=UTF-8", Authorization:"Bearer eyJhbGciOiJIUzI1NiJ9.eyJzdWIiOiJIR0FjU2Jsb2ZAd2FudGVkLmNvbSIsInJvbGUiOiJOT1JNQUwiLCJpYXQiOjE3MTY3OTk5NTYsImV4cCI6MTcxNjgwMzU1Nn0.nvP3FBQiRdwAPIJJaCBCzspel_Zzj25b1Vho59BLM0s", Content-Length:"46"]
             Body = {"orderId":82761848,"orderStatus":"COMPLETED"}
    Session Attrs = {}

Handler:
             Type = com.wanted.preonboarding.module.order.controller.OrderController
           Method = com.wanted.preonboarding.module.order.controller.OrderController#updateOrder(UpdateOrder)

Async:
    Async started = false
     Async result = null

Resolved Exception:
             Type = null

ModelAndView:
        View name = null
             View = null
            Model = null

FlashMap:
       Attributes = null

MockHttpServletResponse:
           Status = 200
    Error message = null
          Headers = [Vary:"Origin", "Access-Control-Request-Method", "Access-Control-Request-Headers", Content-Type:"application/json;charset=UTF-8", X-Content-Type-Options:"nosniff", X-XSS-Protection:"0", Cache-Control:"no-cache, no-store, max-age=0, must-revalidate", Pragma:"no-cache", Expires:"0", X-Frame-Options:"DENY"]
     Content type = application/json;charset=UTF-8
             Body = {"data":{"orderId":43445831,"productId":2408,"buyer":"HGAcSblof@wanted.com","seller":"RJok@wanted.com","orderStatus":"ORDERED"},"response":{"status":200,"message":"success"}}
    Forwarded URL = null
   Redirected URL = null
          Cookies = []
2024-05-27T17:52:37.166+09:00  INFO 62512 --- [    Test worker] o.s.b.t.m.w.SpringBootMockServletContext : Initializing Spring TestDispatcherServlet ''
2024-05-27T17:52:37.166+09:00  INFO 62512 --- [    Test worker] o.s.t.web.servlet.TestDispatcherServlet  : Initializing Servlet ''
2024-05-27T17:52:37.166+09:00  INFO 62512 --- [    Test worker] o.s.t.web.servlet.TestDispatcherServlet  : Completed initialization in 0 ms

MockHttpServletRequest:
      HTTP Method = POST
      Request URI = /api/v1/order
       Parameters = {}
          Headers = [Content-Type:"application/json;charset=UTF-8", Authorization:"Bearer eyJhbGciOiJIUzI1NiJ9.eyJzdWIiOiJ5Rm9Ad2FudGVkLmNvbSIsInJvbGUiOiJOT1JNQUwiLCJpYXQiOjE3MTY3OTk5NTcsImV4cCI6MTcxNjgwMzU1N30.wbPIQ4VWsIG0Er_BfwenZvkU5YeRTjDHTtTHqh7PkWk", Content-Length:"18"]
             Body = {"productId":2801}
    Session Attrs = {}

Handler:
             Type = com.wanted.preonboarding.module.order.controller.OrderController
           Method = com.wanted.preonboarding.module.order.controller.OrderController#createOrder(CreateOrder)

Async:
    Async started = false
     Async result = null

Resolved Exception:
             Type = org.springframework.web.bind.MethodArgumentNotValidException

ModelAndView:
        View name = null
             View = null
            Model = null

FlashMap:
       Attributes = null

MockHttpServletResponse:
           Status = 400
    Error message = null
          Headers = [Vary:"Origin", "Access-Control-Request-Method", "Access-Control-Request-Headers", Content-Type:"application/json;charset=UTF-8", X-Content-Type-Options:"nosniff", X-XSS-Protection:"0", Cache-Control:"no-cache, no-store, max-age=0, must-revalidate", Pragma:"no-cache", Expires:"0", X-Frame-Options:"DENY"]
     Content type = application/json;charset=UTF-8
             Body = {"status":400,"message":"productId 이미 예약중 또는 판매완료 된 상품 입니다. ","timestamp":"2024-05-27 17:52:37","error":"BeanPropertyBindingResult"}
    Forwarded URL = null
   Redirected URL = null
          Cookies = []
2024-05-27T17:52:37.434+09:00  INFO 62512 --- [    Test worker] o.s.b.t.m.w.SpringBootMockServletContext : Initializing Spring TestDispatcherServlet ''
2024-05-27T17:52:37.434+09:00  INFO 62512 --- [    Test worker] o.s.t.web.servlet.TestDispatcherServlet  : Initializing Servlet ''
2024-05-27T17:52:37.434+09:00  INFO 62512 --- [    Test worker] o.s.t.web.servlet.TestDispatcherServlet  : Completed initialization in 0 ms

MockHttpServletRequest:
      HTTP Method = POST
      Request URI = /api/v1/order
       Parameters = {}
          Headers = [Content-Type:"application/json;charset=UTF-8", Content-Length:"18"]
             Body = {"productId":8600}
    Session Attrs = {}

Handler:
             Type = com.wanted.preonboarding.module.order.controller.OrderController
           Method = com.wanted.preonboarding.module.order.controller.OrderController#createOrder(CreateOrder)

Async:
    Async started = false
     Async result = null

Resolved Exception:
             Type = null

ModelAndView:
        View name = null
             View = null
            Model = null

FlashMap:
       Attributes = null

MockHttpServletResponse:
           Status = 401
    Error message = 로그인이 필요합니다.
          Headers = [Vary:"Origin", "Access-Control-Request-Method", "Access-Control-Request-Headers", X-Content-Type-Options:"nosniff", X-XSS-Protection:"0", Cache-Control:"no-cache, no-store, max-age=0, must-revalidate", Pragma:"no-cache", Expires:"0", X-Frame-Options:"DENY"]
     Content type = null
             Body = 
    Forwarded URL = null
   Redirected URL = null
          Cookies = []
2024-05-27T17:52:37.584+09:00  INFO 62512 --- [    Test worker] o.s.b.t.m.w.SpringBootMockServletContext : Initializing Spring TestDispatcherServlet ''
2024-05-27T17:52:37.584+09:00  INFO 62512 --- [    Test worker] o.s.t.web.servlet.TestDispatcherServlet  : Initializing Servlet ''
2024-05-27T17:52:37.585+09:00  INFO 62512 --- [    Test worker] o.s.t.web.servlet.TestDispatcherServlet  : Completed initialization in 1 ms

MockHttpServletRequest:
      HTTP Method = PATCH
      Request URI = /api/v1/order
       Parameters = {}
          Headers = [Content-Type:"application/json;charset=UTF-8", Authorization:"Bearer eyJhbGciOiJIUzI1NiJ9.eyJzdWIiOiJMTUB3YW50ZWQuY29tIiwicm9sZSI6Ik5PUk1BTCIsImlhdCI6MTcxNjc5OTk1NywiZXhwIjoxNzE2ODAzNTU3fQ.U8ZyR5CuZm32cP3a6LHUBjGK5B36vMKRFA041Sr6lww", Content-Length:"47"]
             Body = {"orderId":15347087,"orderStatus":"SETTLEMENT"}
    Session Attrs = {}

Handler:
             Type = com.wanted.preonboarding.module.order.controller.OrderController
           Method = com.wanted.preonboarding.module.order.controller.OrderController#updateOrder(UpdateOrder)

Async:
    Async started = false
     Async result = null

Resolved Exception:
             Type = null

ModelAndView:
        View name = null
             View = null
            Model = null

FlashMap:
       Attributes = null

MockHttpServletResponse:
           Status = 200
    Error message = null
          Headers = [Vary:"Origin", "Access-Control-Request-Method", "Access-Control-Request-Headers", Content-Type:"application/json;charset=UTF-8", X-Content-Type-Options:"nosniff", X-XSS-Protection:"0", Cache-Control:"no-cache, no-store, max-age=0, must-revalidate", Pragma:"no-cache", Expires:"0", X-Frame-Options:"DENY"]
     Content type = application/json;charset=UTF-8
             Body = {"data":{"orderId":44166588,"productId":9633,"buyer":"LM@wanted.com","seller":"l@wanted.com","orderStatus":"COMPLETED"},"response":{"status":200,"message":"success"}}
    Forwarded URL = null
   Redirected URL = null
          Cookies = []
2024-05-27T17:52:37.840+09:00  INFO 62512 --- [    Test worker] o.s.b.t.m.w.SpringBootMockServletContext : Initializing Spring TestDispatcherServlet ''
2024-05-27T17:52:37.840+09:00  INFO 62512 --- [    Test worker] o.s.t.web.servlet.TestDispatcherServlet  : Initializing Servlet ''
2024-05-27T17:52:37.840+09:00  INFO 62512 --- [    Test worker] o.s.t.web.servlet.TestDispatcherServlet  : Completed initialization in 0 ms

MockHttpServletRequest:
      HTTP Method = PATCH
      Request URI = /api/v1/order
       Parameters = {}
          Headers = [Content-Type:"application/json;charset=UTF-8", Authorization:"Bearer eyJhbGciOiJIUzI1NiJ9.eyJzdWIiOiJEUmlVQHdhbnRlZC5jb20iLCJyb2xlIjoiTk9STUFMIiwiaWF0IjoxNzE2Nzk5OTU3LCJleHAiOjE3MTY4MDM1NTd9.8oZxxR_FXQPPYpBbwfVJ4VXmXyXSC9-BQVQviWPtJ48", Content-Length:"47"]
             Body = {"orderId":24110827,"orderStatus":"SETTLEMENT"}
    Session Attrs = {}

Handler:
             Type = com.wanted.preonboarding.module.order.controller.OrderController
           Method = com.wanted.preonboarding.module.order.controller.OrderController#updateOrder(UpdateOrder)

Async:
    Async started = false
     Async result = null

Resolved Exception:
             Type = org.springframework.web.bind.MethodArgumentNotValidException

ModelAndView:
        View name = null
             View = null
            Model = null

FlashMap:
       Attributes = null

MockHttpServletResponse:
           Status = 400
    Error message = null
          Headers = [Vary:"Origin", "Access-Control-Request-Method", "Access-Control-Request-Headers", Content-Type:"application/json;charset=UTF-8", X-Content-Type-Options:"nosniff", X-XSS-Protection:"0", Cache-Control:"no-cache, no-store, max-age=0, must-revalidate", Pragma:"no-cache", Expires:"0", X-Frame-Options:"DENY"]
     Content type = application/json;charset=UTF-8
             Body = {"status":400,"message":"orderId 해당 주문의 주문 상태 변경을 지원 하지 않습니다. 주문 번호 ::: 24110827 현재 주문 상태 ::: ORDERED 변경 불가 상태 ::: SETTLEMENT","timestamp":"2024-05-27 17:52:38","error":"BeanPropertyBindingResult"}
    Forwarded URL = null
   Redirected URL = null
          Cookies = []
2024-05-27T17:52:38.027+09:00  INFO 62512 --- [    Test worker] o.s.b.t.m.w.SpringBootMockServletContext : Initializing Spring TestDispatcherServlet ''
2024-05-27T17:52:38.027+09:00  INFO 62512 --- [    Test worker] o.s.t.web.servlet.TestDispatcherServlet  : Initializing Servlet ''
2024-05-27T17:52:38.028+09:00  INFO 62512 --- [    Test worker] o.s.t.web.servlet.TestDispatcherServlet  : Completed initialization in 1 ms

MockHttpServletRequest:
      HTTP Method = POST
      Request URI = /api/v1/order
       Parameters = {}
          Headers = [Content-Type:"application/json;charset=UTF-8", Authorization:"Bearer eyJhbGciOiJIUzI1NiJ9.eyJzdWIiOiJHZ1ZEaHFHVnBAd2FudGVkLmNvbSIsInJvbGUiOiJOT1JNQUwiLCJpYXQiOjE3MTY3OTk5NTgsImV4cCI6MTcxNjgwMzU1OH0.bp7B2O2vRevicFAf04qow2DEsIybqJKbGA1ytmPmfMI", Content-Length:"22"]
             Body = {"productId":85016351}
    Session Attrs = {}

Handler:
             Type = com.wanted.preonboarding.module.order.controller.OrderController
           Method = com.wanted.preonboarding.module.order.controller.OrderController#createOrder(CreateOrder)

Async:
    Async started = false
     Async result = null

Resolved Exception:
             Type = org.springframework.web.bind.MethodArgumentNotValidException

ModelAndView:
        View name = null
             View = null
            Model = null

FlashMap:
       Attributes = null

MockHttpServletResponse:
           Status = 400
    Error message = null
          Headers = [Vary:"Origin", "Access-Control-Request-Method", "Access-Control-Request-Headers", Content-Type:"application/json;charset=UTF-8", X-Content-Type-Options:"nosniff", X-XSS-Protection:"0", Cache-Control:"no-cache, no-store, max-age=0, must-revalidate", Pragma:"no-cache", Expires:"0", X-Frame-Options:"DENY"]
     Content type = application/json;charset=UTF-8
             Body = {"status":400,"message":"createOrder  productId 해당 상품을 찾을 수 없습니다. 상품 ID: 85016351","timestamp":"2024-05-27 17:52:38","error":"BeanPropertyBindingResult"}
    Forwarded URL = null
   Redirected URL = null
          Cookies = []
2024-05-27T17:52:38.057+09:00  INFO 62512 --- [    Test worker] o.s.b.t.m.w.SpringBootMockServletContext : Initializing Spring TestDispatcherServlet ''
2024-05-27T17:52:38.057+09:00  INFO 62512 --- [    Test worker] o.s.t.web.servlet.TestDispatcherServlet  : Initializing Servlet ''
2024-05-27T17:52:38.058+09:00  INFO 62512 --- [    Test worker] o.s.t.web.servlet.TestDispatcherServlet  : Completed initialization in 1 ms

MockHttpServletRequest:
      HTTP Method = PATCH
      Request URI = /api/v1/order
       Parameters = {}
          Headers = [Content-Type:"application/json;charset=UTF-8", Authorization:"Bearer eyJhbGciOiJIUzI1NiJ9.eyJzdWIiOiJzcEB3YW50ZWQuY29tIiwicm9sZSI6Ik5PUk1BTCIsImlhdCI6MTcxNjc5OTk1OCwiZXhwIjoxNzE2ODAzNTU4fQ.Pr9n0gWdombqGLlDhJnJ4PbD5ufrDx8BZWOe69X2CfY", Content-Length:"46"]
             Body = {"orderId":62674343,"orderStatus":"COMPLETED"}
    Session Attrs = {}

Handler:
             Type = com.wanted.preonboarding.module.order.controller.OrderController
           Method = com.wanted.preonboarding.module.order.controller.OrderController#updateOrder(UpdateOrder)

Async:
    Async started = false
     Async result = null

Resolved Exception:
             Type = org.springframework.web.bind.MethodArgumentNotValidException

ModelAndView:
        View name = null
             View = null
            Model = null

FlashMap:
       Attributes = null

MockHttpServletResponse:
           Status = 400
    Error message = null
          Headers = [Vary:"Origin", "Access-Control-Request-Method", "Access-Control-Request-Headers", Content-Type:"application/json;charset=UTF-8", X-Content-Type-Options:"nosniff", X-XSS-Protection:"0", Cache-Control:"no-cache, no-store, max-age=0, must-revalidate", Pragma:"no-cache", Expires:"0", X-Frame-Options:"DENY"]
     Content type = application/json;charset=UTF-8
             Body = {"status":400,"message":"orderId 해당 주문의 주문 상태 변경을 지원 하지 않습니다. 주문 번호 ::: 62674343 현재 주문 상태 ::: COMPLETED 변경 불가 상태 ::: COMPLETED","timestamp":"2024-05-27 17:52:38","error":"BeanPropertyBindingResult"}
    Forwarded URL = null
   Redirected URL = null
          Cookies = []
2024-05-27T17:52:38.139+09:00  INFO 62512 --- [    Test worker] o.s.b.t.m.w.SpringBootMockServletContext : Initializing Spring TestDispatcherServlet ''
2024-05-27T17:52:38.139+09:00  INFO 62512 --- [    Test worker] o.s.t.web.servlet.TestDispatcherServlet  : Initializing Servlet ''
2024-05-27T17:52:38.139+09:00  INFO 62512 --- [    Test worker] o.s.t.web.servlet.TestDispatcherServlet  : Completed initialization in 0 ms

MockHttpServletRequest:
      HTTP Method = POST
      Request URI = /api/v1/order
       Parameters = {}
          Headers = [Content-Type:"application/json;charset=UTF-8", Authorization:"Bearer eyJhbGciOiJIUzI1NiJ9.eyJzdWIiOiJpQ21wUlhhQHdhbnRlZC5jb20iLCJyb2xlIjoiTk9STUFMIiwiaWF0IjoxNzE2Nzk5OTU4LCJleHAiOjE3MTY4MDM1NTh9.ld1tmLAkauY9bzrk26__28C111uauMKQs3mFO19Ar1Y", Content-Length:"18"]
             Body = {"productId":9766}
    Session Attrs = {}

Handler:
             Type = com.wanted.preonboarding.module.order.controller.OrderController
           Method = com.wanted.preonboarding.module.order.controller.OrderController#createOrder(CreateOrder)

Async:
    Async started = false
     Async result = null

Resolved Exception:
             Type = null

ModelAndView:
        View name = null
             View = null
            Model = null

FlashMap:
       Attributes = null

MockHttpServletResponse:
           Status = 200
    Error message = null
          Headers = [Vary:"Origin", "Access-Control-Request-Method", "Access-Control-Request-Headers", Content-Type:"application/json;charset=UTF-8", X-Content-Type-Options:"nosniff", X-XSS-Protection:"0", Cache-Control:"no-cache, no-store, max-age=0, must-revalidate", Pragma:"no-cache", Expires:"0", X-Frame-Options:"DENY"]
     Content type = application/json;charset=UTF-8
             Body = {"data":{"orderId":12434361,"productId":9766,"buyer":"iCmpRXa@wanted.com","seller":"AoL@wanted.com","orderStatus":"ORDERED"},"response":{"status":200,"message":"success"}}
    Forwarded URL = null
   Redirected URL = null
          Cookies = []
]]></system-out>
  <system-err><![CDATA[]]></system-err>
</testsuite>
