<?xml version="1.0" encoding="UTF-8"?>
<testsuite name="com.wanted.preonboarding.module.product.repository.ProductFindRepositoryImplTest" tests="4" skipped="0" failures="0" errors="0" timestamp="2024-05-30T00:38:02" hostname="lyusang-won-ui-MacBookPro.local" time="0.096">
  <properties/>
  <testcase name="Product Entity 조회 - Seller fetch Join" classname="com.wanted.preonboarding.module.product.repository.ProductFindRepositoryImplTest" time="0.014"/>
  <testcase name="BaseSku 리스트 조회 - 아무 조건 없을때" classname="com.wanted.preonboarding.module.product.repository.ProductFindRepositoryImplTest" time="0.035"/>
  <testcase name="BaseSku 리스트 조회 - 노 오프셋 조회" classname="com.wanted.preonboarding.module.product.repository.ProductFindRepositoryImplTest" time="0.032"/>
  <testcase name="BaseSku 조회" classname="com.wanted.preonboarding.module.product.repository.ProductFindRepositoryImplTest" time="0.013"/>
  <system-out><![CDATA[2024-05-30T09:38:02.415+09:00  INFO 8150 --- [    Test worker] t.c.s.AnnotationConfigContextLoaderUtils : Could not detect default configuration classes for test class [com.wanted.preonboarding.module.product.repository.ProductFindRepositoryImplTest]: ProductFindRepositoryImplTest does not declare any static, non-private, non-final, nested classes annotated with @Configuration.
2024-05-30T09:38:02.425+09:00  INFO 8150 --- [    Test worker] .b.t.c.SpringBootTestContextBootstrapper : Found @SpringBootConfiguration com.wanted.preonboarding.PreonboardingApplication for test class com.wanted.preonboarding.module.product.repository.ProductFindRepositoryImplTest
Hibernate: insert into users (delete_yn,email,insert_date,insert_operator,membership,password_hash,phone_number,update_date,update_operator,user_id) values (?,?,?,?,?,?,?,?,?,default)
Hibernate: insert into product (delete_yn,insert_date,insert_operator,price,product_name,product_status,quantity,user_id,update_date,update_operator,product_id) values (?,?,?,?,?,?,?,?,?,?,default)
Hibernate: select p1_0.product_id,p1_0.delete_yn,p1_0.insert_date,p1_0.insert_operator,p1_0.price,p1_0.product_name,p1_0.product_status,p1_0.quantity,p1_0.user_id,s1_0.user_id,s1_0.delete_yn,s1_0.email,s1_0.insert_date,s1_0.insert_operator,s1_0.membership,s1_0.password_hash,s1_0.phone_number,s1_0.update_date,s1_0.update_operator,p1_0.update_date,p1_0.update_operator from product p1_0 join users s1_0 on s1_0.user_id=p1_0.user_id where p1_0.product_id=?
Hibernate: insert into users (delete_yn,email,insert_date,insert_operator,membership,password_hash,phone_number,update_date,update_operator,user_id) values (?,?,?,?,?,?,?,?,?,default)
Hibernate: insert into product (delete_yn,insert_date,insert_operator,price,product_name,product_status,quantity,user_id,update_date,update_operator,product_id) values (?,?,?,?,?,?,?,?,?,?,default)
Hibernate: insert into product (delete_yn,insert_date,insert_operator,price,product_name,product_status,quantity,user_id,update_date,update_operator,product_id) values (?,?,?,?,?,?,?,?,?,?,default)
Hibernate: insert into product (delete_yn,insert_date,insert_operator,price,product_name,product_status,quantity,user_id,update_date,update_operator,product_id) values (?,?,?,?,?,?,?,?,?,?,default)
Hibernate: insert into product (delete_yn,insert_date,insert_operator,price,product_name,product_status,quantity,user_id,update_date,update_operator,product_id) values (?,?,?,?,?,?,?,?,?,?,default)
Hibernate: insert into product (delete_yn,insert_date,insert_operator,price,product_name,product_status,quantity,user_id,update_date,update_operator,product_id) values (?,?,?,?,?,?,?,?,?,?,default)
Hibernate: insert into product (delete_yn,insert_date,insert_operator,price,product_name,product_status,quantity,user_id,update_date,update_operator,product_id) values (?,?,?,?,?,?,?,?,?,?,default)
Hibernate: insert into product (delete_yn,insert_date,insert_operator,price,product_name,product_status,quantity,user_id,update_date,update_operator,product_id) values (?,?,?,?,?,?,?,?,?,?,default)
Hibernate: insert into product (delete_yn,insert_date,insert_operator,price,product_name,product_status,quantity,user_id,update_date,update_operator,product_id) values (?,?,?,?,?,?,?,?,?,?,default)
Hibernate: insert into product (delete_yn,insert_date,insert_operator,price,product_name,product_status,quantity,user_id,update_date,update_operator,product_id) values (?,?,?,?,?,?,?,?,?,?,default)
Hibernate: insert into product (delete_yn,insert_date,insert_operator,price,product_name,product_status,quantity,user_id,update_date,update_operator,product_id) values (?,?,?,?,?,?,?,?,?,?,default)
Hibernate: select p1_0.product_id,p1_0.product_name,p1_0.price,p1_0.product_status,s1_0.email,p1_0.quantity from product p1_0 join users s1_0 on s1_0.user_id=p1_0.user_id order by p1_0.product_id desc fetch first ? rows only
Hibernate: insert into users (delete_yn,email,insert_date,insert_operator,membership,password_hash,phone_number,update_date,update_operator,user_id) values (?,?,?,?,?,?,?,?,?,default)
Hibernate: insert into product (delete_yn,insert_date,insert_operator,price,product_name,product_status,quantity,user_id,update_date,update_operator,product_id) values (?,?,?,?,?,?,?,?,?,?,default)
Hibernate: insert into product (delete_yn,insert_date,insert_operator,price,product_name,product_status,quantity,user_id,update_date,update_operator,product_id) values (?,?,?,?,?,?,?,?,?,?,default)
Hibernate: insert into product (delete_yn,insert_date,insert_operator,price,product_name,product_status,quantity,user_id,update_date,update_operator,product_id) values (?,?,?,?,?,?,?,?,?,?,default)
Hibernate: insert into product (delete_yn,insert_date,insert_operator,price,product_name,product_status,quantity,user_id,update_date,update_operator,product_id) values (?,?,?,?,?,?,?,?,?,?,default)
Hibernate: insert into product (delete_yn,insert_date,insert_operator,price,product_name,product_status,quantity,user_id,update_date,update_operator,product_id) values (?,?,?,?,?,?,?,?,?,?,default)
Hibernate: insert into product (delete_yn,insert_date,insert_operator,price,product_name,product_status,quantity,user_id,update_date,update_operator,product_id) values (?,?,?,?,?,?,?,?,?,?,default)
Hibernate: insert into product (delete_yn,insert_date,insert_operator,price,product_name,product_status,quantity,user_id,update_date,update_operator,product_id) values (?,?,?,?,?,?,?,?,?,?,default)
Hibernate: insert into product (delete_yn,insert_date,insert_operator,price,product_name,product_status,quantity,user_id,update_date,update_operator,product_id) values (?,?,?,?,?,?,?,?,?,?,default)
Hibernate: insert into product (delete_yn,insert_date,insert_operator,price,product_name,product_status,quantity,user_id,update_date,update_operator,product_id) values (?,?,?,?,?,?,?,?,?,?,default)
Hibernate: insert into product (delete_yn,insert_date,insert_operator,price,product_name,product_status,quantity,user_id,update_date,update_operator,product_id) values (?,?,?,?,?,?,?,?,?,?,default)
Hibernate: select p1_0.product_id,p1_0.product_name,p1_0.price,p1_0.product_status,s1_0.email,p1_0.quantity from product p1_0 join users s1_0 on s1_0.user_id=p1_0.user_id where p1_0.product_id<=? order by p1_0.product_id desc fetch first ? rows only
Hibernate: insert into users (delete_yn,email,insert_date,insert_operator,membership,password_hash,phone_number,update_date,update_operator,user_id) values (?,?,?,?,?,?,?,?,?,default)
Hibernate: insert into product (delete_yn,insert_date,insert_operator,price,product_name,product_status,quantity,user_id,update_date,update_operator,product_id) values (?,?,?,?,?,?,?,?,?,?,default)
Hibernate: select p1_0.product_id,p1_0.product_name,p1_0.price,p1_0.product_status,s1_0.email,p1_0.quantity from product p1_0 join users s1_0 on s1_0.user_id=p1_0.user_id where p1_0.product_id=?
]]></system-out>
  <system-err><![CDATA[]]></system-err>
</testsuite>
