<?xml version="1.0" encoding="UTF-8"?>
<testsuite name="com.wanted.preonboarding.auth.controller.AuthControllerTest" tests="1" skipped="0" failures="0" errors="0" timestamp="2024-05-26T14:57:42" hostname="lyusang-won-ui-MacBookPro.local" time="0.329">
  <properties/>
  <testcase name="Access Token 발급" classname="com.wanted.preonboarding.auth.controller.AuthControllerTest" time="0.329"/>
  <system-out><![CDATA[2024-05-26T23:57:42.122+09:00  INFO 45347 --- [    Test worker] t.c.s.AnnotationConfigContextLoaderUtils : Could not detect default configuration classes for test class [com.wanted.preonboarding.auth.controller.AuthControllerTest]: AuthControllerTest does not declare any static, non-private, non-final, nested classes annotated with @Configuration.
2024-05-26T23:57:42.136+09:00  INFO 45347 --- [    Test worker] .b.t.c.SpringBootTestContextBootstrapper : Found @SpringBootConfiguration com.wanted.preonboarding.PreonboardingApplication for test class com.wanted.preonboarding.auth.controller.AuthControllerTest
  .   ____          _            __ _ _
 /\\ / ___'_ __ _ _(_)_ __  __ _ \ \ \ \
( ( )\___ | '_ | '_| | '_ \/ _` | \ \ \ \
 \\/  ___)| |_)| | | | | || (_| |  ) ) ) )
  '  |____| .__|_| |_|_| |_\__, | / / / /
 =========|_|==============|___/=/_/_/_/

 :: Spring Boot ::                (v3.3.0)

2024-05-26T23:57:42.149+09:00  INFO 45347 --- [    Test worker] c.w.p.a.controller.AuthControllerTest    : Starting AuthControllerTest using Java 21.0.3 with PID 45347 (started by sangwon-ryu in /Users/sangwon-ryu/wanted-preonboarding-challenge-backend-20)
2024-05-26T23:57:42.149+09:00 DEBUG 45347 --- [    Test worker] c.w.p.a.controller.AuthControllerTest    : Running with Spring Boot v3.3.0, Spring v6.1.8
2024-05-26T23:57:42.150+09:00  INFO 45347 --- [    Test worker] c.w.p.a.controller.AuthControllerTest    : No active profile set, falling back to 1 default profile: "default"
2024-05-26T23:57:42.473+09:00  WARN 45347 --- [    Test worker] .s.s.UserDetailsServiceAutoConfiguration : 

Using generated security password: 436f5114-d1fa-405c-af86-84ab92566570

This generated password is for development use only. Your security configuration must be updated before running your application in production.

2024-05-26T23:57:42.478+09:00  INFO 45347 --- [    Test worker] r$InitializeUserDetailsManagerConfigurer : Global AuthenticationManager configured with UserDetailsService bean with name inMemoryUserDetailsManager
2024-05-26T23:57:42.597+09:00  INFO 45347 --- [    Test worker] o.s.s.web.DefaultSecurityFilterChain     : Will secure any request with [org.springframework.security.web.session.DisableEncodeUrlFilter@7959d16a, org.springframework.security.web.context.request.async.WebAsyncManagerIntegrationFilter@1d6c69ff, org.springframework.security.web.context.SecurityContextHolderFilter@68754439, org.springframework.security.web.header.HeaderWriterFilter@3464d24c, org.springframework.web.filter.CorsFilter@34dcd7a1, org.springframework.security.web.authentication.logout.LogoutFilter@59e7a6d8, com.wanted.preonboarding.auth.filter.JwtAuthenticationFilter@5c65001c, org.springframework.security.web.savedrequest.RequestCacheAwareFilter@44bd11a2, org.springframework.security.web.servletapi.SecurityContextHolderAwareRequestFilter@56595dcb, org.springframework.security.web.authentication.AnonymousAuthenticationFilter@6b00587b, org.springframework.security.web.session.SessionManagementFilter@341f2f4c, org.springframework.security.web.access.ExceptionTranslationFilter@345f429, org.springframework.security.web.access.intercept.AuthorizationFilter@69503026]
2024-05-26T23:57:42.691+09:00  INFO 45347 --- [    Test worker] o.s.b.t.m.w.SpringBootMockServletContext : Initializing Spring TestDispatcherServlet ''
2024-05-26T23:57:42.691+09:00  INFO 45347 --- [    Test worker] o.s.t.web.servlet.TestDispatcherServlet  : Initializing Servlet ''
2024-05-26T23:57:42.692+09:00  INFO 45347 --- [    Test worker] o.s.t.web.servlet.TestDispatcherServlet  : Completed initialization in 1 ms
2024-05-26T23:57:42.702+09:00  INFO 45347 --- [    Test worker] c.w.p.a.controller.AuthControllerTest    : Started AuthControllerTest in 0.564 seconds (process running for 4.183)
2024-05-26T23:57:42.729+09:00  INFO 45347 --- [    Test worker] o.s.b.t.m.w.SpringBootMockServletContext : Initializing Spring TestDispatcherServlet ''
2024-05-26T23:57:42.729+09:00  INFO 45347 --- [    Test worker] o.s.t.web.servlet.TestDispatcherServlet  : Initializing Servlet ''
2024-05-26T23:57:42.730+09:00  INFO 45347 --- [    Test worker] o.s.t.web.servlet.TestDispatcherServlet  : Completed initialization in 1 ms

MockHttpServletRequest:
      HTTP Method = POST
      Request URI = /api/v1/auth/authentication
       Parameters = {}
          Headers = [Content-Type:"application/json;charset=UTF-8", Content-Length:"48"]
             Body = {"email":"o@wanted.com","password":"pflxrvewgx"}
    Session Attrs = {}

Handler:
             Type = com.wanted.preonboarding.auth.controller.AuthController
           Method = com.wanted.preonboarding.auth.controller.AuthController#getAccessToken(CreateAuthToken)

Async:
    Async started = false
     Async result = null

Resolved Exception:
             Type = null

ModelAndView:
        View name = null
             View = null
            Model = null

FlashMap:
       Attributes = null

MockHttpServletResponse:
           Status = 200
    Error message = null
          Headers = [Vary:"Origin", "Access-Control-Request-Method", "Access-Control-Request-Headers", Authorization:"Bearer eyJhbGciOiJIUzI1NiJ9.eyJzdWIiOiJWdktIWVZDYW5Ad2FudGVkLmNvbSIsInJvbGUiOiJOT1JNQUwiLCJpYXQiOjE3MTY3MzU0NjIsImV4cCI6MTcxNjczOTA2Mn0.J5Mg3eDqwCpd-t_9i_zEjEqGeIGp0bWrrh12FjdjTJk", Content-Type:"application/json;charset=UTF-8", X-Content-Type-Options:"nosniff", X-XSS-Protection:"0", Cache-Control:"no-cache, no-store, max-age=0, must-revalidate", Pragma:"no-cache", Expires:"0", X-Frame-Options:"DENY"]
     Content type = application/json;charset=UTF-8
             Body = {"data":null,"response":{"status":200,"message":"Access token issued successfully"}}
    Forwarded URL = null
   Redirected URL = null
          Cookies = []
]]></system-out>
  <system-err><![CDATA[]]></system-err>
</testsuite>
