<?xml version="1.0" encoding="UTF-8"?>
<testsuite name="com.wanted.preonboarding.auth.controller.AuthControllerTest" tests="1" skipped="0" failures="0" errors="0" timestamp="2024-05-29T14:43:10" hostname="lyusang-won-ui-MacBookPro.local" time="0.358">
  <properties/>
  <testcase name="Access Token 발급" classname="com.wanted.preonboarding.auth.controller.AuthControllerTest" time="0.358"/>
  <system-out><![CDATA[2024-05-29T23:43:09.250+09:00  INFO 6868 --- [    Test worker] t.c.s.AnnotationConfigContextLoaderUtils : Could not detect default configuration classes for test class [com.wanted.preonboarding.auth.controller.AuthControllerTest]: AuthControllerTest does not declare any static, non-private, non-final, nested classes annotated with @Configuration.
2024-05-29T23:43:09.266+09:00  INFO 6868 --- [    Test worker] .b.t.c.SpringBootTestContextBootstrapper : Found @SpringBootConfiguration com.wanted.preonboarding.PreonboardingApplication for test class com.wanted.preonboarding.auth.controller.AuthControllerTest
  .   ____          _            __ _ _
 /\\ / ___'_ __ _ _(_)_ __  __ _ \ \ \ \
( ( )\___ | '_ | '_| | '_ \/ _` | \ \ \ \
 \\/  ___)| |_)| | | | | || (_| |  ) ) ) )
  '  |____| .__|_| |_|_| |_\__, | / / / /
 =========|_|==============|___/=/_/_/_/

 :: Spring Boot ::                (v3.3.0)

2024-05-29T23:43:09.281+09:00  INFO 6868 --- [    Test worker] c.w.p.a.controller.AuthControllerTest    : Starting AuthControllerTest using Java 21.0.3 with PID 6868 (started by sangwon-ryu in /Users/sangwon-ryu/wanted-preonboarding-challenge-backend-20)
2024-05-29T23:43:09.281+09:00 DEBUG 6868 --- [    Test worker] c.w.p.a.controller.AuthControllerTest    : Running with Spring Boot v3.3.0, Spring v6.1.8
2024-05-29T23:43:09.281+09:00  INFO 6868 --- [    Test worker] c.w.p.a.controller.AuthControllerTest    : No active profile set, falling back to 1 default profile: "default"
2024-05-29T23:43:09.898+09:00  WARN 6868 --- [    Test worker] .s.s.UserDetailsServiceAutoConfiguration : 

Using generated security password: 1fa44fd5-4189-4b2f-ab13-3a9e701c6fef

This generated password is for development use only. Your security configuration must be updated before running your application in production.

2024-05-29T23:43:09.899+09:00  INFO 6868 --- [    Test worker] r$InitializeUserDetailsManagerConfigurer : Global AuthenticationManager configured with UserDetailsService bean with name inMemoryUserDetailsManager
2024-05-29T23:43:10.013+09:00  INFO 6868 --- [    Test worker] o.s.s.web.DefaultSecurityFilterChain     : Will secure any request with [org.springframework.security.web.session.DisableEncodeUrlFilter@43cbc87f, org.springframework.security.web.context.request.async.WebAsyncManagerIntegrationFilter@347b27f3, org.springframework.security.web.context.SecurityContextHolderFilter@962e8c5, org.springframework.security.web.header.HeaderWriterFilter@25b2d26a, org.springframework.web.filter.CorsFilter@7f930614, org.springframework.security.web.authentication.logout.LogoutFilter@5b859845, com.wanted.preonboarding.auth.filter.JwtAuthenticationFilter@6ef0a044, org.springframework.security.web.savedrequest.RequestCacheAwareFilter@433e9108, org.springframework.security.web.servletapi.SecurityContextHolderAwareRequestFilter@70ac3a87, org.springframework.security.web.authentication.AnonymousAuthenticationFilter@73e505d5, org.springframework.security.web.session.SessionManagementFilter@6d67e03, org.springframework.security.web.access.ExceptionTranslationFilter@5aa2168f, org.springframework.security.web.access.intercept.AuthorizationFilter@7d6d93f9]
2024-05-29T23:43:10.108+09:00 DEBUG 6868 --- [    Test worker] c.w.p.auth.filter.CustomLoggingFilter    : Filter 'loggingFilterRegistration' configured for use
2024-05-29T23:43:10.109+09:00 DEBUG 6868 --- [    Test worker] c.w.p.auth.filter.CustomLoggingFilter    : Filter 'customLoggingFilter' configured for use
2024-05-29T23:43:10.109+09:00  INFO 6868 --- [    Test worker] o.s.b.t.m.w.SpringBootMockServletContext : Initializing Spring TestDispatcherServlet ''
2024-05-29T23:43:10.109+09:00  INFO 6868 --- [    Test worker] o.s.t.web.servlet.TestDispatcherServlet  : Initializing Servlet ''
2024-05-29T23:43:10.110+09:00  INFO 6868 --- [    Test worker] o.s.t.web.servlet.TestDispatcherServlet  : Completed initialization in 1 ms
2024-05-29T23:43:10.120+09:00  INFO 6868 --- [    Test worker] c.w.p.a.controller.AuthControllerTest    : Started AuthControllerTest in 0.852 seconds (process running for 4.643)
2024-05-29T23:43:10.158+09:00  INFO 6868 --- [    Test worker] o.s.b.t.m.w.SpringBootMockServletContext : Initializing Spring TestDispatcherServlet ''
2024-05-29T23:43:10.158+09:00  INFO 6868 --- [    Test worker] o.s.t.web.servlet.TestDispatcherServlet  : Initializing Servlet ''
2024-05-29T23:43:10.159+09:00  INFO 6868 --- [    Test worker] o.s.t.web.servlet.TestDispatcherServlet  : Completed initialization in 1 ms

MockHttpServletRequest:
      HTTP Method = POST
      Request URI = /api/v1/auth/authentication
       Parameters = {}
          Headers = [Content-Type:"application/json;charset=UTF-8", Content-Length:"52"]
             Body = {"email":"OlHTa@wanted.com","password":"quvmjcfxwf"}
    Session Attrs = {}

Handler:
             Type = com.wanted.preonboarding.auth.controller.AuthController
           Method = com.wanted.preonboarding.auth.controller.AuthController#getAccessToken(CreateAuthToken)

Async:
    Async started = false
     Async result = null

Resolved Exception:
             Type = null

ModelAndView:
        View name = null
             View = null
            Model = null

FlashMap:
       Attributes = null

MockHttpServletResponse:
           Status = 200
    Error message = null
          Headers = [Vary:"Origin", "Access-Control-Request-Method", "Access-Control-Request-Headers", Authorization:"Bearer eyJhbGciOiJIUzI1NiJ9.eyJzdWIiOiJ5VUxMQHdhbnRlZC5jb20iLCJyb2xlIjoiTk9STUFMIiwiaWF0IjoxNzE2OTkzNzkwLCJleHAiOjE3MTY5OTczOTB9.tBa6Rs94jF9NUYOXGPFlMnF71WBOcuZC_Wew_hjuDhw", Content-Type:"application/json;charset=UTF-8", X-Content-Type-Options:"nosniff", X-XSS-Protection:"0", Cache-Control:"no-cache, no-store, max-age=0, must-revalidate", Pragma:"no-cache", Expires:"0", X-Frame-Options:"DENY"]
     Content type = application/json;charset=UTF-8
             Body = {"data":null,"response":{"status":200,"message":"Access token issued successfully"}}
    Forwarded URL = null
   Redirected URL = null
          Cookies = []
]]></system-out>
  <system-err><![CDATA[]]></system-err>
</testsuite>
