<?xml version="1.0" encoding="UTF-8"?>
<testsuite name="com.wanted.preonboarding.module.product.service.ProductQueryServiceImplTest" tests="3" skipped="0" failures="0" errors="0" timestamp="2024-05-29T10:44:40" hostname="lyusang-won-ui-MacBookPro.local" time="0.163">
  <properties/>
  <testcase name="Product 품절" classname="com.wanted.preonboarding.module.product.service.ProductQueryServiceImplTest" time="0.104"/>
  <testcase name="Product 예약" classname="com.wanted.preonboarding.module.product.service.ProductQueryServiceImplTest" time="0.027"/>
  <testcase name="Product 생성" classname="com.wanted.preonboarding.module.product.service.ProductQueryServiceImplTest" time="0.031"/>
  <system-out><![CDATA[]]></system-out>
  <system-err><![CDATA[]]></system-err>
</testsuite>
