<?xml version="1.0" encoding="UTF-8"?>
<testsuite name="com.wanted.preonboarding.auth.controller.AuthControllerTest" tests="1" skipped="0" failures="0" errors="0" timestamp="2024-05-25T11:48:52" hostname="lyusang-won-ui-MacBookPro.local" time="0.312">
  <properties/>
  <testcase name="Access Token 발급" classname="com.wanted.preonboarding.auth.controller.AuthControllerTest" time="0.312"/>
  <system-out><![CDATA[2024-05-25T20:48:52.280+09:00  INFO 33277 --- [    Test worker] t.c.s.AnnotationConfigContextLoaderUtils : Could not detect default configuration classes for test class [com.wanted.preonboarding.auth.controller.AuthControllerTest]: AuthControllerTest does not declare any static, non-private, non-final, nested classes annotated with @Configuration.
2024-05-25T20:48:52.294+09:00  INFO 33277 --- [    Test worker] .b.t.c.SpringBootTestContextBootstrapper : Found @SpringBootConfiguration com.wanted.preonboarding.PreonboardingApplication for test class com.wanted.preonboarding.auth.controller.AuthControllerTest
  .   ____          _            __ _ _
 /\\ / ___'_ __ _ _(_)_ __  __ _ \ \ \ \
( ( )\___ | '_ | '_| | '_ \/ _` | \ \ \ \
 \\/  ___)| |_)| | | | | || (_| |  ) ) ) )
  '  |____| .__|_| |_|_| |_\__, | / / / /
 =========|_|==============|___/=/_/_/_/

 :: Spring Boot ::                (v3.3.0)

2024-05-25T20:48:52.308+09:00  INFO 33277 --- [    Test worker] c.w.p.a.controller.AuthControllerTest    : Starting AuthControllerTest using Java 21.0.3 with PID 33277 (started by sangwon-ryu in /Users/sangwon-ryu/wanted-preonboarding-challenge-backend-20)
2024-05-25T20:48:52.308+09:00 DEBUG 33277 --- [    Test worker] c.w.p.a.controller.AuthControllerTest    : Running with Spring Boot v3.3.0, Spring v6.1.8
2024-05-25T20:48:52.308+09:00  INFO 33277 --- [    Test worker] c.w.p.a.controller.AuthControllerTest    : No active profile set, falling back to 1 default profile: "default"
2024-05-25T20:48:52.639+09:00  WARN 33277 --- [    Test worker] .s.s.UserDetailsServiceAutoConfiguration : 

Using generated security password: 887c538c-48a0-4fc7-af0f-3b9bfcdc3f66

This generated password is for development use only. Your security configuration must be updated before running your application in production.

2024-05-25T20:48:52.656+09:00  INFO 33277 --- [    Test worker] r$InitializeUserDetailsManagerConfigurer : Global AuthenticationManager configured with UserDetailsService bean with name inMemoryUserDetailsManager
2024-05-25T20:48:52.667+09:00  INFO 33277 --- [    Test worker] o.s.s.web.DefaultSecurityFilterChain     : Will secure any request with [org.springframework.security.web.session.DisableEncodeUrlFilter@474f69d, org.springframework.security.web.context.request.async.WebAsyncManagerIntegrationFilter@6a17ab87, org.springframework.security.web.context.SecurityContextHolderFilter@79c48ad5, org.springframework.security.web.header.HeaderWriterFilter@2e78213c, org.springframework.web.filter.CorsFilter@5f0bcadb, org.springframework.security.web.csrf.CsrfFilter@17caf362, org.springframework.security.web.authentication.logout.LogoutFilter@573f95b2, org.springframework.security.web.authentication.UsernamePasswordAuthenticationFilter@61d87509, org.springframework.security.web.authentication.ui.DefaultLoginPageGeneratingFilter@4fc41cba, org.springframework.security.web.authentication.ui.DefaultLogoutPageGeneratingFilter@e182453, org.springframework.security.web.authentication.www.BasicAuthenticationFilter@17f8c75e, org.springframework.security.web.savedrequest.RequestCacheAwareFilter@39d5376c, org.springframework.security.web.servletapi.SecurityContextHolderAwareRequestFilter@20dab85c, org.springframework.security.web.authentication.AnonymousAuthenticationFilter@2d7bfb13, org.springframework.security.web.access.ExceptionTranslationFilter@2c66be14, org.springframework.security.web.access.intercept.AuthorizationFilter@484f7fad]
2024-05-25T20:48:52.693+09:00  INFO 33277 --- [    Test worker] o.s.b.t.m.w.SpringBootMockServletContext : Initializing Spring TestDispatcherServlet ''
2024-05-25T20:48:52.693+09:00  INFO 33277 --- [    Test worker] o.s.t.web.servlet.TestDispatcherServlet  : Initializing Servlet ''
2024-05-25T20:48:52.694+09:00  INFO 33277 --- [    Test worker] o.s.t.web.servlet.TestDispatcherServlet  : Completed initialization in 1 ms
2024-05-25T20:48:52.702+09:00  INFO 33277 --- [    Test worker] c.w.p.a.controller.AuthControllerTest    : Started AuthControllerTest in 0.406 seconds (process running for 3.485)
2024-05-25T20:48:52.721+09:00  INFO 33277 --- [    Test worker] o.s.b.t.m.w.SpringBootMockServletContext : Initializing Spring TestDispatcherServlet ''
2024-05-25T20:48:52.721+09:00  INFO 33277 --- [    Test worker] o.s.t.web.servlet.TestDispatcherServlet  : Initializing Servlet ''
2024-05-25T20:48:52.722+09:00  INFO 33277 --- [    Test worker] o.s.t.web.servlet.TestDispatcherServlet  : Completed initialization in 1 ms

MockHttpServletRequest:
      HTTP Method = POST
      Request URI = /api/v1/auth/authentication
       Parameters = {}
          Headers = [Content-Type:"application/json;charset=UTF-8", Content-Length:"54"]
             Body = {"email":"nbAUuDC@wanted.com","password":"yriowfmgba"}
    Session Attrs = {}

Handler:
             Type = com.wanted.preonboarding.auth.controller.AuthController
           Method = com.wanted.preonboarding.auth.controller.AuthController#getAccessToken(CreateAuthToken)

Async:
    Async started = false
     Async result = null

Resolved Exception:
             Type = null

ModelAndView:
        View name = null
             View = null
            Model = null

FlashMap:
       Attributes = null

MockHttpServletResponse:
           Status = 200
    Error message = null
          Headers = [Authorization:"Bearer eyJhbGciOiJIUzI1NiJ9.eyJzdWIiOiJDU0RjTGFAd2FudGVkLmNvbSIsInJvbGUiOiJOT1JNQUwiLCJpYXQiOjE3MTY2Mzc3MzIsImV4cCI6MTcxNjY0MTMzMn0.qiEaa0U1uc1qARRuOBccaE9s7rWL0nCXiHQ5bvc2lAg", Content-Type:"application/json;charset=UTF-8"]
     Content type = application/json;charset=UTF-8
             Body = {"data":null,"response":{"status":200,"message":"Access token issued successfully"}}
    Forwarded URL = null
   Redirected URL = null
          Cookies = []
]]></system-out>
  <system-err><![CDATA[]]></system-err>
</testsuite>
