<?xml version="1.0" encoding="UTF-8"?>
<testsuite name="com.wanted.preonboarding.auth.controller.AuthControllerTest" tests="1" skipped="0" failures="0" errors="0" timestamp="2024-05-26T15:03:45" hostname="lyusang-won-ui-MacBookPro.local" time="0.34">
  <properties/>
  <testcase name="Access Token 발급" classname="com.wanted.preonboarding.auth.controller.AuthControllerTest" time="0.34"/>
  <system-out><![CDATA[2024-05-27T00:03:45.242+09:00  INFO 46642 --- [    Test worker] t.c.s.AnnotationConfigContextLoaderUtils : Could not detect default configuration classes for test class [com.wanted.preonboarding.auth.controller.AuthControllerTest]: AuthControllerTest does not declare any static, non-private, non-final, nested classes annotated with @Configuration.
2024-05-27T00:03:45.259+09:00  INFO 46642 --- [    Test worker] .b.t.c.SpringBootTestContextBootstrapper : Found @SpringBootConfiguration com.wanted.preonboarding.PreonboardingApplication for test class com.wanted.preonboarding.auth.controller.AuthControllerTest
  .   ____          _            __ _ _
 /\\ / ___'_ __ _ _(_)_ __  __ _ \ \ \ \
( ( )\___ | '_ | '_| | '_ \/ _` | \ \ \ \
 \\/  ___)| |_)| | | | | || (_| |  ) ) ) )
  '  |____| .__|_| |_|_| |_\__, | / / / /
 =========|_|==============|___/=/_/_/_/

 :: Spring Boot ::                (v3.3.0)

2024-05-27T00:03:45.278+09:00  INFO 46642 --- [    Test worker] c.w.p.a.controller.AuthControllerTest    : Starting AuthControllerTest using Java 21.0.3 with PID 46642 (started by sangwon-ryu in /Users/sangwon-ryu/wanted-preonboarding-challenge-backend-20)
2024-05-27T00:03:45.278+09:00 DEBUG 46642 --- [    Test worker] c.w.p.a.controller.AuthControllerTest    : Running with Spring Boot v3.3.0, Spring v6.1.8
2024-05-27T00:03:45.278+09:00  INFO 46642 --- [    Test worker] c.w.p.a.controller.AuthControllerTest    : No active profile set, falling back to 1 default profile: "default"
2024-05-27T00:03:45.610+09:00  WARN 46642 --- [    Test worker] .s.s.UserDetailsServiceAutoConfiguration : 

Using generated security password: 39e4e40c-5b70-4df0-ba95-db43fe88af38

This generated password is for development use only. Your security configuration must be updated before running your application in production.

2024-05-27T00:03:45.611+09:00  INFO 46642 --- [    Test worker] r$InitializeUserDetailsManagerConfigurer : Global AuthenticationManager configured with UserDetailsService bean with name inMemoryUserDetailsManager
2024-05-27T00:03:45.753+09:00  INFO 46642 --- [    Test worker] o.s.s.web.DefaultSecurityFilterChain     : Will secure any request with [org.springframework.security.web.session.DisableEncodeUrlFilter@678c654c, org.springframework.security.web.context.request.async.WebAsyncManagerIntegrationFilter@50e3be0a, org.springframework.security.web.context.SecurityContextHolderFilter@7fa1c05f, org.springframework.security.web.header.HeaderWriterFilter@64e41da0, org.springframework.web.filter.CorsFilter@167650f8, org.springframework.security.web.authentication.logout.LogoutFilter@19a5cfb8, com.wanted.preonboarding.auth.filter.JwtAuthenticationFilter@1f47e14d, org.springframework.security.web.savedrequest.RequestCacheAwareFilter@6465f4a, org.springframework.security.web.servletapi.SecurityContextHolderAwareRequestFilter@428b5b3f, org.springframework.security.web.authentication.AnonymousAuthenticationFilter@1be551ec, org.springframework.security.web.session.SessionManagementFilter@24f1d4f3, org.springframework.security.web.access.ExceptionTranslationFilter@16adf66f, org.springframework.security.web.access.intercept.AuthorizationFilter@35e79be0]
2024-05-27T00:03:45.846+09:00  INFO 46642 --- [    Test worker] o.s.b.t.m.w.SpringBootMockServletContext : Initializing Spring TestDispatcherServlet ''
2024-05-27T00:03:45.846+09:00  INFO 46642 --- [    Test worker] o.s.t.web.servlet.TestDispatcherServlet  : Initializing Servlet ''
2024-05-27T00:03:45.847+09:00  INFO 46642 --- [    Test worker] o.s.t.web.servlet.TestDispatcherServlet  : Completed initialization in 1 ms
2024-05-27T00:03:45.859+09:00  INFO 46642 --- [    Test worker] c.w.p.a.controller.AuthControllerTest    : Started AuthControllerTest in 0.597 seconds (process running for 4.322)
2024-05-27T00:03:45.887+09:00  INFO 46642 --- [    Test worker] o.s.b.t.m.w.SpringBootMockServletContext : Initializing Spring TestDispatcherServlet ''
2024-05-27T00:03:45.887+09:00  INFO 46642 --- [    Test worker] o.s.t.web.servlet.TestDispatcherServlet  : Initializing Servlet ''
2024-05-27T00:03:45.888+09:00  INFO 46642 --- [    Test worker] o.s.t.web.servlet.TestDispatcherServlet  : Completed initialization in 1 ms

MockHttpServletRequest:
      HTTP Method = POST
      Request URI = /api/v1/auth/authentication
       Parameters = {}
          Headers = [Content-Type:"application/json;charset=UTF-8", Content-Length:"50"]
             Body = {"email":"CWK@wanted.com","password":"zojyfiocqm"}
    Session Attrs = {}

Handler:
             Type = com.wanted.preonboarding.auth.controller.AuthController
           Method = com.wanted.preonboarding.auth.controller.AuthController#getAccessToken(CreateAuthToken)

Async:
    Async started = false
     Async result = null

Resolved Exception:
             Type = null

ModelAndView:
        View name = null
             View = null
            Model = null

FlashMap:
       Attributes = null

MockHttpServletResponse:
           Status = 200
    Error message = null
          Headers = [Vary:"Origin", "Access-Control-Request-Method", "Access-Control-Request-Headers", Authorization:"Bearer eyJhbGciOiJIUzI1NiJ9.eyJzdWIiOiJWQHdhbnRlZC5jb20iLCJyb2xlIjoiTk9STUFMIiwiaWF0IjoxNzE2NzM1ODI1LCJleHAiOjE3MTY3Mzk0MjV9.z74ZX-oWlOCQkMr8HI-SuVNPEMOt4gY5mYjydOzAdkU", Content-Type:"application/json;charset=UTF-8", X-Content-Type-Options:"nosniff", X-XSS-Protection:"0", Cache-Control:"no-cache, no-store, max-age=0, must-revalidate", Pragma:"no-cache", Expires:"0", X-Frame-Options:"DENY"]
     Content type = application/json;charset=UTF-8
             Body = {"data":null,"response":{"status":200,"message":"Access token issued successfully"}}
    Forwarded URL = null
   Redirected URL = null
          Cookies = []
]]></system-out>
  <system-err><![CDATA[]]></system-err>
</testsuite>
