<?xml version="1.0" encoding="UTF-8"?>
<testsuite name="com.wanted.preonboarding.document.CommonDocControllerTest" tests="1" skipped="0" failures="0" errors="0" timestamp="2024-05-26T08:46:42" hostname="lyusang-won-ui-MacBookPro.local" time="0.026">
  <properties/>
  <testcase name="enums()" classname="com.wanted.preonboarding.document.CommonDocControllerTest" time="0.026"/>
  <system-out><![CDATA[2024-05-26T17:46:42.400+09:00  INFO 35942 --- [    Test worker] t.c.s.AnnotationConfigContextLoaderUtils : Could not detect default configuration classes for test class [com.wanted.preonboarding.document.CommonDocControllerTest]: CommonDocControllerTest does not declare any static, non-private, non-final, nested classes annotated with @Configuration.
2024-05-26T17:46:42.421+09:00  INFO 35942 --- [    Test worker] .b.t.c.SpringBootTestContextBootstrapper : Found @SpringBootConfiguration com.wanted.preonboarding.PreonboardingApplication for test class com.wanted.preonboarding.document.CommonDocControllerTest
  .   ____          _            __ _ _
 /\\ / ___'_ __ _ _(_)_ __  __ _ \ \ \ \
( ( )\___ | '_ | '_| | '_ \/ _` | \ \ \ \
 \\/  ___)| |_)| | | | | || (_| |  ) ) ) )
  '  |____| .__|_| |_|_| |_\__, | / / / /
 =========|_|==============|___/=/_/_/_/

 :: Spring Boot ::                (v3.3.0)

2024-05-26T17:46:42.439+09:00  INFO 35942 --- [    Test worker] c.w.p.document.CommonDocControllerTest   : Starting CommonDocControllerTest using Java 21.0.3 with PID 35942 (started by sangwon-ryu in /Users/sangwon-ryu/wanted-preonboarding-challenge-backend-20)
2024-05-26T17:46:42.439+09:00 DEBUG 35942 --- [    Test worker] c.w.p.document.CommonDocControllerTest   : Running with Spring Boot v3.3.0, Spring v6.1.8
2024-05-26T17:46:42.439+09:00  INFO 35942 --- [    Test worker] c.w.p.document.CommonDocControllerTest   : No active profile set, falling back to 1 default profile: "default"
2024-05-26T17:46:42.584+09:00  WARN 35942 --- [    Test worker] .s.s.UserDetailsServiceAutoConfiguration : 

Using generated security password: 349eb7cc-8564-485d-8e82-8db88e11b362

This generated password is for development use only. Your security configuration must be updated before running your application in production.

2024-05-26T17:46:42.585+09:00  INFO 35942 --- [    Test worker] r$InitializeUserDetailsManagerConfigurer : Global AuthenticationManager configured with UserDetailsService bean with name inMemoryUserDetailsManager
2024-05-26T17:46:42.589+09:00  INFO 35942 --- [    Test worker] o.s.s.web.DefaultSecurityFilterChain     : Will secure any request with [org.springframework.security.web.session.DisableEncodeUrlFilter@2248583e, org.springframework.security.web.context.request.async.WebAsyncManagerIntegrationFilter@1dfd27fe, org.springframework.security.web.context.SecurityContextHolderFilter@7b088db5, org.springframework.security.web.header.HeaderWriterFilter@62cb645d, org.springframework.web.filter.CorsFilter@3b6f1227, org.springframework.security.web.csrf.CsrfFilter@48528d5d, org.springframework.security.web.authentication.logout.LogoutFilter@28aeab8a, org.springframework.security.web.authentication.UsernamePasswordAuthenticationFilter@1ba7b274, org.springframework.security.web.authentication.ui.DefaultLoginPageGeneratingFilter@56a640a2, org.springframework.security.web.authentication.ui.DefaultLogoutPageGeneratingFilter@38a77e1b, org.springframework.security.web.authentication.www.BasicAuthenticationFilter@4608a871, org.springframework.security.web.savedrequest.RequestCacheAwareFilter@276ccfec, org.springframework.security.web.servletapi.SecurityContextHolderAwareRequestFilter@6f76289d, org.springframework.security.web.authentication.AnonymousAuthenticationFilter@584e4899, org.springframework.security.web.access.ExceptionTranslationFilter@369fc9bd, org.springframework.security.web.access.intercept.AuthorizationFilter@1285b1f8]
2024-05-26T17:46:42.593+09:00  INFO 35942 --- [    Test worker] o.s.b.t.m.w.SpringBootMockServletContext : Initializing Spring TestDispatcherServlet ''
2024-05-26T17:46:42.593+09:00  INFO 35942 --- [    Test worker] o.s.t.web.servlet.TestDispatcherServlet  : Initializing Servlet ''
2024-05-26T17:46:42.593+09:00  INFO 35942 --- [    Test worker] o.s.t.web.servlet.TestDispatcherServlet  : Completed initialization in 0 ms
2024-05-26T17:46:42.600+09:00  INFO 35942 --- [    Test worker] c.w.p.document.CommonDocControllerTest   : Started CommonDocControllerTest in 0.175 seconds (process running for 6.006)
2024-05-26T17:46:42.604+09:00  INFO 35942 --- [    Test worker] o.s.b.t.m.w.SpringBootMockServletContext : Initializing Spring TestDispatcherServlet ''
2024-05-26T17:46:42.604+09:00  INFO 35942 --- [    Test worker] o.s.t.web.servlet.TestDispatcherServlet  : Initializing Servlet ''
2024-05-26T17:46:42.604+09:00  INFO 35942 --- [    Test worker] o.s.t.web.servlet.TestDispatcherServlet  : Completed initialization in 0 ms

MockHttpServletRequest:
      HTTP Method = GET
      Request URI = /test/enums
       Parameters = {}
          Headers = [Content-Type:"application/json;charset=UTF-8"]
             Body = null
    Session Attrs = {}

Handler:
             Type = com.wanted.preonboarding.document.CommonDocController
           Method = com.wanted.preonboarding.document.CommonDocController#findEnums()

Async:
    Async started = false
     Async result = null

Resolved Exception:
             Type = null

ModelAndView:
        View name = null
             View = null
            Model = null

FlashMap:
       Attributes = null

MockHttpServletResponse:
           Status = 200
    Error message = null
          Headers = [Content-Type:"application/json;charset=UTF-8"]
     Content type = application/json;charset=UTF-8
             Body = {"data":{"redisKey":{"REFRESH_TOKEN":"REDIS KEY refresh_token, REDIS TTL 1","USERS":"REDIS KEY users, REDIS TTL 1"},"yn":{"Y":"Y means YES, N meas NO","N":"Y means YES, N meas NO"},"memberShip":{"GUEST":"USER MEMBERSHIP","NORMAL":"USER MEMBERSHIP"},"jwtErrorEnum":{"UNSUPPORTED_TOKEN":"JWT ERROR NAME UNSUPPORTED_TOKEN, ERROR MSG Unsupported JWT token.","MALFORMED_TOKEN":"JWT ERROR NAME MALFORMED_TOKEN, ERROR MSG Invalid JWT token.","ILLEGAL_ARGUMENT":"JWT ERROR NAME ILLEGAL_ARGUMENT, ERROR MSG JWT token compact of handler are invalid.","INVALID_SIGNATURE":"JWT ERROR NAME INVALID_SIGNATURE, ERROR MSG Invalid JWT signature.","EXPIRED_TOKEN":"JWT ERROR NAME EXPIRED_TOKEN, ERROR MSG Expired JWT token."}}}
    Forwarded URL = null
   Redirected URL = null
          Cookies = []
]]></system-out>
  <system-err><![CDATA[]]></system-err>
</testsuite>
