<?xml version="1.0" encoding="UTF-8"?>
<testsuite name="com.wanted.preonboarding.auth.validator.PasswordValidatorTest" tests="3" skipped="0" failures="0" errors="0" timestamp="2024-05-30T00:54:07" hostname="lyusang-won-ui-MacBookPro.local" time="0.105">
  <properties/>
  <testcase name="비밀번호가 유효하지 않은 경우" classname="com.wanted.preonboarding.auth.validator.PasswordValidatorTest" time="0.081"/>
  <testcase name="비밀번호가 유효한 경우" classname="com.wanted.preonboarding.auth.validator.PasswordValidatorTest" time="0.016"/>
  <testcase name="회원 찾을 수 없는 경우" classname="com.wanted.preonboarding.auth.validator.PasswordValidatorTest" time="0.007"/>
  <system-out><![CDATA[]]></system-out>
  <system-err><![CDATA[]]></system-err>
</testsuite>
