<?xml version="1.0" encoding="UTF-8"?>
<testsuite name="com.wanted.preonboarding.module.order.service.OrderUpdateServiceProviderTest" tests="2" skipped="0" failures="0" errors="0" timestamp="2024-05-30T09:18:04" hostname="lyusang-won-ui-MacBookPro.local" time="0.001">
  <properties/>
  <testcase name="getOrderStatusTransition_validStatus()" classname="com.wanted.preonboarding.module.order.service.OrderUpdateServiceProviderTest" time="0.0"/>
  <testcase name="getOrderStatusTransition_invalidStatus()" classname="com.wanted.preonboarding.module.order.service.OrderUpdateServiceProviderTest" time="0.001"/>
  <system-out><![CDATA[]]></system-out>
  <system-err><![CDATA[]]></system-err>
</testsuite>
