<?xml version="1.0" encoding="UTF-8"?>
<testsuite name="com.wanted.preonboarding.module.order.repository.OrderRepositoryTest" tests="1" skipped="0" failures="0" errors="0" timestamp="2024-05-27T05:15:09" hostname="lyusang-won-ui-MacBookPro.local" time="0.11">
  <properties/>
  <testcase name="Order 저장 및 조회" classname="com.wanted.preonboarding.module.order.repository.OrderRepositoryTest" time="0.11"/>
  <system-out><![CDATA[2024-05-27T14:15:09.250+09:00  INFO 57210 --- [    Test worker] t.c.s.AnnotationConfigContextLoaderUtils : Could not detect default configuration classes for test class [com.wanted.preonboarding.module.order.repository.OrderRepositoryTest]: OrderRepositoryTest does not declare any static, non-private, non-final, nested classes annotated with @Configuration.
2024-05-27T14:15:09.264+09:00  INFO 57210 --- [    Test worker] .b.t.c.SpringBootTestContextBootstrapper : Found @SpringBootConfiguration com.wanted.preonboarding.PreonboardingApplication for test class com.wanted.preonboarding.module.order.repository.OrderRepositoryTest
  .   ____          _            __ _ _
 /\\ / ___'_ __ _ _(_)_ __  __ _ \ \ \ \
( ( )\___ | '_ | '_| | '_ \/ _` | \ \ \ \
 \\/  ___)| |_)| | | | | || (_| |  ) ) ) )
  '  |____| .__|_| |_|_| |_\__, | / / / /
 =========|_|==============|___/=/_/_/_/

 :: Spring Boot ::                (v3.3.0)

2024-05-27T14:15:09.278+09:00  INFO 57210 --- [    Test worker] c.w.p.m.o.r.OrderRepositoryTest          : Starting OrderRepositoryTest using Java 21.0.3 with PID 57210 (started by sangwon-ryu in /Users/sangwon-ryu/wanted-preonboarding-challenge-backend-20)
2024-05-27T14:15:09.278+09:00 DEBUG 57210 --- [    Test worker] c.w.p.m.o.r.OrderRepositoryTest          : Running with Spring Boot v3.3.0, Spring v6.1.8
2024-05-27T14:15:09.278+09:00  INFO 57210 --- [    Test worker] c.w.p.m.o.r.OrderRepositoryTest          : No active profile set, falling back to 1 default profile: "default"
2024-05-27T14:15:09.319+09:00  INFO 57210 --- [    Test worker] .s.d.r.c.RepositoryConfigurationDelegate : Multiple Spring Data modules found, entering strict repository configuration mode
2024-05-27T14:15:09.319+09:00  INFO 57210 --- [    Test worker] .s.d.r.c.RepositoryConfigurationDelegate : Bootstrapping Spring Data JPA repositories in DEFAULT mode.
2024-05-27T14:15:09.335+09:00  INFO 57210 --- [    Test worker] .s.d.r.c.RepositoryConfigurationDelegate : Finished Spring Data repository scanning in 15 ms. Found 2 JPA repository interfaces.
2024-05-27T14:15:09.343+09:00  INFO 57210 --- [    Test worker] beddedDataSourceBeanFactoryPostProcessor : Replacing 'dataSource' DataSource bean with embedded version
2024-05-27T14:15:09.358+09:00  INFO 57210 --- [    Test worker] o.s.j.d.e.EmbeddedDatabaseFactory        : Starting embedded database: url='jdbc:h2:mem:df5a6e0c-5d44-4fb7-b800-6b2ab6b85fc8;DB_CLOSE_DELAY=-1;DB_CLOSE_ON_EXIT=false', username='sa'
2024-05-27T14:15:09.372+09:00  INFO 57210 --- [    Test worker] o.hibernate.jpa.internal.util.LogHelper  : HHH000204: Processing PersistenceUnitInfo [name: default]
2024-05-27T14:15:09.374+09:00  INFO 57210 --- [    Test worker] o.h.c.internal.RegionFactoryInitiator    : HHH000026: Second-level cache disabled
2024-05-27T14:15:09.378+09:00  INFO 57210 --- [    Test worker] o.s.o.j.p.SpringPersistenceUnitInfo      : No LoadTimeWeaver setup: ignoring JPA class transformer
2024-05-27T14:15:09.431+09:00  INFO 57210 --- [    Test worker] o.h.e.t.j.p.i.JtaPlatformInitiator       : HHH000489: No JTA platform available (set 'hibernate.transaction.jta.platform' to enable JTA platform integration)
Hibernate: drop table if exists orders cascade 
Hibernate: drop table if exists product cascade 
Hibernate: drop table if exists users cascade 
Hibernate: create table orders (buyer_id bigint not null unique, insert_date timestamp(6) not null, order_id bigint generated by default as identity, product_id bigint not null unique, seller_id bigint not null unique, update_date timestamp(6) not null, insert_operator varchar(255) not null, update_operator varchar(255) not null, delete_yn enum ('N','Y') not null, order_status enum ('COMPLETED','ORDERED') not null, primary key (order_id))
Hibernate: create table product (insert_date timestamp(6) not null, price bigint not null, product_id bigint generated by default as identity, update_date timestamp(6) not null, user_id bigint not null, insert_operator varchar(255) not null, product_name varchar(255) not null, update_operator varchar(255) not null, delete_yn enum ('N','Y') not null, product_status enum ('BOOKING','ON_STOCK','OUT_STOCK'), primary key (product_id))
Hibernate: create table users (insert_date timestamp(6) not null, update_date timestamp(6) not null, user_id bigint generated by default as identity, email varchar(255) not null unique, insert_operator varchar(255) not null, password_hash varchar(255) not null, phone_number varchar(255) not null unique, update_operator varchar(255) not null, delete_yn enum ('N','Y') not null, membership enum ('GUEST','NORMAL') not null, primary key (user_id))
Hibernate: alter table if exists orders add constraint FKhtx3insd5ge6w486omk4fnk54 foreign key (buyer_id) references users
Hibernate: alter table if exists orders add constraint FK787ibr3guwp6xobrpbofnv7le foreign key (product_id) references product
Hibernate: alter table if exists orders add constraint FKsb9w6305d2be0rwbtifi7wymp foreign key (seller_id) references users
Hibernate: alter table if exists product add constraint FK47nyv78b35eaufr6aa96vep6n foreign key (user_id) references users
2024-05-27T14:15:09.439+09:00  INFO 57210 --- [    Test worker] j.LocalContainerEntityManagerFactoryBean : Initialized JPA EntityManagerFactory for persistence unit 'default'
2024-05-27T14:15:09.476+09:00  INFO 57210 --- [    Test worker] c.w.p.m.o.r.OrderRepositoryTest          : Started OrderRepositoryTest in 0.211 seconds (process running for 8.565)
Hibernate: insert into users (delete_yn,email,insert_date,insert_operator,membership,password_hash,phone_number,update_date,update_operator,user_id) values (?,?,?,?,?,?,?,?,?,default)
Hibernate: insert into product (delete_yn,insert_date,insert_operator,price,product_name,product_status,user_id,update_date,update_operator,product_id) values (?,?,?,?,?,?,?,?,?,default)
Hibernate: insert into users (delete_yn,email,insert_date,insert_operator,membership,password_hash,phone_number,update_date,update_operator,user_id) values (?,?,?,?,?,?,?,?,?,default)
Hibernate: insert into orders (buyer_id,delete_yn,insert_date,insert_operator,order_status,product_id,seller_id,update_date,update_operator,order_id) values (?,?,?,?,?,?,?,?,?,default)
]]></system-out>
  <system-err><![CDATA[]]></system-err>
</testsuite>
