<?xml version="1.0" encoding="UTF-8"?>
<testsuite name="com.wanted.preonboarding.auth.controller.AuthControllerTest" tests="1" skipped="0" failures="0" errors="0" timestamp="2024-05-28T07:23:03" hostname="lyusang-won-ui-MacBookPro.local" time="0.383">
  <properties/>
  <testcase name="Access Token 발급" classname="com.wanted.preonboarding.auth.controller.AuthControllerTest" time="0.383"/>
  <system-out><![CDATA[2024-05-28T16:23:02.083+09:00  INFO 77007 --- [    Test worker] t.c.s.AnnotationConfigContextLoaderUtils : Could not detect default configuration classes for test class [com.wanted.preonboarding.auth.controller.AuthControllerTest]: AuthControllerTest does not declare any static, non-private, non-final, nested classes annotated with @Configuration.
2024-05-28T16:23:02.100+09:00  INFO 77007 --- [    Test worker] .b.t.c.SpringBootTestContextBootstrapper : Found @SpringBootConfiguration com.wanted.preonboarding.PreonboardingApplication for test class com.wanted.preonboarding.auth.controller.AuthControllerTest
  .   ____          _            __ _ _
 /\\ / ___'_ __ _ _(_)_ __  __ _ \ \ \ \
( ( )\___ | '_ | '_| | '_ \/ _` | \ \ \ \
 \\/  ___)| |_)| | | | | || (_| |  ) ) ) )
  '  |____| .__|_| |_|_| |_\__, | / / / /
 =========|_|==============|___/=/_/_/_/

 :: Spring Boot ::                (v3.3.0)

2024-05-28T16:23:02.116+09:00  INFO 77007 --- [    Test worker] c.w.p.a.controller.AuthControllerTest    : Starting AuthControllerTest using Java 21.0.3 with PID 77007 (started by sangwon-ryu in /Users/sangwon-ryu/wanted-preonboarding-challenge-backend-20)
2024-05-28T16:23:02.117+09:00 DEBUG 77007 --- [    Test worker] c.w.p.a.controller.AuthControllerTest    : Running with Spring Boot v3.3.0, Spring v6.1.8
2024-05-28T16:23:02.117+09:00  INFO 77007 --- [    Test worker] c.w.p.a.controller.AuthControllerTest    : No active profile set, falling back to 1 default profile: "default"
2024-05-28T16:23:02.702+09:00  WARN 77007 --- [    Test worker] .s.s.UserDetailsServiceAutoConfiguration : 

Using generated security password: 0241f9e5-cbfd-4b89-90c1-7dc76818c876

This generated password is for development use only. Your security configuration must be updated before running your application in production.

2024-05-28T16:23:02.704+09:00  INFO 77007 --- [    Test worker] r$InitializeUserDetailsManagerConfigurer : Global AuthenticationManager configured with UserDetailsService bean with name inMemoryUserDetailsManager
2024-05-28T16:23:02.845+09:00  INFO 77007 --- [    Test worker] o.s.s.web.DefaultSecurityFilterChain     : Will secure any request with [org.springframework.security.web.session.DisableEncodeUrlFilter@68ae86a2, org.springframework.security.web.context.request.async.WebAsyncManagerIntegrationFilter@23247b4c, org.springframework.security.web.context.SecurityContextHolderFilter@3df9b24b, org.springframework.security.web.header.HeaderWriterFilter@16b35f2f, org.springframework.web.filter.CorsFilter@33d9904f, org.springframework.security.web.authentication.logout.LogoutFilter@30cf61ca, com.wanted.preonboarding.auth.filter.JwtAuthenticationFilter@4b79eecc, org.springframework.security.web.savedrequest.RequestCacheAwareFilter@a355b, org.springframework.security.web.servletapi.SecurityContextHolderAwareRequestFilter@c4c4852, org.springframework.security.web.authentication.AnonymousAuthenticationFilter@57fefa97, org.springframework.security.web.session.SessionManagementFilter@383e8d4f, org.springframework.security.web.access.ExceptionTranslationFilter@537dc661, org.springframework.security.web.access.intercept.AuthorizationFilter@f5ee0d8]
2024-05-28T16:23:03.055+09:00  INFO 77007 --- [    Test worker] o.s.b.t.m.w.SpringBootMockServletContext : Initializing Spring TestDispatcherServlet ''
2024-05-28T16:23:03.055+09:00  INFO 77007 --- [    Test worker] o.s.t.web.servlet.TestDispatcherServlet  : Initializing Servlet ''
2024-05-28T16:23:03.056+09:00  INFO 77007 --- [    Test worker] o.s.t.web.servlet.TestDispatcherServlet  : Completed initialization in 1 ms
2024-05-28T16:23:03.067+09:00  INFO 77007 --- [    Test worker] c.w.p.a.controller.AuthControllerTest    : Started AuthControllerTest in 0.965 seconds (process running for 6.561)
2024-05-28T16:23:03.105+09:00  INFO 77007 --- [    Test worker] o.s.b.t.m.w.SpringBootMockServletContext : Initializing Spring TestDispatcherServlet ''
2024-05-28T16:23:03.105+09:00  INFO 77007 --- [    Test worker] o.s.t.web.servlet.TestDispatcherServlet  : Initializing Servlet ''
2024-05-28T16:23:03.106+09:00  INFO 77007 --- [    Test worker] o.s.t.web.servlet.TestDispatcherServlet  : Completed initialization in 1 ms

MockHttpServletRequest:
      HTTP Method = POST
      Request URI = /api/v1/auth/authentication
       Parameters = {}
          Headers = [Content-Type:"application/json;charset=UTF-8", Content-Length:"51"]
             Body = {"email":"XmdN@wanted.com","password":"uqaouiufwq"}
    Session Attrs = {}

Handler:
             Type = com.wanted.preonboarding.auth.controller.AuthController
           Method = com.wanted.preonboarding.auth.controller.AuthController#getAccessToken(CreateAuthToken)

Async:
    Async started = false
     Async result = null

Resolved Exception:
             Type = null

ModelAndView:
        View name = null
             View = null
            Model = null

FlashMap:
       Attributes = null

MockHttpServletResponse:
           Status = 200
    Error message = null
          Headers = [Vary:"Origin", "Access-Control-Request-Method", "Access-Control-Request-Headers", Authorization:"Bearer eyJhbGciOiJIUzI1NiJ9.eyJzdWIiOiJJVm5YUG5Ad2FudGVkLmNvbSIsInJvbGUiOiJOT1JNQUwiLCJpYXQiOjE3MTY4ODA5ODMsImV4cCI6MTcxNjg4NDU4M30.fCdDQcVT9-4Pijlb-Hu1MlyNZWmeJ_zdb4t89DqR7Wg", Content-Type:"application/json;charset=UTF-8", X-Content-Type-Options:"nosniff", X-XSS-Protection:"0", Cache-Control:"no-cache, no-store, max-age=0, must-revalidate", Pragma:"no-cache", Expires:"0", X-Frame-Options:"DENY"]
     Content type = application/json;charset=UTF-8
             Body = {"data":null,"response":{"status":200,"message":"Access token issued successfully"}}
    Forwarded URL = null
   Redirected URL = null
          Cookies = []
]]></system-out>
  <system-err><![CDATA[]]></system-err>
</testsuite>
