<?xml version="1.0" encoding="UTF-8"?>
<testsuite name="com.wanted.preonboarding.auth.filter.JwtAuthenticationFilterTest" tests="3" skipped="0" failures="0" errors="0" timestamp="2024-05-27T05:15:06" hostname="lyusang-won-ui-MacBookPro.local" time="0.239">
  <properties/>
  <testcase name="유효하지 않은 토큰이 주어졌을 때 예외를 던지는지 테스트" classname="com.wanted.preonboarding.auth.filter.JwtAuthenticationFilterTest" time="0.224"/>
  <testcase name="토큰이 없는 경우 필터가 인증 정보를 설정하지 않는지 테스트" classname="com.wanted.preonboarding.auth.filter.JwtAuthenticationFilterTest" time="0.008"/>
  <testcase name="토큰이 유효한 경우 필터가 인증 정보를 설정하는지 테스트" classname="com.wanted.preonboarding.auth.filter.JwtAuthenticationFilterTest" time="0.003"/>
  <system-out><![CDATA[]]></system-out>
  <system-err><![CDATA[]]></system-err>
</testsuite>
